<?xml version="1.0" encoding="UTF-8" ?>
<testsuite tests="1" failures="1" name="front.Tests.TestRegistration" time="14.16" errors="0" skipped="0">
  <properties>
    <property name="java.runtime.name" value="OpenJDK Runtime Environment"/>
    <property name="java.vm.version" value="11.0.16+8-post-Ubuntu-0ubuntu122.04"/>
    <property name="sun.boot.library.path" value="/usr/lib/jvm/java-11-openjdk-amd64/lib"/>
    <property name="maven.multiModuleProjectDirectory" value="/home/caio/IdeaProjects/Caio_Castro_Prova_Testing_II"/>
    <property name="java.vm.vendor" value="Ubuntu"/>
    <property name="java.vendor.url" value="https://ubuntu.com/"/>
    <property name="guice.disable.misplaced.annotation.check" value="true"/>
    <property name="path.separator" value=":"/>
    <property name="java.vm.name" value="OpenJDK 64-Bit Server VM"/>
    <property name="sun.os.patch.level" value="unknown"/>
    <property name="user.country" value="BR"/>
    <property name="sun.java.launcher" value="SUN_STANDARD"/>
    <property name="java.vm.specification.name" value="Java Virtual Machine Specification"/>
    <property name="user.dir" value="/home/caio/IdeaProjects/Caio_Castro_Prova_Testing_II"/>
    <property name="java.vm.compressedOopsMode" value="Zero based"/>
    <property name="java.runtime.version" value="11.0.16+8-post-Ubuntu-0ubuntu122.04"/>
    <property name="java.awt.graphicsenv" value="sun.awt.X11GraphicsEnvironment"/>
    <property name="os.arch" value="amd64"/>
    <property name="java.io.tmpdir" value="/tmp"/>
    <property name="line.separator" value="
"/>
    <property name="java.vm.specification.vendor" value="Oracle Corporation"/>
    <property name="os.name" value="Linux"/>
    <property name="classworlds.conf" value="/usr/share/maven/bin/m2.conf"/>
    <property name="sun.jnu.encoding" value="UTF-8"/>
    <property name="java.library.path" value="/usr/java/packages/lib:/usr/lib/x86_64-linux-gnu/jni:/lib/x86_64-linux-gnu:/usr/lib/x86_64-linux-gnu:/usr/lib/jni:/lib:/usr/lib"/>
    <property name="maven.conf" value="/usr/share/maven/conf"/>
    <property name="jdk.debug" value="release"/>
    <property name="java.class.version" value="55.0"/>
    <property name="java.specification.name" value="Java Platform API Specification"/>
    <property name="sun.management.compiler" value="HotSpot 64-Bit Tiered Compilers"/>
    <property name="os.version" value="5.15.0-48-generic"/>
    <property name="library.jansi.path" value="/usr/share/maven/lib/jansi-native"/>
    <property name="user.home" value="/home/caio"/>
    <property name="user.timezone" value="America/Sao_Paulo"/>
    <property name="java.awt.printerjob" value="sun.print.PSPrinterJob"/>
    <property name="file.encoding" value="UTF-8"/>
    <property name="java.specification.version" value="11"/>
    <property name="user.name" value="caio"/>
    <property name="java.class.path" value="/usr/share/maven/boot/plexus-classworlds-2.x.jar"/>
    <property name="java.vm.specification.version" value="11"/>
    <property name="sun.arch.data.model" value="64"/>
    <property name="sun.java.command" value="org.codehaus.plexus.classworlds.launcher.Launcher surefire-report:report"/>
    <property name="java.home" value="/usr/lib/jvm/java-11-openjdk-amd64"/>
    <property name="user.language" value="pt"/>
    <property name="java.specification.vendor" value="Oracle Corporation"/>
    <property name="awt.toolkit" value="sun.awt.X11.XToolkit"/>
    <property name="java.vm.info" value="mixed mode, sharing"/>
    <property name="java.version" value="11.0.16"/>
    <property name="java.vendor" value="Ubuntu"/>
    <property name="maven.home" value="/usr/share/maven"/>
    <property name="file.separator" value="/"/>
    <property name="java.version.date" value="2022-07-19"/>
    <property name="java.vendor.url.bug" value="https://bugs.launchpad.net/ubuntu/+source/openjdk-lts"/>
    <property name="sun.io.unicode.encoding" value="UnicodeLittle"/>
    <property name="sun.cpu.endian" value="little"/>
    <property name="sun.desktop" value="gnome"/>
    <property name="sun.cpu.isalist" value=""/>
  </properties>
  <testcase classname="front.Tests.TestRegistration" name="front.Tests.TestRegistration.testRegistration" time="14.16">
    <failure message="expected: &lt;true&gt; but was: &lt;false&gt;" type="org.opentest4j.AssertionFailedError">org.opentest4j.AssertionFailedError: expected: &lt;true&gt; but was: &lt;false&gt;
	at org.junit.jupiter.api.AssertionFailureBuilder.build(AssertionFailureBuilder.java:151)
	at org.junit.jupiter.api.AssertionFailureBuilder.buildAndThrow(AssertionFailureBuilder.java:132)
	at org.junit.jupiter.api.AssertTrue.failNotTrue(AssertTrue.java:63)
	at org.junit.jupiter.api.AssertTrue.assertTrue(AssertTrue.java:36)
	at org.junit.jupiter.api.AssertTrue.assertTrue(AssertTrue.java:31)
	at org.junit.jupiter.api.Assertions.assertTrue(Assertions.java:179)
	at front.Tests.TestRegistration.testRegistration(TestRegistration.java:33)
</failure>
    <system-out>Locator: By.xpath: /html/body/div[1]/div[3]/div[1]/div/p[2]/a
Driver: EdgeDriver: msedge on LINUX (054090904ec2838a7cbf889f1b629cce)
Locator: By.id: customer.firstName
Driver: EdgeDriver: msedge on LINUX (054090904ec2838a7cbf889f1b629cce)
Locator: By.id: customer.lastName
Driver: EdgeDriver: msedge on LINUX (054090904ec2838a7cbf889f1b629cce)
Locator: By.id: customer.address.street
Driver: EdgeDriver: msedge on LINUX (054090904ec2838a7cbf889f1b629cce)
Locator: By.id: customer.address.city
Driver: EdgeDriver: msedge on LINUX (054090904ec2838a7cbf889f1b629cce)
Locator: By.id: customer.address.state
Driver: EdgeDriver: msedge on LINUX (054090904ec2838a7cbf889f1b629cce)
Locator: By.id: customer.address.zipCode
Driver: EdgeDriver: msedge on LINUX (054090904ec2838a7cbf889f1b629cce)
Locator: By.id: customer.phoneNumber
Driver: EdgeDriver: msedge on LINUX (054090904ec2838a7cbf889f1b629cce)
Locator: By.id: customer.ssn
Driver: EdgeDriver: msedge on LINUX (054090904ec2838a7cbf889f1b629cce)
Locator: By.id: customer.username
Driver: EdgeDriver: msedge on LINUX (054090904ec2838a7cbf889f1b629cce)
Locator: By.id: customer.password
Driver: EdgeDriver: msedge on LINUX (054090904ec2838a7cbf889f1b629cce)
Locator: By.id: repeatedPassword
Driver: EdgeDriver: msedge on LINUX (054090904ec2838a7cbf889f1b629cce)
Locator: By.xpath: //*[@id=&quot;customerForm&quot;]/table/tbody/tr[13]/td[2]/input
Driver: EdgeDriver: msedge on LINUX (054090904ec2838a7cbf889f1b629cce)
Locator: By.xpath: //*[@id=&quot;rightPanel&quot;]/p
Driver: EdgeDriver: msedge on LINUX (054090904ec2838a7cbf889f1b629cce)
</system-out>
    <system-err>[1664203325,272][INFO]: [cf80dc2acd1b62217581481c2979f481] COMMAND Quit {
}
[1664203325,328][INFO]: [cf80dc2acd1b62217581481c2979f481] RESPONSE Quit
[1664203325,328][DEBUG]: Log type &apos;driver&apos; lost 0 entries on destruction
[1664203325,328][DEBUG]: Log type &apos;browser&apos; lost 0 entries on destruction
Starting Microsoft Edge WebDriver 105.0.1343.42 (a7d028ad84939118c075a140c44731eec59a559e) on port 59519
To submit feedback, report a bug, or suggest new features, please visit https://github.com/MicrosoftEdge/EdgeWebDriver

Only local connections are allowed.
Please see https://aka.ms/WebDriverSecurity for suggestions on keeping Microsoft Edge WebDriver safe.

Microsoft Edge WebDriver was started successfully.
[1664203325,431][INFO]: [054090904ec2838a7cbf889f1b629cce] COMMAND InitSession {
   &quot;capabilities&quot;: {
      &quot;firstMatch&quot;: [ {
         &quot;browserName&quot;: &quot;MicrosoftEdge&quot;,
         &quot;ms:edgeOptions&quot;: {
            &quot;args&quot;: [  ],
            &quot;extensions&quot;: [  ]
         }
      } ]
   },
   &quot;desiredCapabilities&quot;: {
      &quot;browserName&quot;: &quot;MicrosoftEdge&quot;,
      &quot;ms:edgeOptions&quot;: {
         &quot;args&quot;: [  ],
         &quot;extensions&quot;: [  ]
      }
   }
}
[1664203325,431][INFO]: Populating Preferences file: {
   &quot;alternate_error_pages&quot;: {
      &quot;enabled&quot;: false
   },
   &quot;autofill&quot;: {
      &quot;enabled&quot;: false
   },
   &quot;browser&quot;: {
      &quot;check_default_browser&quot;: false
   },
   &quot;distribution&quot;: {
      &quot;import_bookmarks&quot;: false,
      &quot;import_history&quot;: false,
      &quot;import_search_engine&quot;: false,
      &quot;make_chrome_default_for_user&quot;: false,
      &quot;skip_first_run_ui&quot;: true
   },
   &quot;dns_prefetching&quot;: {
      &quot;enabled&quot;: false
   },
   &quot;profile&quot;: {
      &quot;content_settings&quot;: {
         &quot;pattern_pairs&quot;: {
            &quot;https://*,*&quot;: {
               &quot;media-stream&quot;: {
                  &quot;audio&quot;: &quot;Default&quot;,
                  &quot;video&quot;: &quot;Default&quot;
               }
            }
         }
      },
      &quot;default_content_setting_values&quot;: {
         &quot;geolocation&quot;: 1
      },
      &quot;default_content_settings&quot;: {
         &quot;geolocation&quot;: 1,
         &quot;mouselock&quot;: 1,
         &quot;notifications&quot;: 1,
         &quot;popups&quot;: 1,
         &quot;ppapi-broker&quot;: 1
      },
      &quot;password_manager_enabled&quot;: false
   },
   &quot;safebrowsing&quot;: {
      &quot;enabled&quot;: false
   },
   &quot;search&quot;: {
      &quot;suggest_enabled&quot;: false
   },
   &quot;translate&quot;: {
      &quot;enabled&quot;: false
   }
}
[1664203325,431][INFO]: Populating Local State file: {
   &quot;background_mode&quot;: {
      &quot;enabled&quot;: false
   },
   &quot;ssl&quot;: {
      &quot;rev_checking&quot;: {
         &quot;enabled&quot;: false
      }
   }
}
[1664203325,431][INFO]: Launching Microsoft Edge: /usr/bin/microsoft-edge --allow-pre-commit-input --disable-background-networking --disable-client-side-phishing-detection --disable-default-apps --disable-hang-monitor --disable-popup-blocking --disable-prompt-on-repost --disable-sync --enable-automation --enable-blink-features=ShadowDOMV0 --enable-logging --log-level=0 --no-first-run --no-service-autorun --password-store=basic --remote-debugging-port=0 --test-type=webdriver --use-mock-keychain --user-data-dir=/tmp/.com.microsoft.Edge.Cy0oCn data:,

DevTools listening on ws://127.0.0.1:42987/devtools/browser/88ae627c-0fe1-40f4-bf9f-1102d9c4e5ac
[1664203325,637][DEBUG]: DevTools HTTP Request: http://localhost:42987/json/version
libva error: vaGetDriverNameByIndex() failed with unknown libva error, driver_name = (null)
[20624:20624:0926/114205.654331:ERROR:viz_main_impl.cc(188)] Exiting GPU process due to errors during initialization
[1664203325,709][DEBUG]: DevTools HTTP Response: {
   &quot;Browser&quot;: &quot;Edg/105.0.1343.50&quot;,
   &quot;Protocol-Version&quot;: &quot;1.3&quot;,
   &quot;User-Agent&quot;: &quot;Mozilla/5.0 (X11; Linux x86_64) AppleWebKit/537.36 (KHTML, like Gecko) Chrome/105.0.0.0 Safari/537.36 Edg/105.0.1343.50&quot;,
   &quot;V8-Version&quot;: &quot;10.5.12.7&quot;,
   &quot;WebKit-Version&quot;: &quot;537.36 (@1aa39c6858bf9cf2e20cf926cf732ab6ed40190b)&quot;,
   &quot;webSocketDebuggerUrl&quot;: &quot;ws://localhost:42987/devtools/browser/88ae627c-0fe1-40f4-bf9f-1102d9c4e5ac&quot;
}

[1664203325,710][DEBUG]: DevTools HTTP Request: http://localhost:42987/json/list
[1664203325,719][DEBUG]: DevTools HTTP Response: [ {
   &quot;description&quot;: &quot;&quot;,
   &quot;devtoolsFrontendUrl&quot;: &quot;/devtools/inspector.html?ws=localhost:42987/devtools/page/36FF8643EFB745BF1FD92B9E552C6E89&quot;,
   &quot;id&quot;: &quot;36FF8643EFB745BF1FD92B9E552C6E89&quot;,
   &quot;title&quot;: &quot;&quot;,
   &quot;type&quot;: &quot;page&quot;,
   &quot;url&quot;: &quot;data:,&quot;,
   &quot;webSocketDebuggerUrl&quot;: &quot;ws://localhost:42987/devtools/page/36FF8643EFB745BF1FD92B9E552C6E89&quot;
} ]

[1664203325,720][DEBUG]: DevTools HTTP Request: http://localhost:42987/json/list
[1664203325,727][DEBUG]: DevTools HTTP Response: [ {
   &quot;description&quot;: &quot;&quot;,
   &quot;devtoolsFrontendUrl&quot;: &quot;/devtools/inspector.html?ws=localhost:42987/devtools/page/36FF8643EFB745BF1FD92B9E552C6E89&quot;,
   &quot;id&quot;: &quot;36FF8643EFB745BF1FD92B9E552C6E89&quot;,
   &quot;title&quot;: &quot;&quot;,
   &quot;type&quot;: &quot;page&quot;,
   &quot;url&quot;: &quot;data:,&quot;,
   &quot;webSocketDebuggerUrl&quot;: &quot;ws://localhost:42987/devtools/page/36FF8643EFB745BF1FD92B9E552C6E89&quot;
} ]

[1664203325,727][INFO]: resolved localhost to [&quot;127.0.0.1&quot;]
[1664203325,733][DEBUG]: DevTools WebSocket Command: Page.addScriptToEvaluateOnNewDocument (id=1) 36FF8643EFB745BF1FD92B9E552C6E89 {
   &quot;source&quot;: &quot;(function () {window.cdc_adoQpoasnfa76pfcZLmcfl_Array = window.Array;window.cdc_adoQpoasnfa76pfcZLmcfl_Promise = window.Promise;window.cdc_adoQpoasnfa76pfcZLmcfl_Symbol = window.Symbol;}) ();&quot;
}
[1664203325,733][DEBUG]: DevTools WebSocket Command: Runtime.evaluate (id=2) 36FF8643EFB745BF1FD92B9E552C6E89 {
   &quot;expression&quot;: &quot;(function () {window.cdc_adoQpoasnfa76pfcZLmcfl_Array = window.Array;window.cdc_adoQpoasnfa76pfcZLmcfl_Promise = window.Promise;window.cdc_adoQpoasnfa76pfcZLmcfl_Symbol = window.Symbol;}) ();&quot;
}
[1664203325,733][DEBUG]: DevTools WebSocket Command: Log.enable (id=3) 36FF8643EFB745BF1FD92B9E552C6E89 {
}
[1664203325,734][DEBUG]: DevTools WebSocket Command: Target.setAutoAttach (id=4) 36FF8643EFB745BF1FD92B9E552C6E89 {
   &quot;autoAttach&quot;: true,
   &quot;flatten&quot;: true,
   &quot;waitForDebuggerOnStart&quot;: false
}
[1664203325,734][DEBUG]: DevTools WebSocket Command: Page.enable (id=5) 36FF8643EFB745BF1FD92B9E552C6E89 {
}
[1664203325,734][DEBUG]: DevTools WebSocket Command: Page.enable (id=6) 36FF8643EFB745BF1FD92B9E552C6E89 {
}
libva error: vaGetDriverNameByIndex() failed with unknown libva error, driver_name = (null)
[20680:20680:0926/114205.802804:ERROR:viz_main_impl.cc(188)] Exiting GPU process due to errors during initialization
libva error: vaGetDriverNameByIndex() failed with unknown libva error, driver_name = (null)
[1664203325,936][DEBUG]: DevTools WebSocket Response: Page.addScriptToEvaluateOnNewDocument (id=1) 36FF8643EFB745BF1FD92B9E552C6E89 {
   &quot;identifier&quot;: &quot;1&quot;
}
[1664203325,936][DEBUG]: DevTools WebSocket Response: Runtime.evaluate (id=2) 36FF8643EFB745BF1FD92B9E552C6E89 {
   &quot;result&quot;: {
      &quot;type&quot;: &quot;undefined&quot;
   }
}
[1664203325,936][DEBUG]: DevTools WebSocket Response: Log.enable (id=3) 36FF8643EFB745BF1FD92B9E552C6E89 {
}
[1664203325,936][DEBUG]: DevTools WebSocket Response: Target.setAutoAttach (id=4) 36FF8643EFB745BF1FD92B9E552C6E89 {
}
[1664203325,936][DEBUG]: DevTools WebSocket Response: Page.enable (id=5) 36FF8643EFB745BF1FD92B9E552C6E89 {
}
[1664203325,936][DEBUG]: DevTools WebSocket Response: Page.enable (id=6) 36FF8643EFB745BF1FD92B9E552C6E89 {
}
[1664203325,936][DEBUG]: DevTools WebSocket Command: Runtime.enable (id=7) 36FF8643EFB745BF1FD92B9E552C6E89 {
}
[1664203325,937][DEBUG]: DevTools WebSocket Event: Page.loadEventFired 36FF8643EFB745BF1FD92B9E552C6E89 {
   &quot;timestamp&quot;: 4170.012202
}
[1664203325,937][DEBUG]: DevTools WebSocket Command: Runtime.evaluate (id=8) 36FF8643EFB745BF1FD92B9E552C6E89 {
   &quot;awaitPromise&quot;: false,
   &quot;expression&quot;: &quot;document.readyState&quot;,
   &quot;returnByValue&quot;: true
}
[1664203325,937][DEBUG]: DevTools WebSocket Event: Page.frameStoppedLoading 36FF8643EFB745BF1FD92B9E552C6E89 {
   &quot;frameId&quot;: &quot;36FF8643EFB745BF1FD92B9E552C6E89&quot;
}
[1664203325,937][DEBUG]: DevTools WebSocket Event: Page.domContentEventFired 36FF8643EFB745BF1FD92B9E552C6E89 {
   &quot;timestamp&quot;: 4170.012382
}
[1664203325,937][DEBUG]: DevTools WebSocket Event: Page.frameResized 36FF8643EFB745BF1FD92B9E552C6E89 {
}
[1664203325,940][DEBUG]: DevTools WebSocket Event: Runtime.executionContextCreated 36FF8643EFB745BF1FD92B9E552C6E89 {
   &quot;context&quot;: {
      &quot;auxData&quot;: {
         &quot;frameId&quot;: &quot;36FF8643EFB745BF1FD92B9E552C6E89&quot;,
         &quot;isDefault&quot;: true,
         &quot;type&quot;: &quot;default&quot;
      },
      &quot;id&quot;: 2,
      &quot;name&quot;: &quot;&quot;,
      &quot;origin&quot;: &quot;://&quot;,
      &quot;uniqueId&quot;: &quot;1713390051457991400.-6989392892189307613&quot;
   }
}
[1664203325,940][DEBUG]: DevTools WebSocket Response: Runtime.enable (id=7) 36FF8643EFB745BF1FD92B9E552C6E89 {
}
[1664203325,940][DEBUG]: DevTools WebSocket Response: Runtime.evaluate (id=8) 36FF8643EFB745BF1FD92B9E552C6E89 {
   &quot;result&quot;: {
      &quot;type&quot;: &quot;string&quot;,
      &quot;value&quot;: &quot;complete&quot;
   }
}
[1664203325,940][DEBUG]: DevTools WebSocket Command: Page.enable (id=9) 36FF8643EFB745BF1FD92B9E552C6E89 {
}
[1664203325,944][DEBUG]: DevTools WebSocket Response: Page.enable (id=9) 36FF8643EFB745BF1FD92B9E552C6E89 {
}
[1664203325,944][DEBUG]: DevTools WebSocket Command: Runtime.enable (id=10) 36FF8643EFB745BF1FD92B9E552C6E89 {
}
[1664203325,945][DEBUG]: DevTools WebSocket Response: Runtime.enable (id=10) 36FF8643EFB745BF1FD92B9E552C6E89 {
}
[1664203325,945][DEBUG]: DevTools WebSocket Command: Runtime.evaluate (id=11) 36FF8643EFB745BF1FD92B9E552C6E89 {
   &quot;awaitPromise&quot;: true,
   &quot;expression&quot;: &quot;(function() { // Copyright (c) 2012 The Chromium Authors. All rights reserved.\n// Use of this source code is governed by a BSD-style license that can be\n// found in the LICENSE file.\n\n/**\n * Enum f...&quot;,
   &quot;returnByValue&quot;: true
}
[1664203325,947][DEBUG]: DevTools WebSocket Response: Runtime.evaluate (id=11) 36FF8643EFB745BF1FD92B9E552C6E89 {
   &quot;result&quot;: {
      &quot;type&quot;: &quot;object&quot;,
      &quot;value&quot;: {
         &quot;status&quot;: 0,
         &quot;value&quot;: 1
      }
   }
}
[1664203325,947][INFO]: [054090904ec2838a7cbf889f1b629cce] RESPONSE InitSession {
   &quot;capabilities&quot;: {
      &quot;acceptInsecureCerts&quot;: false,
      &quot;browserName&quot;: &quot;msedge&quot;,
      &quot;browserVersion&quot;: &quot;105.0.1343.50&quot;,
      &quot;ms:edgeOptions&quot;: {
         &quot;debuggerAddress&quot;: &quot;localhost:42987&quot;
      },
      &quot;msedge&quot;: {
         &quot;msedgedriverVersion&quot;: &quot;105.0.1343.42 (a7d028ad84939118c075a140c44731eec59a559e)&quot;,
         &quot;userDataDir&quot;: &quot;/tmp/.com.microsoft.Edge.Cy0oCn&quot;
      },
      &quot;networkConnectionEnabled&quot;: false,
      &quot;pageLoadStrategy&quot;: &quot;normal&quot;,
      &quot;platformName&quot;: &quot;linux&quot;,
      &quot;proxy&quot;: {
      },
      &quot;setWindowRect&quot;: true,
      &quot;strictFileInteractability&quot;: false,
      &quot;timeouts&quot;: {
         &quot;implicit&quot;: 0,
         &quot;pageLoad&quot;: 3set 26, 2022 11:42:05 AM org.openqa.selenium.remote.ProtocolHandshake createSession
INFORMAÇÕES: Detected dialect: W3C
00000,
         &quot;script&quot;: 30000
      },
      &quot;unhandledPromptBehavior&quot;: &quot;dismiss and notify&quot;,
      &quot;webauthn:extension:credBlob&quot;: true,
      &quot;webauthn:extension:largeBlob&quot;: true,
      &quot;webauthn:virtualAuthenticators&quot;: true
   },
   &quot;sessionId&quot;: &quot;054090904ec2838a7cbf889f1b629cce&quot;
}
set 26, 2022 11:42:05 AM org.openqa.selenium.devtools.CdpVersionFinder findNearestMatch
ADVERTÊNCIA: Unable to find an exact match for CDP version 105, so returning the closest version found: a no-op implementation
set 26, 2022 11:42:05 AM org.openqa.selenium.devtools.CdpVersionFinder findNearestMatch
INFORMAÇÕES: Unable to find CDP implementation matching 105.
set 26, 2022 11:42:05 AM org.openqa.selenium.chromium.ChromiumDriver lambda$new$3
ADVERTÊNCIA: Unable to find version of CDP to use for . You may need to include a dependency on a specific version of the CDP using something similar to `org.seleniumhq.selenium:selenium-devtools-v86:4.0.0` where the version (&quot;v86&quot;) matches the version of the chromium-based browser you&apos;re using and the version number of the artifact is the same as Selenium&apos;s.
[1664203325,984][INFO]: [054090904ec2838a7cbf889f1b629cce] COMMAND Navigate {
   &quot;url&quot;: &quot;https://parabank.parasoft.com/parabank/index.htm&quot;
}
[1664203325,984][INFO]: Waiting for pending navigations...
[1664203325,984][DEBUG]: DevTools WebSocket Command: Runtime.evaluate (id=12) 36FF8643EFB745BF1FD92B9E552C6E89 {
   &quot;expression&quot;: &quot;1&quot;
}
[1664203325,985][DEBUG]: DevTools WebSocket Response: Runtime.evaluate (id=12) 36FF8643EFB745BF1FD92B9E552C6E89 {
   &quot;result&quot;: {
      &quot;description&quot;: &quot;1&quot;,
      &quot;type&quot;: &quot;number&quot;,
      &quot;value&quot;: 1
   }
}
[1664203325,985][INFO]: Done waiting for pending navigations. Status: ok
[1664203325,985][DEBUG]: DevTools WebSocket Command: Page.navigate (id=13) 36FF8643EFB745BF1FD92B9E552C6E89 {
   &quot;url&quot;: &quot;https://parabank.parasoft.com/parabank/index.htm&quot;
}
[1664203326,593][DEBUG]: DevTools WebSocket Response: Page.navigate (id=13) 36FF8643EFB745BF1FD92B9E552C6E89 {
   &quot;frameId&quot;: &quot;36FF8643EFB745BF1FD92B9E552C6E89&quot;,
   &quot;loaderId&quot;: &quot;9FC78E282CAE15D69E975A85D9B45CFC&quot;
}
[1664203326,593][DEBUG]: DevTools WebSocket Command: Runtime.evaluate (id=14) 36FF8643EFB745BF1FD92B9E552C6E89 {
   &quot;expression&quot;: &quot;document.URL&quot;
}
[1664203326,601][DEBUG]: DevTools WebSocket Event: Runtime.executionContextsCleared 36FF8643EFB745BF1FD92B9E552C6E89 {
}
[1664203326,604][DEBUG]: DevTools WebSocket Event: Page.frameStartedLoading 36FF8643EFB745BF1FD92B9E552C6E89 {
   &quot;frameId&quot;: &quot;36FF8643EFB745BF1FD92B9E552C6E89&quot;
}
[1664203326,649][DEBUG]: DevTools WebSocket Event: Runtime.executionContextsCleared 36FF8643EFB745BF1FD92B9E552C6E89 {
}
[1664203326,649][DEBUG]: DevTools WebSocket Event: Page.frameNavigated 36FF8643EFB745BF1FD92B9E552C6E89 {
   &quot;frame&quot;: {
      &quot;adFrameStatus&quot;: {
         &quot;adFrameType&quot;: &quot;none&quot;
      },
      &quot;crossOriginIsolatedContextType&quot;: &quot;NotIsolated&quot;,
      &quot;domainAndRegistry&quot;: &quot;parasoft.com&quot;,
      &quot;gatedAPIFeatures&quot;: [  ],
      &quot;id&quot;: &quot;36FF8643EFB745BF1FD92B9E552C6E89&quot;,
      &quot;loaderId&quot;: &quot;9FC78E282CAE15D69E975A85D9B45CFC&quot;,
      &quot;mimeType&quot;: &quot;text/html&quot;,
      &quot;secureContextType&quot;: &quot;Secure&quot;,
      &quot;securityOrigin&quot;: &quot;https://parabank.parasoft.com&quot;,
      &quot;url&quot;: &quot;https://parabank.parasoft.com/parabank/index.htm&quot;
   },
   &quot;type&quot;: &quot;Navigation&quot;
}
[1664203326,649][DEBUG]: DevTools WebSocket Event: Runtime.executionContextCreated 36FF8643EFB745BF1FD92B9E552C6E89 {
   &quot;context&quot;: {
      &quot;auxData&quot;: {
         &quot;frameId&quot;: &quot;36FF8643EFB745BF1FD92B9E552C6E89&quot;,
         &quot;isDefault&quot;: true,
         &quot;type&quot;: &quot;default&quot;
      },
      &quot;id&quot;: 1,
      &quot;name&quot;: &quot;&quot;,
      &quot;origin&quot;: &quot;https://parabank.parasoft.com&quot;,
      &quot;uniqueId&quot;: &quot;-8278014332801948995.1614009431089351359&quot;
   }
}
[1664203326,657][DEBUG]: DevTools WebSocket Response: Runtime.evaluate (id=14) 36FF8643EFB745BF1FD92B9E552C6E89 {
   &quot;result&quot;: {
      &quot;type&quot;: &quot;string&quot;,
      &quot;value&quot;: &quot;https://parabank.parasoft.com/parabank/index.htm&quot;
   }
}
[1664203326,657][INFO]: Waiting for pending navigations...
[1664203326,657][DEBUG]: DevTools WebSocket Command: Runtime.evaluate (id=15) 36FF8643EFB745BF1FD92B9E552C6E89 {
   &quot;expression&quot;: &quot;1&quot;
}
[1664203326,659][DEBUG]: DevTools WebSocket Event: Page.frameResized 36FF8643EFB745BF1FD92B9E552C6E89 {
}
[1664203326,660][DEBUG]: DevTools WebSocket Response: Runtime.evaluate (id=15) 36FF8643EFB745BF1FD92B9E552C6E89 {
   &quot;result&quot;: {
      &quot;description&quot;: &quot;1&quot;,
      &quot;type&quot;: &quot;number&quot;,
      &quot;value&quot;: 1
   }
}
[1664203327,161][DEBUG]: DevTools WebSocket Command: Runtime.evaluate (id=16) 36FF8643EFB745BF1FD92B9E552C6E89 {
   &quot;expression&quot;: &quot;1&quot;
}
[1664203327,162][DEBUG]: DevTools WebSocket Response: Runtime.evaluate (id=16) 36FF8643EFB745BF1FD92B9E552C6E89 {
   &quot;result&quot;: {
      &quot;description&quot;: &quot;1&quot;,
      &quot;type&quot;: &quot;number&quot;,
      &quot;value&quot;: 1
   }
}
[1664203327,443][DEBUG]: DevTools WebSocket Event: Log.entryAdded 36FF8643EFB745BF1FD92B9E552C6E89 {
   &quot;entry&quot;: {
      &quot;args&quot;: [ {
         &quot;className&quot;: &quot;HTMLInputElement&quot;,
         &quot;description&quot;: &quot;input.input&quot;,
         &quot;objectId&quot;: &quot;-6911687748606428388.1.1&quot;,
         &quot;subtype&quot;: &quot;node&quot;,
         &quot;type&quot;: &quot;object&quot;
      } ],
      &quot;level&quot;: &quot;verbose&quot;,
      &quot;source&quot;: &quot;recommendation&quot;,
      &quot;text&quot;: &quot;[DOM] Input elements should have autocomplete attributes (suggested: \&quot;current-password\&quot;): (More info: https://www.chromium.org/developers/design-documents/create-amazing-password-forms) %o&quot;,
      &quot;timestamp&quot;: 1.664203327441771e+12,
      &quot;url&quot;: &quot;https://parabank.parasoft.com/parabank/index.htm&quot;
   }
}
[1664203327,443][DEBUG]: DevTools WebSocket Command: Runtime.evaluate (id=17) 36FF8643EFB745BF1FD92B9E552C6E89 {
   &quot;expression&quot;: &quot;1&quot;
}
[1664203327,449][DEBUG]: DevTools WebSocket Event: Page.domContentEventFired 36FF8643EFB745BF1FD92B9E552C6E89 {
   &quot;timestamp&quot;: 4171.520844
}
[1664203327,456][DEBUG]: DevTools WebSocket Response: Runtime.evaluate (id=17) 36FF8643EFB745BF1FD92B9E552C6E89 {
   &quot;result&quot;: {
      &quot;description&quot;: &quot;1&quot;,
      &quot;type&quot;: &quot;number&quot;,
      &quot;value&quot;: 1
   }
}
[1664203327,463][DEBUG]: DevTools WebSocket Event: Page.frameResized 36FF8643EFB745BF1FD92B9E552C6E89 {
}
[1664203327,463][DEBUG]: DevTools WebSocket Command: Runtime.evaluate (id=18) 36FF8643EFB745BF1FD92B9E552C6E89 {
   &quot;expression&quot;: &quot;1&quot;
}
[1664203327,463][DEBUG]: DevTools WebSocket Response: Runtime.evaluate (id=18) 36FF8643EFB745BF1FD92B9E552C6E89 {
   &quot;result&quot;: {
      &quot;description&quot;: &quot;1&quot;,
      &quot;type&quot;: &quot;number&quot;,
      &quot;value&quot;: 1
   }
}
[1664203327,610][DEBUG]: DevTools WebSocket Event: Page.loadEventFired 36FF8643EFB745BF1FD92B9E552C6E89 {
   &quot;timestamp&quot;: 4171.687503
}
[1664203327,610][DEBUG]: DevTools WebSocket Command: Runtime.evaluate (id=19) 36FF8643EFB745BF1FD92B9E552C6E89 {
   &quot;awaitPromise&quot;: false,
   &quot;expression&quot;: &quot;document.readyState&quot;,
   &quot;returnByValue&quot;: true
}
[1664203327,610][DEBUG]: DevTools WebSocket Event: Page.frameStoppedLoading 36FF8643EFB745BF1FD92B9E552C6E89 {
   &quot;frameId&quot;: &quot;36FF8643EFB745BF1FD92B9E552C6E89&quot;
}
[1664203327,614][DEBUG]: DevTools WebSocket Response: Runtime.evaluate (id=19) 36FF8643EFB745BF1FD92B9E552C6E89 {
   &quot;result&quot;: {
      &quot;type&quot;: &quot;string&quot;,
      &quot;value&quot;: &quot;complete&quot;
   }
}
[1664203327,614][DEBUG]: DevTools WebSocket Command: Runtime.evaluate (id=20) 36FF8643EFB745BF1FD92B9E552C6E89 {
   &quot;expression&quot;: &quot;1&quot;
}
[1664203327,615][DEBUG]: DevTools WebSocket Response: Runtime.evaluate (id=20) 36FF8643EFB745BF1FD92B9E552C6E89 {
   &quot;result&quot;: {
      &quot;description&quot;: &quot;1&quot;,
      &quot;type&quot;: &quot;number&quot;,
      &quot;value&quot;: 1
   }
}
[1664203327,615][INFO]: Done waiting for pending navigations. Status: ok
[1664203327,615][INFO]: [054090904ec2838a7cbf889f1b629cce] RESPONSE Navigate
[1664203327,618][INFO]: [054090904ec2838a7cbf889f1b629cce] COMMAND MaximizeWindow {
}
[1664203327,618][INFO]: Waiting for pending navigations...
[1664203327,618][DEBUG]: DevTools WebSocket Command: Runtime.evaluate (id=21) 36FF8643EFB745BF1FD92B9E552C6E89 {
   &quot;expression&quot;: &quot;1&quot;
}
[1664203327,619][DEBUG]: DevTools WebSocket Response: Runtime.evaluate (id=21) 36FF8643EFB745BF1FD92B9E552C6E89 {
   &quot;result&quot;: {
      &quot;description&quot;: &quot;1&quot;,
      &quot;type&quot;: &quot;number&quot;,
      &quot;value&quot;: 1
   }
}
[1664203327,619][INFO]: Done waiting for pending navigations. Status: ok
[1664203327,619][INFO]: resolved localhost to [&quot;127.0.0.1&quot;]
[1664203327,619][DEBUG]: DevTools WebSocket Command: Browser.getWindowForTarget (id=1) browser {
   &quot;targetId&quot;: &quot;36FF8643EFB745BF1FD92B9E552C6E89&quot;
}
[1664203327,619][DEBUG]: DevTools WebSocket Response: Browser.getWindowForTarget (id=1) browser {
   &quot;bounds&quot;: {
      &quot;height&quot;: 1033,
      &quot;left&quot;: 86,
      &quot;top&quot;: 37,
      &quot;width&quot;: 907,
      &quot;windowState&quot;: &quot;normal&quot;
   },
   &quot;windowId&quot;: 193330728
}
[1664203327,619][DEBUG]: DevTools WebSocket Command: Browser.setWindowBounds (id=2) browser {
   &quot;bounds&quot;: {
      &quot;windowState&quot;: &quot;maximized&quot;
   },
   &quot;windowId&quot;: 193330728
}
[1664203327,620][DEBUG]: DevTools WebSocket Response: Browser.setWindowBounds (id=2) browser {
}
[1664203327,720][DEBUG]: DevTools WebSocket Command: Browser.getWindowBounds (id=3) browser {
   &quot;windowId&quot;: 193330728
}
[1664203327,720][DEBUG]: DevTools WebSocket Response: Browser.getWindowBounds (id=3) browser {
   &quot;bounds&quot;: {
      &quot;height&quot;: 1053,
      &quot;left&quot;: 76,
      &quot;top&quot;: 27,
      &quot;width&quot;: 1844,
      &quot;windowState&quot;: &quot;maximized&quot;
   }
}
[1664203327,720][DEBUG]: DevTools WebSocket Command: Browser.getWindowForTarget (id=4) browser {
   &quot;targetId&quot;: &quot;36FF8643EFB745BF1FD92B9E552C6E89&quot;
}
[1664203327,720][DEBUG]: DevTools WebSocket Response: Browser.getWindowForTarget (id=4) browser {
   &quot;bounds&quot;: {
      &quot;height&quot;: 1053,
      &quot;left&quot;: 76,
      &quot;top&quot;: 27,
      &quot;width&quot;: 1844,
      &quot;windowState&quot;: &quot;maximized&quot;
   },
   &quot;windowId&quot;: 193330728
}
[1664203327,720][INFO]: Waiting for pending navigations...
[1664203327,720][DEBUG]: DevTools WebSocket Event: Page.frameResized 36FF8643EFB745BF1FD92B9E552C6E89 {
}
[1664203327,720][DEBUG]: DevTools WebSocket Event: Page.frameResized 36FF8643EFB745BF1FD92B9E552C6E89 {
}
[1664203327,720][DEBUG]: DevTools WebSocket Command: Runtime.evaluate (id=22) 36FF8643EFB745BF1FD92B9E552C6E89 {
   &quot;expression&quot;: &quot;1&quot;
}
[1664203327,721][DEBUG]: DevTools WebSocket Response: Runtime.evaluate (id=22) 36FF8643EFB745BF1FD92B9E552C6E89 {
   &quot;result&quot;: {
      &quot;description&quot;: &quot;1&quot;,
      &quot;type&quot;: &quot;number&quot;,
      &quot;value&quot;: 1
   }
}
[1664203327,721][INFO]: Done waiting for pending navigations. Status: ok
[1664203327,721][INFO]: [054090904ec2838a7cbf889f1b629cce] RESPONSE MaximizeWindow {
   &quot;height&quot;: 1053,
   &quot;width&quot;: 1844,
   &quot;x&quot;: 76,
   &quot;y&quot;: 27
}
[1664203327,723][INFO]: [054090904ec2838a7cbf889f1b629cce] COMMAND SetTimeouts {
   &quot;implicit&quot;: 5000
}
[1664203327,723][INFO]: [054090904ec2838a7cbf889f1b629cce] RESPONSE SetTimeouts
[1664203327,725][INFO]: [054090904ec2838a7cbf889f1b629cce] COMMAND FindElement {
   &quot;using&quot;: &quot;xpath&quot;,
   &quot;value&quot;: &quot;/html/body/div[1]/div[3]/div[1]/div/p[2]/a&quot;
}
[1664203327,725][INFO]: Waiting for pending navigations...
[1664203327,725][DEBUG]: DevTools WebSocket Command: Runtime.evaluate (id=23) 36FF8643EFB745BF1FD92B9E552C6E89 {
   &quot;expression&quot;: &quot;1&quot;
}
[1664203327,726][DEBUG]: DevTools WebSocket Response: Runtime.evaluate (id=23) 36FF8643EFB745BF1FD92B9E552C6E89 {
   &quot;result&quot;: {
      &quot;description&quot;: &quot;1&quot;,
      &quot;type&quot;: &quot;number&quot;,
      &quot;value&quot;: 1
   }
}
[1664203327,726][INFO]: Done waiting for pending navigations. Status: ok
[1664203327,728][DEBUG]: DevTools WebSocket Command: Runtime.evaluate (id=24) 36FF8643EFB745BF1FD92B9E552C6E89 {
   &quot;awaitPromise&quot;: true,
   &quot;expression&quot;: &quot;(function() { // Copyright (c) 2012 The Chromium Authors. All rights reserved.\n// Use of this source code is governed by a BSD-style license that can be\n// found in the LICENSE file.\n\n/**\n * Enum f...&quot;,
   &quot;returnByValue&quot;: true
}
[1664203327,734][DEBUG]: DevTools WebSocket Response: Runtime.evaluate (id=24) 36FF8643EFB745BF1FD92B9E552C6E89 {
   &quot;result&quot;: {
      &quot;type&quot;: &quot;object&quot;,
      &quot;value&quot;: {
         &quot;status&quot;: 0,
         &quot;value&quot;: {
            &quot;element-6066-11e4-a52e-4f735466cecf&quot;: &quot;5f6193da-1504-4bb1-b0d0-5ee80c5f72cd&quot;
         }
      }
   }
}
[1664203327,734][INFO]: Waiting for pending navigations...
[1664203327,734][DEBUG]: DevTools WebSocket Command: Runtime.evaluate (id=25) 36FF8643EFB745BF1FD92B9E552C6E89 {
   &quot;expression&quot;: &quot;1&quot;
}
[1664203327,734][DEBUG]: DevTools WebSocket Response: Runtime.evaluate (id=25) 36FF8643EFB745BF1FD92B9E552C6E89 {
   &quot;result&quot;: {
      &quot;description&quot;: &quot;1&quot;,
      &quot;type&quot;: &quot;number&quot;,
      &quot;value&quot;: 1
   }
}
[1664203327,734][INFO]: Done waiting for pending navigations. Status: ok
[1664203327,734][INFO]: [054090904ec2838a7cbf889f1b629cce] RESPONSE FindElement {
   &quot;element-6066-11e4-a52e-4f735466cecf&quot;: &quot;5f6193da-1504-4bb1-b0d0-5ee80c5f72cd&quot;
}
[1664203329,737][INFO]: [054090904ec2838a7cbf889f1b629cce] COMMAND ClickElement {
   &quot;id&quot;: &quot;5f6193da-1504-4bb1-b0d0-5ee80c5f72cd&quot;
}
[1664203329,737][INFO]: Waiting for pending navigations...
[1664203329,737][DEBUG]: DevTools WebSocket Command: Runtime.evaluate (id=26) 36FF8643EFB745BF1FD92B9E552C6E89 {
   &quot;expression&quot;: &quot;1&quot;
}
[1664203329,738][DEBUG]: DevTools WebSocket Response: Runtime.evaluate (id=26) 36FF8643EFB745BF1FD92B9E552C6E89 {
   &quot;result&quot;: {
      &quot;description&quot;: &quot;1&quot;,
      &quot;type&quot;: &quot;number&quot;,
      &quot;value&quot;: 1
   }
}
[1664203329,738][INFO]: Done waiting for pending navigations. Status: ok
[1664203329,738][DEBUG]: DevTools WebSocket Command: Runtime.evaluate (id=27) 36FF8643EFB745BF1FD92B9E552C6E89 {
   &quot;awaitPromise&quot;: true,
   &quot;expression&quot;: &quot;(function() { // Copyright (c) 2012 The Chromium Authors. All rights reserved.\n// Use of this source code is governed by a BSD-style license that can be\n// found in the LICENSE file.\n\n/**\n * Enum f...&quot;,
   &quot;returnByValue&quot;: true
}
[1664203329,741][DEBUG]: DevTools WebSocket Response: Runtime.evaluate (id=27) 36FF8643EFB745BF1FD92B9E552C6E89 {
   &quot;result&quot;: {
      &quot;type&quot;: &quot;object&quot;,
      &quot;value&quot;: {
         &quot;status&quot;: 0,
         &quot;value&quot;: &quot;a&quot;
      }
   }
}
[1664203329,741][DEBUG]: DevTools WebSocket Command: Runtime.evaluate (id=28) 36FF8643EFB745BF1FD92B9E552C6E89 {
   &quot;awaitPromise&quot;: true,
   &quot;expression&quot;: &quot;(function() { // Copyright (c) 2012 The Chromium Authors. All rights reserved.\n// Use of this source code is governed by a BSD-style license that can be\n// found in the LICENSE file.\n\n/**\n * Enum f...&quot;,
   &quot;returnByValue&quot;: true
}
[1664203329,742][DEBUG]: DevTools WebSocket Response: Runtime.evaluate (id=28) 36FF8643EFB745BF1FD92B9E552C6E89 {
   &quot;result&quot;: {
      &quot;type&quot;: &quot;object&quot;,
      &quot;value&quot;: {
         &quot;status&quot;: 0,
         &quot;value&quot;: &quot;a&quot;
      }
   }
}
[1664203329,743][DEBUG]: DevTools WebSocket Command: Runtime.evaluate (id=29) 36FF8643EFB745BF1FD92B9E552C6E89 {
   &quot;awaitPromise&quot;: true,
   &quot;expression&quot;: &quot;(function() { // Copyright (c) 2012 The Chromium Authors. All rights reserved.\n// Use of this source code is governed by a BSD-style license that can be\n// found in the LICENSE file.\n\n/**\n * Enum f...&quot;,
   &quot;returnByValue&quot;: true
}
[1664203329,748][DEBUG]: DevTools WebSocket Response: Runtime.evaluate (id=29) 36FF8643EFB745BF1FD92B9E552C6E89 {
   &quot;result&quot;: {
      &quot;type&quot;: &quot;object&quot;,
      &quot;value&quot;: {
         &quot;status&quot;: 0,
         &quot;value&quot;: true
      }
   }
}
[1664203329,749][DEBUG]: DevTools WebSocket Command: Runtime.evaluate (id=30) 36FF8643EFB745BF1FD92B9E552C6E89 {
   &quot;awaitPromise&quot;: true,
   &quot;expression&quot;: &quot;(function() { // Copyright (c) 2012 The Chromium Authors. All rights reserved.\n// Use of this source code is governed by a BSD-style license that can be\n// found in the LICENSE file.\n\n/**\n * Enum f...&quot;,
   &quot;returnByValue&quot;: true
}
[1664203329,753][DEBUG]: DevTools WebSocket Response: Runtime.evaluate (id=30) 36FF8643EFB745BF1FD92B9E552C6E89 {
   &quot;result&quot;: {
      &quot;type&quot;: &quot;object&quot;,
      &quot;value&quot;: {
         &quot;status&quot;: 0,
         &quot;value&quot;: {
            &quot;height&quot;: 15,
            &quot;left&quot;: 0,
            &quot;top&quot;: 0,
            &quot;width&quot;: 48.421875
         }
      }
   }
}
[1664203329,754][DEBUG]: DevTools WebSocket Command: Runtime.evaluate (id=31) 36FF8643EFB745BF1FD92B9E552C6E89 {
   &quot;awaitPromise&quot;: true,
   &quot;expression&quot;: &quot;(function() { // Copyright (c) 2012 The Chromium Authors. All rights reserved.\n// Use of this source code is governed by a BSD-style license that can be\n// found in the LICENSE file.\n\n/**\n * Enum f...&quot;,
   &quot;returnByValue&quot;: true
}
[1664203329,758][DEBUG]: DevTools WebSocket Response: Runtime.evaluate (id=31) 36FF8643EFB745BF1FD92B9E552C6E89 {
   &quot;result&quot;: {
      &quot;type&quot;: &quot;object&quot;,
      &quot;value&quot;: {
         &quot;status&quot;: 0,
         &quot;value&quot;: {
            &quot;ceil&quot;: {
            },
            &quot;clone&quot;: {
            },
            &quot;floor&quot;: {
            },
            &quot;round&quot;: {
            },
            &quot;scale&quot;: {
            },
            &quot;translate&quot;: {
            },
            &quot;x&quot;: 574.5,
            &quot;y&quot;: 432.0625
         }
      }
   }
}
[1664203329,759][DEBUG]: DevTools WebSocket Command: Runtime.evaluate (id=32) 36FF8643EFB745BF1FD92B9E552C6E89 {
   &quot;awaitPromise&quot;: true,
   &quot;expression&quot;: &quot;(function() { // Copyright (c) 2012 The Chromium Authors. All rights reserved.\n// Use of this source code is governed by a BSD-style license that can be\n// found in the LICENSE file.\n\n/**\n * Enum f...&quot;,
   &quot;returnByValue&quot;: true
}
[1664203329,762][DEBUG]: DevTools WebSocket Response: Runtime.evaluate (id=32) 36FF8643EFB745BF1FD92B9E552C6E89 {
   &quot;result&quot;: {
      &quot;type&quot;: &quot;object&quot;,
      &quot;value&quot;: {
         &quot;status&quot;: 0,
         &quot;value&quot;: {
            &quot;clickable&quot;: true
         }
      }
   }
}
[1664203329,762][DEBUG]: DevTools WebSocket Command: Input.dispatchMouseEvent (id=33) 36FF8643EFB745BF1FD92B9E552C6E89 {
   &quot;button&quot;: &quot;none&quot;,
   &quot;buttons&quot;: 0,
   &quot;clickCount&quot;: 0,
   &quot;force&quot;: 0.0,
   &quot;modifiers&quot;: 0,
   &quot;pointerType&quot;: &quot;mouse&quot;,
   &quot;tangentialPressure&quot;: 0.0,
   &quot;tiltX&quot;: 0,
   &quot;tiltY&quot;: 0,
   &quot;twist&quot;: 0,
   &quot;type&quot;: &quot;mouseMoved&quot;,
   &quot;x&quot;: 598,
   &quot;y&quot;: 439
}
[1664203329,762][DEBUG]: DevTools WebSocket Command: Input.dispatchMouseEvent (id=34) 36FF8643EFB745BF1FD92B9E552C6E89 {
   &quot;button&quot;: &quot;left&quot;,
   &quot;buttons&quot;: 0,
   &quot;clickCount&quot;: 1,
   &quot;force&quot;: 0.0,
   &quot;modifiers&quot;: 0,
   &quot;pointerType&quot;: &quot;mouse&quot;,
   &quot;tangentialPressure&quot;: 0.0,
   &quot;tiltX&quot;: 0,
   &quot;tiltY&quot;: 0,
   &quot;twist&quot;: 0,
   &quot;type&quot;: &quot;mousePressed&quot;,
   &quot;x&quot;: 598,
   &quot;y&quot;: 439
}
[1664203329,762][DEBUG]: DevTools WebSocket Command: Input.dispatchMouseEvent (id=35) 36FF8643EFB745BF1FD92B9E552C6E89 {
   &quot;button&quot;: &quot;left&quot;,
   &quot;buttons&quot;: 1,
   &quot;clickCount&quot;: 1,
   &quot;force&quot;: 0.0,
   &quot;modifiers&quot;: 0,
   &quot;pointerType&quot;: &quot;mouse&quot;,
   &quot;tangentialPressure&quot;: 0.0,
   &quot;tiltX&quot;: 0,
   &quot;tiltY&quot;: 0,
   &quot;twist&quot;: 0,
   &quot;type&quot;: &quot;mouseReleased&quot;,
   &quot;x&quot;: 598,
   &quot;y&quot;: 439
}
[1664203329,765][DEBUG]: DevTools WebSocket Response: Input.dispatchMouseEvent (id=33) 36FF8643EFB745BF1FD92B9E552C6E89 {
}
[1664203329,779][DEBUG]: DevTools WebSocket Response: Input.dispatchMouseEvent (id=34) 36FF8643EFB745BF1FD92B9E552C6E89 {
}
[1664203329,779][DEBUG]: DevTools WebSocket Response: Input.dispatchMouseEvent (id=35) 36FF8643EFB745BF1FD92B9E552C6E89 {
}
[1664203329,779][INFO]: Waiting for pending navigations...
[1664203329,779][DEBUG]: DevTools WebSocket Command: Runtime.evaluate (id=36) 36FF8643EFB745BF1FD92B9E552C6E89 {
   &quot;expression&quot;: &quot;1&quot;
}
[1664203329,781][DEBUG]: DevTools WebSocket Event: Page.frameScheduledNavigation 36FF8643EFB745BF1FD92B9E552C6E89 {
   &quot;delay&quot;: 0,
   &quot;frameId&quot;: &quot;36FF8643EFB745BF1FD92B9E552C6E89&quot;,
   &quot;reason&quot;: &quot;anchorClick&quot;,
   &quot;url&quot;: &quot;https://parabank.parasoft.com/parabank/register.htm;jsessionid=00C598763375D208EE2E49B5EE76C73D&quot;
}
[1664203329,781][DEBUG]: DevTools WebSocket Event: Page.frameRequestedNavigation 36FF8643EFB745BF1FD92B9E552C6E89 {
   &quot;disposition&quot;: &quot;currentTab&quot;,
   &quot;frameId&quot;: &quot;36FF8643EFB745BF1FD92B9E552C6E89&quot;,
   &quot;reason&quot;: &quot;anchorClick&quot;,
   &quot;url&quot;: &quot;https://parabank.parasoft.com/parabank/register.htm;jsessionid=00C598763375D208EE2E49B5EE76C73D&quot;
}
[1664203329,781][DEBUG]: DevTools WebSocket Event: Page.frameStartedLoading 36FF8643EFB745BF1FD92B9E552C6E89 {
   &quot;frameId&quot;: &quot;36FF8643EFB745BF1FD92B9E552C6E89&quot;
}
[1664203329,784][DEBUG]: DevTools WebSocket Event: Page.frameClearedScheduledNavigation 36FF8643EFB745BF1FD92B9E552C6E89 {
   &quot;frameId&quot;: &quot;36FF8643EFB745BF1FD92B9E552C6E89&quot;
}
[1664203330,022][DEBUG]: DevTools WebSocket Event: Runtime.executionContextsCleared 36FF8643EFB745BF1FD92B9E552C6E89 {
}
[1664203330,022][DEBUG]: DevTools WebSocket Event: Page.frameNavigated 36FF8643EFB745BF1FD92B9E552C6E89 {
   &quot;frame&quot;: {
      &quot;adFrameStatus&quot;: {
         &quot;adFrameType&quot;: &quot;none&quot;
      },
      &quot;crossOriginIsolatedContextType&quot;: &quot;NotIsolated&quot;,
      &quot;domainAndRegistry&quot;: &quot;parasoft.com&quot;,
      &quot;gatedAPIFeatures&quot;: [  ],
      &quot;id&quot;: &quot;36FF8643EFB745BF1FD92B9E552C6E89&quot;,
      &quot;loaderId&quot;: &quot;21B7A7632E3B7BB136C6C0BBBB6FD6D7&quot;,
      &quot;mimeType&quot;: &quot;text/html&quot;,
      &quot;secureContextType&quot;: &quot;Secure&quot;,
      &quot;securityOrigin&quot;: &quot;https://parabank.parasoft.com&quot;,
      &quot;url&quot;: &quot;https://parabank.parasoft.com/parabank/register.htm;jsessionid=00C598763375D208EE2E49B5EE76C73D&quot;
   },
   &quot;type&quot;: &quot;Navigation&quot;
}
[1664203330,022][DEBUG]: DevTools WebSocket Event: Runtime.executionContextCreated 36FF8643EFB745BF1FD92B9E552C6E89 {
   &quot;context&quot;: {
      &quot;auxData&quot;: {
         &quot;frameId&quot;: &quot;36FF8643EFB745BF1FD92B9E552C6E89&quot;,
         &quot;isDefault&quot;: true,
         &quot;type&quot;: &quot;default&quot;
      },
      &quot;id&quot;: 2,
      &quot;name&quot;: &quot;&quot;,
      &quot;origin&quot;: &quot;https://parabank.parasoft.com&quot;,
      &quot;uniqueId&quot;: &quot;-3985552872434504896.2718711969181550292&quot;
   }
}
[1664203330,022][DEBUG]: DevTools WebSocket Response: Runtime.evaluate (id=36) 36FF8643EFB745BF1FD92B9E552C6E89 {
   &quot;result&quot;: {
      &quot;description&quot;: &quot;1&quot;,
      &quot;type&quot;: &quot;number&quot;,
      &quot;value&quot;: 1
   }
}
[20523:20523:0926/114210.150310:ERROR:object_proxy.cc(623)] Failed to call method: org.freedesktop.ScreenSaver.GetActive: object_path= /org/freedesktop/ScreenSaver: org.freedesktop.DBus.Error.NotSupported: This method is not implemented
[1664203330,156][DEBUG]: DevTools WebSocket Event: Log.entryAdded 36FF8643EFB745BF1FD92B9E552C6E89 {
   &quot;entry&quot;: {
      &quot;args&quot;: [ {
         &quot;className&quot;: &quot;HTMLInputElement&quot;,
         &quot;description&quot;: &quot;input.input&quot;,
         &quot;objectId&quot;: &quot;-6911687748606428388.2.1&quot;,
         &quot;subtype&quot;: &quot;node&quot;,
         &quot;type&quot;: &quot;object&quot;
      } ],
      &quot;level&quot;: &quot;verbose&quot;,
      &quot;source&quot;: &quot;recommendation&quot;,
      &quot;text&quot;: &quot;[DOM] Input elements should have autocomplete attributes (suggested: \&quot;current-password\&quot;): (More info: https://www.chromium.org/developers/design-documents/create-amazing-password-forms) %o&quot;,
      &quot;timestamp&quot;: 1.664203330155924e+12,
      &quot;url&quot;: &quot;https://parabank.parasoft.com/parabank/register.htm;jsessionid=00C598763375D208EE2E49B5EE76C73D&quot;
   }
}
[1664203330,156][DEBUG]: DevTools WebSocket Event: Log.entryAdded 36FF8643EFB745BF1FD92B9E552C6E89 {
   &quot;entry&quot;: {
      &quot;args&quot;: [ {
         &quot;className&quot;: &quot;HTMLInputElement&quot;,
         &quot;description&quot;: &quot;input#customer.password.input&quot;,
         &quot;objectId&quot;: &quot;-6911687748606428388.2.2&quot;,
         &quot;subtype&quot;: &quot;node&quot;,
         &quot;type&quot;: &quot;object&quot;
      } ],
      &quot;level&quot;: &quot;verbose&quot;,
      &quot;source&quot;: &quot;recommendation&quot;,
      &quot;text&quot;: &quot;[DOM] Input elements should have autocomplete attributes (suggested: \&quot;new-password\&quot;): (More info: https://www.chromium.org/developers/design-documents/create-amazing-password-forms) %o&quot;,
      &quot;timestamp&quot;: 1.664203330156025e+12,
      &quot;url&quot;: &quot;https://parabank.parasoft.com/parabank/register.htm;jsessionid=00C598763375D208EE2E49B5EE76C73D&quot;
   }
}
[1664203330,157][DEBUG]: DevTools WebSocket Event: Log.entryAdded 36FF8643EFB745BF1FD92B9E552C6E89 {
   &quot;entry&quot;: {
      &quot;args&quot;: [ {
         &quot;className&quot;: &quot;HTMLInputElement&quot;,
         &quot;description&quot;: &quot;input#repeatedPassword.input&quot;,
         &quot;objectId&quot;: &quot;-6911687748606428388.2.3&quot;,
         &quot;subtype&quot;: &quot;node&quot;,
         &quot;type&quot;: &quot;object&quot;
      } ],
      &quot;level&quot;: &quot;verbose&quot;,
      &quot;source&quot;: &quot;recommendation&quot;,
      &quot;text&quot;: &quot;[DOM] Input elements should have autocomplete attributes (suggested: \&quot;new-password\&quot;): (More info: https://www.chromium.org/developers/design-documents/create-amazing-password-forms) %o&quot;,
      &quot;timestamp&quot;: 1.664203330156056e+12,
      &quot;url&quot;: &quot;https://parabank.parasoft.com/parabank/register.htm;jsessionid=00C598763375D208EE2E49B5EE76C73D&quot;
   }
}
[1664203330,157][DEBUG]: DevTools WebSocket Command: Runtime.evaluate (id=37) 36FF8643EFB745BF1FD92B9E552C6E89 {
   &quot;expression&quot;: &quot;1&quot;
}
[1664203330,164][DEBUG]: DevTools WebSocket Event: Page.domContentEventFired 36FF8643EFB745BF1FD92B9E552C6E89 {
   &quot;timestamp&quot;: 4174.234948
}
[1664203330,164][DEBUG]: DevTools WebSocket Response: Runtime.evaluate (id=37) 36FF8643EFB745BF1FD92B9E552C6E89 {
   &quot;result&quot;: {
      &quot;description&quot;: &quot;1&quot;,
      &quot;type&quot;: &quot;number&quot;,
      &quot;value&quot;: 1
   }
}
[1664203330,188][DEBUG]: DevTools WebSocket Event: Page.loadEventFired 36FF8643EFB745BF1FD92B9E552C6E89 {
   &quot;timestamp&quot;: 4174.26433
}
[1664203330,188][DEBUG]: DevTools WebSocket Command: Runtime.evaluate (id=38) 36FF8643EFB745BF1FD92B9E552C6E89 {
   &quot;awaitPromise&quot;: false,
   &quot;expression&quot;: &quot;document.readyState&quot;,
   &quot;returnByValue&quot;: true
}
[1664203330,188][DEBUG]: DevTools WebSocket Event: Page.frameStoppedLoading 36FF8643EFB745BF1FD92B9E552C6E89 {
   &quot;frameId&quot;: &quot;36FF8643EFB745BF1FD92B9E552C6E89&quot;
}
[1664203330,188][DEBUG]: DevTools WebSocket Event: Page.frameResized 36FF8643EFB745BF1FD92B9E552C6E89 {
}
[1664203330,189][DEBUG]: DevTools WebSocket Response: Runtime.evaluate (id=38) 36FF8643EFB745BF1FD92B9E552C6E89 {
   &quot;result&quot;: {
      &quot;type&quot;: &quot;string&quot;,
      &quot;value&quot;: &quot;complete&quot;
   }
}
[1664203330,189][DEBUG]: DevTools WebSocket Command: Runtime.evaluate (id=39) 36FF8643EFB745BF1FD92B9E552C6E89 {
   &quot;expression&quot;: &quot;1&quot;
}
[1664203330,189][DEBUG]: DevTools WebSocket Response: Runtime.evaluate (id=39) 36FF8643EFB745BF1FD92B9E552C6E89 {
   &quot;result&quot;: {
      &quot;description&quot;: &quot;1&quot;,
      &quot;type&quot;: &quot;number&quot;,
      &quot;value&quot;: 1
   }
}
[1664203330,189][INFO]: Done waiting for pending navigations. Status: ok
[1664203330,189][INFO]: [054090904ec2838a7cbf889f1b629cce] RESPONSE ClickElement
[1664203333,391][INFO]: [054090904ec2838a7cbf889f1b629cce] COMMAND FindElement {
   &quot;using&quot;: &quot;css selector&quot;,
   &quot;value&quot;: &quot;#customer\\.firstName&quot;
}
[1664203333,391][INFO]: Waiting for pending navigations...
[1664203333,391][DEBUG]: DevTools WebSocket Command: Runtime.evaluate (id=40) 36FF8643EFB745BF1FD92B9E552C6E89 {
   &quot;expression&quot;: &quot;1&quot;
}
[1664203333,392][DEBUG]: DevTools WebSocket Response: Runtime.evaluate (id=40) 36FF8643EFB745BF1FD92B9E552C6E89 {
   &quot;result&quot;: {
      &quot;description&quot;: &quot;1&quot;,
      &quot;type&quot;: &quot;number&quot;,
      &quot;value&quot;: 1
   }
}
[1664203333,392][INFO]: Done waiting for pending navigations. Status: ok
[1664203333,393][DEBUG]: DevTools WebSocket Command: Runtime.evaluate (id=41) 36FF8643EFB745BF1FD92B9E552C6E89 {
   &quot;awaitPromise&quot;: true,
   &quot;expression&quot;: &quot;(function() { // Copyright (c) 2012 The Chromium Authors. All rights reserved.\n// Use of this source code is governed by a BSD-style license that can be\n// found in the LICENSE file.\n\n/**\n * Enum f...&quot;,
   &quot;returnByValue&quot;: true
}
[1664203333,399][DEBUG]: DevTools WebSocket Response: Runtime.evaluate (id=41) 36FF8643EFB745BF1FD92B9E552C6E89 {
   &quot;result&quot;: {
      &quot;type&quot;: &quot;object&quot;,
      &quot;value&quot;: {
         &quot;status&quot;: 0,
         &quot;value&quot;: {
            &quot;element-6066-11e4-a52e-4f735466cecf&quot;: &quot;3eddebd5-fd97-471b-bc3c-c336f433bd36&quot;
         }
      }
   }
}
[1664203333,399][INFO]: Waiting for pending navigations...
[1664203333,399][DEBUG]: DevTools WebSocket Command: Runtime.evaluate (id=42) 36FF8643EFB745BF1FD92B9E552C6E89 {
   &quot;expression&quot;: &quot;1&quot;
}
[1664203333,401][DEBUG]: DevTools WebSocket Response: Runtime.evaluate (id=42) 36FF8643EFB745BF1FD92B9E552C6E89 {
   &quot;result&quot;: {
      &quot;description&quot;: &quot;1&quot;,
      &quot;type&quot;: &quot;number&quot;,
      &quot;value&quot;: 1
   }
}
[1664203333,401][INFO]: Done waiting for pending navigations. Status: ok
[1664203333,401][INFO]: [054090904ec2838a7cbf889f1b629cce] RESPONSE FindElement {
   &quot;element-6066-11e4-a52e-4f735466cecf&quot;: &quot;3eddebd5-fd97-471b-bc3c-c336f433bd36&quot;
}
[1664203333,404][INFO]: [054090904ec2838a7cbf889f1b629cce] COMMAND FindElement {
   &quot;using&quot;: &quot;css selector&quot;,
   &quot;value&quot;: &quot;#customer\\.lastName&quot;
}
[1664203333,404][INFO]: Waiting for pending navigations...
[1664203333,404][DEBUG]: DevTools WebSocket Command: Runtime.evaluate (id=43) 36FF8643EFB745BF1FD92B9E552C6E89 {
   &quot;expression&quot;: &quot;1&quot;
}
[1664203333,405][DEBUG]: DevTools WebSocket Response: Runtime.evaluate (id=43) 36FF8643EFB745BF1FD92B9E552C6E89 {
   &quot;result&quot;: {
      &quot;description&quot;: &quot;1&quot;,
      &quot;type&quot;: &quot;number&quot;,
      &quot;value&quot;: 1
   }
}
[1664203333,405][INFO]: Done waiting for pending navigations. Status: ok
[1664203333,407][DEBUG]: DevTools WebSocket Command: Runtime.evaluate (id=44) 36FF8643EFB745BF1FD92B9E552C6E89 {
   &quot;awaitPromise&quot;: true,
   &quot;expression&quot;: &quot;(function() { // Copyright (c) 2012 The Chromium Authors. All rights reserved.\n// Use of this source code is governed by a BSD-style license that can be\n// found in the LICENSE file.\n\n/**\n * Enum f...&quot;,
   &quot;returnByValue&quot;: true
}
[1664203333,412][DEBUG]: DevTools WebSocket Response: Runtime.evaluate (id=44) 36FF8643EFB745BF1FD92B9E552C6E89 {
   &quot;result&quot;: {
      &quot;type&quot;: &quot;object&quot;,
      &quot;value&quot;: {
         &quot;status&quot;: 0,
         &quot;value&quot;: {
            &quot;element-6066-11e4-a52e-4f735466cecf&quot;: &quot;38d417f5-4a84-4a57-b4ba-626021212731&quot;
         }
      }
   }
}
[1664203333,412][INFO]: Waiting for pending navigations...
[1664203333,412][DEBUG]: DevTools WebSocket Command: Runtime.evaluate (id=45) 36FF8643EFB745BF1FD92B9E552C6E89 {
   &quot;expression&quot;: &quot;1&quot;
}
[1664203333,414][DEBUG]: DevTools WebSocket Response: Runtime.evaluate (id=45) 36FF8643EFB745BF1FD92B9E552C6E89 {
   &quot;result&quot;: {
      &quot;description&quot;: &quot;1&quot;,
      &quot;type&quot;: &quot;number&quot;,
      &quot;value&quot;: 1
   }
}
[1664203333,414][INFO]: Done waiting for pending navigations. Status: ok
[1664203333,414][INFO]: [054090904ec2838a7cbf889f1b629cce] RESPONSE FindElement {
   &quot;element-6066-11e4-a52e-4f735466cecf&quot;: &quot;38d417f5-4a84-4a57-b4ba-626021212731&quot;
}
[1664203333,416][INFO]: [054090904ec2838a7cbf889f1b629cce] COMMAND FindElement {
   &quot;using&quot;: &quot;css selector&quot;,
   &quot;value&quot;: &quot;#customer\\.address\\.street&quot;
}
[1664203333,416][INFO]: Waiting for pending navigations...
[1664203333,416][DEBUG]: DevTools WebSocket Command: Runtime.evaluate (id=46) 36FF8643EFB745BF1FD92B9E552C6E89 {
   &quot;expression&quot;: &quot;1&quot;
}
[1664203333,417][DEBUG]: DevTools WebSocket Response: Runtime.evaluate (id=46) 36FF8643EFB745BF1FD92B9E552C6E89 {
   &quot;result&quot;: {
      &quot;description&quot;: &quot;1&quot;,
      &quot;type&quot;: &quot;number&quot;,
      &quot;value&quot;: 1
   }
}
[1664203333,417][INFO]: Done waiting for pending navigations. Status: ok
[1664203333,418][DEBUG]: DevTools WebSocket Command: Runtime.evaluate (id=47) 36FF8643EFB745BF1FD92B9E552C6E89 {
   &quot;awaitPromise&quot;: true,
   &quot;expression&quot;: &quot;(function() { // Copyright (c) 2012 The Chromium Authors. All rights reserved.\n// Use of this source code is governed by a BSD-style license that can be\n// found in the LICENSE file.\n\n/**\n * Enum f...&quot;,
   &quot;returnByValue&quot;: true
}
[1664203333,423][DEBUG]: DevTools WebSocket Response: Runtime.evaluate (id=47) 36FF8643EFB745BF1FD92B9E552C6E89 {
   &quot;result&quot;: {
      &quot;type&quot;: &quot;object&quot;,
      &quot;value&quot;: {
         &quot;status&quot;: 0,
         &quot;value&quot;: {
            &quot;element-6066-11e4-a52e-4f735466cecf&quot;: &quot;2a41926f-4d85-42de-9f84-1f8fecd7cd2d&quot;
         }
      }
   }
}
[1664203333,423][INFO]: Waiting for pending navigations...
[1664203333,423][DEBUG]: DevTools WebSocket Command: Runtime.evaluate (id=48) 36FF8643EFB745BF1FD92B9E552C6E89 {
   &quot;expression&quot;: &quot;1&quot;
}
[1664203333,424][DEBUG]: DevTools WebSocket Response: Runtime.evaluate (id=48) 36FF8643EFB745BF1FD92B9E552C6E89 {
   &quot;result&quot;: {
      &quot;description&quot;: &quot;1&quot;,
      &quot;type&quot;: &quot;number&quot;,
      &quot;value&quot;: 1
   }
}
[1664203333,424][INFO]: Done waiting for pending navigations. Status: ok
[1664203333,424][INFO]: [054090904ec2838a7cbf889f1b629cce] RESPONSE FindElement {
   &quot;element-6066-11e4-a52e-4f735466cecf&quot;: &quot;2a41926f-4d85-42de-9f84-1f8fecd7cd2d&quot;
}
[1664203333,426][INFO]: [054090904ec2838a7cbf889f1b629cce] COMMAND FindElement {
   &quot;using&quot;: &quot;css selector&quot;,
   &quot;value&quot;: &quot;#customer\\.address\\.city&quot;
}
[1664203333,426][INFO]: Waiting for pending navigations...
[1664203333,426][DEBUG]: DevTools WebSocket Command: Runtime.evaluate (id=49) 36FF8643EFB745BF1FD92B9E552C6E89 {
   &quot;expression&quot;: &quot;1&quot;
}
[1664203333,426][DEBUG]: DevTools WebSocket Response: Runtime.evaluate (id=49) 36FF8643EFB745BF1FD92B9E552C6E89 {
   &quot;result&quot;: {
      &quot;description&quot;: &quot;1&quot;,
      &quot;type&quot;: &quot;number&quot;,
      &quot;value&quot;: 1
   }
}
[1664203333,426][INFO]: Done waiting for pending navigations. Status: ok
[1664203333,428][DEBUG]: DevTools WebSocket Command: Runtime.evaluate (id=50) 36FF8643EFB745BF1FD92B9E552C6E89 {
   &quot;awaitPromise&quot;: true,
   &quot;expression&quot;: &quot;(function() { // Copyright (c) 2012 The Chromium Authors. All rights reserved.\n// Use of this source code is governed by a BSD-style license that can be\n// found in the LICENSE file.\n\n/**\n * Enum f...&quot;,
   &quot;returnByValue&quot;: true
}
[1664203333,433][DEBUG]: DevTools WebSocket Response: Runtime.evaluate (id=50) 36FF8643EFB745BF1FD92B9E552C6E89 {
   &quot;result&quot;: {
      &quot;type&quot;: &quot;object&quot;,
      &quot;value&quot;: {
         &quot;status&quot;: 0,
         &quot;value&quot;: {
            &quot;element-6066-11e4-a52e-4f735466cecf&quot;: &quot;4a5b3876-8ba6-499a-91b6-816f155d8056&quot;
         }
      }
   }
}
[1664203333,433][INFO]: Waiting for pending navigations...
[1664203333,433][DEBUG]: DevTools WebSocket Command: Runtime.evaluate (id=51) 36FF8643EFB745BF1FD92B9E552C6E89 {
   &quot;expression&quot;: &quot;1&quot;
}
[1664203333,433][DEBUG]: DevTools WebSocket Response: Runtime.evaluate (id=51) 36FF8643EFB745BF1FD92B9E552C6E89 {
   &quot;result&quot;: {
      &quot;description&quot;: &quot;1&quot;,
      &quot;type&quot;: &quot;number&quot;,
      &quot;value&quot;: 1
   }
}
[1664203333,433][INFO]: Done waiting for pending navigations. Status: ok
[1664203333,433][INFO]: [054090904ec2838a7cbf889f1b629cce] RESPONSE FindElement {
   &quot;element-6066-11e4-a52e-4f735466cecf&quot;: &quot;4a5b3876-8ba6-499a-91b6-816f155d8056&quot;
}
[1664203333,436][INFO]: [054090904ec2838a7cbf889f1b629cce] COMMAND FindElement {
   &quot;using&quot;: &quot;css selector&quot;,
   &quot;value&quot;: &quot;#customer\\.address\\.state&quot;
}
[1664203333,436][INFO]: Waiting for pending navigations...
[1664203333,436][DEBUG]: DevTools WebSocket Command: Runtime.evaluate (id=52) 36FF8643EFB745BF1FD92B9E552C6E89 {
   &quot;expression&quot;: &quot;1&quot;
}
[1664203333,437][DEBUG]: DevTools WebSocket Response: Runtime.evaluate (id=52) 36FF8643EFB745BF1FD92B9E552C6E89 {
   &quot;result&quot;: {
      &quot;description&quot;: &quot;1&quot;,
      &quot;type&quot;: &quot;number&quot;,
      &quot;value&quot;: 1
   }
}
[1664203333,437][INFO]: Done waiting for pending navigations. Status: ok
[1664203333,438][DEBUG]: DevTools WebSocket Command: Runtime.evaluate (id=53) 36FF8643EFB745BF1FD92B9E552C6E89 {
   &quot;awaitPromise&quot;: true,
   &quot;expression&quot;: &quot;(function() { // Copyright (c) 2012 The Chromium Authors. All rights reserved.\n// Use of this source code is governed by a BSD-style license that can be\n// found in the LICENSE file.\n\n/**\n * Enum f...&quot;,
   &quot;returnByValue&quot;: true
}
[1664203333,444][DEBUG]: DevTools WebSocket Response: Runtime.evaluate (id=53) 36FF8643EFB745BF1FD92B9E552C6E89 {
   &quot;result&quot;: {
      &quot;type&quot;: &quot;object&quot;,
      &quot;value&quot;: {
         &quot;status&quot;: 0,
         &quot;value&quot;: {
            &quot;element-6066-11e4-a52e-4f735466cecf&quot;: &quot;b0f99d01-3f50-4225-b4f5-7b628588e54f&quot;
         }
      }
   }
}
[1664203333,444][INFO]: Waiting for pending navigations...
[1664203333,444][DEBUG]: DevTools WebSocket Command: Runtime.evaluate (id=54) 36FF8643EFB745BF1FD92B9E552C6E89 {
   &quot;expression&quot;: &quot;1&quot;
}
[1664203333,445][DEBUG]: DevTools WebSocket Response: Runtime.evaluate (id=54) 36FF8643EFB745BF1FD92B9E552C6E89 {
   &quot;result&quot;: {
      &quot;description&quot;: &quot;1&quot;,
      &quot;type&quot;: &quot;number&quot;,
      &quot;value&quot;: 1
   }
}
[1664203333,445][INFO]: Done waiting for pending navigations. Status: ok
[1664203333,445][INFO]: [054090904ec2838a7cbf889f1b629cce] RESPONSE FindElement {
   &quot;element-6066-11e4-a52e-4f735466cecf&quot;: &quot;b0f99d01-3f50-4225-b4f5-7b628588e54f&quot;
}
[1664203333,448][INFO]: [054090904ec2838a7cbf889f1b629cce] COMMAND FindElement {
   &quot;using&quot;: &quot;css selector&quot;,
   &quot;value&quot;: &quot;#customer\\.address\\.zipCode&quot;
}
[1664203333,448][INFO]: Waiting for pending navigations...
[1664203333,448][DEBUG]: DevTools WebSocket Command: Runtime.evaluate (id=55) 36FF8643EFB745BF1FD92B9E552C6E89 {
   &quot;expression&quot;: &quot;1&quot;
}
[1664203333,448][DEBUG]: DevTools WebSocket Response: Runtime.evaluate (id=55) 36FF8643EFB745BF1FD92B9E552C6E89 {
   &quot;result&quot;: {
      &quot;description&quot;: &quot;1&quot;,
      &quot;type&quot;: &quot;number&quot;,
      &quot;value&quot;: 1
   }
}
[1664203333,448][INFO]: Done waiting for pending navigations. Status: ok
[1664203333,450][DEBUG]: DevTools WebSocket Command: Runtime.evaluate (id=56) 36FF8643EFB745BF1FD92B9E552C6E89 {
   &quot;awaitPromise&quot;: true,
   &quot;expression&quot;: &quot;(function() { // Copyright (c) 2012 The Chromium Authors. All rights reserved.\n// Use of this source code is governed by a BSD-style license that can be\n// found in the LICENSE file.\n\n/**\n * Enum f...&quot;,
   &quot;returnByValue&quot;: true
}
[1664203333,454][DEBUG]: DevTools WebSocket Response: Runtime.evaluate (id=56) 36FF8643EFB745BF1FD92B9E552C6E89 {
   &quot;result&quot;: {
      &quot;type&quot;: &quot;object&quot;,
      &quot;value&quot;: {
         &quot;status&quot;: 0,
         &quot;value&quot;: {
            &quot;element-6066-11e4-a52e-4f735466cecf&quot;: &quot;435ad786-3767-4c92-bedc-8f1d836e6a25&quot;
         }
      }
   }
}
[1664203333,454][INFO]: Waiting for pending navigations...
[1664203333,454][DEBUG]: DevTools WebSocket Command: Runtime.evaluate (id=57) 36FF8643EFB745BF1FD92B9E552C6E89 {
   &quot;expression&quot;: &quot;1&quot;
}
[1664203333,455][DEBUG]: DevTools WebSocket Response: Runtime.evaluate (id=57) 36FF8643EFB745BF1FD92B9E552C6E89 {
   &quot;result&quot;: {
      &quot;description&quot;: &quot;1&quot;,
      &quot;type&quot;: &quot;number&quot;,
      &quot;value&quot;: 1
   }
}
[1664203333,455][INFO]: Done waiting for pending navigations. Status: ok
[1664203333,455][INFO]: [054090904ec2838a7cbf889f1b629cce] RESPONSE FindElement {
   &quot;element-6066-11e4-a52e-4f735466cecf&quot;: &quot;435ad786-3767-4c92-bedc-8f1d836e6a25&quot;
}
[1664203333,457][INFO]: [054090904ec2838a7cbf889f1b629cce] COMMAND FindElement {
   &quot;using&quot;: &quot;css selector&quot;,
   &quot;value&quot;: &quot;#customer\\.phoneNumber&quot;
}
[1664203333,457][INFO]: Waiting for pending navigations...
[1664203333,457][DEBUG]: DevTools WebSocket Command: Runtime.evaluate (id=58) 36FF8643EFB745BF1FD92B9E552C6E89 {
   &quot;expression&quot;: &quot;1&quot;
}
[1664203333,457][DEBUG]: DevTools WebSocket Response: Runtime.evaluate (id=58) 36FF8643EFB745BF1FD92B9E552C6E89 {
   &quot;result&quot;: {
      &quot;description&quot;: &quot;1&quot;,
      &quot;type&quot;: &quot;number&quot;,
      &quot;value&quot;: 1
   }
}
[1664203333,457][INFO]: Done waiting for pending navigations. Status: ok
[1664203333,459][DEBUG]: DevTools WebSocket Command: Runtime.evaluate (id=59) 36FF8643EFB745BF1FD92B9E552C6E89 {
   &quot;awaitPromise&quot;: true,
   &quot;expression&quot;: &quot;(function() { // Copyright (c) 2012 The Chromium Authors. All rights reserved.\n// Use of this source code is governed by a BSD-style license that can be\n// found in the LICENSE file.\n\n/**\n * Enum f...&quot;,
   &quot;returnByValue&quot;: true
}
[1664203333,465][DEBUG]: DevTools WebSocket Response: Runtime.evaluate (id=59) 36FF8643EFB745BF1FD92B9E552C6E89 {
   &quot;result&quot;: {
      &quot;type&quot;: &quot;object&quot;,
      &quot;value&quot;: {
         &quot;status&quot;: 0,
         &quot;value&quot;: {
            &quot;element-6066-11e4-a52e-4f735466cecf&quot;: &quot;19482b56-6c4d-4eb1-8f11-749f90b272ab&quot;
         }
      }
   }
}
[1664203333,465][INFO]: Waiting for pending navigations...
[1664203333,465][DEBUG]: DevTools WebSocket Command: Runtime.evaluate (id=60) 36FF8643EFB745BF1FD92B9E552C6E89 {
   &quot;expression&quot;: &quot;1&quot;
}
[1664203333,465][DEBUG]: DevTools WebSocket Response: Runtime.evaluate (id=60) 36FF8643EFB745BF1FD92B9E552C6E89 {
   &quot;result&quot;: {
      &quot;description&quot;: &quot;1&quot;,
      &quot;type&quot;: &quot;number&quot;,
      &quot;value&quot;: 1
   }
}
[1664203333,465][INFO]: Done waiting for pending navigations. Status: ok
[1664203333,465][INFO]: [054090904ec2838a7cbf889f1b629cce] RESPONSE FindElement {
   &quot;element-6066-11e4-a52e-4f735466cecf&quot;: &quot;19482b56-6c4d-4eb1-8f11-749f90b272ab&quot;
}
[1664203333,467][INFO]: [054090904ec2838a7cbf889f1b629cce] COMMAND FindElement {
   &quot;using&quot;: &quot;css selector&quot;,
   &quot;value&quot;: &quot;#customer\\.ssn&quot;
}
[1664203333,467][INFO]: Waiting for pending navigations...
[1664203333,467][DEBUG]: DevTools WebSocket Command: Runtime.evaluate (id=61) 36FF8643EFB745BF1FD92B9E552C6E89 {
   &quot;expression&quot;: &quot;1&quot;
}
[1664203333,469][DEBUG]: DevTools WebSocket Response: Runtime.evaluate (id=61) 36FF8643EFB745BF1FD92B9E552C6E89 {
   &quot;result&quot;: {
      &quot;description&quot;: &quot;1&quot;,
      &quot;type&quot;: &quot;number&quot;,
      &quot;value&quot;: 1
   }
}
[1664203333,469][INFO]: Done waiting for pending navigations. Status: ok
[1664203333,470][DEBUG]: DevTools WebSocket Command: Runtime.evaluate (id=62) 36FF8643EFB745BF1FD92B9E552C6E89 {
   &quot;awaitPromise&quot;: true,
   &quot;expression&quot;: &quot;(function() { // Copyright (c) 2012 The Chromium Authors. All rights reserved.\n// Use of this source code is governed by a BSD-style license that can be\n// found in the LICENSE file.\n\n/**\n * Enum f...&quot;,
   &quot;returnByValue&quot;: true
}
[1664203333,475][DEBUG]: DevTools WebSocket Response: Runtime.evaluate (id=62) 36FF8643EFB745BF1FD92B9E552C6E89 {
   &quot;result&quot;: {
      &quot;type&quot;: &quot;object&quot;,
      &quot;value&quot;: {
         &quot;status&quot;: 0,
         &quot;value&quot;: {
            &quot;element-6066-11e4-a52e-4f735466cecf&quot;: &quot;0e9a021d-f9b8-4a74-8d47-d13d1b3a6aa6&quot;
         }
      }
   }
}
[1664203333,475][INFO]: Waiting for pending navigations...
[1664203333,475][DEBUG]: DevTools WebSocket Command: Runtime.evaluate (id=63) 36FF8643EFB745BF1FD92B9E552C6E89 {
   &quot;expression&quot;: &quot;1&quot;
}
[1664203333,475][DEBUG]: DevTools WebSocket Response: Runtime.evaluate (id=63) 36FF8643EFB745BF1FD92B9E552C6E89 {
   &quot;result&quot;: {
      &quot;description&quot;: &quot;1&quot;,
      &quot;type&quot;: &quot;number&quot;,
      &quot;value&quot;: 1
   }
}
[1664203333,475][INFO]: Done waiting for pending navigations. Status: ok
[1664203333,475][INFO]: [054090904ec2838a7cbf889f1b629cce] RESPONSE FindElement {
   &quot;element-6066-11e4-a52e-4f735466cecf&quot;: &quot;0e9a021d-f9b8-4a74-8d47-d13d1b3a6aa6&quot;
}
[1664203333,478][INFO]: [054090904ec2838a7cbf889f1b629cce] COMMAND FindElement {
   &quot;using&quot;: &quot;css selector&quot;,
   &quot;value&quot;: &quot;#customer\\.username&quot;
}
[1664203333,478][INFO]: Waiting for pending navigations...
[1664203333,478][DEBUG]: DevTools WebSocket Command: Runtime.evaluate (id=64) 36FF8643EFB745BF1FD92B9E552C6E89 {
   &quot;expression&quot;: &quot;1&quot;
}
[1664203333,478][DEBUG]: DevTools WebSocket Response: Runtime.evaluate (id=64) 36FF8643EFB745BF1FD92B9E552C6E89 {
   &quot;result&quot;: {
      &quot;description&quot;: &quot;1&quot;,
      &quot;type&quot;: &quot;number&quot;,
      &quot;value&quot;: 1
   }
}
[1664203333,478][INFO]: Done waiting for pending navigations. Status: ok
[1664203333,480][DEBUG]: DevTools WebSocket Command: Runtime.evaluate (id=65) 36FF8643EFB745BF1FD92B9E552C6E89 {
   &quot;awaitPromise&quot;: true,
   &quot;expression&quot;: &quot;(function() { // Copyright (c) 2012 The Chromium Authors. All rights reserved.\n// Use of this source code is governed by a BSD-style license that can be\n// found in the LICENSE file.\n\n/**\n * Enum f...&quot;,
   &quot;returnByValue&quot;: true
}
[1664203333,485][DEBUG]: DevTools WebSocket Response: Runtime.evaluate (id=65) 36FF8643EFB745BF1FD92B9E552C6E89 {
   &quot;result&quot;: {
      &quot;type&quot;: &quot;object&quot;,
      &quot;value&quot;: {
         &quot;status&quot;: 0,
         &quot;value&quot;: {
            &quot;element-6066-11e4-a52e-4f735466cecf&quot;: &quot;1c14d186-7311-4cc5-a94a-c428d1dbf24f&quot;
         }
      }
   }
}
[1664203333,485][INFO]: Waiting for pending navigations...
[1664203333,485][DEBUG]: DevTools WebSocket Command: Runtime.evaluate (id=66) 36FF8643EFB745BF1FD92B9E552C6E89 {
   &quot;expression&quot;: &quot;1&quot;
}
[1664203333,485][DEBUG]: DevTools WebSocket Response: Runtime.evaluate (id=66) 36FF8643EFB745BF1FD92B9E552C6E89 {
   &quot;result&quot;: {
      &quot;description&quot;: &quot;1&quot;,
      &quot;type&quot;: &quot;number&quot;,
      &quot;value&quot;: 1
   }
}
[1664203333,485][INFO]: Done waiting for pending navigations. Status: ok
[1664203333,485][INFO]: [054090904ec2838a7cbf889f1b629cce] RESPONSE FindElement {
   &quot;element-6066-11e4-a52e-4f735466cecf&quot;: &quot;1c14d186-7311-4cc5-a94a-c428d1dbf24f&quot;
}
[1664203333,488][INFO]: [054090904ec2838a7cbf889f1b629cce] COMMAND FindElement {
   &quot;using&quot;: &quot;css selector&quot;,
   &quot;value&quot;: &quot;#customer\\.password&quot;
}
[1664203333,488][INFO]: Waiting for pending navigations...
[1664203333,488][DEBUG]: DevTools WebSocket Command: Runtime.evaluate (id=67) 36FF8643EFB745BF1FD92B9E552C6E89 {
   &quot;expression&quot;: &quot;1&quot;
}
[1664203333,488][DEBUG]: DevTools WebSocket Response: Runtime.evaluate (id=67) 36FF8643EFB745BF1FD92B9E552C6E89 {
   &quot;result&quot;: {
      &quot;description&quot;: &quot;1&quot;,
      &quot;type&quot;: &quot;number&quot;,
      &quot;value&quot;: 1
   }
}
[1664203333,488][INFO]: Done waiting for pending navigations. Status: ok
[1664203333,489][DEBUG]: DevTools WebSocket Command: Runtime.evaluate (id=68) 36FF8643EFB745BF1FD92B9E552C6E89 {
   &quot;awaitPromise&quot;: true,
   &quot;expression&quot;: &quot;(function() { // Copyright (c) 2012 The Chromium Authors. All rights reserved.\n// Use of this source code is governed by a BSD-style license that can be\n// found in the LICENSE file.\n\n/**\n * Enum f...&quot;,
   &quot;returnByValue&quot;: true
}
[1664203333,494][DEBUG]: DevTools WebSocket Response: Runtime.evaluate (id=68) 36FF8643EFB745BF1FD92B9E552C6E89 {
   &quot;result&quot;: {
      &quot;type&quot;: &quot;object&quot;,
      &quot;value&quot;: {
         &quot;status&quot;: 0,
         &quot;value&quot;: {
            &quot;element-6066-11e4-a52e-4f735466cecf&quot;: &quot;0baf647d-3366-437a-83d5-6773af1e0f81&quot;
         }
      }
   }
}
[1664203333,494][INFO]: Waiting for pending navigations...
[1664203333,494][DEBUG]: DevTools WebSocket Command: Runtime.evaluate (id=69) 36FF8643EFB745BF1FD92B9E552C6E89 {
   &quot;expression&quot;: &quot;1&quot;
}
[1664203333,495][DEBUG]: DevTools WebSocket Response: Runtime.evaluate (id=69) 36FF8643EFB745BF1FD92B9E552C6E89 {
   &quot;result&quot;: {
      &quot;description&quot;: &quot;1&quot;,
      &quot;type&quot;: &quot;number&quot;,
      &quot;value&quot;: 1
   }
}
[1664203333,495][INFO]: Done waiting for pending navigations. Status: ok
[1664203333,495][INFO]: [054090904ec2838a7cbf889f1b629cce] RESPONSE FindElement {
   &quot;element-6066-11e4-a52e-4f735466cecf&quot;: &quot;0baf647d-3366-437a-83d5-6773af1e0f81&quot;
}
[1664203333,498][INFO]: [054090904ec2838a7cbf889f1b629cce] COMMAND FindElement {
   &quot;using&quot;: &quot;css selector&quot;,
   &quot;value&quot;: &quot;#repeatedPassword&quot;
}
[1664203333,498][INFO]: Waiting for pending navigations...
[1664203333,498][DEBUG]: DevTools WebSocket Command: Runtime.evaluate (id=70) 36FF8643EFB745BF1FD92B9E552C6E89 {
   &quot;expression&quot;: &quot;1&quot;
}
[1664203333,499][DEBUG]: DevTools WebSocket Response: Runtime.evaluate (id=70) 36FF8643EFB745BF1FD92B9E552C6E89 {
   &quot;result&quot;: {
      &quot;description&quot;: &quot;1&quot;,
      &quot;type&quot;: &quot;number&quot;,
      &quot;value&quot;: 1
   }
}
[1664203333,499][INFO]: Done waiting for pending navigations. Status: ok
[1664203333,500][DEBUG]: DevTools WebSocket Command: Runtime.evaluate (id=71) 36FF8643EFB745BF1FD92B9E552C6E89 {
   &quot;awaitPromise&quot;: true,
   &quot;expression&quot;: &quot;(function() { // Copyright (c) 2012 The Chromium Authors. All rights reserved.\n// Use of this source code is governed by a BSD-style license that can be\n// found in the LICENSE file.\n\n/**\n * Enum f...&quot;,
   &quot;returnByValue&quot;: true
}
[1664203333,505][DEBUG]: DevTools WebSocket Response: Runtime.evaluate (id=71) 36FF8643EFB745BF1FD92B9E552C6E89 {
   &quot;result&quot;: {
      &quot;type&quot;: &quot;object&quot;,
      &quot;value&quot;: {
         &quot;status&quot;: 0,
         &quot;value&quot;: {
            &quot;element-6066-11e4-a52e-4f735466cecf&quot;: &quot;34be259a-37cc-408f-aaad-1f3ada59768f&quot;
         }
      }
   }
}
[1664203333,505][INFO]: Waiting for pending navigations...
[1664203333,505][DEBUG]: DevTools WebSocket Command: Runtime.evaluate (id=72) 36FF8643EFB745BF1FD92B9E552C6E89 {
   &quot;expression&quot;: &quot;1&quot;
}
[1664203333,506][DEBUG]: DevTools WebSocket Response: Runtime.evaluate (id=72) 36FF8643EFB745BF1FD92B9E552C6E89 {
   &quot;result&quot;: {
      &quot;description&quot;: &quot;1&quot;,
      &quot;type&quot;: &quot;number&quot;,
      &quot;value&quot;: 1
   }
}
[1664203333,506][INFO]: Done waiting for pending navigations. Status: ok
[1664203333,506][INFO]: [054090904ec2838a7cbf889f1b629cce] RESPONSE FindElement {
   &quot;element-6066-11e4-a52e-4f735466cecf&quot;: &quot;34be259a-37cc-408f-aaad-1f3ada59768f&quot;
}
[1664203335,009][INFO]: [054090904ec2838a7cbf889f1b629cce] COMMAND TypeElement {
   &quot;id&quot;: &quot;3eddebd5-fd97-471b-bc3c-c336f433bd36&quot;,
   &quot;text&quot;: &quot;Bree&quot;,
   &quot;value&quot;: [ &quot;B&quot;, &quot;r&quot;, &quot;e&quot;, &quot;e&quot; ]
}
[1664203335,009][INFO]: Waiting for pending navigations...
[1664203335,009][DEBUG]: DevTools WebSocket Command: Runtime.evaluate (id=73) 36FF8643EFB745BF1FD92B9E552C6E89 {
   &quot;expression&quot;: &quot;1&quot;
}
[1664203335,009][DEBUG]: DevTools WebSocket Response: Runtime.evaluate (id=73) 36FF8643EFB745BF1FD92B9E552C6E89 {
   &quot;result&quot;: {
      &quot;description&quot;: &quot;1&quot;,
      &quot;type&quot;: &quot;number&quot;,
      &quot;value&quot;: 1
   }
}
[1664203335,009][INFO]: Done waiting for pending navigations. Status: ok
[1664203335,010][DEBUG]: DevTools WebSocket Command: Runtime.evaluate (id=74) 36FF8643EFB745BF1FD92B9E552C6E89 {
   &quot;awaitPromise&quot;: true,
   &quot;expression&quot;: &quot;(function() { // Copyright (c) 2012 The Chromium Authors. All rights reserved.\n// Use of this source code is governed by a BSD-style license that can be\n// found in the LICENSE file.\n\n/**\n * Enum f...&quot;,
   &quot;returnByValue&quot;: true
}
[1664203335,017][DEBUG]: DevTools WebSocket Response: Runtime.evaluate (id=74) 36FF8643EFB745BF1FD92B9E552C6E89 {
   &quot;result&quot;: {
      &quot;type&quot;: &quot;object&quot;,
      &quot;value&quot;: {
         &quot;status&quot;: 0,
         &quot;value&quot;: &quot;INPUT&quot;
      }
   }
}
[1664203335,018][DEBUG]: DevTools WebSocket Command: Runtime.evaluate (id=75) 36FF8643EFB745BF1FD92B9E552C6E89 {
   &quot;awaitPromise&quot;: true,
   &quot;expression&quot;: &quot;(function() { // Copyright (c) 2012 The Chromium Authors. All rights reserved.\n// Use of this source code is governed by a BSD-style license that can be\n// found in the LICENSE file.\n\n/**\n * Enum f...&quot;,
   &quot;returnByValue&quot;: true
}
[1664203335,025][DEBUG]: DevTools WebSocket Response: Runtime.evaluate (id=75) 36FF8643EFB745BF1FD92B9E552C6E89 {
   &quot;result&quot;: {
      &quot;type&quot;: &quot;object&quot;,
      &quot;value&quot;: {
         &quot;status&quot;: 0,
         &quot;value&quot;: &quot;text&quot;
      }
   }
}
[1664203335,025][DEBUG]: DevTools WebSocket Command: Runtime.evaluate (id=76) 36FF8643EFB745BF1FD92B9E552C6E89 {
   &quot;awaitPromise&quot;: true,
   &quot;expression&quot;: &quot;(function() { // Copyright (c) 2012 The Chromium Authors. All rights reserved.\n// Use of this source code is governed by a BSD-style license that can be\n// found in the LICENSE file.\n\n/**\n * Enum f...&quot;,
   &quot;returnByValue&quot;: true
}
[1664203335,026][DEBUG]: DevTools WebSocket Response: Runtime.evaluate (id=76) 36FF8643EFB745BF1FD92B9E552C6E89 {
   &quot;result&quot;: {
      &quot;type&quot;: &quot;object&quot;,
      &quot;value&quot;: {
         &quot;status&quot;: 0,
         &quot;value&quot;: false
      }
   }
}
[1664203335,027][DEBUG]: DevTools WebSocket Command: Runtime.evaluate (id=77) 36FF8643EFB745BF1FD92B9E552C6E89 {
   &quot;awaitPromise&quot;: true,
   &quot;expression&quot;: &quot;(function() { // Copyright (c) 2012 The Chromium Authors. All rights reserved.\n// Use of this source code is governed by a BSD-style license that can be\n// found in the LICENSE file.\n\n/**\n * Enum f...&quot;,
   &quot;returnByValue&quot;: true
}
[1664203335,029][DEBUG]: DevTools WebSocket Response: Runtime.evaluate (id=77) 36FF8643EFB745BF1FD92B9E552C6E89 {
   &quot;result&quot;: {
      &quot;type&quot;: &quot;object&quot;,
      &quot;value&quot;: {
         &quot;status&quot;: 0,
         &quot;value&quot;: &quot;INPUT&quot;
      }
   }
}
[1664203335,029][DEBUG]: DevTools WebSocket Command: Runtime.evaluate (id=78) 36FF8643EFB745BF1FD92B9E552C6E89 {
   &quot;awaitPromise&quot;: false,
   &quot;expression&quot;: &quot;document.hasFocus()&quot;,
   &quot;returnByValue&quot;: true
}
[1664203335,030][DEBUG]: DevTools WebSocket Response: Runtime.evaluate (id=78) 36FF8643EFB745BF1FD92B9E552C6E89 {
   &quot;result&quot;: {
      &quot;type&quot;: &quot;boolean&quot;,
      &quot;value&quot;: false
   }
}
[1664203335,031][DEBUG]: DevTools WebSocket Command: Runtime.evaluate (id=79) 36FF8643EFB745BF1FD92B9E552C6E89 {
   &quot;awaitPromise&quot;: true,
   &quot;expression&quot;: &quot;(function() { // Copyright (c) 2012 The Chromium Authors. All rights reserved.\n// Use of this source code is governed by a BSD-style license that can be\n// found in the LICENSE file.\n\n/**\n * Enum f...&quot;,
   &quot;returnByValue&quot;: true
}
[1664203335,037][DEBUG]: DevTools WebSocket Response: Runtime.evaluate (id=79) 36FF8643EFB745BF1FD92B9E552C6E89 {
   &quot;result&quot;: {
      &quot;type&quot;: &quot;object&quot;,
      &quot;value&quot;: {
         &quot;status&quot;: 0,
         &quot;value&quot;: true
      }
   }
}
[1664203335,037][DEBUG]: DevTools WebSocket Command: Runtime.evaluate (id=80) 36FF8643EFB745BF1FD92B9E552C6E89 {
   &quot;awaitPromise&quot;: true,
   &quot;expression&quot;: &quot;(function() { // Copyright (c) 2012 The Chromium Authors. All rights reserved.\n// Use of this source code is governed by a BSD-style license that can be\n// found in the LICENSE file.\n\n/**\n * Enum f...&quot;,
   &quot;returnByValue&quot;: true
}
[1664203335,040][DEBUG]: DevTools WebSocket Response: Runtime.evaluate (id=80) 36FF8643EFB745BF1FD92B9E552C6E89 {
   &quot;result&quot;: {
      &quot;type&quot;: &quot;object&quot;,
      &quot;value&quot;: {
         &quot;status&quot;: 0,
         &quot;value&quot;: true
      }
   }
}
[1664203335,041][DEBUG]: DevTools WebSocket Command: Runtime.evaluate (id=81) 36FF8643EFB745BF1FD92B9E552C6E89 {
   &quot;awaitPromise&quot;: true,
   &quot;expression&quot;: &quot;(function() { // Copyright (c) 2012 The Chromium Authors. All rights reserved.\n// Use of this source code is governed by a BSD-style license that can be\n// found in the LICENSE file.\n\n/**\n * Enum f...&quot;,
   &quot;returnByValue&quot;: true
}
[1664203335,042][DEBUG]: DevTools WebSocket Response: Runtime.evaluate (id=81) 36FF8643EFB745BF1FD92B9E552C6E89 {
   &quot;result&quot;: {
      &quot;type&quot;: &quot;object&quot;,
      &quot;value&quot;: {
         &quot;status&quot;: 0,
         &quot;value&quot;: null
      }
   }
}
[1664203335,043][DEBUG]: DevTools WebSocket Command: Runtime.evaluate (id=82) 36FF8643EFB745BF1FD92B9E552C6E89 {
   &quot;awaitPromise&quot;: true,
   &quot;expression&quot;: &quot;(function() { // Copyright (c) 2012 The Chromium Authors. All rights reserved.\n// Use of this source code is governed by a BSD-style license that can be\n// found in the LICENSE file.\n\n/**\n * Enum f...&quot;,
   &quot;returnByValue&quot;: true
}
[1664203335,044][DEBUG]: DevTools WebSocket Response: Runtime.evaluate (id=82) 36FF8643EFB745BF1FD92B9E552C6E89 {
   &quot;result&quot;: {
      &quot;type&quot;: &quot;object&quot;,
      &quot;value&quot;: {
         &quot;status&quot;: 0,
         &quot;value&quot;: null
      }
   }
}
[1664203335,045][DEBUG]: DevTools WebSocket Command: Input.dispatchKeyEvent (id=83) 36FF8643EFB745BF1FD92B9E552C6E89 {
   &quot;code&quot;: &quot;ShiftLeft&quot;,
   &quot;key&quot;: &quot;Shift&quot;,
   &quot;modifiers&quot;: 0,
   &quot;text&quot;: &quot;&quot;,
   &quot;type&quot;: &quot;rawKeyDown&quot;,
   &quot;unmodifiedText&quot;: &quot;&quot;,
   &quot;windowsVirtualKeyCode&quot;: 16
}
[1664203335,045][DEBUG]: DevTools WebSocket Command: Input.dispatchKeyEvent (id=84) 36FF8643EFB745BF1FD92B9E552C6E89 {
   &quot;code&quot;: &quot;KeyB&quot;,
   &quot;key&quot;: &quot;B&quot;,
   &quot;modifiers&quot;: 8,
   &quot;text&quot;: &quot;B&quot;,
   &quot;type&quot;: &quot;rawKeyDown&quot;,
   &quot;unmodifiedText&quot;: &quot;b&quot;,
   &quot;windowsVirtualKeyCode&quot;: 66
}
[1664203335,045][DEBUG]: DevTools WebSocket Command: Input.dispatchKeyEvent (id=85) 36FF8643EFB745BF1FD92B9E552C6E89 {
   &quot;code&quot;: &quot;KeyB&quot;,
   &quot;key&quot;: &quot;B&quot;,
   &quot;modifiers&quot;: 8,
   &quot;text&quot;: &quot;B&quot;,
   &quot;type&quot;: &quot;char&quot;,
   &quot;unmodifiedText&quot;: &quot;b&quot;,
   &quot;windowsVirtualKeyCode&quot;: 66
}
[1664203335,045][DEBUG]: DevTools WebSocket Command: Input.dispatchKeyEvent (id=86) 36FF8643EFB745BF1FD92B9E552C6E89 {
   &quot;code&quot;: &quot;KeyB&quot;,
   &quot;key&quot;: &quot;B&quot;,
   &quot;modifiers&quot;: 8,
   &quot;text&quot;: &quot;B&quot;,
   &quot;type&quot;: &quot;keyUp&quot;,
   &quot;unmodifiedText&quot;: &quot;b&quot;,
   &quot;windowsVirtualKeyCode&quot;: 66
}
[1664203335,045][DEBUG]: DevTools WebSocket Command: Input.dispatchKeyEvent (id=87) 36FF8643EFB745BF1FD92B9E552C6E89 {
   &quot;code&quot;: &quot;ShiftLeft&quot;,
   &quot;key&quot;: &quot;Shift&quot;,
   &quot;modifiers&quot;: 0,
   &quot;text&quot;: &quot;&quot;,
   &quot;type&quot;: &quot;keyUp&quot;,
   &quot;unmodifiedText&quot;: &quot;&quot;,
   &quot;windowsVirtualKeyCode&quot;: 16
}
[1664203335,045][DEBUG]: DevTools WebSocket Command: Input.dispatchKeyEvent (id=88) 36FF8643EFB745BF1FD92B9E552C6E89 {
   &quot;code&quot;: &quot;KeyR&quot;,
   &quot;key&quot;: &quot;r&quot;,
   &quot;modifiers&quot;: 0,
   &quot;text&quot;: &quot;r&quot;,
   &quot;type&quot;: &quot;rawKeyDown&quot;,
   &quot;unmodifiedText&quot;: &quot;r&quot;,
   &quot;windowsVirtualKeyCode&quot;: 82
}
[1664203335,045][DEBUG]: DevTools WebSocket Command: Input.dispatchKeyEvent (id=89) 36FF8643EFB745BF1FD92B9E552C6E89 {
   &quot;code&quot;: &quot;KeyR&quot;,
   &quot;key&quot;: &quot;r&quot;,
   &quot;modifiers&quot;: 0,
   &quot;text&quot;: &quot;r&quot;,
   &quot;type&quot;: &quot;char&quot;,
   &quot;unmodifiedText&quot;: &quot;r&quot;,
   &quot;windowsVirtualKeyCode&quot;: 82
}
[1664203335,045][DEBUG]: DevTools WebSocket Command: Input.dispatchKeyEvent (id=90) 36FF8643EFB745BF1FD92B9E552C6E89 {
   &quot;code&quot;: &quot;KeyR&quot;,
   &quot;key&quot;: &quot;r&quot;,
   &quot;modifiers&quot;: 0,
   &quot;text&quot;: &quot;r&quot;,
   &quot;type&quot;: &quot;keyUp&quot;,
   &quot;unmodifiedText&quot;: &quot;r&quot;,
   &quot;windowsVirtualKeyCode&quot;: 82
}
[1664203335,046][DEBUG]: DevTools WebSocket Command: Input.dispatchKeyEvent (id=91) 36FF8643EFB745BF1FD92B9E552C6E89 {
   &quot;code&quot;: &quot;KeyE&quot;,
   &quot;key&quot;: &quot;e&quot;,
   &quot;modifiers&quot;: 0,
   &quot;text&quot;: &quot;e&quot;,
   &quot;type&quot;: &quot;rawKeyDown&quot;,
   &quot;unmodifiedText&quot;: &quot;e&quot;,
   &quot;windowsVirtualKeyCode&quot;: 69
}
[1664203335,046][DEBUG]: DevTools WebSocket Command: Input.dispatchKeyEvent (id=92) 36FF8643EFB745BF1FD92B9E552C6E89 {
   &quot;code&quot;: &quot;KeyE&quot;,
   &quot;key&quot;: &quot;e&quot;,
   &quot;modifiers&quot;: 0,
   &quot;text&quot;: &quot;e&quot;,
   &quot;type&quot;: &quot;char&quot;,
   &quot;unmodifiedText&quot;: &quot;e&quot;,
   &quot;windowsVirtualKeyCode&quot;: 69
}
[1664203335,046][DEBUG]: DevTools WebSocket Command: Input.dispatchKeyEvent (id=93) 36FF8643EFB745BF1FD92B9E552C6E89 {
   &quot;code&quot;: &quot;KeyE&quot;,
   &quot;key&quot;: &quot;e&quot;,
   &quot;modifiers&quot;: 0,
   &quot;text&quot;: &quot;e&quot;,
   &quot;type&quot;: &quot;keyUp&quot;,
   &quot;unmodifiedText&quot;: &quot;e&quot;,
   &quot;windowsVirtualKeyCode&quot;: 69
}
[1664203335,046][DEBUG]: DevTools WebSocket Command: Input.dispatchKeyEvent (id=94) 36FF8643EFB745BF1FD92B9E552C6E89 {
   &quot;code&quot;: &quot;KeyE&quot;,
   &quot;key&quot;: &quot;e&quot;,
   &quot;modifiers&quot;: 0,
   &quot;text&quot;: &quot;e&quot;,
   &quot;type&quot;: &quot;rawKeyDown&quot;,
   &quot;unmodifiedText&quot;: &quot;e&quot;,
   &quot;windowsVirtualKeyCode&quot;: 69
}
[1664203335,046][DEBUG]: DevTools WebSocket Command: Input.dispatchKeyEvent (id=95) 36FF8643EFB745BF1FD92B9E552C6E89 {
   &quot;code&quot;: &quot;KeyE&quot;,
   &quot;key&quot;: &quot;e&quot;,
   &quot;modifiers&quot;: 0,
   &quot;text&quot;: &quot;e&quot;,
   &quot;type&quot;: &quot;char&quot;,
   &quot;unmodifiedText&quot;: &quot;e&quot;,
   &quot;windowsVirtualKeyCode&quot;: 69
}
[1664203335,046][DEBUG]: DevTools WebSocket Command: Input.dispatchKeyEvent (id=96) 36FF8643EFB745BF1FD92B9E552C6E89 {
   &quot;code&quot;: &quot;KeyE&quot;,
   &quot;key&quot;: &quot;e&quot;,
   &quot;modifiers&quot;: 0,
   &quot;text&quot;: &quot;e&quot;,
   &quot;type&quot;: &quot;keyUp&quot;,
   &quot;unmodifiedText&quot;: &quot;e&quot;,
   &quot;windowsVirtualKeyCode&quot;: 69
}
[1664203335,047][DEBUG]: DevTools WebSocket Response: Input.dispatchKeyEvent (id=83) 36FF8643EFB745BF1FD92B9E552C6E89 {
}
[1664203335,047][DEBUG]: DevTools WebSocket Response: Input.dispatchKeyEvent (id=84) 36FF8643EFB745BF1FD92B9E552C6E89 {
}
[1664203335,047][DEBUG]: DevTools WebSocket Response: Input.dispatchKeyEvent (id=85) 36FF8643EFB745BF1FD92B9E552C6E89 {
}
[1664203335,047][DEBUG]: DevTools WebSocket Response: Input.dispatchKeyEvent (id=86) 36FF8643EFB745BF1FD92B9E552C6E89 {
}
[1664203335,048][DEBUG]: DevTools WebSocket Response: Input.dispatchKeyEvent (id=87) 36FF8643EFB745BF1FD92B9E552C6E89 {
}
[1664203335,048][DEBUG]: DevTools WebSocket Response: Input.dispatchKeyEvent (id=88) 36FF8643EFB745BF1FD92B9E552C6E89 {
}
[1664203335,048][DEBUG]: DevTools WebSocket Response: Input.dispatchKeyEvent (id=89) 36FF8643EFB745BF1FD92B9E552C6E89 {
}
[1664203335,048][DEBUG]: DevTools WebSocket Response: Input.dispatchKeyEvent (id=90) 36FF8643EFB745BF1FD92B9E552C6E89 {
}
[1664203335,048][DEBUG]: DevTools WebSocket Response: Input.dispatchKeyEvent (id=91) 36FF8643EFB745BF1FD92B9E552C6E89 {
}
[1664203335,048][DEBUG]: DevTools WebSocket Response: Input.dispatchKeyEvent (id=92) 36FF8643EFB745BF1FD92B9E552C6E89 {
}
[1664203335,048][DEBUG]: DevTools WebSocket Response: Input.dispatchKeyEvent (id=93) 36FF8643EFB745BF1FD92B9E552C6E89 {
}
[1664203335,048][DEBUG]: DevTools WebSocket Response: Input.dispatchKeyEvent (id=94) 36FF8643EFB745BF1FD92B9E552C6E89 {
}
[1664203335,048][DEBUG]: DevTools WebSocket Response: Input.dispatchKeyEvent (id=95) 36FF8643EFB745BF1FD92B9E552C6E89 {
}
[1664203335,048][DEBUG]: DevTools WebSocket Response: Input.dispatchKeyEvent (id=96) 36FF8643EFB745BF1FD92B9E552C6E89 {
}
[1664203335,048][INFO]: Waiting for pending navigations...
[1664203335,048][DEBUG]: DevTools WebSocket Command: Runtime.evaluate (id=97) 36FF8643EFB745BF1FD92B9E552C6E89 {
   &quot;expression&quot;: &quot;1&quot;
}
[1664203335,051][DEBUG]: DevTools WebSocket Response: Runtime.evaluate (id=97) 36FF8643EFB745BF1FD92B9E552C6E89 {
   &quot;result&quot;: {
      &quot;description&quot;: &quot;1&quot;,
      &quot;type&quot;: &quot;number&quot;,
      &quot;value&quot;: 1
   }
}
[1664203335,051][INFO]: Done waiting for pending navigations. Status: ok
[1664203335,051][INFO]: [054090904ec2838a7cbf889f1b629cce] RESPONSE TypeElement
[1664203335,055][INFO]: [054090904ec2838a7cbf889f1b629cce] COMMAND TypeElement {
   &quot;id&quot;: &quot;38d417f5-4a84-4a57-b4ba-626021212731&quot;,
   &quot;text&quot;: &quot;Franks&quot;,
   &quot;value&quot;: [ &quot;F&quot;, &quot;r&quot;, &quot;a&quot;, &quot;n&quot;, &quot;k&quot;, &quot;s&quot; ]
}
[1664203335,055][INFO]: Waiting for pending navigations...
[1664203335,055][DEBUG]: DevTools WebSocket Command: Runtime.evaluate (id=98) 36FF8643EFB745BF1FD92B9E552C6E89 {
   &quot;expression&quot;: &quot;1&quot;
}
[1664203335,057][DEBUG]: DevTools WebSocket Response: Runtime.evaluate (id=98) 36FF8643EFB745BF1FD92B9E552C6E89 {
   &quot;result&quot;: {
      &quot;description&quot;: &quot;1&quot;,
      &quot;type&quot;: &quot;number&quot;,
      &quot;value&quot;: 1
   }
}
[1664203335,057][INFO]: Done waiting for pending navigations. Status: ok
[1664203335,058][DEBUG]: DevTools WebSocket Command: Runtime.evaluate (id=99) 36FF8643EFB745BF1FD92B9E552C6E89 {
   &quot;awaitPromise&quot;: true,
   &quot;expression&quot;: &quot;(function() { // Copyright (c) 2012 The Chromium Authors. All rights reserved.\n// Use of this source code is governed by a BSD-style license that can be\n// found in the LICENSE file.\n\n/**\n * Enum f...&quot;,
   &quot;returnByValue&quot;: true
}
[1664203335,062][DEBUG]: DevTools WebSocket Response: Runtime.evaluate (id=99) 36FF8643EFB745BF1FD92B9E552C6E89 {
   &quot;result&quot;: {
      &quot;type&quot;: &quot;object&quot;,
      &quot;value&quot;: {
         &quot;status&quot;: 0,
         &quot;value&quot;: &quot;INPUT&quot;
      }
   }
}
[1664203335,063][DEBUG]: DevTools WebSocket Command: Runtime.evaluate (id=100) 36FF8643EFB745BF1FD92B9E552C6E89 {
   &quot;awaitPromise&quot;: true,
   &quot;expression&quot;: &quot;(function() { // Copyright (c) 2012 The Chromium Authors. All rights reserved.\n// Use of this source code is governed by a BSD-style license that can be\n// found in the LICENSE file.\n\n/**\n * Enum f...&quot;,
   &quot;returnByValue&quot;: true
}
[1664203335,068][DEBUG]: DevTools WebSocket Response: Runtime.evaluate (id=100) 36FF8643EFB745BF1FD92B9E552C6E89 {
   &quot;result&quot;: {
      &quot;type&quot;: &quot;object&quot;,
      &quot;value&quot;: {
         &quot;status&quot;: 0,
         &quot;value&quot;: &quot;text&quot;
      }
   }
}
[1664203335,068][DEBUG]: DevTools WebSocket Command: Runtime.evaluate (id=101) 36FF8643EFB745BF1FD92B9E552C6E89 {
   &quot;awaitPromise&quot;: true,
   &quot;expression&quot;: &quot;(function() { // Copyright (c) 2012 The Chromium Authors. All rights reserved.\n// Use of this source code is governed by a BSD-style license that can be\n// found in the LICENSE file.\n\n/**\n * Enum f...&quot;,
   &quot;returnByValue&quot;: true
}
[1664203335,071][DEBUG]: DevTools WebSocket Response: Runtime.evaluate (id=101) 36FF8643EFB745BF1FD92B9E552C6E89 {
   &quot;result&quot;: {
      &quot;type&quot;: &quot;object&quot;,
      &quot;value&quot;: {
         &quot;status&quot;: 0,
         &quot;value&quot;: false
      }
   }
}
[1664203335,072][DEBUG]: DevTools WebSocket Command: Runtime.evaluate (id=102) 36FF8643EFB745BF1FD92B9E552C6E89 {
   &quot;awaitPromise&quot;: true,
   &quot;expression&quot;: &quot;(function() { // Copyright (c) 2012 The Chromium Authors. All rights reserved.\n// Use of this source code is governed by a BSD-style license that can be\n// found in the LICENSE file.\n\n/**\n * Enum f...&quot;,
   &quot;returnByValue&quot;: true
}
[1664203335,073][DEBUG]: DevTools WebSocket Response: Runtime.evaluate (id=102) 36FF8643EFB745BF1FD92B9E552C6E89 {
   &quot;result&quot;: {
      &quot;type&quot;: &quot;object&quot;,
      &quot;value&quot;: {
         &quot;status&quot;: 0,
         &quot;value&quot;: &quot;INPUT&quot;
      }
   }
}
[1664203335,073][DEBUG]: DevTools WebSocket Command: Runtime.evaluate (id=103) 36FF8643EFB745BF1FD92B9E552C6E89 {
   &quot;awaitPromise&quot;: false,
   &quot;expression&quot;: &quot;document.hasFocus()&quot;,
   &quot;returnByValue&quot;: true
}
[1664203335,074][DEBUG]: DevTools WebSocket Response: Runtime.evaluate (id=103) 36FF8643EFB745BF1FD92B9E552C6E89 {
   &quot;result&quot;: {
      &quot;type&quot;: &quot;boolean&quot;,
      &quot;value&quot;: true
   }
}
[1664203335,074][DEBUG]: DevTools WebSocket Command: Runtime.evaluate (id=104) 36FF8643EFB745BF1FD92B9E552C6E89 {
   &quot;awaitPromise&quot;: true,
   &quot;expression&quot;: &quot;(function() { // Copyright (c) 2012 The Chromium Authors. All rights reserved.\n// Use of this source code is governed by a BSD-style license that can be\n// found in the LICENSE file.\n\n/**\n * Enum f...&quot;,
   &quot;returnByValue&quot;: true
}
[1664203335,075][DEBUG]: DevTools WebSocket Response: Runtime.evaluate (id=104) 36FF8643EFB745BF1FD92B9E552C6E89 {
   &quot;result&quot;: {
      &quot;type&quot;: &quot;object&quot;,
      &quot;value&quot;: {
         &quot;status&quot;: 0,
         &quot;value&quot;: {
            &quot;element-6066-11e4-a52e-4f735466cecf&quot;: &quot;3eddebd5-fd97-471b-bc3c-c336f433bd36&quot;
         }
      }
   }
}
[1664203335,076][DEBUG]: DevTools WebSocket Command: Runtime.evaluate (id=105) 36FF8643EFB745BF1FD92B9E552C6E89 {
   &quot;awaitPromise&quot;: true,
   &quot;expression&quot;: &quot;(function() { // Copyright (c) 2012 The Chromium Authors. All rights reserved.\n// Use of this source code is governed by a BSD-style license that can be\n// found in the LICENSE file.\n\n/**\n * Enum f...&quot;,
   &quot;returnByValue&quot;: true
}
[1664203335,082][DEBUG]: DevTools WebSocket Response: Runtime.evaluate (id=105) 36FF8643EFB745BF1FD92B9E552C6E89 {
   &quot;result&quot;: {
      &quot;type&quot;: &quot;object&quot;,
      &quot;value&quot;: {
         &quot;status&quot;: 0,
         &quot;value&quot;: true
      }
   }
}
[1664203335,083][DEBUG]: DevTools WebSocket Command: Runtime.evaluate (id=106) 36FF8643EFB745BF1FD92B9E552C6E89 {
   &quot;awaitPromise&quot;: true,
   &quot;expression&quot;: &quot;(function() { // Copyright (c) 2012 The Chromium Authors. All rights reserved.\n// Use of this source code is governed by a BSD-style license that can be\n// found in the LICENSE file.\n\n/**\n * Enum f...&quot;,
   &quot;returnByValue&quot;: true
}
[1664203335,086][DEBUG]: DevTools WebSocket Response: Runtime.evaluate (id=106) 36FF8643EFB745BF1FD92B9E552C6E89 {
   &quot;result&quot;: {
      &quot;type&quot;: &quot;object&quot;,
      &quot;value&quot;: {
         &quot;status&quot;: 0,
         &quot;value&quot;: true
      }
   }
}
[1664203335,086][DEBUG]: DevTools WebSocket Command: Runtime.evaluate (id=107) 36FF8643EFB745BF1FD92B9E552C6E89 {
   &quot;awaitPromise&quot;: true,
   &quot;expression&quot;: &quot;(function() { // Copyright (c) 2012 The Chromium Authors. All rights reserved.\n// Use of this source code is governed by a BSD-style license that can be\n// found in the LICENSE file.\n\n/**\n * Enum f...&quot;,
   &quot;returnByValue&quot;: true
}
[1664203335,089][DEBUG]: DevTools WebSocket Response: Runtime.evaluate (id=107) 36FF8643EFB745BF1FD92B9E552C6E89 {
   &quot;result&quot;: {
      &quot;type&quot;: &quot;object&quot;,
      &quot;value&quot;: {
         &quot;status&quot;: 0,
         &quot;value&quot;: null
      }
   }
}
[1664203335,089][DEBUG]: DevTools WebSocket Command: Runtime.evaluate (id=108) 36FF8643EFB745BF1FD92B9E552C6E89 {
   &quot;awaitPromise&quot;: true,
   &quot;expression&quot;: &quot;(function() { // Copyright (c) 2012 The Chromium Authors. All rights reserved.\n// Use of this source code is governed by a BSD-style license that can be\n// found in the LICENSE file.\n\n/**\n * Enum f...&quot;,
   &quot;returnByValue&quot;: true
}
[1664203335,091][DEBUG]: DevTools WebSocket Response: Runtime.evaluate (id=108) 36FF8643EFB745BF1FD92B9E552C6E89 {
   &quot;result&quot;: {
      &quot;type&quot;: &quot;object&quot;,
      &quot;value&quot;: {
         &quot;status&quot;: 0,
         &quot;value&quot;: null
      }
   }
}
[1664203335,091][DEBUG]: DevTools WebSocket Command: Input.dispatchKeyEvent (id=109) 36FF8643EFB745BF1FD92B9E552C6E89 {
   &quot;code&quot;: &quot;ShiftLeft&quot;,
   &quot;key&quot;: &quot;Shift&quot;,
   &quot;modifiers&quot;: 0,
   &quot;text&quot;: &quot;&quot;,
   &quot;type&quot;: &quot;rawKeyDown&quot;,
   &quot;unmodifiedText&quot;: &quot;&quot;,
   &quot;windowsVirtualKeyCode&quot;: 16
}
[1664203335,091][DEBUG]: DevTools WebSocket Command: Input.dispatchKeyEvent (id=110) 36FF8643EFB745BF1FD92B9E552C6E89 {
   &quot;code&quot;: &quot;KeyF&quot;,
   &quot;key&quot;: &quot;F&quot;,
   &quot;modifiers&quot;: 8,
   &quot;text&quot;: &quot;F&quot;,
   &quot;type&quot;: &quot;rawKeyDown&quot;,
   &quot;unmodifiedText&quot;: &quot;f&quot;,
   &quot;windowsVirtualKeyCode&quot;: 70
}
[1664203335,091][DEBUG]: DevTools WebSocket Command: Input.dispatchKeyEvent (id=111) 36FF8643EFB745BF1FD92B9E552C6E89 {
   &quot;code&quot;: &quot;KeyF&quot;,
   &quot;key&quot;: &quot;F&quot;,
   &quot;modifiers&quot;: 8,
   &quot;text&quot;: &quot;F&quot;,
   &quot;type&quot;: &quot;char&quot;,
   &quot;unmodifiedText&quot;: &quot;f&quot;,
   &quot;windowsVirtualKeyCode&quot;: 70
}
[1664203335,091][DEBUG]: DevTools WebSocket Command: Input.dispatchKeyEvent (id=112) 36FF8643EFB745BF1FD92B9E552C6E89 {
   &quot;code&quot;: &quot;KeyF&quot;,
   &quot;key&quot;: &quot;F&quot;,
   &quot;modifiers&quot;: 8,
   &quot;text&quot;: &quot;F&quot;,
   &quot;type&quot;: &quot;keyUp&quot;,
   &quot;unmodifiedText&quot;: &quot;f&quot;,
   &quot;windowsVirtualKeyCode&quot;: 70
}
[1664203335,091][DEBUG]: DevTools WebSocket Command: Input.dispatchKeyEvent (id=113) 36FF8643EFB745BF1FD92B9E552C6E89 {
   &quot;code&quot;: &quot;ShiftLeft&quot;,
   &quot;key&quot;: &quot;Shift&quot;,
   &quot;modifiers&quot;: 0,
   &quot;text&quot;: &quot;&quot;,
   &quot;type&quot;: &quot;keyUp&quot;,
   &quot;unmodifiedText&quot;: &quot;&quot;,
   &quot;windowsVirtualKeyCode&quot;: 16
}
[1664203335,092][DEBUG]: DevTools WebSocket Command: Input.dispatchKeyEvent (id=114) 36FF8643EFB745BF1FD92B9E552C6E89 {
   &quot;code&quot;: &quot;KeyR&quot;,
   &quot;key&quot;: &quot;r&quot;,
   &quot;modifiers&quot;: 0,
   &quot;text&quot;: &quot;r&quot;,
   &quot;type&quot;: &quot;rawKeyDown&quot;,
   &quot;unmodifiedText&quot;: &quot;r&quot;,
   &quot;windowsVirtualKeyCode&quot;: 82
}
[1664203335,092][DEBUG]: DevTools WebSocket Command: Input.dispatchKeyEvent (id=115) 36FF8643EFB745BF1FD92B9E552C6E89 {
   &quot;code&quot;: &quot;KeyR&quot;,
   &quot;key&quot;: &quot;r&quot;,
   &quot;modifiers&quot;: 0,
   &quot;text&quot;: &quot;r&quot;,
   &quot;type&quot;: &quot;char&quot;,
   &quot;unmodifiedText&quot;: &quot;r&quot;,
   &quot;windowsVirtualKeyCode&quot;: 82
}
[1664203335,092][DEBUG]: DevTools WebSocket Command: Input.dispatchKeyEvent (id=116) 36FF8643EFB745BF1FD92B9E552C6E89 {
   &quot;code&quot;: &quot;KeyR&quot;,
   &quot;key&quot;: &quot;r&quot;,
   &quot;modifiers&quot;: 0,
   &quot;text&quot;: &quot;r&quot;,
   &quot;type&quot;: &quot;keyUp&quot;,
   &quot;unmodifiedText&quot;: &quot;r&quot;,
   &quot;windowsVirtualKeyCode&quot;: 82
}
[1664203335,092][DEBUG]: DevTools WebSocket Command: Input.dispatchKeyEvent (id=117) 36FF8643EFB745BF1FD92B9E552C6E89 {
   &quot;code&quot;: &quot;KeyA&quot;,
   &quot;key&quot;: &quot;a&quot;,
   &quot;modifiers&quot;: 0,
   &quot;text&quot;: &quot;a&quot;,
   &quot;type&quot;: &quot;rawKeyDown&quot;,
   &quot;unmodifiedText&quot;: &quot;a&quot;,
   &quot;windowsVirtualKeyCode&quot;: 65
}
[1664203335,092][DEBUG]: DevTools WebSocket Command: Input.dispatchKeyEvent (id=118) 36FF8643EFB745BF1FD92B9E552C6E89 {
   &quot;code&quot;: &quot;KeyA&quot;,
   &quot;key&quot;: &quot;a&quot;,
   &quot;modifiers&quot;: 0,
   &quot;text&quot;: &quot;a&quot;,
   &quot;type&quot;: &quot;char&quot;,
   &quot;unmodifiedText&quot;: &quot;a&quot;,
   &quot;windowsVirtualKeyCode&quot;: 65
}
[1664203335,092][DEBUG]: DevTools WebSocket Command: Input.dispatchKeyEvent (id=119) 36FF8643EFB745BF1FD92B9E552C6E89 {
   &quot;code&quot;: &quot;KeyA&quot;,
   &quot;key&quot;: &quot;a&quot;,
   &quot;modifiers&quot;: 0,
   &quot;text&quot;: &quot;a&quot;,
   &quot;type&quot;: &quot;keyUp&quot;,
   &quot;unmodifiedText&quot;: &quot;a&quot;,
   &quot;windowsVirtualKeyCode&quot;: 65
}
[1664203335,092][DEBUG]: DevTools WebSocket Command: Input.dispatchKeyEvent (id=120) 36FF8643EFB745BF1FD92B9E552C6E89 {
   &quot;code&quot;: &quot;KeyN&quot;,
   &quot;key&quot;: &quot;n&quot;,
   &quot;modifiers&quot;: 0,
   &quot;text&quot;: &quot;n&quot;,
   &quot;type&quot;: &quot;rawKeyDown&quot;,
   &quot;unmodifiedText&quot;: &quot;n&quot;,
   &quot;windowsVirtualKeyCode&quot;: 78
}
[1664203335,092][DEBUG]: DevTools WebSocket Command: Input.dispatchKeyEvent (id=121) 36FF8643EFB745BF1FD92B9E552C6E89 {
   &quot;code&quot;: &quot;KeyN&quot;,
   &quot;key&quot;: &quot;n&quot;,
   &quot;modifiers&quot;: 0,
   &quot;text&quot;: &quot;n&quot;,
   &quot;type&quot;: &quot;char&quot;,
   &quot;unmodifiedText&quot;: &quot;n&quot;,
   &quot;windowsVirtualKeyCode&quot;: 78
}
[1664203335,092][DEBUG]: DevTools WebSocket Command: Input.dispatchKeyEvent (id=122) 36FF8643EFB745BF1FD92B9E552C6E89 {
   &quot;code&quot;: &quot;KeyN&quot;,
   &quot;key&quot;: &quot;n&quot;,
   &quot;modifiers&quot;: 0,
   &quot;text&quot;: &quot;n&quot;,
   &quot;type&quot;: &quot;keyUp&quot;,
   &quot;unmodifiedText&quot;: &quot;n&quot;,
   &quot;windowsVirtualKeyCode&quot;: 78
}
[1664203335,092][DEBUG]: DevTools WebSocket Command: Input.dispatchKeyEvent (id=123) 36FF8643EFB745BF1FD92B9E552C6E89 {
   &quot;code&quot;: &quot;KeyK&quot;,
   &quot;key&quot;: &quot;k&quot;,
   &quot;modifiers&quot;: 0,
   &quot;text&quot;: &quot;k&quot;,
   &quot;type&quot;: &quot;rawKeyDown&quot;,
   &quot;unmodifiedText&quot;: &quot;k&quot;,
   &quot;windowsVirtualKeyCode&quot;: 75
}
[1664203335,092][DEBUG]: DevTools WebSocket Command: Input.dispatchKeyEvent (id=124) 36FF8643EFB745BF1FD92B9E552C6E89 {
   &quot;code&quot;: &quot;KeyK&quot;,
   &quot;key&quot;: &quot;k&quot;,
   &quot;modifiers&quot;: 0,
   &quot;text&quot;: &quot;k&quot;,
   &quot;type&quot;: &quot;char&quot;,
   &quot;unmodifiedText&quot;: &quot;k&quot;,
   &quot;windowsVirtualKeyCode&quot;: 75
}
[1664203335,092][DEBUG]: DevTools WebSocket Command: Input.dispatchKeyEvent (id=125) 36FF8643EFB745BF1FD92B9E552C6E89 {
   &quot;code&quot;: &quot;KeyK&quot;,
   &quot;key&quot;: &quot;k&quot;,
   &quot;modifiers&quot;: 0,
   &quot;text&quot;: &quot;k&quot;,
   &quot;type&quot;: &quot;keyUp&quot;,
   &quot;unmodifiedText&quot;: &quot;k&quot;,
   &quot;windowsVirtualKeyCode&quot;: 75
}
[1664203335,092][DEBUG]: DevTools WebSocket Command: Input.dispatchKeyEvent (id=126) 36FF8643EFB745BF1FD92B9E552C6E89 {
   &quot;code&quot;: &quot;KeyS&quot;,
   &quot;key&quot;: &quot;s&quot;,
   &quot;modifiers&quot;: 0,
   &quot;text&quot;: &quot;s&quot;,
   &quot;type&quot;: &quot;rawKeyDown&quot;,
   &quot;unmodifiedText&quot;: &quot;s&quot;,
   &quot;windowsVirtualKeyCode&quot;: 83
}
[1664203335,092][DEBUG]: DevTools WebSocket Command: Input.dispatchKeyEvent (id=127) 36FF8643EFB745BF1FD92B9E552C6E89 {
   &quot;code&quot;: &quot;KeyS&quot;,
   &quot;key&quot;: &quot;s&quot;,
   &quot;modifiers&quot;: 0,
   &quot;text&quot;: &quot;s&quot;,
   &quot;type&quot;: &quot;char&quot;,
   &quot;unmodifiedText&quot;: &quot;s&quot;,
   &quot;windowsVirtualKeyCode&quot;: 83
}
[1664203335,092][DEBUG]: DevTools WebSocket Command: Input.dispatchKeyEvent (id=128) 36FF8643EFB745BF1FD92B9E552C6E89 {
   &quot;code&quot;: &quot;KeyS&quot;,
   &quot;key&quot;: &quot;s&quot;,
   &quot;modifiers&quot;: 0,
   &quot;text&quot;: &quot;s&quot;,
   &quot;type&quot;: &quot;keyUp&quot;,
   &quot;unmodifiedText&quot;: &quot;s&quot;,
   &quot;windowsVirtualKeyCode&quot;: 83
}
[1664203335,092][DEBUG]: DevTools WebSocket Response: Input.dispatchKeyEvent (id=109) 36FF8643EFB745BF1FD92B9E552C6E89 {
}
[1664203335,092][DEBUG]: DevTools WebSocket Response: Input.dispatchKeyEvent (id=110) 36FF8643EFB745BF1FD92B9E552C6E89 {
}
[1664203335,092][DEBUG]: DevTools WebSocket Response: Input.dispatchKeyEvent (id=111) 36FF8643EFB745BF1FD92B9E552C6E89 {
}
[1664203335,092][DEBUG]: DevTools WebSocket Response: Input.dispatchKeyEvent (id=112) 36FF8643EFB745BF1FD92B9E552C6E89 {
}
[1664203335,092][DEBUG]: DevTools WebSocket Response: Input.dispatchKeyEvent (id=113) 36FF8643EFB745BF1FD92B9E552C6E89 {
}
[1664203335,092][DEBUG]: DevTools WebSocket Response: Input.dispatchKeyEvent (id=114) 36FF8643EFB745BF1FD92B9E552C6E89 {
}
[1664203335,093][DEBUG]: DevTools WebSocket Response: Input.dispatchKeyEvent (id=115) 36FF8643EFB745BF1FD92B9E552C6E89 {
}
[1664203335,093][DEBUG]: DevTools WebSocket Response: Input.dispatchKeyEvent (id=116) 36FF8643EFB745BF1FD92B9E552C6E89 {
}
[1664203335,093][DEBUG]: DevTools WebSocket Response: Input.dispatchKeyEvent (id=117) 36FF8643EFB745BF1FD92B9E552C6E89 {
}
[1664203335,093][DEBUG]: DevTools WebSocket Response: Input.dispatchKeyEvent (id=118) 36FF8643EFB745BF1FD92B9E552C6E89 {
}
[1664203335,093][DEBUG]: DevTools WebSocket Response: Input.dispatchKeyEvent (id=119) 36FF8643EFB745BF1FD92B9E552C6E89 {
}
[1664203335,093][DEBUG]: DevTools WebSocket Response: Input.dispatchKeyEvent (id=120) 36FF8643EFB745BF1FD92B9E552C6E89 {
}
[1664203335,093][DEBUG]: DevTools WebSocket Response: Input.dispatchKeyEvent (id=121) 36FF8643EFB745BF1FD92B9E552C6E89 {
}
[1664203335,093][DEBUG]: DevTools WebSocket Response: Input.dispatchKeyEvent (id=122) 36FF8643EFB745BF1FD92B9E552C6E89 {
}
[1664203335,093][DEBUG]: DevTools WebSocket Response: Input.dispatchKeyEvent (id=123) 36FF8643EFB745BF1FD92B9E552C6E89 {
}
[1664203335,094][DEBUG]: DevTools WebSocket Response: Input.dispatchKeyEvent (id=124) 36FF8643EFB745BF1FD92B9E552C6E89 {
}
[1664203335,094][DEBUG]: DevTools WebSocket Response: Input.dispatchKeyEvent (id=125) 36FF8643EFB745BF1FD92B9E552C6E89 {
}
[1664203335,094][DEBUG]: DevTools WebSocket Response: Input.dispatchKeyEvent (id=126) 36FF8643EFB745BF1FD92B9E552C6E89 {
}
[1664203335,094][DEBUG]: DevTools WebSocket Response: Input.dispatchKeyEvent (id=127) 36FF8643EFB745BF1FD92B9E552C6E89 {
}
[1664203335,094][DEBUG]: DevTools WebSocket Response: Input.dispatchKeyEvent (id=128) 36FF8643EFB745BF1FD92B9E552C6E89 {
}
[1664203335,094][INFO]: Waiting for pending navigations...
[1664203335,094][DEBUG]: DevTools WebSocket Command: Runtime.evaluate (id=129) 36FF8643EFB745BF1FD92B9E552C6E89 {
   &quot;expression&quot;: &quot;1&quot;
}
[1664203335,094][DEBUG]: DevTools WebSocket Response: Runtime.evaluate (id=129) 36FF8643EFB745BF1FD92B9E552C6E89 {
   &quot;result&quot;: {
      &quot;description&quot;: &quot;1&quot;,
      &quot;type&quot;: &quot;number&quot;,
      &quot;value&quot;: 1
   }
}
[1664203335,094][INFO]: Done waiting for pending navigations. Status: ok
[1664203335,094][INFO]: [054090904ec2838a7cbf889f1b629cce] RESPONSE TypeElement
[1664203335,100][INFO]: [054090904ec2838a7cbf889f1b629cce] COMMAND TypeElement {
   &quot;id&quot;: &quot;2a41926f-4d85-42de-9f84-1f8fecd7cd2d&quot;,
   &quot;text&quot;: &quot;P.O. Box 766, 1148 Imperdiet Street&quot;,
   &quot;value&quot;: [ &quot;P&quot;, &quot;.&quot;, &quot;O&quot;, &quot;.&quot;, &quot; &quot;, &quot;B&quot;, &quot;o&quot;, &quot;x&quot;, &quot; &quot;, &quot;7&quot;, &quot;6&quot;, &quot;6&quot;, &quot;,&quot;, &quot; &quot;, &quot;1&quot;, &quot;1&quot;, &quot;4&quot;, &quot;8&quot;, &quot; &quot;, &quot;I&quot;, &quot;m&quot;, &quot;p&quot;, &quot;e&quot;, &quot;r&quot;, &quot;d&quot;, &quot;i&quot;, &quot;e&quot;, &quot;t&quot;, &quot; &quot;, &quot;S&quot;, &quot;t&quot;, &quot;r&quot;, &quot;e&quot;, &quot;e&quot;, &quot;t&quot; ]
}
[1664203335,100][INFO]: Waiting for pending navigations...
[1664203335,100][DEBUG]: DevTools WebSocket Command: Runtime.evaluate (id=130) 36FF8643EFB745BF1FD92B9E552C6E89 {
   &quot;expression&quot;: &quot;1&quot;
}
[1664203335,102][DEBUG]: DevTools WebSocket Response: Runtime.evaluate (id=130) 36FF8643EFB745BF1FD92B9E552C6E89 {
   &quot;result&quot;: {
      &quot;description&quot;: &quot;1&quot;,
      &quot;type&quot;: &quot;number&quot;,
      &quot;value&quot;: 1
   }
}
[1664203335,102][INFO]: Done waiting for pending navigations. Status: ok
[1664203335,103][DEBUG]: DevTools WebSocket Command: Runtime.evaluate (id=131) 36FF8643EFB745BF1FD92B9E552C6E89 {
   &quot;awaitPromise&quot;: true,
   &quot;expression&quot;: &quot;(function() { // Copyright (c) 2012 The Chromium Authors. All rights reserved.\n// Use of this source code is governed by a BSD-style license that can be\n// found in the LICENSE file.\n\n/**\n * Enum f...&quot;,
   &quot;returnByValue&quot;: true
}
[1664203335,107][DEBUG]: DevTools WebSocket Response: Runtime.evaluate (id=131) 36FF8643EFB745BF1FD92B9E552C6E89 {
   &quot;result&quot;: {
      &quot;type&quot;: &quot;object&quot;,
      &quot;value&quot;: {
         &quot;status&quot;: 0,
         &quot;value&quot;: &quot;INPUT&quot;
      }
   }
}
[1664203335,108][DEBUG]: DevTools WebSocket Command: Runtime.evaluate (id=132) 36FF8643EFB745BF1FD92B9E552C6E89 {
   &quot;awaitPromise&quot;: true,
   &quot;expression&quot;: &quot;(function() { // Copyright (c) 2012 The Chromium Authors. All rights reserved.\n// Use of this source code is governed by a BSD-style license that can be\n// found in the LICENSE file.\n\n/**\n * Enum f...&quot;,
   &quot;returnByValue&quot;: true
}
[1664203335,114][DEBUG]: DevTools WebSocket Response: Runtime.evaluate (id=132) 36FF8643EFB745BF1FD92B9E552C6E89 {
   &quot;result&quot;: {
      &quot;type&quot;: &quot;object&quot;,
      &quot;value&quot;: {
         &quot;status&quot;: 0,
         &quot;value&quot;: &quot;text&quot;
      }
   }
}
[1664203335,114][DEBUG]: DevTools WebSocket Command: Runtime.evaluate (id=133) 36FF8643EFB745BF1FD92B9E552C6E89 {
   &quot;awaitPromise&quot;: true,
   &quot;expression&quot;: &quot;(function() { // Copyright (c) 2012 The Chromium Authors. All rights reserved.\n// Use of this source code is governed by a BSD-style license that can be\n// found in the LICENSE file.\n\n/**\n * Enum f...&quot;,
   &quot;returnByValue&quot;: true
}
[1664203335,118][DEBUG]: DevTools WebSocket Response: Runtime.evaluate (id=133) 36FF8643EFB745BF1FD92B9E552C6E89 {
   &quot;result&quot;: {
      &quot;type&quot;: &quot;object&quot;,
      &quot;value&quot;: {
         &quot;status&quot;: 0,
         &quot;value&quot;: false
      }
   }
}
[1664203335,118][DEBUG]: DevTools WebSocket Command: Runtime.evaluate (id=134) 36FF8643EFB745BF1FD92B9E552C6E89 {
   &quot;awaitPromise&quot;: true,
   &quot;expression&quot;: &quot;(function() { // Copyright (c) 2012 The Chromium Authors. All rights reserved.\n// Use of this source code is governed by a BSD-style license that can be\n// found in the LICENSE file.\n\n/**\n * Enum f...&quot;,
   &quot;returnByValue&quot;: true
}
[1664203335,120][DEBUG]: DevTools WebSocket Response: Runtime.evaluate (id=134) 36FF8643EFB745BF1FD92B9E552C6E89 {
   &quot;result&quot;: {
      &quot;type&quot;: &quot;object&quot;,
      &quot;value&quot;: {
         &quot;status&quot;: 0,
         &quot;value&quot;: &quot;INPUT&quot;
      }
   }
}
[1664203335,120][DEBUG]: DevTools WebSocket Command: Runtime.evaluate (id=135) 36FF8643EFB745BF1FD92B9E552C6E89 {
   &quot;awaitPromise&quot;: false,
   &quot;expression&quot;: &quot;document.hasFocus()&quot;,
   &quot;returnByValue&quot;: true
}
[1664203335,121][DEBUG]: DevTools WebSocket Response: Runtime.evaluate (id=135) 36FF8643EFB745BF1FD92B9E552C6E89 {
   &quot;result&quot;: {
      &quot;type&quot;: &quot;boolean&quot;,
      &quot;value&quot;: true
   }
}
[1664203335,121][DEBUG]: DevTools WebSocket Command: Runtime.evaluate (id=136) 36FF8643EFB745BF1FD92B9E552C6E89 {
   &quot;awaitPromise&quot;: true,
   &quot;expression&quot;: &quot;(function() { // Copyright (c) 2012 The Chromium Authors. All rights reserved.\n// Use of this source code is governed by a BSD-style license that can be\n// found in the LICENSE file.\n\n/**\n * Enum f...&quot;,
   &quot;returnByValue&quot;: true
}
[1664203335,122][DEBUG]: DevTools WebSocket Response: Runtime.evaluate (id=136) 36FF8643EFB745BF1FD92B9E552C6E89 {
   &quot;result&quot;: {
      &quot;type&quot;: &quot;object&quot;,
      &quot;value&quot;: {
         &quot;status&quot;: 0,
         &quot;value&quot;: {
            &quot;element-6066-11e4-a52e-4f735466cecf&quot;: &quot;38d417f5-4a84-4a57-b4ba-626021212731&quot;
         }
      }
   }
}
[1664203335,123][DEBUG]: DevTools WebSocket Command: Runtime.evaluate (id=137) 36FF8643EFB745BF1FD92B9E552C6E89 {
   &quot;awaitPromise&quot;: true,
   &quot;expression&quot;: &quot;(function() { // Copyright (c) 2012 The Chromium Authors. All rights reserved.\n// Use of this source code is governed by a BSD-style license that can be\n// found in the LICENSE file.\n\n/**\n * Enum f...&quot;,
   &quot;returnByValue&quot;: true
}
[1664203335,129][DEBUG]: DevTools WebSocket Response: Runtime.evaluate (id=137) 36FF8643EFB745BF1FD92B9E552C6E89 {
   &quot;result&quot;: {
      &quot;type&quot;: &quot;object&quot;,
      &quot;value&quot;: {
         &quot;status&quot;: 0,
         &quot;value&quot;: true
      }
   }
}
[1664203335,130][DEBUG]: DevTools WebSocket Command: Runtime.evaluate (id=138) 36FF8643EFB745BF1FD92B9E552C6E89 {
   &quot;awaitPromise&quot;: true,
   &quot;expression&quot;: &quot;(function() { // Copyright (c) 2012 The Chromium Authors. All rights reserved.\n// Use of this source code is governed by a BSD-style license that can be\n// found in the LICENSE file.\n\n/**\n * Enum f...&quot;,
   &quot;returnByValue&quot;: true
}
[1664203335,133][DEBUG]: DevTools WebSocket Response: Runtime.evaluate (id=138) 36FF8643EFB745BF1FD92B9E552C6E89 {
   &quot;result&quot;: {
      &quot;type&quot;: &quot;object&quot;,
      &quot;value&quot;: {
         &quot;status&quot;: 0,
         &quot;value&quot;: true
      }
   }
}
[1664203335,134][DEBUG]: DevTools WebSocket Command: Runtime.evaluate (id=139) 36FF8643EFB745BF1FD92B9E552C6E89 {
   &quot;awaitPromise&quot;: true,
   &quot;expression&quot;: &quot;(function() { // Copyright (c) 2012 The Chromium Authors. All rights reserved.\n// Use of this source code is governed by a BSD-style license that can be\n// found in the LICENSE file.\n\n/**\n * Enum f...&quot;,
   &quot;returnByValue&quot;: true
}
[1664203335,136][DEBUG]: DevTools WebSocket Response: Runtime.evaluate (id=139) 36FF8643EFB745BF1FD92B9E552C6E89 {
   &quot;result&quot;: {
      &quot;type&quot;: &quot;object&quot;,
      &quot;value&quot;: {
         &quot;status&quot;: 0,
         &quot;value&quot;: null
      }
   }
}
[1664203335,136][DEBUG]: DevTools WebSocket Command: Runtime.evaluate (id=140) 36FF8643EFB745BF1FD92B9E552C6E89 {
   &quot;awaitPromise&quot;: true,
   &quot;expression&quot;: &quot;(function() { // Copyright (c) 2012 The Chromium Authors. All rights reserved.\n// Use of this source code is governed by a BSD-style license that can be\n// found in the LICENSE file.\n\n/**\n * Enum f...&quot;,
   &quot;returnByValue&quot;: true
}
[1664203335,138][DEBUG]: DevTools WebSocket Response: Runtime.evaluate (id=140) 36FF8643EFB745BF1FD92B9E552C6E89 {
   &quot;result&quot;: {
      &quot;type&quot;: &quot;object&quot;,
      &quot;value&quot;: {
         &quot;status&quot;: 0,
         &quot;value&quot;: null
      }
   }
}
[1664203335,138][DEBUG]: DevTools WebSocket Command: Input.dispatchKeyEvent (id=141) 36FF8643EFB745BF1FD92B9E552C6E89 {
   &quot;code&quot;: &quot;ShiftLeft&quot;,
   &quot;key&quot;: &quot;Shift&quot;,
   &quot;modifiers&quot;: 0,
   &quot;text&quot;: &quot;&quot;,
   &quot;type&quot;: &quot;rawKeyDown&quot;,
   &quot;unmodifiedText&quot;: &quot;&quot;,
   &quot;windowsVirtualKeyCode&quot;: 16
}
[1664203335,138][DEBUG]: DevTools WebSocket Command: Input.dispatchKeyEvent (id=142) 36FF8643EFB745BF1FD92B9E552C6E89 {
   &quot;code&quot;: &quot;KeyP&quot;,
   &quot;key&quot;: &quot;P&quot;,
   &quot;modifiers&quot;: 8,
   &quot;text&quot;: &quot;P&quot;,
   &quot;type&quot;: &quot;rawKeyDown&quot;,
   &quot;unmodifiedText&quot;: &quot;p&quot;,
   &quot;windowsVirtualKeyCode&quot;: 80
}
[1664203335,138][DEBUG]: DevTools WebSocket Command: Input.dispatchKeyEvent (id=143) 36FF8643EFB745BF1FD92B9E552C6E89 {
   &quot;code&quot;: &quot;KeyP&quot;,
   &quot;key&quot;: &quot;P&quot;,
   &quot;modifiers&quot;: 8,
   &quot;text&quot;: &quot;P&quot;,
   &quot;type&quot;: &quot;char&quot;,
   &quot;unmodifiedText&quot;: &quot;p&quot;,
   &quot;windowsVirtualKeyCode&quot;: 80
}
[1664203335,138][DEBUG]: DevTools WebSocket Command: Input.dispatchKeyEvent (id=144) 36FF8643EFB745BF1FD92B9E552C6E89 {
   &quot;code&quot;: &quot;KeyP&quot;,
   &quot;key&quot;: &quot;P&quot;,
   &quot;modifiers&quot;: 8,
   &quot;text&quot;: &quot;P&quot;,
   &quot;type&quot;: &quot;keyUp&quot;,
   &quot;unmodifiedText&quot;: &quot;p&quot;,
   &quot;windowsVirtualKeyCode&quot;: 80
}
[1664203335,138][DEBUG]: DevTools WebSocket Command: Input.dispatchKeyEvent (id=145) 36FF8643EFB745BF1FD92B9E552C6E89 {
   &quot;code&quot;: &quot;ShiftLeft&quot;,
   &quot;key&quot;: &quot;Shift&quot;,
   &quot;modifiers&quot;: 0,
   &quot;text&quot;: &quot;&quot;,
   &quot;type&quot;: &quot;keyUp&quot;,
   &quot;unmodifiedText&quot;: &quot;&quot;,
   &quot;windowsVirtualKeyCode&quot;: 16
}
[1664203335,138][DEBUG]: DevTools WebSocket Command: Input.dispatchKeyEvent (id=146) 36FF8643EFB745BF1FD92B9E552C6E89 {
   &quot;code&quot;: &quot;Period&quot;,
   &quot;key&quot;: &quot;.&quot;,
   &quot;modifiers&quot;: 0,
   &quot;text&quot;: &quot;.&quot;,
   &quot;type&quot;: &quot;rawKeyDown&quot;,
   &quot;unmodifiedText&quot;: &quot;.&quot;,
   &quot;windowsVirtualKeyCode&quot;: 190
}
[1664203335,138][DEBUG]: DevTools WebSocket Command: Input.dispatchKeyEvent (id=147) 36FF8643EFB745BF1FD92B9E552C6E89 {
   &quot;code&quot;: &quot;Period&quot;,
   &quot;key&quot;: &quot;.&quot;,
   &quot;modifiers&quot;: 0,
   &quot;text&quot;: &quot;.&quot;,
   &quot;type&quot;: &quot;char&quot;,
   &quot;unmodifiedText&quot;: &quot;.&quot;,
   &quot;windowsVirtualKeyCode&quot;: 190
}
[1664203335,138][DEBUG]: DevTools WebSocket Command: Input.dispatchKeyEvent (id=148) 36FF8643EFB745BF1FD92B9E552C6E89 {
   &quot;code&quot;: &quot;Period&quot;,
   &quot;key&quot;: &quot;.&quot;,
   &quot;modifiers&quot;: 0,
   &quot;text&quot;: &quot;.&quot;,
   &quot;type&quot;: &quot;keyUp&quot;,
   &quot;unmodifiedText&quot;: &quot;.&quot;,
   &quot;windowsVirtualKeyCode&quot;: 190
}
[1664203335,138][DEBUG]: DevTools WebSocket Command: Input.dispatchKeyEvent (id=149) 36FF8643EFB745BF1FD92B9E552C6E89 {
   &quot;code&quot;: &quot;ShiftLeft&quot;,
   &quot;key&quot;: &quot;Shift&quot;,
   &quot;modifiers&quot;: 0,
   &quot;text&quot;: &quot;&quot;,
   &quot;type&quot;: &quot;rawKeyDown&quot;,
   &quot;unmodifiedText&quot;: &quot;&quot;,
   &quot;windowsVirtualKeyCode&quot;: 16
}
[1664203335,138][DEBUG]: DevTools WebSocket Command: Input.dispatchKeyEvent (id=150) 36FF8643EFB745BF1FD92B9E552C6E89 {
   &quot;code&quot;: &quot;KeyO&quot;,
   &quot;key&quot;: &quot;O&quot;,
   &quot;modifiers&quot;: 8,
   &quot;text&quot;: &quot;O&quot;,
   &quot;type&quot;: &quot;rawKeyDown&quot;,
   &quot;unmodifiedText&quot;: &quot;o&quot;,
   &quot;windowsVirtualKeyCode&quot;: 79
}
[1664203335,139][DEBUG]: DevTools WebSocket Command: Input.dispatchKeyEvent (id=151) 36FF8643EFB745BF1FD92B9E552C6E89 {
   &quot;code&quot;: &quot;KeyO&quot;,
   &quot;key&quot;: &quot;O&quot;,
   &quot;modifiers&quot;: 8,
   &quot;text&quot;: &quot;O&quot;,
   &quot;type&quot;: &quot;char&quot;,
   &quot;unmodifiedText&quot;: &quot;o&quot;,
   &quot;windowsVirtualKeyCode&quot;: 79
}
[1664203335,139][DEBUG]: DevTools WebSocket Command: Input.dispatchKeyEvent (id=152) 36FF8643EFB745BF1FD92B9E552C6E89 {
   &quot;code&quot;: &quot;KeyO&quot;,
   &quot;key&quot;: &quot;O&quot;,
   &quot;modifiers&quot;: 8,
   &quot;text&quot;: &quot;O&quot;,
   &quot;type&quot;: &quot;keyUp&quot;,
   &quot;unmodifiedText&quot;: &quot;o&quot;,
   &quot;windowsVirtualKeyCode&quot;: 79
}
[1664203335,139][DEBUG]: DevTools WebSocket Command: Input.dispatchKeyEvent (id=153) 36FF8643EFB745BF1FD92B9E552C6E89 {
   &quot;code&quot;: &quot;ShiftLeft&quot;,
   &quot;key&quot;: &quot;Shift&quot;,
   &quot;modifiers&quot;: 0,
   &quot;text&quot;: &quot;&quot;,
   &quot;type&quot;: &quot;keyUp&quot;,
   &quot;unmodifiedText&quot;: &quot;&quot;,
   &quot;windowsVirtualKeyCode&quot;: 16
}
[1664203335,139][DEBUG]: DevTools WebSocket Command: Input.dispatchKeyEvent (id=154) 36FF8643EFB745BF1FD92B9E552C6E89 {
   &quot;code&quot;: &quot;Period&quot;,
   &quot;key&quot;: &quot;.&quot;,
   &quot;modifiers&quot;: 0,
   &quot;text&quot;: &quot;.&quot;,
   &quot;type&quot;: &quot;rawKeyDown&quot;,
   &quot;unmodifiedText&quot;: &quot;.&quot;,
   &quot;windowsVirtualKeyCode&quot;: 190
}
[1664203335,139][DEBUG]: DevTools WebSocket Command: Input.dispatchKeyEvent (id=155) 36FF8643EFB745BF1FD92B9E552C6E89 {
   &quot;code&quot;: &quot;Period&quot;,
   &quot;key&quot;: &quot;.&quot;,
   &quot;modifiers&quot;: 0,
   &quot;text&quot;: &quot;.&quot;,
   &quot;type&quot;: &quot;char&quot;,
   &quot;unmodifiedText&quot;: &quot;.&quot;,
   &quot;windowsVirtualKeyCode&quot;: 190
}
[1664203335,139][DEBUG]: DevTools WebSocket Command: Input.dispatchKeyEvent (id=156) 36FF8643EFB745BF1FD92B9E552C6E89 {
   &quot;code&quot;: &quot;Period&quot;,
   &quot;key&quot;: &quot;.&quot;,
   &quot;modifiers&quot;: 0,
   &quot;text&quot;: &quot;.&quot;,
   &quot;type&quot;: &quot;keyUp&quot;,
   &quot;unmodifiedText&quot;: &quot;.&quot;,
   &quot;windowsVirtualKeyCode&quot;: 190
}
[1664203335,139][DEBUG]: DevTools WebSocket Command: Input.dispatchKeyEvent (id=157) 36FF8643EFB745BF1FD92B9E552C6E89 {
   &quot;code&quot;: &quot;Space&quot;,
   &quot;key&quot;: &quot; &quot;,
   &quot;modifiers&quot;: 0,
   &quot;text&quot;: &quot; &quot;,
   &quot;type&quot;: &quot;rawKeyDown&quot;,
   &quot;unmodifiedText&quot;: &quot; &quot;,
   &quot;windowsVirtualKeyCode&quot;: 32
}
[1664203335,139][DEBUG]: DevTools WebSocket Command: Input.dispatchKeyEvent (id=158) 36FF8643EFB745BF1FD92B9E552C6E89 {
   &quot;code&quot;: &quot;Space&quot;,
   &quot;key&quot;: &quot; &quot;,
   &quot;modifiers&quot;: 0,
   &quot;text&quot;: &quot; &quot;,
   &quot;type&quot;: &quot;char&quot;,
   &quot;unmodifiedText&quot;: &quot; &quot;,
   &quot;windowsVirtualKeyCode&quot;: 32
}
[1664203335,139][DEBUG]: DevTools WebSocket Command: Input.dispatchKeyEvent (id=159) 36FF8643EFB745BF1FD92B9E552C6E89 {
   &quot;code&quot;: &quot;Space&quot;,
   &quot;key&quot;: &quot; &quot;,
   &quot;modifiers&quot;: 0,
   &quot;text&quot;: &quot; &quot;,
   &quot;type&quot;: &quot;keyUp&quot;,
   &quot;unmodifiedText&quot;: &quot; &quot;,
   &quot;windowsVirtualKeyCode&quot;: 32
}
[1664203335,141][DEBUG]: DevTools WebSocket Command: Input.dispatchKeyEvent (id=160) 36FF8643EFB745BF1FD92B9E552C6E89 {
   &quot;code&quot;: &quot;ShiftLeft&quot;,
   &quot;key&quot;: &quot;Shift&quot;,
   &quot;modifiers&quot;: 0,
   &quot;text&quot;: &quot;&quot;,
   &quot;type&quot;: &quot;rawKeyDown&quot;,
   &quot;unmodifiedText&quot;: &quot;&quot;,
   &quot;windowsVirtualKeyCode&quot;: 16
}
[1664203335,141][DEBUG]: DevTools WebSocket Command: Input.dispatchKeyEvent (id=161) 36FF8643EFB745BF1FD92B9E552C6E89 {
   &quot;code&quot;: &quot;KeyB&quot;,
   &quot;key&quot;: &quot;B&quot;,
   &quot;modifiers&quot;: 8,
   &quot;text&quot;: &quot;B&quot;,
   &quot;type&quot;: &quot;rawKeyDown&quot;,
   &quot;unmodifiedText&quot;: &quot;b&quot;,
   &quot;windowsVirtualKeyCode&quot;: 66
}
[1664203335,141][DEBUG]: DevTools WebSocket Command: Input.dispatchKeyEvent (id=162) 36FF8643EFB745BF1FD92B9E552C6E89 {
   &quot;code&quot;: &quot;KeyB&quot;,
   &quot;key&quot;: &quot;B&quot;,
   &quot;modifiers&quot;: 8,
   &quot;text&quot;: &quot;B&quot;,
   &quot;type&quot;: &quot;char&quot;,
   &quot;unmodifiedText&quot;: &quot;b&quot;,
   &quot;windowsVirtualKeyCode&quot;: 66
}
[1664203335,142][DEBUG]: DevTools WebSocket Command: Input.dispatchKeyEvent (id=163) 36FF8643EFB745BF1FD92B9E552C6E89 {
   &quot;code&quot;: &quot;KeyB&quot;,
   &quot;key&quot;: &quot;B&quot;,
   &quot;modifiers&quot;: 8,
   &quot;text&quot;: &quot;B&quot;,
   &quot;type&quot;: &quot;keyUp&quot;,
   &quot;unmodifiedText&quot;: &quot;b&quot;,
   &quot;windowsVirtualKeyCode&quot;: 66
}
[1664203335,142][DEBUG]: DevTools WebSocket Command: Input.dispatchKeyEvent (id=164) 36FF8643EFB745BF1FD92B9E552C6E89 {
   &quot;code&quot;: &quot;ShiftLeft&quot;,
   &quot;key&quot;: &quot;Shift&quot;,
   &quot;modifiers&quot;: 0,
   &quot;text&quot;: &quot;&quot;,
   &quot;type&quot;: &quot;keyUp&quot;,
   &quot;unmodifiedText&quot;: &quot;&quot;,
   &quot;windowsVirtualKeyCode&quot;: 16
}
[1664203335,142][DEBUG]: DevTools WebSocket Command: Input.dispatchKeyEvent (id=165) 36FF8643EFB745BF1FD92B9E552C6E89 {
   &quot;code&quot;: &quot;KeyO&quot;,
   &quot;key&quot;: &quot;o&quot;,
   &quot;modifiers&quot;: 0,
   &quot;text&quot;: &quot;o&quot;,
   &quot;type&quot;: &quot;rawKeyDown&quot;,
   &quot;unmodifiedText&quot;: &quot;o&quot;,
   &quot;windowsVirtualKeyCode&quot;: 79
}
[1664203335,142][DEBUG]: DevTools WebSocket Command: Input.dispatchKeyEvent (id=166) 36FF8643EFB745BF1FD92B9E552C6E89 {
   &quot;code&quot;: &quot;KeyO&quot;,
   &quot;key&quot;: &quot;o&quot;,
   &quot;modifiers&quot;: 0,
   &quot;text&quot;: &quot;o&quot;,
   &quot;type&quot;: &quot;char&quot;,
   &quot;unmodifiedText&quot;: &quot;o&quot;,
   &quot;windowsVirtualKeyCode&quot;: 79
}
[1664203335,142][DEBUG]: DevTools WebSocket Command: Input.dispatchKeyEvent (id=167) 36FF8643EFB745BF1FD92B9E552C6E89 {
   &quot;code&quot;: &quot;KeyO&quot;,
   &quot;key&quot;: &quot;o&quot;,
   &quot;modifiers&quot;: 0,
   &quot;text&quot;: &quot;o&quot;,
   &quot;type&quot;: &quot;keyUp&quot;,
   &quot;unmodifiedText&quot;: &quot;o&quot;,
   &quot;windowsVirtualKeyCode&quot;: 79
}
[1664203335,142][DEBUG]: DevTools WebSocket Command: Input.dispatchKeyEvent (id=168) 36FF8643EFB745BF1FD92B9E552C6E89 {
   &quot;code&quot;: &quot;KeyX&quot;,
   &quot;key&quot;: &quot;x&quot;,
   &quot;modifiers&quot;: 0,
   &quot;text&quot;: &quot;x&quot;,
   &quot;type&quot;: &quot;rawKeyDown&quot;,
   &quot;unmodifiedText&quot;: &quot;x&quot;,
   &quot;windowsVirtualKeyCode&quot;: 88
}
[1664203335,142][DEBUG]: DevTools WebSocket Command: Input.dispatchKeyEvent (id=169) 36FF8643EFB745BF1FD92B9E552C6E89 {
   &quot;code&quot;: &quot;KeyX&quot;,
   &quot;key&quot;: &quot;x&quot;,
   &quot;modifiers&quot;: 0,
   &quot;text&quot;: &quot;x&quot;,
   &quot;type&quot;: &quot;char&quot;,
   &quot;unmodifiedText&quot;: &quot;x&quot;,
   &quot;windowsVirtualKeyCode&quot;: 88
}
[1664203335,142][DEBUG]: DevTools WebSocket Command: Input.dispatchKeyEvent (id=170) 36FF8643EFB745BF1FD92B9E552C6E89 {
   &quot;code&quot;: &quot;KeyX&quot;,
   &quot;key&quot;: &quot;x&quot;,
   &quot;modifiers&quot;: 0,
   &quot;text&quot;: &quot;x&quot;,
   &quot;type&quot;: &quot;keyUp&quot;,
   &quot;unmodifiedText&quot;: &quot;x&quot;,
   &quot;windowsVirtualKeyCode&quot;: 88
}
[1664203335,143][DEBUG]: DevTools WebSocket Command: Input.dispatchKeyEvent (id=171) 36FF8643EFB745BF1FD92B9E552C6E89 {
   &quot;code&quot;: &quot;Space&quot;,
   &quot;key&quot;: &quot; &quot;,
   &quot;modifiers&quot;: 0,
   &quot;text&quot;: &quot; &quot;,
   &quot;type&quot;: &quot;rawKeyDown&quot;,
   &quot;unmodifiedText&quot;: &quot; &quot;,
   &quot;windowsVirtualKeyCode&quot;: 32
}
[1664203335,143][DEBUG]: DevTools WebSocket Command: Input.dispatchKeyEvent (id=172) 36FF8643EFB745BF1FD92B9E552C6E89 {
   &quot;code&quot;: &quot;Space&quot;,
   &quot;key&quot;: &quot; &quot;,
   &quot;modifiers&quot;: 0,
   &quot;text&quot;: &quot; &quot;,
   &quot;type&quot;: &quot;char&quot;,
   &quot;unmodifiedText&quot;: &quot; &quot;,
   &quot;windowsVirtualKeyCode&quot;: 32
}
[1664203335,143][DEBUG]: DevTools WebSocket Command: Input.dispatchKeyEvent (id=173) 36FF8643EFB745BF1FD92B9E552C6E89 {
   &quot;code&quot;: &quot;Space&quot;,
   &quot;key&quot;: &quot; &quot;,
   &quot;modifiers&quot;: 0,
   &quot;text&quot;: &quot; &quot;,
   &quot;type&quot;: &quot;keyUp&quot;,
   &quot;unmodifiedText&quot;: &quot; &quot;,
   &quot;windowsVirtualKeyCode&quot;: 32
}
[1664203335,143][DEBUG]: DevTools WebSocket Command: Input.dispatchKeyEvent (id=174) 36FF8643EFB745BF1FD92B9E552C6E89 {
   &quot;code&quot;: &quot;Digit7&quot;,
   &quot;key&quot;: &quot;7&quot;,
   &quot;modifiers&quot;: 0,
   &quot;text&quot;: &quot;7&quot;,
   &quot;type&quot;: &quot;rawKeyDown&quot;,
   &quot;unmodifiedText&quot;: &quot;7&quot;,
   &quot;windowsVirtualKeyCode&quot;: 55
}
[1664203335,143][DEBUG]: DevTools WebSocket Command: Input.dispatchKeyEvent (id=175) 36FF8643EFB745BF1FD92B9E552C6E89 {
   &quot;code&quot;: &quot;Digit7&quot;,
   &quot;key&quot;: &quot;7&quot;,
   &quot;modifiers&quot;: 0,
   &quot;text&quot;: &quot;7&quot;,
   &quot;type&quot;: &quot;char&quot;,
   &quot;unmodifiedText&quot;: &quot;7&quot;,
   &quot;windowsVirtualKeyCode&quot;: 55
}
[1664203335,143][DEBUG]: DevTools WebSocket Command: Input.dispatchKeyEvent (id=176) 36FF8643EFB745BF1FD92B9E552C6E89 {
   &quot;code&quot;: &quot;Digit7&quot;,
   &quot;key&quot;: &quot;7&quot;,
   &quot;modifiers&quot;: 0,
   &quot;text&quot;: &quot;7&quot;,
   &quot;type&quot;: &quot;keyUp&quot;,
   &quot;unmodifiedText&quot;: &quot;7&quot;,
   &quot;windowsVirtualKeyCode&quot;: 55
}
[1664203335,143][DEBUG]: DevTools WebSocket Command: Input.dispatchKeyEvent (id=177) 36FF8643EFB745BF1FD92B9E552C6E89 {
   &quot;code&quot;: &quot;Digit6&quot;,
   &quot;key&quot;: &quot;6&quot;,
   &quot;modifiers&quot;: 0,
   &quot;text&quot;: &quot;6&quot;,
   &quot;type&quot;: &quot;rawKeyDown&quot;,
   &quot;unmodifiedText&quot;: &quot;6&quot;,
   &quot;windowsVirtualKeyCode&quot;: 54
}
[1664203335,143][DEBUG]: DevTools WebSocket Command: Input.dispatchKeyEvent (id=178) 36FF8643EFB745BF1FD92B9E552C6E89 {
   &quot;code&quot;: &quot;Digit6&quot;,
   &quot;key&quot;: &quot;6&quot;,
   &quot;modifiers&quot;: 0,
   &quot;text&quot;: &quot;6&quot;,
   &quot;type&quot;: &quot;char&quot;,
   &quot;unmodifiedText&quot;: &quot;6&quot;,
   &quot;windowsVirtualKeyCode&quot;: 54
}
[1664203335,143][DEBUG]: DevTools WebSocket Command: Input.dispatchKeyEvent (id=179) 36FF8643EFB745BF1FD92B9E552C6E89 {
   &quot;code&quot;: &quot;Digit6&quot;,
   &quot;key&quot;: &quot;6&quot;,
   &quot;modifiers&quot;: 0,
   &quot;text&quot;: &quot;6&quot;,
   &quot;type&quot;: &quot;keyUp&quot;,
   &quot;unmodifiedText&quot;: &quot;6&quot;,
   &quot;windowsVirtualKeyCode&quot;: 54
}
[1664203335,143][DEBUG]: DevTools WebSocket Command: Input.dispatchKeyEvent (id=180) 36FF8643EFB745BF1FD92B9E552C6E89 {
   &quot;code&quot;: &quot;Digit6&quot;,
   &quot;key&quot;: &quot;6&quot;,
   &quot;modifiers&quot;: 0,
   &quot;text&quot;: &quot;6&quot;,
   &quot;type&quot;: &quot;rawKeyDown&quot;,
   &quot;unmodifiedText&quot;: &quot;6&quot;,
   &quot;windowsVirtualKeyCode&quot;: 54
}
[1664203335,144][DEBUG]: DevTools WebSocket Command: Input.dispatchKeyEvent (id=181) 36FF8643EFB745BF1FD92B9E552C6E89 {
   &quot;code&quot;: &quot;Digit6&quot;,
   &quot;key&quot;: &quot;6&quot;,
   &quot;modifiers&quot;: 0,
   &quot;text&quot;: &quot;6&quot;,
   &quot;type&quot;: &quot;char&quot;,
   &quot;unmodifiedText&quot;: &quot;6&quot;,
   &quot;windowsVirtualKeyCode&quot;: 54
}
[1664203335,144][DEBUG]: DevTools WebSocket Command: Input.dispatchKeyEvent (id=182) 36FF8643EFB745BF1FD92B9E552C6E89 {
   &quot;code&quot;: &quot;Digit6&quot;,
   &quot;key&quot;: &quot;6&quot;,
   &quot;modifiers&quot;: 0,
   &quot;text&quot;: &quot;6&quot;,
   &quot;type&quot;: &quot;keyUp&quot;,
   &quot;unmodifiedText&quot;: &quot;6&quot;,
   &quot;windowsVirtualKeyCode&quot;: 54
}
[1664203335,144][DEBUG]: DevTools WebSocket Command: Input.dispatchKeyEvent (id=183) 36FF8643EFB745BF1FD92B9E552C6E89 {
   &quot;code&quot;: &quot;Comma&quot;,
   &quot;key&quot;: &quot;,&quot;,
   &quot;modifiers&quot;: 0,
   &quot;text&quot;: &quot;,&quot;,
   &quot;type&quot;: &quot;rawKeyDown&quot;,
   &quot;unmodifiedText&quot;: &quot;,&quot;,
   &quot;windowsVirtualKeyCode&quot;: 188
}
[1664203335,144][DEBUG]: DevTools WebSocket Command: Input.dispatchKeyEvent (id=184) 36FF8643EFB745BF1FD92B9E552C6E89 {
   &quot;code&quot;: &quot;Comma&quot;,
   &quot;key&quot;: &quot;,&quot;,
   &quot;modifiers&quot;: 0,
   &quot;text&quot;: &quot;,&quot;,
   &quot;type&quot;: &quot;char&quot;,
   &quot;unmodifiedText&quot;: &quot;,&quot;,
   &quot;windowsVirtualKeyCode&quot;: 188
}
[1664203335,144][DEBUG]: DevTools WebSocket Command: Input.dispatchKeyEvent (id=185) 36FF8643EFB745BF1FD92B9E552C6E89 {
   &quot;code&quot;: &quot;Comma&quot;,
   &quot;key&quot;: &quot;,&quot;,
   &quot;modifiers&quot;: 0,
   &quot;text&quot;: &quot;,&quot;,
   &quot;type&quot;: &quot;keyUp&quot;,
   &quot;unmodifiedText&quot;: &quot;,&quot;,
   &quot;windowsVirtualKeyCode&quot;: 188
}
[1664203335,144][DEBUG]: DevTools WebSocket Command: Input.dispatchKeyEvent (id=186) 36FF8643EFB745BF1FD92B9E552C6E89 {
   &quot;code&quot;: &quot;Space&quot;,
   &quot;key&quot;: &quot; &quot;,
   &quot;modifiers&quot;: 0,
   &quot;text&quot;: &quot; &quot;,
   &quot;type&quot;: &quot;rawKeyDown&quot;,
   &quot;unmodifiedText&quot;: &quot; &quot;,
   &quot;windowsVirtualKeyCode&quot;: 32
}
[1664203335,144][DEBUG]: DevTools WebSocket Command: Input.dispatchKeyEvent (id=187) 36FF8643EFB745BF1FD92B9E552C6E89 {
   &quot;code&quot;: &quot;Space&quot;,
   &quot;key&quot;: &quot; &quot;,
   &quot;modifiers&quot;: 0,
   &quot;text&quot;: &quot; &quot;,
   &quot;type&quot;: &quot;char&quot;,
   &quot;unmodifiedText&quot;: &quot; &quot;,
   &quot;windowsVirtualKeyCode&quot;: 32
}
[1664203335,144][DEBUG]: DevTools WebSocket Command: Input.dispatchKeyEvent (id=188) 36FF8643EFB745BF1FD92B9E552C6E89 {
   &quot;code&quot;: &quot;Space&quot;,
   &quot;key&quot;: &quot; &quot;,
   &quot;modifiers&quot;: 0,
   &quot;text&quot;: &quot; &quot;,
   &quot;type&quot;: &quot;keyUp&quot;,
   &quot;unmodifiedText&quot;: &quot; &quot;,
   &quot;windowsVirtualKeyCode&quot;: 32
}
[1664203335,145][DEBUG]: DevTools WebSocket Command: Input.dispatchKeyEvent (id=189) 36FF8643EFB745BF1FD92B9E552C6E89 {
   &quot;code&quot;: &quot;Digit1&quot;,
   &quot;key&quot;: &quot;1&quot;,
   &quot;modifiers&quot;: 0,
   &quot;text&quot;: &quot;1&quot;,
   &quot;type&quot;: &quot;rawKeyDown&quot;,
   &quot;unmodifiedText&quot;: &quot;1&quot;,
   &quot;windowsVirtualKeyCode&quot;: 49
}
[1664203335,145][DEBUG]: DevTools WebSocket Command: Input.dispatchKeyEvent (id=190) 36FF8643EFB745BF1FD92B9E552C6E89 {
   &quot;code&quot;: &quot;Digit1&quot;,
   &quot;key&quot;: &quot;1&quot;,
   &quot;modifiers&quot;: 0,
   &quot;text&quot;: &quot;1&quot;,
   &quot;type&quot;: &quot;char&quot;,
   &quot;unmodifiedText&quot;: &quot;1&quot;,
   &quot;windowsVirtualKeyCode&quot;: 49
}
[1664203335,145][DEBUG]: DevTools WebSocket Command: Input.dispatchKeyEvent (id=191) 36FF8643EFB745BF1FD92B9E552C6E89 {
   &quot;code&quot;: &quot;Digit1&quot;,
   &quot;key&quot;: &quot;1&quot;,
   &quot;modifiers&quot;: 0,
   &quot;text&quot;: &quot;1&quot;,
   &quot;type&quot;: &quot;keyUp&quot;,
   &quot;unmodifiedText&quot;: &quot;1&quot;,
   &quot;windowsVirtualKeyCode&quot;: 49
}
[1664203335,146][DEBUG]: DevTools WebSocket Command: Input.dispatchKeyEvent (id=192) 36FF8643EFB745BF1FD92B9E552C6E89 {
   &quot;code&quot;: &quot;Digit1&quot;,
   &quot;key&quot;: &quot;1&quot;,
   &quot;modifiers&quot;: 0,
   &quot;text&quot;: &quot;1&quot;,
   &quot;type&quot;: &quot;rawKeyDown&quot;,
   &quot;unmodifiedText&quot;: &quot;1&quot;,
   &quot;windowsVirtualKeyCode&quot;: 49
}
[1664203335,146][DEBUG]: DevTools WebSocket Command: Input.dispatchKeyEvent (id=193) 36FF8643EFB745BF1FD92B9E552C6E89 {
   &quot;code&quot;: &quot;Digit1&quot;,
   &quot;key&quot;: &quot;1&quot;,
   &quot;modifiers&quot;: 0,
   &quot;text&quot;: &quot;1&quot;,
   &quot;type&quot;: &quot;char&quot;,
   &quot;unmodifiedText&quot;: &quot;1&quot;,
   &quot;windowsVirtualKeyCode&quot;: 49
}
[1664203335,146][DEBUG]: DevTools WebSocket Command: Input.dispatchKeyEvent (id=194) 36FF8643EFB745BF1FD92B9E552C6E89 {
   &quot;code&quot;: &quot;Digit1&quot;,
   &quot;key&quot;: &quot;1&quot;,
   &quot;modifiers&quot;: 0,
   &quot;text&quot;: &quot;1&quot;,
   &quot;type&quot;: &quot;keyUp&quot;,
   &quot;unmodifiedText&quot;: &quot;1&quot;,
   &quot;windowsVirtualKeyCode&quot;: 49
}
[1664203335,146][DEBUG]: DevTools WebSocket Command: Input.dispatchKeyEvent (id=195) 36FF8643EFB745BF1FD92B9E552C6E89 {
   &quot;code&quot;: &quot;Digit4&quot;,
   &quot;key&quot;: &quot;4&quot;,
   &quot;modifiers&quot;: 0,
   &quot;text&quot;: &quot;4&quot;,
   &quot;type&quot;: &quot;rawKeyDown&quot;,
   &quot;unmodifiedText&quot;: &quot;4&quot;,
   &quot;windowsVirtualKeyCode&quot;: 52
}
[1664203335,146][DEBUG]: DevTools WebSocket Command: Input.dispatchKeyEvent (id=196) 36FF8643EFB745BF1FD92B9E552C6E89 {
   &quot;code&quot;: &quot;Digit4&quot;,
   &quot;key&quot;: &quot;4&quot;,
   &quot;modifiers&quot;: 0,
   &quot;text&quot;: &quot;4&quot;,
   &quot;type&quot;: &quot;char&quot;,
   &quot;unmodifiedText&quot;: &quot;4&quot;,
   &quot;windowsVirtualKeyCode&quot;: 52
}
[1664203335,146][DEBUG]: DevTools WebSocket Command: Input.dispatchKeyEvent (id=197) 36FF8643EFB745BF1FD92B9E552C6E89 {
   &quot;code&quot;: &quot;Digit4&quot;,
   &quot;key&quot;: &quot;4&quot;,
   &quot;modifiers&quot;: 0,
   &quot;text&quot;: &quot;4&quot;,
   &quot;type&quot;: &quot;keyUp&quot;,
   &quot;unmodifiedText&quot;: &quot;4&quot;,
   &quot;windowsVirtualKeyCode&quot;: 52
}
[1664203335,146][DEBUG]: DevTools WebSocket Command: Input.dispatchKeyEvent (id=198) 36FF8643EFB745BF1FD92B9E552C6E89 {
   &quot;code&quot;: &quot;Digit8&quot;,
   &quot;key&quot;: &quot;8&quot;,
   &quot;modifiers&quot;: 0,
   &quot;text&quot;: &quot;8&quot;,
   &quot;type&quot;: &quot;rawKeyDown&quot;,
   &quot;unmodifiedText&quot;: &quot;8&quot;,
   &quot;windowsVirtualKeyCode&quot;: 56
}
[1664203335,146][DEBUG]: DevTools WebSocket Command: Input.dispatchKeyEvent (id=199) 36FF8643EFB745BF1FD92B9E552C6E89 {
   &quot;code&quot;: &quot;Digit8&quot;,
   &quot;key&quot;: &quot;8&quot;,
   &quot;modifiers&quot;: 0,
   &quot;text&quot;: &quot;8&quot;,
   &quot;type&quot;: &quot;char&quot;,
   &quot;unmodifiedText&quot;: &quot;8&quot;,
   &quot;windowsVirtualKeyCode&quot;: 56
}
[1664203335,146][DEBUG]: DevTools WebSocket Command: Input.dispatchKeyEvent (id=200) 36FF8643EFB745BF1FD92B9E552C6E89 {
   &quot;code&quot;: &quot;Digit8&quot;,
   &quot;key&quot;: &quot;8&quot;,
   &quot;modifiers&quot;: 0,
   &quot;text&quot;: &quot;8&quot;,
   &quot;type&quot;: &quot;keyUp&quot;,
   &quot;unmodifiedText&quot;: &quot;8&quot;,
   &quot;windowsVirtualKeyCode&quot;: 56
}
[1664203335,146][DEBUG]: DevTools WebSocket Command: Input.dispatchKeyEvent (id=201) 36FF8643EFB745BF1FD92B9E552C6E89 {
   &quot;code&quot;: &quot;Space&quot;,
   &quot;key&quot;: &quot; &quot;,
   &quot;modifiers&quot;: 0,
   &quot;text&quot;: &quot; &quot;,
   &quot;type&quot;: &quot;rawKeyDown&quot;,
   &quot;unmodifiedText&quot;: &quot; &quot;,
   &quot;windowsVirtualKeyCode&quot;: 32
}
[1664203335,146][DEBUG]: DevTools WebSocket Command: Input.dispatchKeyEvent (id=202) 36FF8643EFB745BF1FD92B9E552C6E89 {
   &quot;code&quot;: &quot;Space&quot;,
   &quot;key&quot;: &quot; &quot;,
   &quot;modifiers&quot;: 0,
   &quot;text&quot;: &quot; &quot;,
   &quot;type&quot;: &quot;char&quot;,
   &quot;unmodifiedText&quot;: &quot; &quot;,
   &quot;windowsVirtualKeyCode&quot;: 32
}
[1664203335,146][DEBUG]: DevTools WebSocket Command: Input.dispatchKeyEvent (id=203) 36FF8643EFB745BF1FD92B9E552C6E89 {
   &quot;code&quot;: &quot;Space&quot;,
   &quot;key&quot;: &quot; &quot;,
   &quot;modifiers&quot;: 0,
   &quot;text&quot;: &quot; &quot;,
   &quot;type&quot;: &quot;keyUp&quot;,
   &quot;unmodifiedText&quot;: &quot; &quot;,
   &quot;windowsVirtualKeyCode&quot;: 32
}
[1664203335,146][DEBUG]: DevTools WebSocket Command: Input.dispatchKeyEvent (id=204) 36FF8643EFB745BF1FD92B9E552C6E89 {
   &quot;code&quot;: &quot;ShiftLeft&quot;,
   &quot;key&quot;: &quot;Shift&quot;,
   &quot;modifiers&quot;: 0,
   &quot;text&quot;: &quot;&quot;,
   &quot;type&quot;: &quot;rawKeyDown&quot;,
   &quot;unmodifiedText&quot;: &quot;&quot;,
   &quot;windowsVirtualKeyCode&quot;: 16
}
[1664203335,146][DEBUG]: DevTools WebSocket Command: Input.dispatchKeyEvent (id=205) 36FF8643EFB745BF1FD92B9E552C6E89 {
   &quot;code&quot;: &quot;KeyI&quot;,
   &quot;key&quot;: &quot;I&quot;,
   &quot;modifiers&quot;: 8,
   &quot;text&quot;: &quot;I&quot;,
   &quot;type&quot;: &quot;rawKeyDown&quot;,
   &quot;unmodifiedText&quot;: &quot;i&quot;,
   &quot;windowsVirtualKeyCode&quot;: 73
}
[1664203335,146][DEBUG]: DevTools WebSocket Command: Input.dispatchKeyEvent (id=206) 36FF8643EFB745BF1FD92B9E552C6E89 {
   &quot;code&quot;: &quot;KeyI&quot;,
   &quot;key&quot;: &quot;I&quot;,
   &quot;modifiers&quot;: 8,
   &quot;text&quot;: &quot;I&quot;,
   &quot;type&quot;: &quot;char&quot;,
   &quot;unmodifiedText&quot;: &quot;i&quot;,
   &quot;windowsVirtualKeyCode&quot;: 73
}
[1664203335,147][DEBUG]: DevTools WebSocket Command: Input.dispatchKeyEvent (id=207) 36FF8643EFB745BF1FD92B9E552C6E89 {
   &quot;code&quot;: &quot;KeyI&quot;,
   &quot;key&quot;: &quot;I&quot;,
   &quot;modifiers&quot;: 8,
   &quot;text&quot;: &quot;I&quot;,
   &quot;type&quot;: &quot;keyUp&quot;,
   &quot;unmodifiedText&quot;: &quot;i&quot;,
   &quot;windowsVirtualKeyCode&quot;: 73
}
[1664203335,147][DEBUG]: DevTools WebSocket Command: Input.dispatchKeyEvent (id=208) 36FF8643EFB745BF1FD92B9E552C6E89 {
   &quot;code&quot;: &quot;ShiftLeft&quot;,
   &quot;key&quot;: &quot;Shift&quot;,
   &quot;modifiers&quot;: 0,
   &quot;text&quot;: &quot;&quot;,
   &quot;type&quot;: &quot;keyUp&quot;,
   &quot;unmodifiedText&quot;: &quot;&quot;,
   &quot;windowsVirtualKeyCode&quot;: 16
}
[1664203335,147][DEBUG]: DevTools WebSocket Command: Input.dispatchKeyEvent (id=209) 36FF8643EFB745BF1FD92B9E552C6E89 {
   &quot;code&quot;: &quot;KeyM&quot;,
   &quot;key&quot;: &quot;m&quot;,
   &quot;modifiers&quot;: 0,
   &quot;text&quot;: &quot;m&quot;,
   &quot;type&quot;: &quot;rawKeyDown&quot;,
   &quot;unmodifiedText&quot;: &quot;m&quot;,
   &quot;windowsVirtualKeyCode&quot;: 77
}
[1664203335,147][DEBUG]: DevTools WebSocket Command: Input.dispatchKeyEvent (id=210) 36FF8643EFB745BF1FD92B9E552C6E89 {
   &quot;code&quot;: &quot;KeyM&quot;,
   &quot;key&quot;: &quot;m&quot;,
   &quot;modifiers&quot;: 0,
   &quot;text&quot;: &quot;m&quot;,
   &quot;type&quot;: &quot;char&quot;,
   &quot;unmodifiedText&quot;: &quot;m&quot;,
   &quot;windowsVirtualKeyCode&quot;: 77
}
[1664203335,147][DEBUG]: DevTools WebSocket Command: Input.dispatchKeyEvent (id=211) 36FF8643EFB745BF1FD92B9E552C6E89 {
   &quot;code&quot;: &quot;KeyM&quot;,
   &quot;key&quot;: &quot;m&quot;,
   &quot;modifiers&quot;: 0,
   &quot;text&quot;: &quot;m&quot;,
   &quot;type&quot;: &quot;keyUp&quot;,
   &quot;unmodifiedText&quot;: &quot;m&quot;,
   &quot;windowsVirtualKeyCode&quot;: 77
}
[1664203335,147][DEBUG]: DevTools WebSocket Command: Input.dispatchKeyEvent (id=212) 36FF8643EFB745BF1FD92B9E552C6E89 {
   &quot;code&quot;: &quot;KeyP&quot;,
   &quot;key&quot;: &quot;p&quot;,
   &quot;modifiers&quot;: 0,
   &quot;text&quot;: &quot;p&quot;,
   &quot;type&quot;: &quot;rawKeyDown&quot;,
   &quot;unmodifiedText&quot;: &quot;p&quot;,
   &quot;windowsVirtualKeyCode&quot;: 80
}
[1664203335,147][DEBUG]: DevTools WebSocket Command: Input.dispatchKeyEvent (id=213) 36FF8643EFB745BF1FD92B9E552C6E89 {
   &quot;code&quot;: &quot;KeyP&quot;,
   &quot;key&quot;: &quot;p&quot;,
   &quot;modifiers&quot;: 0,
   &quot;text&quot;: &quot;p&quot;,
   &quot;type&quot;: &quot;char&quot;,
   &quot;unmodifiedText&quot;: &quot;p&quot;,
   &quot;windowsVirtualKeyCode&quot;: 80
}
[1664203335,147][DEBUG]: DevTools WebSocket Command: Input.dispatchKeyEvent (id=214) 36FF8643EFB745BF1FD92B9E552C6E89 {
   &quot;code&quot;: &quot;KeyP&quot;,
   &quot;key&quot;: &quot;p&quot;,
   &quot;modifiers&quot;: 0,
   &quot;text&quot;: &quot;p&quot;,
   &quot;type&quot;: &quot;keyUp&quot;,
   &quot;unmodifiedText&quot;: &quot;p&quot;,
   &quot;windowsVirtualKeyCode&quot;: 80
}
[1664203335,147][DEBUG]: DevTools WebSocket Command: Input.dispatchKeyEvent (id=215) 36FF8643EFB745BF1FD92B9E552C6E89 {
   &quot;code&quot;: &quot;KeyE&quot;,
   &quot;key&quot;: &quot;e&quot;,
   &quot;modifiers&quot;: 0,
   &quot;text&quot;: &quot;e&quot;,
   &quot;type&quot;: &quot;rawKeyDown&quot;,
   &quot;unmodifiedText&quot;: &quot;e&quot;,
   &quot;windowsVirtualKeyCode&quot;: 69
}
[1664203335,147][DEBUG]: DevTools WebSocket Command: Input.dispatchKeyEvent (id=216) 36FF8643EFB745BF1FD92B9E552C6E89 {
   &quot;code&quot;: &quot;KeyE&quot;,
   &quot;key&quot;: &quot;e&quot;,
   &quot;modifiers&quot;: 0,
   &quot;text&quot;: &quot;e&quot;,
   &quot;type&quot;: &quot;char&quot;,
   &quot;unmodifiedText&quot;: &quot;e&quot;,
   &quot;windowsVirtualKeyCode&quot;: 69
}
[1664203335,147][DEBUG]: DevTools WebSocket Command: Input.dispatchKeyEvent (id=217) 36FF8643EFB745BF1FD92B9E552C6E89 {
   &quot;code&quot;: &quot;KeyE&quot;,
   &quot;key&quot;: &quot;e&quot;,
   &quot;modifiers&quot;: 0,
   &quot;text&quot;: &quot;e&quot;,
   &quot;type&quot;: &quot;keyUp&quot;,
   &quot;unmodifiedText&quot;: &quot;e&quot;,
   &quot;windowsVirtualKeyCode&quot;: 69
}
[1664203335,147][DEBUG]: DevTools WebSocket Command: Input.dispatchKeyEvent (id=218) 36FF8643EFB745BF1FD92B9E552C6E89 {
   &quot;code&quot;: &quot;KeyR&quot;,
   &quot;key&quot;: &quot;r&quot;,
   &quot;modifiers&quot;: 0,
   &quot;text&quot;: &quot;r&quot;,
   &quot;type&quot;: &quot;rawKeyDown&quot;,
   &quot;unmodifiedText&quot;: &quot;r&quot;,
   &quot;windowsVirtualKeyCode&quot;: 82
}
[1664203335,147][DEBUG]: DevTools WebSocket Command: Input.dispatchKeyEvent (id=219) 36FF8643EFB745BF1FD92B9E552C6E89 {
   &quot;code&quot;: &quot;KeyR&quot;,
   &quot;key&quot;: &quot;r&quot;,
   &quot;modifiers&quot;: 0,
   &quot;text&quot;: &quot;r&quot;,
   &quot;type&quot;: &quot;char&quot;,
   &quot;unmodifiedText&quot;: &quot;r&quot;,
   &quot;windowsVirtualKeyCode&quot;: 82
}
[1664203335,147][DEBUG]: DevTools WebSocket Command: Input.dispatchKeyEvent (id=220) 36FF8643EFB745BF1FD92B9E552C6E89 {
   &quot;code&quot;: &quot;KeyR&quot;,
   &quot;key&quot;: &quot;r&quot;,
   &quot;modifiers&quot;: 0,
   &quot;text&quot;: &quot;r&quot;,
   &quot;type&quot;: &quot;keyUp&quot;,
   &quot;unmodifiedText&quot;: &quot;r&quot;,
   &quot;windowsVirtualKeyCode&quot;: 82
}
[1664203335,147][DEBUG]: DevTools WebSocket Command: Input.dispatchKeyEvent (id=221) 36FF8643EFB745BF1FD92B9E552C6E89 {
   &quot;code&quot;: &quot;KeyD&quot;,
   &quot;key&quot;: &quot;d&quot;,
   &quot;modifiers&quot;: 0,
   &quot;text&quot;: &quot;d&quot;,
   &quot;type&quot;: &quot;rawKeyDown&quot;,
   &quot;unmodifiedText&quot;: &quot;d&quot;,
   &quot;windowsVirtualKeyCode&quot;: 68
}
[1664203335,147][DEBUG]: DevTools WebSocket Command: Input.dispatchKeyEvent (id=222) 36FF8643EFB745BF1FD92B9E552C6E89 {
   &quot;code&quot;: &quot;KeyD&quot;,
   &quot;key&quot;: &quot;d&quot;,
   &quot;modifiers&quot;: 0,
   &quot;text&quot;: &quot;d&quot;,
   &quot;type&quot;: &quot;char&quot;,
   &quot;unmodifiedText&quot;: &quot;d&quot;,
   &quot;windowsVirtualKeyCode&quot;: 68
}
[1664203335,147][DEBUG]: DevTools WebSocket Command: Input.dispatchKeyEvent (id=223) 36FF8643EFB745BF1FD92B9E552C6E89 {
   &quot;code&quot;: &quot;KeyD&quot;,
   &quot;key&quot;: &quot;d&quot;,
   &quot;modifiers&quot;: 0,
   &quot;text&quot;: &quot;d&quot;,
   &quot;type&quot;: &quot;keyUp&quot;,
   &quot;unmodifiedText&quot;: &quot;d&quot;,
   &quot;windowsVirtualKeyCode&quot;: 68
}
[1664203335,147][DEBUG]: DevTools WebSocket Command: Input.dispatchKeyEvent (id=224) 36FF8643EFB745BF1FD92B9E552C6E89 {
   &quot;code&quot;: &quot;KeyI&quot;,
   &quot;key&quot;: &quot;i&quot;,
   &quot;modifiers&quot;: 0,
   &quot;text&quot;: &quot;i&quot;,
   &quot;type&quot;: &quot;rawKeyDown&quot;,
   &quot;unmodifiedText&quot;: &quot;i&quot;,
   &quot;windowsVirtualKeyCode&quot;: 73
}
[1664203335,148][DEBUG]: DevTools WebSocket Command: Input.dispatchKeyEvent (id=225) 36FF8643EFB745BF1FD92B9E552C6E89 {
   &quot;code&quot;: &quot;KeyI&quot;,
   &quot;key&quot;: &quot;i&quot;,
   &quot;modifiers&quot;: 0,
   &quot;text&quot;: &quot;i&quot;,
   &quot;type&quot;: &quot;char&quot;,
   &quot;unmodifiedText&quot;: &quot;i&quot;,
   &quot;windowsVirtualKeyCode&quot;: 73
}
[1664203335,148][DEBUG]: DevTools WebSocket Command: Input.dispatchKeyEvent (id=226) 36FF8643EFB745BF1FD92B9E552C6E89 {
   &quot;code&quot;: &quot;KeyI&quot;,
   &quot;key&quot;: &quot;i&quot;,
   &quot;modifiers&quot;: 0,
   &quot;text&quot;: &quot;i&quot;,
   &quot;type&quot;: &quot;keyUp&quot;,
   &quot;unmodifiedText&quot;: &quot;i&quot;,
   &quot;windowsVirtualKeyCode&quot;: 73
}
[1664203335,148][DEBUG]: DevTools WebSocket Command: Input.dispatchKeyEvent (id=227) 36FF8643EFB745BF1FD92B9E552C6E89 {
   &quot;code&quot;: &quot;KeyE&quot;,
   &quot;key&quot;: &quot;e&quot;,
   &quot;modifiers&quot;: 0,
   &quot;text&quot;: &quot;e&quot;,
   &quot;type&quot;: &quot;rawKeyDown&quot;,
   &quot;unmodifiedText&quot;: &quot;e&quot;,
   &quot;windowsVirtualKeyCode&quot;: 69
}
[1664203335,148][DEBUG]: DevTools WebSocket Command: Input.dispatchKeyEvent (id=228) 36FF8643EFB745BF1FD92B9E552C6E89 {
   &quot;code&quot;: &quot;KeyE&quot;,
   &quot;key&quot;: &quot;e&quot;,
   &quot;modifiers&quot;: 0,
   &quot;text&quot;: &quot;e&quot;,
   &quot;type&quot;: &quot;char&quot;,
   &quot;unmodifiedText&quot;: &quot;e&quot;,
   &quot;windowsVirtualKeyCode&quot;: 69
}
[1664203335,148][DEBUG]: DevTools WebSocket Command: Input.dispatchKeyEvent (id=229) 36FF8643EFB745BF1FD92B9E552C6E89 {
   &quot;code&quot;: &quot;KeyE&quot;,
   &quot;key&quot;: &quot;e&quot;,
   &quot;modifiers&quot;: 0,
   &quot;text&quot;: &quot;e&quot;,
   &quot;type&quot;: &quot;keyUp&quot;,
   &quot;unmodifiedText&quot;: &quot;e&quot;,
   &quot;windowsVirtualKeyCode&quot;: 69
}
[1664203335,148][DEBUG]: DevTools WebSocket Command: Input.dispatchKeyEvent (id=230) 36FF8643EFB745BF1FD92B9E552C6E89 {
   &quot;code&quot;: &quot;KeyT&quot;,
   &quot;key&quot;: &quot;t&quot;,
   &quot;modifiers&quot;: 0,
   &quot;text&quot;: &quot;t&quot;,
   &quot;type&quot;: &quot;rawKeyDown&quot;,
   &quot;unmodifiedText&quot;: &quot;t&quot;,
   &quot;windowsVirtualKeyCode&quot;: 84
}
[1664203335,148][DEBUG]: DevTools WebSocket Command: Input.dispatchKeyEvent (id=231) 36FF8643EFB745BF1FD92B9E552C6E89 {
   &quot;code&quot;: &quot;KeyT&quot;,
   &quot;key&quot;: &quot;t&quot;,
   &quot;modifiers&quot;: 0,
   &quot;text&quot;: &quot;t&quot;,
   &quot;type&quot;: &quot;char&quot;,
   &quot;unmodifiedText&quot;: &quot;t&quot;,
   &quot;windowsVirtualKeyCode&quot;: 84
}
[1664203335,148][DEBUG]: DevTools WebSocket Command: Input.dispatchKeyEvent (id=232) 36FF8643EFB745BF1FD92B9E552C6E89 {
   &quot;code&quot;: &quot;KeyT&quot;,
   &quot;key&quot;: &quot;t&quot;,
   &quot;modifiers&quot;: 0,
   &quot;text&quot;: &quot;t&quot;,
   &quot;type&quot;: &quot;keyUp&quot;,
   &quot;unmodifiedText&quot;: &quot;t&quot;,
   &quot;windowsVirtualKeyCode&quot;: 84
}
[1664203335,148][DEBUG]: DevTools WebSocket Command: Input.dispatchKeyEvent (id=233) 36FF8643EFB745BF1FD92B9E552C6E89 {
   &quot;code&quot;: &quot;Space&quot;,
   &quot;key&quot;: &quot; &quot;,
   &quot;modifiers&quot;: 0,
   &quot;text&quot;: &quot; &quot;,
   &quot;type&quot;: &quot;rawKeyDown&quot;,
   &quot;unmodifiedText&quot;: &quot; &quot;,
   &quot;windowsVirtualKeyCode&quot;: 32
}
[1664203335,148][DEBUG]: DevTools WebSocket Command: Input.dispatchKeyEvent (id=234) 36FF8643EFB745BF1FD92B9E552C6E89 {
   &quot;code&quot;: &quot;Space&quot;,
   &quot;key&quot;: &quot; &quot;,
   &quot;modifiers&quot;: 0,
   &quot;text&quot;: &quot; &quot;,
   &quot;type&quot;: &quot;char&quot;,
   &quot;unmodifiedText&quot;: &quot; &quot;,
   &quot;windowsVirtualKeyCode&quot;: 32
}
[1664203335,148][DEBUG]: DevTools WebSocket Command: Input.dispatchKeyEvent (id=235) 36FF8643EFB745BF1FD92B9E552C6E89 {
   &quot;code&quot;: &quot;Space&quot;,
   &quot;key&quot;: &quot; &quot;,
   &quot;modifiers&quot;: 0,
   &quot;text&quot;: &quot; &quot;,
   &quot;type&quot;: &quot;keyUp&quot;,
   &quot;unmodifiedText&quot;: &quot; &quot;,
   &quot;windowsVirtualKeyCode&quot;: 32
}
[1664203335,148][DEBUG]: DevTools WebSocket Command: Input.dispatchKeyEvent (id=236) 36FF8643EFB745BF1FD92B9E552C6E89 {
   &quot;code&quot;: &quot;ShiftLeft&quot;,
   &quot;key&quot;: &quot;Shift&quot;,
   &quot;modifiers&quot;: 0,
   &quot;text&quot;: &quot;&quot;,
   &quot;type&quot;: &quot;rawKeyDown&quot;,
   &quot;unmodifiedText&quot;: &quot;&quot;,
   &quot;windowsVirtualKeyCode&quot;: 16
}
[1664203335,148][DEBUG]: DevTools WebSocket Command: Input.dispatchKeyEvent (id=237) 36FF8643EFB745BF1FD92B9E552C6E89 {
   &quot;code&quot;: &quot;KeyS&quot;,
   &quot;key&quot;: &quot;S&quot;,
   &quot;modifiers&quot;: 8,
   &quot;text&quot;: &quot;S&quot;,
   &quot;type&quot;: &quot;rawKeyDown&quot;,
   &quot;unmodifiedText&quot;: &quot;s&quot;,
   &quot;windowsVirtualKeyCode&quot;: 83
}
[1664203335,149][DEBUG]: DevTools WebSocket Command: Input.dispatchKeyEvent (id=238) 36FF8643EFB745BF1FD92B9E552C6E89 {
   &quot;code&quot;: &quot;KeyS&quot;,
   &quot;key&quot;: &quot;S&quot;,
   &quot;modifiers&quot;: 8,
   &quot;text&quot;: &quot;S&quot;,
   &quot;type&quot;: &quot;char&quot;,
   &quot;unmodifiedText&quot;: &quot;s&quot;,
   &quot;windowsVirtualKeyCode&quot;: 83
}
[1664203335,149][DEBUG]: DevTools WebSocket Command: Input.dispatchKeyEvent (id=239) 36FF8643EFB745BF1FD92B9E552C6E89 {
   &quot;code&quot;: &quot;KeyS&quot;,
   &quot;key&quot;: &quot;S&quot;,
   &quot;modifiers&quot;: 8,
   &quot;text&quot;: &quot;S&quot;,
   &quot;type&quot;: &quot;keyUp&quot;,
   &quot;unmodifiedText&quot;: &quot;s&quot;,
   &quot;windowsVirtualKeyCode&quot;: 83
}
[1664203335,149][DEBUG]: DevTools WebSocket Command: Input.dispatchKeyEvent (id=240) 36FF8643EFB745BF1FD92B9E552C6E89 {
   &quot;code&quot;: &quot;ShiftLeft&quot;,
   &quot;key&quot;: &quot;Shift&quot;,
   &quot;modifiers&quot;: 0,
   &quot;text&quot;: &quot;&quot;,
   &quot;type&quot;: &quot;keyUp&quot;,
   &quot;unmodifiedText&quot;: &quot;&quot;,
   &quot;windowsVirtualKeyCode&quot;: 16
}
[1664203335,149][DEBUG]: DevTools WebSocket Command: Input.dispatchKeyEvent (id=241) 36FF8643EFB745BF1FD92B9E552C6E89 {
   &quot;code&quot;: &quot;KeyT&quot;,
   &quot;key&quot;: &quot;t&quot;,
   &quot;modifiers&quot;: 0,
   &quot;text&quot;: &quot;t&quot;,
   &quot;type&quot;: &quot;rawKeyDown&quot;,
   &quot;unmodifiedText&quot;: &quot;t&quot;,
   &quot;windowsVirtualKeyCode&quot;: 84
}
[1664203335,149][DEBUG]: DevTools WebSocket Command: Input.dispatchKeyEvent (id=242) 36FF8643EFB745BF1FD92B9E552C6E89 {
   &quot;code&quot;: &quot;KeyT&quot;,
   &quot;key&quot;: &quot;t&quot;,
   &quot;modifiers&quot;: 0,
   &quot;text&quot;: &quot;t&quot;,
   &quot;type&quot;: &quot;char&quot;,
   &quot;unmodifiedText&quot;: &quot;t&quot;,
   &quot;windowsVirtualKeyCode&quot;: 84
}
[1664203335,149][DEBUG]: DevTools WebSocket Command: Input.dispatchKeyEvent (id=243) 36FF8643EFB745BF1FD92B9E552C6E89 {
   &quot;code&quot;: &quot;KeyT&quot;,
   &quot;key&quot;: &quot;t&quot;,
   &quot;modifiers&quot;: 0,
   &quot;text&quot;: &quot;t&quot;,
   &quot;type&quot;: &quot;keyUp&quot;,
   &quot;unmodifiedText&quot;: &quot;t&quot;,
   &quot;windowsVirtualKeyCode&quot;: 84
}
[1664203335,149][DEBUG]: DevTools WebSocket Command: Input.dispatchKeyEvent (id=244) 36FF8643EFB745BF1FD92B9E552C6E89 {
   &quot;code&quot;: &quot;KeyR&quot;,
   &quot;key&quot;: &quot;r&quot;,
   &quot;modifiers&quot;: 0,
   &quot;text&quot;: &quot;r&quot;,
   &quot;type&quot;: &quot;rawKeyDown&quot;,
   &quot;unmodifiedText&quot;: &quot;r&quot;,
   &quot;windowsVirtualKeyCode&quot;: 82
}
[1664203335,149][DEBUG]: DevTools WebSocket Command: Input.dispatchKeyEvent (id=245) 36FF8643EFB745BF1FD92B9E552C6E89 {
   &quot;code&quot;: &quot;KeyR&quot;,
   &quot;key&quot;: &quot;r&quot;,
   &quot;modifiers&quot;: 0,
   &quot;text&quot;: &quot;r&quot;,
   &quot;type&quot;: &quot;char&quot;,
   &quot;unmodifiedText&quot;: &quot;r&quot;,
   &quot;windowsVirtualKeyCode&quot;: 82
}
[1664203335,149][DEBUG]: DevTools WebSocket Command: Input.dispatchKeyEvent (id=246) 36FF8643EFB745BF1FD92B9E552C6E89 {
   &quot;code&quot;: &quot;KeyR&quot;,
   &quot;key&quot;: &quot;r&quot;,
   &quot;modifiers&quot;: 0,
   &quot;text&quot;: &quot;r&quot;,
   &quot;type&quot;: &quot;keyUp&quot;,
   &quot;unmodifiedText&quot;: &quot;r&quot;,
   &quot;windowsVirtualKeyCode&quot;: 82
}
[1664203335,149][DEBUG]: DevTools WebSocket Command: Input.dispatchKeyEvent (id=247) 36FF8643EFB745BF1FD92B9E552C6E89 {
   &quot;code&quot;: &quot;KeyE&quot;,
   &quot;key&quot;: &quot;e&quot;,
   &quot;modifiers&quot;: 0,
   &quot;text&quot;: &quot;e&quot;,
   &quot;type&quot;: &quot;rawKeyDown&quot;,
   &quot;unmodifiedText&quot;: &quot;e&quot;,
   &quot;windowsVirtualKeyCode&quot;: 69
}
[1664203335,149][DEBUG]: DevTools WebSocket Command: Input.dispatchKeyEvent (id=248) 36FF8643EFB745BF1FD92B9E552C6E89 {
   &quot;code&quot;: &quot;KeyE&quot;,
   &quot;key&quot;: &quot;e&quot;,
   &quot;modifiers&quot;: 0,
   &quot;text&quot;: &quot;e&quot;,
   &quot;type&quot;: &quot;char&quot;,
   &quot;unmodifiedText&quot;: &quot;e&quot;,
   &quot;windowsVirtualKeyCode&quot;: 69
}
[1664203335,149][DEBUG]: DevTools WebSocket Command: Input.dispatchKeyEvent (id=249) 36FF8643EFB745BF1FD92B9E552C6E89 {
   &quot;code&quot;: &quot;KeyE&quot;,
   &quot;key&quot;: &quot;e&quot;,
   &quot;modifiers&quot;: 0,
   &quot;text&quot;: &quot;e&quot;,
   &quot;type&quot;: &quot;keyUp&quot;,
   &quot;unmodifiedText&quot;: &quot;e&quot;,
   &quot;windowsVirtualKeyCode&quot;: 69
}
[1664203335,149][DEBUG]: DevTools WebSocket Command: Input.dispatchKeyEvent (id=250) 36FF8643EFB745BF1FD92B9E552C6E89 {
   &quot;code&quot;: &quot;KeyE&quot;,
   &quot;key&quot;: &quot;e&quot;,
   &quot;modifiers&quot;: 0,
   &quot;text&quot;: &quot;e&quot;,
   &quot;type&quot;: &quot;rawKeyDown&quot;,
   &quot;unmodifiedText&quot;: &quot;e&quot;,
   &quot;windowsVirtualKeyCode&quot;: 69
}
[1664203335,149][DEBUG]: DevTools WebSocket Command: Input.dispatchKeyEvent (id=251) 36FF8643EFB745BF1FD92B9E552C6E89 {
   &quot;code&quot;: &quot;KeyE&quot;,
   &quot;key&quot;: &quot;e&quot;,
   &quot;modifiers&quot;: 0,
   &quot;text&quot;: &quot;e&quot;,
   &quot;type&quot;: &quot;char&quot;,
   &quot;unmodifiedText&quot;: &quot;e&quot;,
   &quot;windowsVirtualKeyCode&quot;: 69
}
[1664203335,149][DEBUG]: DevTools WebSocket Command: Input.dispatchKeyEvent (id=252) 36FF8643EFB745BF1FD92B9E552C6E89 {
   &quot;code&quot;: &quot;KeyE&quot;,
   &quot;key&quot;: &quot;e&quot;,
   &quot;modifiers&quot;: 0,
   &quot;text&quot;: &quot;e&quot;,
   &quot;type&quot;: &quot;keyUp&quot;,
   &quot;unmodifiedText&quot;: &quot;e&quot;,
   &quot;windowsVirtualKeyCode&quot;: 69
}
[1664203335,149][DEBUG]: DevTools WebSocket Command: Input.dispatchKeyEvent (id=253) 36FF8643EFB745BF1FD92B9E552C6E89 {
   &quot;code&quot;: &quot;KeyT&quot;,
   &quot;key&quot;: &quot;t&quot;,
   &quot;modifiers&quot;: 0,
   &quot;text&quot;: &quot;t&quot;,
   &quot;type&quot;: &quot;rawKeyDown&quot;,
   &quot;unmodifiedText&quot;: &quot;t&quot;,
   &quot;windowsVirtualKeyCode&quot;: 84
}
[1664203335,149][DEBUG]: DevTools WebSocket Command: Input.dispatchKeyEvent (id=254) 36FF8643EFB745BF1FD92B9E552C6E89 {
   &quot;code&quot;: &quot;KeyT&quot;,
   &quot;key&quot;: &quot;t&quot;,
   &quot;modifiers&quot;: 0,
   &quot;text&quot;: &quot;t&quot;,
   &quot;type&quot;: &quot;char&quot;,
   &quot;unmodifiedText&quot;: &quot;t&quot;,
   &quot;windowsVirtualKeyCode&quot;: 84
}
[1664203335,149][DEBUG]: DevTools WebSocket Command: Input.dispatchKeyEvent (id=255) 36FF8643EFB745BF1FD92B9E552C6E89 {
   &quot;code&quot;: &quot;KeyT&quot;,
   &quot;key&quot;: &quot;t&quot;,
   &quot;modifiers&quot;: 0,
   &quot;text&quot;: &quot;t&quot;,
   &quot;type&quot;: &quot;keyUp&quot;,
   &quot;unmodifiedText&quot;: &quot;t&quot;,
   &quot;windowsVirtualKeyCode&quot;: 84
}
[1664203335,149][DEBUG]: DevTools WebSocket Response: Input.dispatchKeyEvent (id=141) 36FF8643EFB745BF1FD92B9E552C6E89 {
}
[1664203335,149][DEBUG]: DevTools WebSocket Response: Input.dispatchKeyEvent (id=142) 36FF8643EFB745BF1FD92B9E552C6E89 {
}
[1664203335,149][DEBUG]: DevTools WebSocket Response: Input.dispatchKeyEvent (id=143) 36FF8643EFB745BF1FD92B9E552C6E89 {
}
[1664203335,149][DEBUG]: DevTools WebSocket Response: Input.dispatchKeyEvent (id=144) 36FF8643EFB745BF1FD92B9E552C6E89 {
}
[1664203335,149][DEBUG]: DevTools WebSocket Response: Input.dispatchKeyEvent (id=145) 36FF8643EFB745BF1FD92B9E552C6E89 {
}
[1664203335,149][DEBUG]: DevTools WebSocket Response: Input.dispatchKeyEvent (id=146) 36FF8643EFB745BF1FD92B9E552C6E89 {
}
[1664203335,149][DEBUG]: DevTools WebSocket Response: Input.dispatchKeyEvent (id=147) 36FF8643EFB745BF1FD92B9E552C6E89 {
}
[1664203335,149][DEBUG]: DevTools WebSocket Response: Input.dispatchKeyEvent (id=148) 36FF8643EFB745BF1FD92B9E552C6E89 {
}
[1664203335,149][DEBUG]: DevTools WebSocket Response: Input.dispatchKeyEvent (id=149) 36FF8643EFB745BF1FD92B9E552C6E89 {
}
[1664203335,149][DEBUG]: DevTools WebSocket Response: Input.dispatchKeyEvent (id=150) 36FF8643EFB745BF1FD92B9E552C6E89 {
}
[1664203335,149][DEBUG]: DevTools WebSocket Response: Input.dispatchKeyEvent (id=151) 36FF8643EFB745BF1FD92B9E552C6E89 {
}
[1664203335,149][DEBUG]: DevTools WebSocket Response: Input.dispatchKeyEvent (id=152) 36FF8643EFB745BF1FD92B9E552C6E89 {
}
[1664203335,149][DEBUG]: DevTools WebSocket Response: Input.dispatchKeyEvent (id=153) 36FF8643EFB745BF1FD92B9E552C6E89 {
}
[1664203335,149][DEBUG]: DevTools WebSocket Response: Input.dispatchKeyEvent (id=154) 36FF8643EFB745BF1FD92B9E552C6E89 {
}
[1664203335,149][DEBUG]: DevTools WebSocket Response: Input.dispatchKeyEvent (id=155) 36FF8643EFB745BF1FD92B9E552C6E89 {
}
[1664203335,149][DEBUG]: DevTools WebSocket Response: Input.dispatchKeyEvent (id=156) 36FF8643EFB745BF1FD92B9E552C6E89 {
}
[1664203335,149][DEBUG]: DevTools WebSocket Response: Input.dispatchKeyEvent (id=157) 36FF8643EFB745BF1FD92B9E552C6E89 {
}
[1664203335,149][DEBUG]: DevTools WebSocket Response: Input.dispatchKeyEvent (id=158) 36FF8643EFB745BF1FD92B9E552C6E89 {
}
[1664203335,149][DEBUG]: DevTools WebSocket Response: Input.dispatchKeyEvent (id=159) 36FF8643EFB745BF1FD92B9E552C6E89 {
}
[1664203335,149][DEBUG]: DevTools WebSocket Response: Input.dispatchKeyEvent (id=160) 36FF8643EFB745BF1FD92B9E552C6E89 {
}
[1664203335,149][DEBUG]: DevTools WebSocket Response: Input.dispatchKeyEvent (id=161) 36FF8643EFB745BF1FD92B9E552C6E89 {
}
[1664203335,149][DEBUG]: DevTools WebSocket Response: Input.dispatchKeyEvent (id=162) 36FF8643EFB745BF1FD92B9E552C6E89 {
}
[1664203335,149][DEBUG]: DevTools WebSocket Response: Input.dispatchKeyEvent (id=163) 36FF8643EFB745BF1FD92B9E552C6E89 {
}
[1664203335,150][DEBUG]: DevTools WebSocket Response: Input.dispatchKeyEvent (id=164) 36FF8643EFB745BF1FD92B9E552C6E89 {
}
[1664203335,150][DEBUG]: DevTools WebSocket Response: Input.dispatchKeyEvent (id=165) 36FF8643EFB745BF1FD92B9E552C6E89 {
}
[1664203335,150][DEBUG]: DevTools WebSocket Response: Input.dispatchKeyEvent (id=166) 36FF8643EFB745BF1FD92B9E552C6E89 {
}
[1664203335,150][DEBUG]: DevTools WebSocket Response: Input.dispatchKeyEvent (id=167) 36FF8643EFB745BF1FD92B9E552C6E89 {
}
[1664203335,150][DEBUG]: DevTools WebSocket Response: Input.dispatchKeyEvent (id=168) 36FF8643EFB745BF1FD92B9E552C6E89 {
}
[1664203335,150][DEBUG]: DevTools WebSocket Response: Input.dispatchKeyEvent (id=169) 36FF8643EFB745BF1FD92B9E552C6E89 {
}
[1664203335,150][DEBUG]: DevTools WebSocket Response: Input.dispatchKeyEvent (id=170) 36FF8643EFB745BF1FD92B9E552C6E89 {
}
[1664203335,150][DEBUG]: DevTools WebSocket Response: Input.dispatchKeyEvent (id=171) 36FF8643EFB745BF1FD92B9E552C6E89 {
}
[1664203335,150][DEBUG]: DevTools WebSocket Response: Input.dispatchKeyEvent (id=172) 36FF8643EFB745BF1FD92B9E552C6E89 {
}
[1664203335,150][DEBUG]: DevTools WebSocket Response: Input.dispatchKeyEvent (id=173) 36FF8643EFB745BF1FD92B9E552C6E89 {
}
[1664203335,150][DEBUG]: DevTools WebSocket Response: Input.dispatchKeyEvent (id=174) 36FF8643EFB745BF1FD92B9E552C6E89 {
}
[1664203335,150][DEBUG]: DevTools WebSocket Response: Input.dispatchKeyEvent (id=175) 36FF8643EFB745BF1FD92B9E552C6E89 {
}
[1664203335,150][DEBUG]: DevTools WebSocket Response: Input.dispatchKeyEvent (id=176) 36FF8643EFB745BF1FD92B9E552C6E89 {
}
[1664203335,150][DEBUG]: DevTools WebSocket Response: Input.dispatchKeyEvent (id=177) 36FF8643EFB745BF1FD92B9E552C6E89 {
}
[1664203335,150][DEBUG]: DevTools WebSocket Response: Input.dispatchKeyEvent (id=178) 36FF8643EFB745BF1FD92B9E552C6E89 {
}
[1664203335,150][DEBUG]: DevTools WebSocket Response: Input.dispatchKeyEvent (id=179) 36FF8643EFB745BF1FD92B9E552C6E89 {
}
[1664203335,150][DEBUG]: DevTools WebSocket Response: Input.dispatchKeyEvent (id=180) 36FF8643EFB745BF1FD92B9E552C6E89 {
}
[1664203335,150][DEBUG]: DevTools WebSocket Response: Input.dispatchKeyEvent (id=181) 36FF8643EFB745BF1FD92B9E552C6E89 {
}
[1664203335,150][DEBUG]: DevTools WebSocket Response: Input.dispatchKeyEvent (id=182) 36FF8643EFB745BF1FD92B9E552C6E89 {
}
[1664203335,150][DEBUG]: DevTools WebSocket Response: Input.dispatchKeyEvent (id=183) 36FF8643EFB745BF1FD92B9E552C6E89 {
}
[1664203335,150][DEBUG]: DevTools WebSocket Response: Input.dispatchKeyEvent (id=184) 36FF8643EFB745BF1FD92B9E552C6E89 {
}
[1664203335,150][DEBUG]: DevTools WebSocket Response: Input.dispatchKeyEvent (id=185) 36FF8643EFB745BF1FD92B9E552C6E89 {
}
[1664203335,150][DEBUG]: DevTools WebSocket Response: Input.dispatchKeyEvent (id=186) 36FF8643EFB745BF1FD92B9E552C6E89 {
}
[1664203335,150][DEBUG]: DevTools WebSocket Response: Input.dispatchKeyEvent (id=187) 36FF8643EFB745BF1FD92B9E552C6E89 {
}
[1664203335,150][DEBUG]: DevTools WebSocket Response: Input.dispatchKeyEvent (id=188) 36FF8643EFB745BF1FD92B9E552C6E89 {
}
[1664203335,152][DEBUG]: DevTools WebSocket Response: Input.dispatchKeyEvent (id=189) 36FF8643EFB745BF1FD92B9E552C6E89 {
}
[1664203335,152][DEBUG]: DevTools WebSocket Response: Input.dispatchKeyEvent (id=190) 36FF8643EFB745BF1FD92B9E552C6E89 {
}
[1664203335,152][DEBUG]: DevTools WebSocket Response: Input.dispatchKeyEvent (id=191) 36FF8643EFB745BF1FD92B9E552C6E89 {
}
[1664203335,152][DEBUG]: DevTools WebSocket Response: Input.dispatchKeyEvent (id=192) 36FF8643EFB745BF1FD92B9E552C6E89 {
}
[1664203335,152][DEBUG]: DevTools WebSocket Response: Input.dispatchKeyEvent (id=193) 36FF8643EFB745BF1FD92B9E552C6E89 {
}
[1664203335,152][DEBUG]: DevTools WebSocket Response: Input.dispatchKeyEvent (id=194) 36FF8643EFB745BF1FD92B9E552C6E89 {
}
[1664203335,152][DEBUG]: DevTools WebSocket Response: Input.dispatchKeyEvent (id=195) 36FF8643EFB745BF1FD92B9E552C6E89 {
}
[1664203335,153][DEBUG]: DevTools WebSocket Response: Input.dispatchKeyEvent (id=196) 36FF8643EFB745BF1FD92B9E552C6E89 {
}
[1664203335,153][DEBUG]: DevTools WebSocket Response: Input.dispatchKeyEvent (id=197) 36FF8643EFB745BF1FD92B9E552C6E89 {
}
[1664203335,153][DEBUG]: DevTools WebSocket Response: Input.dispatchKeyEvent (id=198) 36FF8643EFB745BF1FD92B9E552C6E89 {
}
[1664203335,153][DEBUG]: DevTools WebSocket Response: Input.dispatchKeyEvent (id=199) 36FF8643EFB745BF1FD92B9E552C6E89 {
}
[1664203335,153][DEBUG]: DevTools WebSocket Response: Input.dispatchKeyEvent (id=200) 36FF8643EFB745BF1FD92B9E552C6E89 {
}
[1664203335,153][DEBUG]: DevTools WebSocket Response: Input.dispatchKeyEvent (id=201) 36FF8643EFB745BF1FD92B9E552C6E89 {
}
[1664203335,153][DEBUG]: DevTools WebSocket Response: Input.dispatchKeyEvent (id=202) 36FF8643EFB745BF1FD92B9E552C6E89 {
}
[1664203335,153][DEBUG]: DevTools WebSocket Response: Input.dispatchKeyEvent (id=203) 36FF8643EFB745BF1FD92B9E552C6E89 {
}
[1664203335,153][DEBUG]: DevTools WebSocket Response: Input.dispatchKeyEvent (id=204) 36FF8643EFB745BF1FD92B9E552C6E89 {
}
[1664203335,154][DEBUG]: DevTools WebSocket Response: Input.dispatchKeyEvent (id=205) 36FF8643EFB745BF1FD92B9E552C6E89 {
}
[1664203335,154][DEBUG]: DevTools WebSocket Response: Input.dispatchKeyEvent (id=206) 36FF8643EFB745BF1FD92B9E552C6E89 {
}
[1664203335,154][DEBUG]: DevTools WebSocket Response: Input.dispatchKeyEvent (id=207) 36FF8643EFB745BF1FD92B9E552C6E89 {
}
[1664203335,154][DEBUG]: DevTools WebSocket Response: Input.dispatchKeyEvent (id=208) 36FF8643EFB745BF1FD92B9E552C6E89 {
}
[1664203335,154][DEBUG]: DevTools WebSocket Response: Input.dispatchKeyEvent (id=209) 36FF8643EFB745BF1FD92B9E552C6E89 {
}
[1664203335,156][DEBUG]: DevTools WebSocket Response: Input.dispatchKeyEvent (id=210) 36FF8643EFB745BF1FD92B9E552C6E89 {
}
[1664203335,156][DEBUG]: DevTools WebSocket Response: Input.dispatchKeyEvent (id=211) 36FF8643EFB745BF1FD92B9E552C6E89 {
}
[1664203335,156][DEBUG]: DevTools WebSocket Response: Input.dispatchKeyEvent (id=212) 36FF8643EFB745BF1FD92B9E552C6E89 {
}
[1664203335,156][DEBUG]: DevTools WebSocket Response: Input.dispatchKeyEvent (id=213) 36FF8643EFB745BF1FD92B9E552C6E89 {
}
[1664203335,156][DEBUG]: DevTools WebSocket Response: Input.dispatchKeyEvent (id=214) 36FF8643EFB745BF1FD92B9E552C6E89 {
}
[1664203335,156][DEBUG]: DevTools WebSocket Response: Input.dispatchKeyEvent (id=215) 36FF8643EFB745BF1FD92B9E552C6E89 {
}
[1664203335,156][DEBUG]: DevTools WebSocket Response: Input.dispatchKeyEvent (id=216) 36FF8643EFB745BF1FD92B9E552C6E89 {
}
[1664203335,156][DEBUG]: DevTools WebSocket Response: Input.dispatchKeyEvent (id=217) 36FF8643EFB745BF1FD92B9E552C6E89 {
}
[1664203335,156][DEBUG]: DevTools WebSocket Response: Input.dispatchKeyEvent (id=218) 36FF8643EFB745BF1FD92B9E552C6E89 {
}
[1664203335,156][DEBUG]: DevTools WebSocket Response: Input.dispatchKeyEvent (id=219) 36FF8643EFB745BF1FD92B9E552C6E89 {
}
[1664203335,156][DEBUG]: DevTools WebSocket Response: Input.dispatchKeyEvent (id=220) 36FF8643EFB745BF1FD92B9E552C6E89 {
}
[1664203335,156][DEBUG]: DevTools WebSocket Response: Input.dispatchKeyEvent (id=221) 36FF8643EFB745BF1FD92B9E552C6E89 {
}
[1664203335,157][DEBUG]: DevTools WebSocket Response: Input.dispatchKeyEvent (id=222) 36FF8643EFB745BF1FD92B9E552C6E89 {
}
[1664203335,157][DEBUG]: DevTools WebSocket Response: Input.dispatchKeyEvent (id=223) 36FF8643EFB745BF1FD92B9E552C6E89 {
}
[1664203335,157][DEBUG]: DevTools WebSocket Response: Input.dispatchKeyEvent (id=224) 36FF8643EFB745BF1FD92B9E552C6E89 {
}
[1664203335,157][DEBUG]: DevTools WebSocket Response: Input.dispatchKeyEvent (id=225) 36FF8643EFB745BF1FD92B9E552C6E89 {
}
[1664203335,157][DEBUG]: DevTools WebSocket Response: Input.dispatchKeyEvent (id=226) 36FF8643EFB745BF1FD92B9E552C6E89 {
}
[1664203335,157][DEBUG]: DevTools WebSocket Response: Input.dispatchKeyEvent (id=227) 36FF8643EFB745BF1FD92B9E552C6E89 {
}
[1664203335,157][DEBUG]: DevTools WebSocket Response: Input.dispatchKeyEvent (id=228) 36FF8643EFB745BF1FD92B9E552C6E89 {
}
[1664203335,157][DEBUG]: DevTools WebSocket Response: Input.dispatchKeyEvent (id=229) 36FF8643EFB745BF1FD92B9E552C6E89 {
}
[1664203335,157][DEBUG]: DevTools WebSocket Response: Input.dispatchKeyEvent (id=230) 36FF8643EFB745BF1FD92B9E552C6E89 {
}
[1664203335,158][DEBUG]: DevTools WebSocket Response: Input.dispatchKeyEvent (id=231) 36FF8643EFB745BF1FD92B9E552C6E89 {
}
[1664203335,158][DEBUG]: DevTools WebSocket Response: Input.dispatchKeyEvent (id=232) 36FF8643EFB745BF1FD92B9E552C6E89 {
}
[1664203335,158][DEBUG]: DevTools WebSocket Response: Input.dispatchKeyEvent (id=233) 36FF8643EFB745BF1FD92B9E552C6E89 {
}
[1664203335,158][DEBUG]: DevTools WebSocket Response: Input.dispatchKeyEvent (id=234) 36FF8643EFB745BF1FD92B9E552C6E89 {
}
[1664203335,158][DEBUG]: DevTools WebSocket Response: Input.dispatchKeyEvent (id=235) 36FF8643EFB745BF1FD92B9E552C6E89 {
}
[1664203335,158][DEBUG]: DevTools WebSocket Response: Input.dispatchKeyEvent (id=236) 36FF8643EFB745BF1FD92B9E552C6E89 {
}
[1664203335,158][DEBUG]: DevTools WebSocket Response: Input.dispatchKeyEvent (id=237) 36FF8643EFB745BF1FD92B9E552C6E89 {
}
[1664203335,160][DEBUG]: DevTools WebSocket Response: Input.dispatchKeyEvent (id=238) 36FF8643EFB745BF1FD92B9E552C6E89 {
}
[1664203335,162][DEBUG]: DevTools WebSocket Response: Input.dispatchKeyEvent (id=239) 36FF8643EFB745BF1FD92B9E552C6E89 {
}
[1664203335,162][DEBUG]: DevTools WebSocket Response: Input.dispatchKeyEvent (id=240) 36FF8643EFB745BF1FD92B9E552C6E89 {
}
[1664203335,162][DEBUG]: DevTools WebSocket Response: Input.dispatchKeyEvent (id=241) 36FF8643EFB745BF1FD92B9E552C6E89 {
}
[1664203335,162][DEBUG]: DevTools WebSocket Response: Input.dispatchKeyEvent (id=242) 36FF8643EFB745BF1FD92B9E552C6E89 {
}
[1664203335,162][DEBUG]: DevTools WebSocket Response: Input.dispatchKeyEvent (id=243) 36FF8643EFB745BF1FD92B9E552C6E89 {
}
[1664203335,162][DEBUG]: DevTools WebSocket Response: Input.dispatchKeyEvent (id=244) 36FF8643EFB745BF1FD92B9E552C6E89 {
}
[1664203335,162][DEBUG]: DevTools WebSocket Response: Input.dispatchKeyEvent (id=245) 36FF8643EFB745BF1FD92B9E552C6E89 {
}
[1664203335,162][DEBUG]: DevTools WebSocket Response: Input.dispatchKeyEvent (id=246) 36FF8643EFB745BF1FD92B9E552C6E89 {
}
[1664203335,162][DEBUG]: DevTools WebSocket Response: Input.dispatchKeyEvent (id=247) 36FF8643EFB745BF1FD92B9E552C6E89 {
}
[1664203335,162][DEBUG]: DevTools WebSocket Response: Input.dispatchKeyEvent (id=248) 36FF8643EFB745BF1FD92B9E552C6E89 {
}
[1664203335,162][DEBUG]: DevTools WebSocket Response: Input.dispatchKeyEvent (id=249) 36FF8643EFB745BF1FD92B9E552C6E89 {
}
[1664203335,162][DEBUG]: DevTools WebSocket Response: Input.dispatchKeyEvent (id=250) 36FF8643EFB745BF1FD92B9E552C6E89 {
}
[1664203335,162][DEBUG]: DevTools WebSocket Response: Input.dispatchKeyEvent (id=251) 36FF8643EFB745BF1FD92B9E552C6E89 {
}
[1664203335,162][DEBUG]: DevTools WebSocket Response: Input.dispatchKeyEvent (id=252) 36FF8643EFB745BF1FD92B9E552C6E89 {
}
[1664203335,162][DEBUG]: DevTools WebSocket Response: Input.dispatchKeyEvent (id=253) 36FF8643EFB745BF1FD92B9E552C6E89 {
}
[1664203335,162][DEBUG]: DevTools WebSocket Response: Input.dispatchKeyEvent (id=254) 36FF8643EFB745BF1FD92B9E552C6E89 {
}
[1664203335,162][DEBUG]: DevTools WebSocket Response: Input.dispatchKeyEvent (id=255) 36FF8643EFB745BF1FD92B9E552C6E89 {
}
[1664203335,162][INFO]: Waiting for pending navigations...
[1664203335,162][DEBUG]: DevTools WebSocket Command: Runtime.evaluate (id=256) 36FF8643EFB745BF1FD92B9E552C6E89 {
   &quot;expression&quot;: &quot;1&quot;
}
[1664203335,168][DEBUG]: DevTools WebSocket Response: Runtime.evaluate (id=256) 36FF8643EFB745BF1FD92B9E552C6E89 {
   &quot;result&quot;: {
      &quot;description&quot;: &quot;1&quot;,
      &quot;type&quot;: &quot;number&quot;,
      &quot;value&quot;: 1
   }
}
[1664203335,168][INFO]: Done waiting for pending navigations. Status: ok
[1664203335,168][INFO]: [054090904ec2838a7cbf889f1b629cce] RESPONSE TypeElement
[1664203335,173][INFO]: [054090904ec2838a7cbf889f1b629cce] COMMAND TypeElement {
   &quot;id&quot;: &quot;4a5b3876-8ba6-499a-91b6-816f155d8056&quot;,
   &quot;text&quot;: &quot;Nova Scotia&quot;,
   &quot;value&quot;: [ &quot;N&quot;, &quot;o&quot;, &quot;v&quot;, &quot;a&quot;, &quot; &quot;, &quot;S&quot;, &quot;c&quot;, &quot;o&quot;, &quot;t&quot;, &quot;i&quot;, &quot;a&quot; ]
}
[1664203335,173][INFO]: Waiting for pending navigations...
[1664203335,173][DEBUG]: DevTools WebSocket Command: Runtime.evaluate (id=257) 36FF8643EFB745BF1FD92B9E552C6E89 {
   &quot;expression&quot;: &quot;1&quot;
}
[1664203335,174][DEBUG]: DevTools WebSocket Response: Runtime.evaluate (id=257) 36FF8643EFB745BF1FD92B9E552C6E89 {
   &quot;result&quot;: {
      &quot;description&quot;: &quot;1&quot;,
      &quot;type&quot;: &quot;number&quot;,
      &quot;value&quot;: 1
   }
}
[1664203335,174][INFO]: Done waiting for pending navigations. Status: ok
[1664203335,175][DEBUG]: DevTools WebSocket Command: Runtime.evaluate (id=258) 36FF8643EFB745BF1FD92B9E552C6E89 {
   &quot;awaitPromise&quot;: true,
   &quot;expression&quot;: &quot;(function() { // Copyright (c) 2012 The Chromium Authors. All rights reserved.\n// Use of this source code is governed by a BSD-style license that can be\n// found in the LICENSE file.\n\n/**\n * Enum f...&quot;,
   &quot;returnByValue&quot;: true
}
[1664203335,184][DEBUG]: DevTools WebSocket Response: Runtime.evaluate (id=258) 36FF8643EFB745BF1FD92B9E552C6E89 {
   &quot;result&quot;: {
      &quot;type&quot;: &quot;object&quot;,
      &quot;value&quot;: {
         &quot;status&quot;: 0,
         &quot;value&quot;: &quot;INPUT&quot;
      }
   }
}
[1664203335,184][DEBUG]: DevTools WebSocket Command: Runtime.evaluate (id=259) 36FF8643EFB745BF1FD92B9E552C6E89 {
   &quot;awaitPromise&quot;: true,
   &quot;expression&quot;: &quot;(function() { // Copyright (c) 2012 The Chromium Authors. All rights reserved.\n// Use of this source code is governed by a BSD-style license that can be\n// found in the LICENSE file.\n\n/**\n * Enum f...&quot;,
   &quot;returnByValue&quot;: true
}
[1664203335,190][DEBUG]: DevTools WebSocket Response: Runtime.evaluate (id=259) 36FF8643EFB745BF1FD92B9E552C6E89 {
   &quot;result&quot;: {
      &quot;type&quot;: &quot;object&quot;,
      &quot;value&quot;: {
         &quot;status&quot;: 0,
         &quot;value&quot;: &quot;text&quot;
      }
   }
}
[1664203335,190][DEBUG]: DevTools WebSocket Command: Runtime.evaluate (id=260) 36FF8643EFB745BF1FD92B9E552C6E89 {
   &quot;awaitPromise&quot;: true,
   &quot;expression&quot;: &quot;(function() { // Copyright (c) 2012 The Chromium Authors. All rights reserved.\n// Use of this source code is governed by a BSD-style license that can be\n// found in the LICENSE file.\n\n/**\n * Enum f...&quot;,
   &quot;returnByValue&quot;: true
}
[1664203335,193][DEBUG]: DevTools WebSocket Response: Runtime.evaluate (id=260) 36FF8643EFB745BF1FD92B9E552C6E89 {
   &quot;result&quot;: {
      &quot;type&quot;: &quot;object&quot;,
      &quot;value&quot;: {
         &quot;status&quot;: 0,
         &quot;value&quot;: false
      }
   }
}
[1664203335,194][DEBUG]: DevTools WebSocket Command: Runtime.evaluate (id=261) 36FF8643EFB745BF1FD92B9E552C6E89 {
   &quot;awaitPromise&quot;: true,
   &quot;expression&quot;: &quot;(function() { // Copyright (c) 2012 The Chromium Authors. All rights reserved.\n// Use of this source code is governed by a BSD-style license that can be\n// found in the LICENSE file.\n\n/**\n * Enum f...&quot;,
   &quot;returnByValue&quot;: true
}
[1664203335,201][DEBUG]: DevTools WebSocket Response: Runtime.evaluate (id=261) 36FF8643EFB745BF1FD92B9E552C6E89 {
   &quot;result&quot;: {
      &quot;type&quot;: &quot;object&quot;,
      &quot;value&quot;: {
         &quot;status&quot;: 0,
         &quot;value&quot;: &quot;INPUT&quot;
      }
   }
}
[1664203335,201][DEBUG]: DevTools WebSocket Command: Runtime.evaluate (id=262) 36FF8643EFB745BF1FD92B9E552C6E89 {
   &quot;awaitPromise&quot;: false,
   &quot;expression&quot;: &quot;document.hasFocus()&quot;,
   &quot;returnByValue&quot;: true
}
[1664203335,204][DEBUG]: DevTools WebSocket Response: Runtime.evaluate (id=262) 36FF8643EFB745BF1FD92B9E552C6E89 {
   &quot;result&quot;: {
      &quot;type&quot;: &quot;boolean&quot;,
      &quot;value&quot;: true
   }
}
[1664203335,204][DEBUG]: DevTools WebSocket Command: Runtime.evaluate (id=263) 36FF8643EFB745BF1FD92B9E552C6E89 {
   &quot;awaitPromise&quot;: true,
   &quot;expression&quot;: &quot;(function() { // Copyright (c) 2012 The Chromium Authors. All rights reserved.\n// Use of this source code is governed by a BSD-style license that can be\n// found in the LICENSE file.\n\n/**\n * Enum f...&quot;,
   &quot;returnByValue&quot;: true
}
[1664203335,205][DEBUG]: DevTools WebSocket Response: Runtime.evaluate (id=263) 36FF8643EFB745BF1FD92B9E552C6E89 {
   &quot;result&quot;: {
      &quot;type&quot;: &quot;object&quot;,
      &quot;value&quot;: {
         &quot;status&quot;: 0,
         &quot;value&quot;: {
            &quot;element-6066-11e4-a52e-4f735466cecf&quot;: &quot;2a41926f-4d85-42de-9f84-1f8fecd7cd2d&quot;
         }
      }
   }
}
[1664203335,206][DEBUG]: DevTools WebSocket Command: Runtime.evaluate (id=264) 36FF8643EFB745BF1FD92B9E552C6E89 {
   &quot;awaitPromise&quot;: true,
   &quot;expression&quot;: &quot;(function() { // Copyright (c) 2012 The Chromium Authors. All rights reserved.\n// Use of this source code is governed by a BSD-style license that can be\n// found in the LICENSE file.\n\n/**\n * Enum f...&quot;,
   &quot;returnByValue&quot;: true
}
[1664203335,213][DEBUG]: DevTools WebSocket Response: Runtime.evaluate (id=264) 36FF8643EFB745BF1FD92B9E552C6E89 {
   &quot;result&quot;: {
      &quot;type&quot;: &quot;object&quot;,
      &quot;value&quot;: {
         &quot;status&quot;: 0,
         &quot;value&quot;: true
      }
   }
}
[1664203335,214][DEBUG]: DevTools WebSocket Command: Runtime.evaluate (id=265) 36FF8643EFB745BF1FD92B9E552C6E89 {
   &quot;awaitPromise&quot;: true,
   &quot;expression&quot;: &quot;(function() { // Copyright (c) 2012 The Chromium Authors. All rights reserved.\n// Use of this source code is governed by a BSD-style license that can be\n// found in the LICENSE file.\n\n/**\n * Enum f...&quot;,
   &quot;returnByValue&quot;: true
}
[1664203335,217][DEBUG]: DevTools WebSocket Response: Runtime.evaluate (id=265) 36FF8643EFB745BF1FD92B9E552C6E89 {
   &quot;result&quot;: {
      &quot;type&quot;: &quot;object&quot;,
      &quot;value&quot;: {
         &quot;status&quot;: 0,
         &quot;value&quot;: true
      }
   }
}
[1664203335,217][DEBUG]: DevTools WebSocket Command: Runtime.evaluate (id=266) 36FF8643EFB745BF1FD92B9E552C6E89 {
   &quot;awaitPromise&quot;: true,
   &quot;expression&quot;: &quot;(function() { // Copyright (c) 2012 The Chromium Authors. All rights reserved.\n// Use of this source code is governed by a BSD-style license that can be\n// found in the LICENSE file.\n\n/**\n * Enum f...&quot;,
   &quot;returnByValue&quot;: true
}
[1664203335,221][DEBUG]: DevTools WebSocket Response: Runtime.evaluate (id=266) 36FF8643EFB745BF1FD92B9E552C6E89 {
   &quot;result&quot;: {
      &quot;type&quot;: &quot;object&quot;,
      &quot;value&quot;: {
         &quot;status&quot;: 0,
         &quot;value&quot;: null
      }
   }
}
[1664203335,222][DEBUG]: DevTools WebSocket Command: Runtime.evaluate (id=267) 36FF8643EFB745BF1FD92B9E552C6E89 {
   &quot;awaitPromise&quot;: true,
   &quot;expression&quot;: &quot;(function() { // Copyright (c) 2012 The Chromium Authors. All rights reserved.\n// Use of this source code is governed by a BSD-style license that can be\n// found in the LICENSE file.\n\n/**\n * Enum f...&quot;,
   &quot;returnByValue&quot;: true
}
[1664203335,223][DEBUG]: DevTools WebSocket Response: Runtime.evaluate (id=267) 36FF8643EFB745BF1FD92B9E552C6E89 {
   &quot;result&quot;: {
      &quot;type&quot;: &quot;object&quot;,
      &quot;value&quot;: {
         &quot;status&quot;: 0,
         &quot;value&quot;: null
      }
   }
}
[1664203335,223][DEBUG]: DevTools WebSocket Command: Input.dispatchKeyEvent (id=268) 36FF8643EFB745BF1FD92B9E552C6E89 {
   &quot;code&quot;: &quot;ShiftLeft&quot;,
   &quot;key&quot;: &quot;Shift&quot;,
   &quot;modifiers&quot;: 0,
   &quot;text&quot;: &quot;&quot;,
   &quot;type&quot;: &quot;rawKeyDown&quot;,
   &quot;unmodifiedText&quot;: &quot;&quot;,
   &quot;windowsVirtualKeyCode&quot;: 16
}
[1664203335,224][DEBUG]: DevTools WebSocket Command: Input.dispatchKeyEvent (id=269) 36FF8643EFB745BF1FD92B9E552C6E89 {
   &quot;code&quot;: &quot;KeyN&quot;,
   &quot;key&quot;: &quot;N&quot;,
   &quot;modifiers&quot;: 8,
   &quot;text&quot;: &quot;N&quot;,
   &quot;type&quot;: &quot;rawKeyDown&quot;,
   &quot;unmodifiedText&quot;: &quot;n&quot;,
   &quot;windowsVirtualKeyCode&quot;: 78
}
[1664203335,224][DEBUG]: DevTools WebSocket Command: Input.dispatchKeyEvent (id=270) 36FF8643EFB745BF1FD92B9E552C6E89 {
   &quot;code&quot;: &quot;KeyN&quot;,
   &quot;key&quot;: &quot;N&quot;,
   &quot;modifiers&quot;: 8,
   &quot;text&quot;: &quot;N&quot;,
   &quot;type&quot;: &quot;char&quot;,
   &quot;unmodifiedText&quot;: &quot;n&quot;,
   &quot;windowsVirtualKeyCode&quot;: 78
}
[1664203335,224][DEBUG]: DevTools WebSocket Command: Input.dispatchKeyEvent (id=271) 36FF8643EFB745BF1FD92B9E552C6E89 {
   &quot;code&quot;: &quot;KeyN&quot;,
   &quot;key&quot;: &quot;N&quot;,
   &quot;modifiers&quot;: 8,
   &quot;text&quot;: &quot;N&quot;,
   &quot;type&quot;: &quot;keyUp&quot;,
   &quot;unmodifiedText&quot;: &quot;n&quot;,
   &quot;windowsVirtualKeyCode&quot;: 78
}
[1664203335,224][DEBUG]: DevTools WebSocket Command: Input.dispatchKeyEvent (id=272) 36FF8643EFB745BF1FD92B9E552C6E89 {
   &quot;code&quot;: &quot;ShiftLeft&quot;,
   &quot;key&quot;: &quot;Shift&quot;,
   &quot;modifiers&quot;: 0,
   &quot;text&quot;: &quot;&quot;,
   &quot;type&quot;: &quot;keyUp&quot;,
   &quot;unmodifiedText&quot;: &quot;&quot;,
   &quot;windowsVirtualKeyCode&quot;: 16
}
[1664203335,224][DEBUG]: DevTools WebSocket Command: Input.dispatchKeyEvent (id=273) 36FF8643EFB745BF1FD92B9E552C6E89 {
   &quot;code&quot;: &quot;KeyO&quot;,
   &quot;key&quot;: &quot;o&quot;,
   &quot;modifiers&quot;: 0,
   &quot;text&quot;: &quot;o&quot;,
   &quot;type&quot;: &quot;rawKeyDown&quot;,
   &quot;unmodifiedText&quot;: &quot;o&quot;,
   &quot;windowsVirtualKeyCode&quot;: 79
}
[1664203335,225][DEBUG]: DevTools WebSocket Command: Input.dispatchKeyEvent (id=274) 36FF8643EFB745BF1FD92B9E552C6E89 {
   &quot;code&quot;: &quot;KeyO&quot;,
   &quot;key&quot;: &quot;o&quot;,
   &quot;modifiers&quot;: 0,
   &quot;text&quot;: &quot;o&quot;,
   &quot;type&quot;: &quot;char&quot;,
   &quot;unmodifiedText&quot;: &quot;o&quot;,
   &quot;windowsVirtualKeyCode&quot;: 79
}
[1664203335,225][DEBUG]: DevTools WebSocket Command: Input.dispatchKeyEvent (id=275) 36FF8643EFB745BF1FD92B9E552C6E89 {
   &quot;code&quot;: &quot;KeyO&quot;,
   &quot;key&quot;: &quot;o&quot;,
   &quot;modifiers&quot;: 0,
   &quot;text&quot;: &quot;o&quot;,
   &quot;type&quot;: &quot;keyUp&quot;,
   &quot;unmodifiedText&quot;: &quot;o&quot;,
   &quot;windowsVirtualKeyCode&quot;: 79
}
[1664203335,225][DEBUG]: DevTools WebSocket Command: Input.dispatchKeyEvent (id=276) 36FF8643EFB745BF1FD92B9E552C6E89 {
   &quot;code&quot;: &quot;KeyV&quot;,
   &quot;key&quot;: &quot;v&quot;,
   &quot;modifiers&quot;: 0,
   &quot;text&quot;: &quot;v&quot;,
   &quot;type&quot;: &quot;rawKeyDown&quot;,
   &quot;unmodifiedText&quot;: &quot;v&quot;,
   &quot;windowsVirtualKeyCode&quot;: 86
}
[1664203335,225][DEBUG]: DevTools WebSocket Command: Input.dispatchKeyEvent (id=277) 36FF8643EFB745BF1FD92B9E552C6E89 {
   &quot;code&quot;: &quot;KeyV&quot;,
   &quot;key&quot;: &quot;v&quot;,
   &quot;modifiers&quot;: 0,
   &quot;text&quot;: &quot;v&quot;,
   &quot;type&quot;: &quot;char&quot;,
   &quot;unmodifiedText&quot;: &quot;v&quot;,
   &quot;windowsVirtualKeyCode&quot;: 86
}
[1664203335,225][DEBUG]: DevTools WebSocket Command: Input.dispatchKeyEvent (id=278) 36FF8643EFB745BF1FD92B9E552C6E89 {
   &quot;code&quot;: &quot;KeyV&quot;,
   &quot;key&quot;: &quot;v&quot;,
   &quot;modifiers&quot;: 0,
   &quot;text&quot;: &quot;v&quot;,
   &quot;type&quot;: &quot;keyUp&quot;,
   &quot;unmodifiedText&quot;: &quot;v&quot;,
   &quot;windowsVirtualKeyCode&quot;: 86
}
[1664203335,225][DEBUG]: DevTools WebSocket Command: Input.dispatchKeyEvent (id=279) 36FF8643EFB745BF1FD92B9E552C6E89 {
   &quot;code&quot;: &quot;KeyA&quot;,
   &quot;key&quot;: &quot;a&quot;,
   &quot;modifiers&quot;: 0,
   &quot;text&quot;: &quot;a&quot;,
   &quot;type&quot;: &quot;rawKeyDown&quot;,
   &quot;unmodifiedText&quot;: &quot;a&quot;,
   &quot;windowsVirtualKeyCode&quot;: 65
}
[1664203335,225][DEBUG]: DevTools WebSocket Command: Input.dispatchKeyEvent (id=280) 36FF8643EFB745BF1FD92B9E552C6E89 {
   &quot;code&quot;: &quot;KeyA&quot;,
   &quot;key&quot;: &quot;a&quot;,
   &quot;modifiers&quot;: 0,
   &quot;text&quot;: &quot;a&quot;,
   &quot;type&quot;: &quot;char&quot;,
   &quot;unmodifiedText&quot;: &quot;a&quot;,
   &quot;windowsVirtualKeyCode&quot;: 65
}
[1664203335,225][DEBUG]: DevTools WebSocket Command: Input.dispatchKeyEvent (id=281) 36FF8643EFB745BF1FD92B9E552C6E89 {
   &quot;code&quot;: &quot;KeyA&quot;,
   &quot;key&quot;: &quot;a&quot;,
   &quot;modifiers&quot;: 0,
   &quot;text&quot;: &quot;a&quot;,
   &quot;type&quot;: &quot;keyUp&quot;,
   &quot;unmodifiedText&quot;: &quot;a&quot;,
   &quot;windowsVirtualKeyCode&quot;: 65
}
[1664203335,226][DEBUG]: DevTools WebSocket Command: Input.dispatchKeyEvent (id=282) 36FF8643EFB745BF1FD92B9E552C6E89 {
   &quot;code&quot;: &quot;Space&quot;,
   &quot;key&quot;: &quot; &quot;,
   &quot;modifiers&quot;: 0,
   &quot;text&quot;: &quot; &quot;,
   &quot;type&quot;: &quot;rawKeyDown&quot;,
   &quot;unmodifiedText&quot;: &quot; &quot;,
   &quot;windowsVirtualKeyCode&quot;: 32
}
[1664203335,226][DEBUG]: DevTools WebSocket Command: Input.dispatchKeyEvent (id=283) 36FF8643EFB745BF1FD92B9E552C6E89 {
   &quot;code&quot;: &quot;Space&quot;,
   &quot;key&quot;: &quot; &quot;,
   &quot;modifiers&quot;: 0,
   &quot;text&quot;: &quot; &quot;,
   &quot;type&quot;: &quot;char&quot;,
   &quot;unmodifiedText&quot;: &quot; &quot;,
   &quot;windowsVirtualKeyCode&quot;: 32
}
[1664203335,226][DEBUG]: DevTools WebSocket Command: Input.dispatchKeyEvent (id=284) 36FF8643EFB745BF1FD92B9E552C6E89 {
   &quot;code&quot;: &quot;Space&quot;,
   &quot;key&quot;: &quot; &quot;,
   &quot;modifiers&quot;: 0,
   &quot;text&quot;: &quot; &quot;,
   &quot;type&quot;: &quot;keyUp&quot;,
   &quot;unmodifiedText&quot;: &quot; &quot;,
   &quot;windowsVirtualKeyCode&quot;: 32
}
[1664203335,226][DEBUG]: DevTools WebSocket Command: Input.dispatchKeyEvent (id=285) 36FF8643EFB745BF1FD92B9E552C6E89 {
   &quot;code&quot;: &quot;ShiftLeft&quot;,
   &quot;key&quot;: &quot;Shift&quot;,
   &quot;modifiers&quot;: 0,
   &quot;text&quot;: &quot;&quot;,
   &quot;type&quot;: &quot;rawKeyDown&quot;,
   &quot;unmodifiedText&quot;: &quot;&quot;,
   &quot;windowsVirtualKeyCode&quot;: 16
}
[1664203335,226][DEBUG]: DevTools WebSocket Command: Input.dispatchKeyEvent (id=286) 36FF8643EFB745BF1FD92B9E552C6E89 {
   &quot;code&quot;: &quot;KeyS&quot;,
   &quot;key&quot;: &quot;S&quot;,
   &quot;modifiers&quot;: 8,
   &quot;text&quot;: &quot;S&quot;,
   &quot;type&quot;: &quot;rawKeyDown&quot;,
   &quot;unmodifiedText&quot;: &quot;s&quot;,
   &quot;windowsVirtualKeyCode&quot;: 83
}
[1664203335,226][DEBUG]: DevTools WebSocket Command: Input.dispatchKeyEvent (id=287) 36FF8643EFB745BF1FD92B9E552C6E89 {
   &quot;code&quot;: &quot;KeyS&quot;,
   &quot;key&quot;: &quot;S&quot;,
   &quot;modifiers&quot;: 8,
   &quot;text&quot;: &quot;S&quot;,
   &quot;type&quot;: &quot;char&quot;,
   &quot;unmodifiedText&quot;: &quot;s&quot;,
   &quot;windowsVirtualKeyCode&quot;: 83
}
[1664203335,226][DEBUG]: DevTools WebSocket Command: Input.dispatchKeyEvent (id=288) 36FF8643EFB745BF1FD92B9E552C6E89 {
   &quot;code&quot;: &quot;KeyS&quot;,
   &quot;key&quot;: &quot;S&quot;,
   &quot;modifiers&quot;: 8,
   &quot;text&quot;: &quot;S&quot;,
   &quot;type&quot;: &quot;keyUp&quot;,
   &quot;unmodifiedText&quot;: &quot;s&quot;,
   &quot;windowsVirtualKeyCode&quot;: 83
}
[1664203335,226][DEBUG]: DevTools WebSocket Command: Input.dispatchKeyEvent (id=289) 36FF8643EFB745BF1FD92B9E552C6E89 {
   &quot;code&quot;: &quot;ShiftLeft&quot;,
   &quot;key&quot;: &quot;Shift&quot;,
   &quot;modifiers&quot;: 0,
   &quot;text&quot;: &quot;&quot;,
   &quot;type&quot;: &quot;keyUp&quot;,
   &quot;unmodifiedText&quot;: &quot;&quot;,
   &quot;windowsVirtualKeyCode&quot;: 16
}
[1664203335,226][DEBUG]: DevTools WebSocket Command: Input.dispatchKeyEvent (id=290) 36FF8643EFB745BF1FD92B9E552C6E89 {
   &quot;code&quot;: &quot;KeyC&quot;,
   &quot;key&quot;: &quot;c&quot;,
   &quot;modifiers&quot;: 0,
   &quot;text&quot;: &quot;c&quot;,
   &quot;type&quot;: &quot;rawKeyDown&quot;,
   &quot;unmodifiedText&quot;: &quot;c&quot;,
   &quot;windowsVirtualKeyCode&quot;: 67
}
[1664203335,226][DEBUG]: DevTools WebSocket Command: Input.dispatchKeyEvent (id=291) 36FF8643EFB745BF1FD92B9E552C6E89 {
   &quot;code&quot;: &quot;KeyC&quot;,
   &quot;key&quot;: &quot;c&quot;,
   &quot;modifiers&quot;: 0,
   &quot;text&quot;: &quot;c&quot;,
   &quot;type&quot;: &quot;char&quot;,
   &quot;unmodifiedText&quot;: &quot;c&quot;,
   &quot;windowsVirtualKeyCode&quot;: 67
}
[1664203335,226][DEBUG]: DevTools WebSocket Command: Input.dispatchKeyEvent (id=292) 36FF8643EFB745BF1FD92B9E552C6E89 {
   &quot;code&quot;: &quot;KeyC&quot;,
   &quot;key&quot;: &quot;c&quot;,
   &quot;modifiers&quot;: 0,
   &quot;text&quot;: &quot;c&quot;,
   &quot;type&quot;: &quot;keyUp&quot;,
   &quot;unmodifiedText&quot;: &quot;c&quot;,
   &quot;windowsVirtualKeyCode&quot;: 67
}
[1664203335,226][DEBUG]: DevTools WebSocket Command: Input.dispatchKeyEvent (id=293) 36FF8643EFB745BF1FD92B9E552C6E89 {
   &quot;code&quot;: &quot;KeyO&quot;,
   &quot;key&quot;: &quot;o&quot;,
   &quot;modifiers&quot;: 0,
   &quot;text&quot;: &quot;o&quot;,
   &quot;type&quot;: &quot;rawKeyDown&quot;,
   &quot;unmodifiedText&quot;: &quot;o&quot;,
   &quot;windowsVirtualKeyCode&quot;: 79
}
[1664203335,226][DEBUG]: DevTools WebSocket Command: Input.dispatchKeyEvent (id=294) 36FF8643EFB745BF1FD92B9E552C6E89 {
   &quot;code&quot;: &quot;KeyO&quot;,
   &quot;key&quot;: &quot;o&quot;,
   &quot;modifiers&quot;: 0,
   &quot;text&quot;: &quot;o&quot;,
   &quot;type&quot;: &quot;char&quot;,
   &quot;unmodifiedText&quot;: &quot;o&quot;,
   &quot;windowsVirtualKeyCode&quot;: 79
}
[1664203335,226][DEBUG]: DevTools WebSocket Command: Input.dispatchKeyEvent (id=295) 36FF8643EFB745BF1FD92B9E552C6E89 {
   &quot;code&quot;: &quot;KeyO&quot;,
   &quot;key&quot;: &quot;o&quot;,
   &quot;modifiers&quot;: 0,
   &quot;text&quot;: &quot;o&quot;,
   &quot;type&quot;: &quot;keyUp&quot;,
   &quot;unmodifiedText&quot;: &quot;o&quot;,
   &quot;windowsVirtualKeyCode&quot;: 79
}
[1664203335,226][DEBUG]: DevTools WebSocket Command: Input.dispatchKeyEvent (id=296) 36FF8643EFB745BF1FD92B9E552C6E89 {
   &quot;code&quot;: &quot;KeyT&quot;,
   &quot;key&quot;: &quot;t&quot;,
   &quot;modifiers&quot;: 0,
   &quot;text&quot;: &quot;t&quot;,
   &quot;type&quot;: &quot;rawKeyDown&quot;,
   &quot;unmodifiedText&quot;: &quot;t&quot;,
   &quot;windowsVirtualKeyCode&quot;: 84
}
[1664203335,226][DEBUG]: DevTools WebSocket Command: Input.dispatchKeyEvent (id=297) 36FF8643EFB745BF1FD92B9E552C6E89 {
   &quot;code&quot;: &quot;KeyT&quot;,
   &quot;key&quot;: &quot;t&quot;,
   &quot;modifiers&quot;: 0,
   &quot;text&quot;: &quot;t&quot;,
   &quot;type&quot;: &quot;char&quot;,
   &quot;unmodifiedText&quot;: &quot;t&quot;,
   &quot;windowsVirtualKeyCode&quot;: 84
}
[1664203335,226][DEBUG]: DevTools WebSocket Command: Input.dispatchKeyEvent (id=298) 36FF8643EFB745BF1FD92B9E552C6E89 {
   &quot;code&quot;: &quot;KeyT&quot;,
   &quot;key&quot;: &quot;t&quot;,
   &quot;modifiers&quot;: 0,
   &quot;text&quot;: &quot;t&quot;,
   &quot;type&quot;: &quot;keyUp&quot;,
   &quot;unmodifiedText&quot;: &quot;t&quot;,
   &quot;windowsVirtualKeyCode&quot;: 84
}
[1664203335,226][DEBUG]: DevTools WebSocket Command: Input.dispatchKeyEvent (id=299) 36FF8643EFB745BF1FD92B9E552C6E89 {
   &quot;code&quot;: &quot;KeyI&quot;,
   &quot;key&quot;: &quot;i&quot;,
   &quot;modifiers&quot;: 0,
   &quot;text&quot;: &quot;i&quot;,
   &quot;type&quot;: &quot;rawKeyDown&quot;,
   &quot;unmodifiedText&quot;: &quot;i&quot;,
   &quot;windowsVirtualKeyCode&quot;: 73
}
[1664203335,227][DEBUG]: DevTools WebSocket Command: Input.dispatchKeyEvent (id=300) 36FF8643EFB745BF1FD92B9E552C6E89 {
   &quot;code&quot;: &quot;KeyI&quot;,
   &quot;key&quot;: &quot;i&quot;,
   &quot;modifiers&quot;: 0,
   &quot;text&quot;: &quot;i&quot;,
   &quot;type&quot;: &quot;char&quot;,
   &quot;unmodifiedText&quot;: &quot;i&quot;,
   &quot;windowsVirtualKeyCode&quot;: 73
}
[1664203335,227][DEBUG]: DevTools WebSocket Command: Input.dispatchKeyEvent (id=301) 36FF8643EFB745BF1FD92B9E552C6E89 {
   &quot;code&quot;: &quot;KeyI&quot;,
   &quot;key&quot;: &quot;i&quot;,
   &quot;modifiers&quot;: 0,
   &quot;text&quot;: &quot;i&quot;,
   &quot;type&quot;: &quot;keyUp&quot;,
   &quot;unmodifiedText&quot;: &quot;i&quot;,
   &quot;windowsVirtualKeyCode&quot;: 73
}
[1664203335,227][DEBUG]: DevTools WebSocket Command: Input.dispatchKeyEvent (id=302) 36FF8643EFB745BF1FD92B9E552C6E89 {
   &quot;code&quot;: &quot;KeyA&quot;,
   &quot;key&quot;: &quot;a&quot;,
   &quot;modifiers&quot;: 0,
   &quot;text&quot;: &quot;a&quot;,
   &quot;type&quot;: &quot;rawKeyDown&quot;,
   &quot;unmodifiedText&quot;: &quot;a&quot;,
   &quot;windowsVirtualKeyCode&quot;: 65
}
[1664203335,227][DEBUG]: DevTools WebSocket Command: Input.dispatchKeyEvent (id=303) 36FF8643EFB745BF1FD92B9E552C6E89 {
   &quot;code&quot;: &quot;KeyA&quot;,
   &quot;key&quot;: &quot;a&quot;,
   &quot;modifiers&quot;: 0,
   &quot;text&quot;: &quot;a&quot;,
   &quot;type&quot;: &quot;char&quot;,
   &quot;unmodifiedText&quot;: &quot;a&quot;,
   &quot;windowsVirtualKeyCode&quot;: 65
}
[1664203335,227][DEBUG]: DevTools WebSocket Command: Input.dispatchKeyEvent (id=304) 36FF8643EFB745BF1FD92B9E552C6E89 {
   &quot;code&quot;: &quot;KeyA&quot;,
   &quot;key&quot;: &quot;a&quot;,
   &quot;modifiers&quot;: 0,
   &quot;text&quot;: &quot;a&quot;,
   &quot;type&quot;: &quot;keyUp&quot;,
   &quot;unmodifiedText&quot;: &quot;a&quot;,
   &quot;windowsVirtualKeyCode&quot;: 65
}
[1664203335,227][DEBUG]: DevTools WebSocket Response: Input.dispatchKeyEvent (id=268) 36FF8643EFB745BF1FD92B9E552C6E89 {
}
[1664203335,228][DEBUG]: DevTools WebSocket Response: Input.dispatchKeyEvent (id=269) 36FF8643EFB745BF1FD92B9E552C6E89 {
}
[1664203335,229][DEBUG]: DevTools WebSocket Response: Input.dispatchKeyEvent (id=270) 36FF8643EFB745BF1FD92B9E552C6E89 {
}
[1664203335,229][DEBUG]: DevTools WebSocket Response: Input.dispatchKeyEvent (id=271) 36FF8643EFB745BF1FD92B9E552C6E89 {
}
[1664203335,229][DEBUG]: DevTools WebSocket Response: Input.dispatchKeyEvent (id=272) 36FF8643EFB745BF1FD92B9E552C6E89 {
}
[1664203335,229][DEBUG]: DevTools WebSocket Response: Input.dispatchKeyEvent (id=273) 36FF8643EFB745BF1FD92B9E552C6E89 {
}
[1664203335,231][DEBUG]: DevTools WebSocket Response: Input.dispatchKeyEvent (id=274) 36FF8643EFB745BF1FD92B9E552C6E89 {
}
[1664203335,231][DEBUG]: DevTools WebSocket Response: Input.dispatchKeyEvent (id=275) 36FF8643EFB745BF1FD92B9E552C6E89 {
}
[1664203335,231][DEBUG]: DevTools WebSocket Response: Input.dispatchKeyEvent (id=276) 36FF8643EFB745BF1FD92B9E552C6E89 {
}
[1664203335,232][DEBUG]: DevTools WebSocket Response: Input.dispatchKeyEvent (id=277) 36FF8643EFB745BF1FD92B9E552C6E89 {
}
[1664203335,232][DEBUG]: DevTools WebSocket Response: Input.dispatchKeyEvent (id=278) 36FF8643EFB745BF1FD92B9E552C6E89 {
}
[1664203335,233][DEBUG]: DevTools WebSocket Response: Input.dispatchKeyEvent (id=279) 36FF8643EFB745BF1FD92B9E552C6E89 {
}
[1664203335,233][DEBUG]: DevTools WebSocket Response: Input.dispatchKeyEvent (id=280) 36FF8643EFB745BF1FD92B9E552C6E89 {
}
[1664203335,233][DEBUG]: DevTools WebSocket Response: Input.dispatchKeyEvent (id=281) 36FF8643EFB745BF1FD92B9E552C6E89 {
}
[1664203335,233][DEBUG]: DevTools WebSocket Response: Input.dispatchKeyEvent (id=282) 36FF8643EFB745BF1FD92B9E552C6E89 {
}
[1664203335,234][DEBUG]: DevTools WebSocket Response: Input.dispatchKeyEvent (id=283) 36FF8643EFB745BF1FD92B9E552C6E89 {
}
[1664203335,234][DEBUG]: DevTools WebSocket Response: Input.dispatchKeyEvent (id=284) 36FF8643EFB745BF1FD92B9E552C6E89 {
}
[1664203335,234][DEBUG]: DevTools WebSocket Response: Input.dispatchKeyEvent (id=285) 36FF8643EFB745BF1FD92B9E552C6E89 {
}
[1664203335,234][DEBUG]: DevTools WebSocket Response: Input.dispatchKeyEvent (id=286) 36FF8643EFB745BF1FD92B9E552C6E89 {
}
[1664203335,235][DEBUG]: DevTools WebSocket Response: Input.dispatchKeyEvent (id=287) 36FF8643EFB745BF1FD92B9E552C6E89 {
}
[1664203335,235][DEBUG]: DevTools WebSocket Response: Input.dispatchKeyEvent (id=288) 36FF8643EFB745BF1FD92B9E552C6E89 {
}
[1664203335,235][DEBUG]: DevTools WebSocket Response: Input.dispatchKeyEvent (id=289) 36FF8643EFB745BF1FD92B9E552C6E89 {
}
[1664203335,235][DEBUG]: DevTools WebSocket Response: Input.dispatchKeyEvent (id=290) 36FF8643EFB745BF1FD92B9E552C6E89 {
}
[1664203335,235][DEBUG]: DevTools WebSocket Response: Input.dispatchKeyEvent (id=291) 36FF8643EFB745BF1FD92B9E552C6E89 {
}
[1664203335,235][DEBUG]: DevTools WebSocket Response: Input.dispatchKeyEvent (id=292) 36FF8643EFB745BF1FD92B9E552C6E89 {
}
[1664203335,235][DEBUG]: DevTools WebSocket Response: Input.dispatchKeyEvent (id=293) 36FF8643EFB745BF1FD92B9E552C6E89 {
}
[1664203335,236][DEBUG]: DevTools WebSocket Response: Input.dispatchKeyEvent (id=294) 36FF8643EFB745BF1FD92B9E552C6E89 {
}
[1664203335,236][DEBUG]: DevTools WebSocket Response: Input.dispatchKeyEvent (id=295) 36FF8643EFB745BF1FD92B9E552C6E89 {
}
[1664203335,236][DEBUG]: DevTools WebSocket Response: Input.dispatchKeyEvent (id=296) 36FF8643EFB745BF1FD92B9E552C6E89 {
}
[1664203335,236][DEBUG]: DevTools WebSocket Response: Input.dispatchKeyEvent (id=297) 36FF8643EFB745BF1FD92B9E552C6E89 {
}
[1664203335,236][DEBUG]: DevTools WebSocket Response: Input.dispatchKeyEvent (id=298) 36FF8643EFB745BF1FD92B9E552C6E89 {
}
[1664203335,236][DEBUG]: DevTools WebSocket Response: Input.dispatchKeyEvent (id=299) 36FF8643EFB745BF1FD92B9E552C6E89 {
}
[1664203335,236][DEBUG]: DevTools WebSocket Response: Input.dispatchKeyEvent (id=300) 36FF8643EFB745BF1FD92B9E552C6E89 {
}
[1664203335,236][DEBUG]: DevTools WebSocket Response: Input.dispatchKeyEvent (id=301) 36FF8643EFB745BF1FD92B9E552C6E89 {
}
[1664203335,236][DEBUG]: DevTools WebSocket Response: Input.dispatchKeyEvent (id=302) 36FF8643EFB745BF1FD92B9E552C6E89 {
}
[1664203335,237][DEBUG]: DevTools WebSocket Response: Input.dispatchKeyEvent (id=303) 36FF8643EFB745BF1FD92B9E552C6E89 {
}
[1664203335,237][DEBUG]: DevTools WebSocket Response: Input.dispatchKeyEvent (id=304) 36FF8643EFB745BF1FD92B9E552C6E89 {
}
[1664203335,237][INFO]: Waiting for pending navigations...
[1664203335,237][DEBUG]: DevTools WebSocket Command: Runtime.evaluate (id=305) 36FF8643EFB745BF1FD92B9E552C6E89 {
   &quot;expression&quot;: &quot;1&quot;
}
[1664203335,238][DEBUG]: DevTools WebSocket Response: Runtime.evaluate (id=305) 36FF8643EFB745BF1FD92B9E552C6E89 {
   &quot;result&quot;: {
      &quot;description&quot;: &quot;1&quot;,
      &quot;type&quot;: &quot;number&quot;,
      &quot;value&quot;: 1
   }
}
[1664203335,238][INFO]: Done waiting for pending navigations. Status: ok
[1664203335,238][INFO]: [054090904ec2838a7cbf889f1b629cce] RESPONSE TypeElement
[1664203335,240][INFO]: [054090904ec2838a7cbf889f1b629cce] COMMAND TypeElement {
   &quot;id&quot;: &quot;b0f99d01-3f50-4225-b4f5-7b628588e54f&quot;,
   &quot;text&quot;: &quot;Colombia&quot;,
   &quot;value&quot;: [ &quot;C&quot;, &quot;o&quot;, &quot;l&quot;, &quot;o&quot;, &quot;m&quot;, &quot;b&quot;, &quot;i&quot;, &quot;a&quot; ]
}
[1664203335,240][INFO]: Waiting for pending navigations...
[1664203335,240][DEBUG]: DevTools WebSocket Command: Runtime.evaluate (id=306) 36FF8643EFB745BF1FD92B9E552C6E89 {
   &quot;expression&quot;: &quot;1&quot;
}
[1664203335,241][DEBUG]: DevTools WebSocket Response: Runtime.evaluate (id=306) 36FF8643EFB745BF1FD92B9E552C6E89 {
   &quot;result&quot;: {
      &quot;description&quot;: &quot;1&quot;,
      &quot;type&quot;: &quot;number&quot;,
      &quot;value&quot;: 1
   }
}
[1664203335,241][INFO]: Done waiting for pending navigations. Status: ok
[1664203335,241][DEBUG]: DevTools WebSocket Command: Runtime.evaluate (id=307) 36FF8643EFB745BF1FD92B9E552C6E89 {
   &quot;awaitPromise&quot;: true,
   &quot;expression&quot;: &quot;(function() { // Copyright (c) 2012 The Chromium Authors. All rights reserved.\n// Use of this source code is governed by a BSD-style license that can be\n// found in the LICENSE file.\n\n/**\n * Enum f...&quot;,
   &quot;returnByValue&quot;: true
}
[1664203335,249][DEBUG]: DevTools WebSocket Response: Runtime.evaluate (id=307) 36FF8643EFB745BF1FD92B9E552C6E89 {
   &quot;result&quot;: {
      &quot;type&quot;: &quot;object&quot;,
      &quot;value&quot;: {
         &quot;status&quot;: 0,
         &quot;value&quot;: &quot;INPUT&quot;
      }
   }
}
[1664203335,251][DEBUG]: DevTools WebSocket Command: Runtime.evaluate (id=308) 36FF8643EFB745BF1FD92B9E552C6E89 {
   &quot;awaitPromise&quot;: true,
   &quot;expression&quot;: &quot;(function() { // Copyright (c) 2012 The Chromium Authors. All rights reserved.\n// Use of this source code is governed by a BSD-style license that can be\n// found in the LICENSE file.\n\n/**\n * Enum f...&quot;,
   &quot;returnByValue&quot;: true
}
[1664203335,254][DEBUG]: DevTools WebSocket Response: Runtime.evaluate (id=308) 36FF8643EFB745BF1FD92B9E552C6E89 {
   &quot;result&quot;: {
      &quot;type&quot;: &quot;object&quot;,
      &quot;value&quot;: {
         &quot;status&quot;: 0,
         &quot;value&quot;: &quot;text&quot;
      }
   }
}
[1664203335,255][DEBUG]: DevTools WebSocket Command: Runtime.evaluate (id=309) 36FF8643EFB745BF1FD92B9E552C6E89 {
   &quot;awaitPromise&quot;: true,
   &quot;expression&quot;: &quot;(function() { // Copyright (c) 2012 The Chromium Authors. All rights reserved.\n// Use of this source code is governed by a BSD-style license that can be\n// found in the LICENSE file.\n\n/**\n * Enum f...&quot;,
   &quot;returnByValue&quot;: true
}
[1664203335,256][DEBUG]: DevTools WebSocket Response: Runtime.evaluate (id=309) 36FF8643EFB745BF1FD92B9E552C6E89 {
   &quot;result&quot;: {
      &quot;type&quot;: &quot;object&quot;,
      &quot;value&quot;: {
         &quot;status&quot;: 0,
         &quot;value&quot;: false
      }
   }
}
[1664203335,257][DEBUG]: DevTools WebSocket Command: Runtime.evaluate (id=310) 36FF8643EFB745BF1FD92B9E552C6E89 {
   &quot;awaitPromise&quot;: true,
   &quot;expression&quot;: &quot;(function() { // Copyright (c) 2012 The Chromium Authors. All rights reserved.\n// Use of this source code is governed by a BSD-style license that can be\n// found in the LICENSE file.\n\n/**\n * Enum f...&quot;,
   &quot;returnByValue&quot;: true
}
[1664203335,259][DEBUG]: DevTools WebSocket Response: Runtime.evaluate (id=310) 36FF8643EFB745BF1FD92B9E552C6E89 {
   &quot;result&quot;: {
      &quot;type&quot;: &quot;object&quot;,
      &quot;value&quot;: {
         &quot;status&quot;: 0,
         &quot;value&quot;: &quot;INPUT&quot;
      }
   }
}
[1664203335,259][DEBUG]: DevTools WebSocket Command: Runtime.evaluate (id=311) 36FF8643EFB745BF1FD92B9E552C6E89 {
   &quot;awaitPromise&quot;: false,
   &quot;expression&quot;: &quot;document.hasFocus()&quot;,
   &quot;returnByValue&quot;: true
}
[1664203335,259][DEBUG]: DevTools WebSocket Response: Runtime.evaluate (id=311) 36FF8643EFB745BF1FD92B9E552C6E89 {
   &quot;result&quot;: {
      &quot;type&quot;: &quot;boolean&quot;,
      &quot;value&quot;: true
   }
}
[1664203335,260][DEBUG]: DevTools WebSocket Command: Runtime.evaluate (id=312) 36FF8643EFB745BF1FD92B9E552C6E89 {
   &quot;awaitPromise&quot;: true,
   &quot;expression&quot;: &quot;(function() { // Copyright (c) 2012 The Chromium Authors. All rights reserved.\n// Use of this source code is governed by a BSD-style license that can be\n// found in the LICENSE file.\n\n/**\n * Enum f...&quot;,
   &quot;returnByValue&quot;: true
}
[1664203335,260][DEBUG]: DevTools WebSocket Response: Runtime.evaluate (id=312) 36FF8643EFB745BF1FD92B9E552C6E89 {
   &quot;result&quot;: {
      &quot;type&quot;: &quot;object&quot;,
      &quot;value&quot;: {
         &quot;status&quot;: 0,
         &quot;value&quot;: {
            &quot;element-6066-11e4-a52e-4f735466cecf&quot;: &quot;4a5b3876-8ba6-499a-91b6-816f155d8056&quot;
         }
      }
   }
}
[1664203335,261][DEBUG]: DevTools WebSocket Command: Runtime.evaluate (id=313) 36FF8643EFB745BF1FD92B9E552C6E89 {
   &quot;awaitPromise&quot;: true,
   &quot;expression&quot;: &quot;(function() { // Copyright (c) 2012 The Chromium Authors. All rights reserved.\n// Use of this source code is governed by a BSD-style license that can be\n// found in the LICENSE file.\n\n/**\n * Enum f...&quot;,
   &quot;returnByValue&quot;: true
}
[1664203335,272][DEBUG]: DevTools WebSocket Response: Runtime.evaluate (id=313) 36FF8643EFB745BF1FD92B9E552C6E89 {
   &quot;result&quot;: {
      &quot;type&quot;: &quot;object&quot;,
      &quot;value&quot;: {
         &quot;status&quot;: 0,
         &quot;value&quot;: true
      }
   }
}
[1664203335,272][DEBUG]: DevTools WebSocket Command: Runtime.evaluate (id=314) 36FF8643EFB745BF1FD92B9E552C6E89 {
   &quot;awaitPromise&quot;: true,
   &quot;expression&quot;: &quot;(function() { // Copyright (c) 2012 The Chromium Authors. All rights reserved.\n// Use of this source code is governed by a BSD-style license that can be\n// found in the LICENSE file.\n\n/**\n * Enum f...&quot;,
   &quot;returnByValue&quot;: true
}
[1664203335,275][DEBUG]: DevTools WebSocket Response: Runtime.evaluate (id=314) 36FF8643EFB745BF1FD92B9E552C6E89 {
   &quot;result&quot;: {
      &quot;type&quot;: &quot;object&quot;,
      &quot;value&quot;: {
         &quot;status&quot;: 0,
         &quot;value&quot;: true
      }
   }
}
[1664203335,276][DEBUG]: DevTools WebSocket Command: Runtime.evaluate (id=315) 36FF8643EFB745BF1FD92B9E552C6E89 {
   &quot;awaitPromise&quot;: true,
   &quot;expression&quot;: &quot;(function() { // Copyright (c) 2012 The Chromium Authors. All rights reserved.\n// Use of this source code is governed by a BSD-style license that can be\n// found in the LICENSE file.\n\n/**\n * Enum f...&quot;,
   &quot;returnByValue&quot;: true
}
[1664203335,283][DEBUG]: DevTools WebSocket Response: Runtime.evaluate (id=315) 36FF8643EFB745BF1FD92B9E552C6E89 {
   &quot;result&quot;: {
      &quot;type&quot;: &quot;object&quot;,
      &quot;value&quot;: {
         &quot;status&quot;: 0,
         &quot;value&quot;: null
      }
   }
}
[1664203335,283][DEBUG]: DevTools WebSocket Command: Runtime.evaluate (id=316) 36FF8643EFB745BF1FD92B9E552C6E89 {
   &quot;awaitPromise&quot;: true,
   &quot;expression&quot;: &quot;(function() { // Copyright (c) 2012 The Chromium Authors. All rights reserved.\n// Use of this source code is governed by a BSD-style license that can be\n// found in the LICENSE file.\n\n/**\n * Enum f...&quot;,
   &quot;returnByValue&quot;: true
}
[1664203335,285][DEBUG]: DevTools WebSocket Response: Runtime.evaluate (id=316) 36FF8643EFB745BF1FD92B9E552C6E89 {
   &quot;result&quot;: {
      &quot;type&quot;: &quot;object&quot;,
      &quot;value&quot;: {
         &quot;status&quot;: 0,
         &quot;value&quot;: null
      }
   }
}
[1664203335,286][DEBUG]: DevTools WebSocket Command: Input.dispatchKeyEvent (id=317) 36FF8643EFB745BF1FD92B9E552C6E89 {
   &quot;code&quot;: &quot;ShiftLeft&quot;,
   &quot;key&quot;: &quot;Shift&quot;,
   &quot;modifiers&quot;: 0,
   &quot;text&quot;: &quot;&quot;,
   &quot;type&quot;: &quot;rawKeyDown&quot;,
   &quot;unmodifiedText&quot;: &quot;&quot;,
   &quot;windowsVirtualKeyCode&quot;: 16
}
[1664203335,286][DEBUG]: DevTools WebSocket Command: Input.dispatchKeyEvent (id=318) 36FF8643EFB745BF1FD92B9E552C6E89 {
   &quot;code&quot;: &quot;KeyC&quot;,
   &quot;key&quot;: &quot;C&quot;,
   &quot;modifiers&quot;: 8,
   &quot;text&quot;: &quot;C&quot;,
   &quot;type&quot;: &quot;rawKeyDown&quot;,
   &quot;unmodifiedText&quot;: &quot;c&quot;,
   &quot;windowsVirtualKeyCode&quot;: 67
}
[1664203335,286][DEBUG]: DevTools WebSocket Command: Input.dispatchKeyEvent (id=319) 36FF8643EFB745BF1FD92B9E552C6E89 {
   &quot;code&quot;: &quot;KeyC&quot;,
   &quot;key&quot;: &quot;C&quot;,
   &quot;modifiers&quot;: 8,
   &quot;text&quot;: &quot;C&quot;,
   &quot;type&quot;: &quot;char&quot;,
   &quot;unmodifiedText&quot;: &quot;c&quot;,
   &quot;windowsVirtualKeyCode&quot;: 67
}
[1664203335,286][DEBUG]: DevTools WebSocket Command: Input.dispatchKeyEvent (id=320) 36FF8643EFB745BF1FD92B9E552C6E89 {
   &quot;code&quot;: &quot;KeyC&quot;,
   &quot;key&quot;: &quot;C&quot;,
   &quot;modifiers&quot;: 8,
   &quot;text&quot;: &quot;C&quot;,
   &quot;type&quot;: &quot;keyUp&quot;,
   &quot;unmodifiedText&quot;: &quot;c&quot;,
   &quot;windowsVirtualKeyCode&quot;: 67
}
[1664203335,286][DEBUG]: DevTools WebSocket Command: Input.dispatchKeyEvent (id=321) 36FF8643EFB745BF1FD92B9E552C6E89 {
   &quot;code&quot;: &quot;ShiftLeft&quot;,
   &quot;key&quot;: &quot;Shift&quot;,
   &quot;modifiers&quot;: 0,
   &quot;text&quot;: &quot;&quot;,
   &quot;type&quot;: &quot;keyUp&quot;,
   &quot;unmodifiedText&quot;: &quot;&quot;,
   &quot;windowsVirtualKeyCode&quot;: 16
}
[1664203335,286][DEBUG]: DevTools WebSocket Command: Input.dispatchKeyEvent (id=322) 36FF8643EFB745BF1FD92B9E552C6E89 {
   &quot;code&quot;: &quot;KeyO&quot;,
   &quot;key&quot;: &quot;o&quot;,
   &quot;modifiers&quot;: 0,
   &quot;text&quot;: &quot;o&quot;,
   &quot;type&quot;: &quot;rawKeyDown&quot;,
   &quot;unmodifiedText&quot;: &quot;o&quot;,
   &quot;windowsVirtualKeyCode&quot;: 79
}
[1664203335,287][DEBUG]: DevTools WebSocket Command: Input.dispatchKeyEvent (id=323) 36FF8643EFB745BF1FD92B9E552C6E89 {
   &quot;code&quot;: &quot;KeyO&quot;,
   &quot;key&quot;: &quot;o&quot;,
   &quot;modifiers&quot;: 0,
   &quot;text&quot;: &quot;o&quot;,
   &quot;type&quot;: &quot;char&quot;,
   &quot;unmodifiedText&quot;: &quot;o&quot;,
   &quot;windowsVirtualKeyCode&quot;: 79
}
[1664203335,287][DEBUG]: DevTools WebSocket Command: Input.dispatchKeyEvent (id=324) 36FF8643EFB745BF1FD92B9E552C6E89 {
   &quot;code&quot;: &quot;KeyO&quot;,
   &quot;key&quot;: &quot;o&quot;,
   &quot;modifiers&quot;: 0,
   &quot;text&quot;: &quot;o&quot;,
   &quot;type&quot;: &quot;keyUp&quot;,
   &quot;unmodifiedText&quot;: &quot;o&quot;,
   &quot;windowsVirtualKeyCode&quot;: 79
}
[1664203335,287][DEBUG]: DevTools WebSocket Command: Input.dispatchKeyEvent (id=325) 36FF8643EFB745BF1FD92B9E552C6E89 {
   &quot;code&quot;: &quot;KeyL&quot;,
   &quot;key&quot;: &quot;l&quot;,
   &quot;modifiers&quot;: 0,
   &quot;text&quot;: &quot;l&quot;,
   &quot;type&quot;: &quot;rawKeyDown&quot;,
   &quot;unmodifiedText&quot;: &quot;l&quot;,
   &quot;windowsVirtualKeyCode&quot;: 76
}
[1664203335,287][DEBUG]: DevTools WebSocket Command: Input.dispatchKeyEvent (id=326) 36FF8643EFB745BF1FD92B9E552C6E89 {
   &quot;code&quot;: &quot;KeyL&quot;,
   &quot;key&quot;: &quot;l&quot;,
   &quot;modifiers&quot;: 0,
   &quot;text&quot;: &quot;l&quot;,
   &quot;type&quot;: &quot;char&quot;,
   &quot;unmodifiedText&quot;: &quot;l&quot;,
   &quot;windowsVirtualKeyCode&quot;: 76
}
[1664203335,287][DEBUG]: DevTools WebSocket Command: Input.dispatchKeyEvent (id=327) 36FF8643EFB745BF1FD92B9E552C6E89 {
   &quot;code&quot;: &quot;KeyL&quot;,
   &quot;key&quot;: &quot;l&quot;,
   &quot;modifiers&quot;: 0,
   &quot;text&quot;: &quot;l&quot;,
   &quot;type&quot;: &quot;keyUp&quot;,
   &quot;unmodifiedText&quot;: &quot;l&quot;,
   &quot;windowsVirtualKeyCode&quot;: 76
}
[1664203335,288][DEBUG]: DevTools WebSocket Command: Input.dispatchKeyEvent (id=328) 36FF8643EFB745BF1FD92B9E552C6E89 {
   &quot;code&quot;: &quot;KeyO&quot;,
   &quot;key&quot;: &quot;o&quot;,
   &quot;modifiers&quot;: 0,
   &quot;text&quot;: &quot;o&quot;,
   &quot;type&quot;: &quot;rawKeyDown&quot;,
   &quot;unmodifiedText&quot;: &quot;o&quot;,
   &quot;windowsVirtualKeyCode&quot;: 79
}
[1664203335,288][DEBUG]: DevTools WebSocket Command: Input.dispatchKeyEvent (id=329) 36FF8643EFB745BF1FD92B9E552C6E89 {
   &quot;code&quot;: &quot;KeyO&quot;,
   &quot;key&quot;: &quot;o&quot;,
   &quot;modifiers&quot;: 0,
   &quot;text&quot;: &quot;o&quot;,
   &quot;type&quot;: &quot;char&quot;,
   &quot;unmodifiedText&quot;: &quot;o&quot;,
   &quot;windowsVirtualKeyCode&quot;: 79
}
[1664203335,288][DEBUG]: DevTools WebSocket Command: Input.dispatchKeyEvent (id=330) 36FF8643EFB745BF1FD92B9E552C6E89 {
   &quot;code&quot;: &quot;KeyO&quot;,
   &quot;key&quot;: &quot;o&quot;,
   &quot;modifiers&quot;: 0,
   &quot;text&quot;: &quot;o&quot;,
   &quot;type&quot;: &quot;keyUp&quot;,
   &quot;unmodifiedText&quot;: &quot;o&quot;,
   &quot;windowsVirtualKeyCode&quot;: 79
}
[1664203335,289][DEBUG]: DevTools WebSocket Command: Input.dispatchKeyEvent (id=331) 36FF8643EFB745BF1FD92B9E552C6E89 {
   &quot;code&quot;: &quot;KeyM&quot;,
   &quot;key&quot;: &quot;m&quot;,
   &quot;modifiers&quot;: 0,
   &quot;text&quot;: &quot;m&quot;,
   &quot;type&quot;: &quot;rawKeyDown&quot;,
   &quot;unmodifiedText&quot;: &quot;m&quot;,
   &quot;windowsVirtualKeyCode&quot;: 77
}
[1664203335,289][DEBUG]: DevTools WebSocket Command: Input.dispatchKeyEvent (id=332) 36FF8643EFB745BF1FD92B9E552C6E89 {
   &quot;code&quot;: &quot;KeyM&quot;,
   &quot;key&quot;: &quot;m&quot;,
   &quot;modifiers&quot;: 0,
   &quot;text&quot;: &quot;m&quot;,
   &quot;type&quot;: &quot;char&quot;,
   &quot;unmodifiedText&quot;: &quot;m&quot;,
   &quot;windowsVirtualKeyCode&quot;: 77
}
[1664203335,289][DEBUG]: DevTools WebSocket Command: Input.dispatchKeyEvent (id=333) 36FF8643EFB745BF1FD92B9E552C6E89 {
   &quot;code&quot;: &quot;KeyM&quot;,
   &quot;key&quot;: &quot;m&quot;,
   &quot;modifiers&quot;: 0,
   &quot;text&quot;: &quot;m&quot;,
   &quot;type&quot;: &quot;keyUp&quot;,
   &quot;unmodifiedText&quot;: &quot;m&quot;,
   &quot;windowsVirtualKeyCode&quot;: 77
}
[1664203335,289][DEBUG]: DevTools WebSocket Command: Input.dispatchKeyEvent (id=334) 36FF8643EFB745BF1FD92B9E552C6E89 {
   &quot;code&quot;: &quot;KeyB&quot;,
   &quot;key&quot;: &quot;b&quot;,
   &quot;modifiers&quot;: 0,
   &quot;text&quot;: &quot;b&quot;,
   &quot;type&quot;: &quot;rawKeyDown&quot;,
   &quot;unmodifiedText&quot;: &quot;b&quot;,
   &quot;windowsVirtualKeyCode&quot;: 66
}
[1664203335,289][DEBUG]: DevTools WebSocket Command: Input.dispatchKeyEvent (id=335) 36FF8643EFB745BF1FD92B9E552C6E89 {
   &quot;code&quot;: &quot;KeyB&quot;,
   &quot;key&quot;: &quot;b&quot;,
   &quot;modifiers&quot;: 0,
   &quot;text&quot;: &quot;b&quot;,
   &quot;type&quot;: &quot;char&quot;,
   &quot;unmodifiedText&quot;: &quot;b&quot;,
   &quot;windowsVirtualKeyCode&quot;: 66
}
[1664203335,289][DEBUG]: DevTools WebSocket Command: Input.dispatchKeyEvent (id=336) 36FF8643EFB745BF1FD92B9E552C6E89 {
   &quot;code&quot;: &quot;KeyB&quot;,
   &quot;key&quot;: &quot;b&quot;,
   &quot;modifiers&quot;: 0,
   &quot;text&quot;: &quot;b&quot;,
   &quot;type&quot;: &quot;keyUp&quot;,
   &quot;unmodifiedText&quot;: &quot;b&quot;,
   &quot;windowsVirtualKeyCode&quot;: 66
}
[1664203335,289][DEBUG]: DevTools WebSocket Command: Input.dispatchKeyEvent (id=337) 36FF8643EFB745BF1FD92B9E552C6E89 {
   &quot;code&quot;: &quot;KeyI&quot;,
   &quot;key&quot;: &quot;i&quot;,
   &quot;modifiers&quot;: 0,
   &quot;text&quot;: &quot;i&quot;,
   &quot;type&quot;: &quot;rawKeyDown&quot;,
   &quot;unmodifiedText&quot;: &quot;i&quot;,
   &quot;windowsVirtualKeyCode&quot;: 73
}
[1664203335,289][DEBUG]: DevTools WebSocket Command: Input.dispatchKeyEvent (id=338) 36FF8643EFB745BF1FD92B9E552C6E89 {
   &quot;code&quot;: &quot;KeyI&quot;,
   &quot;key&quot;: &quot;i&quot;,
   &quot;modifiers&quot;: 0,
   &quot;text&quot;: &quot;i&quot;,
   &quot;type&quot;: &quot;char&quot;,
   &quot;unmodifiedText&quot;: &quot;i&quot;,
   &quot;windowsVirtualKeyCode&quot;: 73
}
[1664203335,289][DEBUG]: DevTools WebSocket Command: Input.dispatchKeyEvent (id=339) 36FF8643EFB745BF1FD92B9E552C6E89 {
   &quot;code&quot;: &quot;KeyI&quot;,
   &quot;key&quot;: &quot;i&quot;,
   &quot;modifiers&quot;: 0,
   &quot;text&quot;: &quot;i&quot;,
   &quot;type&quot;: &quot;keyUp&quot;,
   &quot;unmodifiedText&quot;: &quot;i&quot;,
   &quot;windowsVirtualKeyCode&quot;: 73
}
[1664203335,289][DEBUG]: DevTools WebSocket Command: Input.dispatchKeyEvent (id=340) 36FF8643EFB745BF1FD92B9E552C6E89 {
   &quot;code&quot;: &quot;KeyA&quot;,
   &quot;key&quot;: &quot;a&quot;,
   &quot;modifiers&quot;: 0,
   &quot;text&quot;: &quot;a&quot;,
   &quot;type&quot;: &quot;rawKeyDown&quot;,
   &quot;unmodifiedText&quot;: &quot;a&quot;,
   &quot;windowsVirtualKeyCode&quot;: 65
}
[1664203335,289][DEBUG]: DevTools WebSocket Command: Input.dispatchKeyEvent (id=341) 36FF8643EFB745BF1FD92B9E552C6E89 {
   &quot;code&quot;: &quot;KeyA&quot;,
   &quot;key&quot;: &quot;a&quot;,
   &quot;modifiers&quot;: 0,
   &quot;text&quot;: &quot;a&quot;,
   &quot;type&quot;: &quot;char&quot;,
   &quot;unmodifiedText&quot;: &quot;a&quot;,
   &quot;windowsVirtualKeyCode&quot;: 65
}
[1664203335,289][DEBUG]: DevTools WebSocket Command: Input.dispatchKeyEvent (id=342) 36FF8643EFB745BF1FD92B9E552C6E89 {
   &quot;code&quot;: &quot;KeyA&quot;,
   &quot;key&quot;: &quot;a&quot;,
   &quot;modifiers&quot;: 0,
   &quot;text&quot;: &quot;a&quot;,
   &quot;type&quot;: &quot;keyUp&quot;,
   &quot;unmodifiedText&quot;: &quot;a&quot;,
   &quot;windowsVirtualKeyCode&quot;: 65
}
[1664203335,290][DEBUG]: DevTools WebSocket Response: Input.dispatchKeyEvent (id=317) 36FF8643EFB745BF1FD92B9E552C6E89 {
}
[1664203335,290][DEBUG]: DevTools WebSocket Response: Input.dispatchKeyEvent (id=318) 36FF8643EFB745BF1FD92B9E552C6E89 {
}
[1664203335,290][DEBUG]: DevTools WebSocket Response: Input.dispatchKeyEvent (id=319) 36FF8643EFB745BF1FD92B9E552C6E89 {
}
[1664203335,290][DEBUG]: DevTools WebSocket Response: Input.dispatchKeyEvent (id=320) 36FF8643EFB745BF1FD92B9E552C6E89 {
}
[1664203335,290][DEBUG]: DevTools WebSocket Response: Input.dispatchKeyEvent (id=321) 36FF8643EFB745BF1FD92B9E552C6E89 {
}
[1664203335,290][DEBUG]: DevTools WebSocket Response: Input.dispatchKeyEvent (id=322) 36FF8643EFB745BF1FD92B9E552C6E89 {
}
[1664203335,290][DEBUG]: DevTools WebSocket Response: Input.dispatchKeyEvent (id=323) 36FF8643EFB745BF1FD92B9E552C6E89 {
}
[1664203335,290][DEBUG]: DevTools WebSocket Response: Input.dispatchKeyEvent (id=324) 36FF8643EFB745BF1FD92B9E552C6E89 {
}
[1664203335,290][DEBUG]: DevTools WebSocket Response: Input.dispatchKeyEvent (id=325) 36FF8643EFB745BF1FD92B9E552C6E89 {
}
[1664203335,290][DEBUG]: DevTools WebSocket Response: Input.dispatchKeyEvent (id=326) 36FF8643EFB745BF1FD92B9E552C6E89 {
}
[1664203335,290][DEBUG]: DevTools WebSocket Response: Input.dispatchKeyEvent (id=327) 36FF8643EFB745BF1FD92B9E552C6E89 {
}
[1664203335,290][DEBUG]: DevTools WebSocket Response: Input.dispatchKeyEvent (id=328) 36FF8643EFB745BF1FD92B9E552C6E89 {
}
[1664203335,290][DEBUG]: DevTools WebSocket Response: Input.dispatchKeyEvent (id=329) 36FF8643EFB745BF1FD92B9E552C6E89 {
}
[1664203335,290][DEBUG]: DevTools WebSocket Response: Input.dispatchKeyEvent (id=330) 36FF8643EFB745BF1FD92B9E552C6E89 {
}
[1664203335,290][DEBUG]: DevTools WebSocket Response: Input.dispatchKeyEvent (id=331) 36FF8643EFB745BF1FD92B9E552C6E89 {
}
[1664203335,290][DEBUG]: DevTools WebSocket Response: Input.dispatchKeyEvent (id=332) 36FF8643EFB745BF1FD92B9E552C6E89 {
}
[1664203335,290][DEBUG]: DevTools WebSocket Response: Input.dispatchKeyEvent (id=333) 36FF8643EFB745BF1FD92B9E552C6E89 {
}
[1664203335,290][DEBUG]: DevTools WebSocket Response: Input.dispatchKeyEvent (id=334) 36FF8643EFB745BF1FD92B9E552C6E89 {
}
[1664203335,291][DEBUG]: DevTools WebSocket Response: Input.dispatchKeyEvent (id=335) 36FF8643EFB745BF1FD92B9E552C6E89 {
}
[1664203335,291][DEBUG]: DevTools WebSocket Response: Input.dispatchKeyEvent (id=336) 36FF8643EFB745BF1FD92B9E552C6E89 {
}
[1664203335,291][DEBUG]: DevTools WebSocket Response: Input.dispatchKeyEvent (id=337) 36FF8643EFB745BF1FD92B9E552C6E89 {
}
[1664203335,291][DEBUG]: DevTools WebSocket Response: Input.dispatchKeyEvent (id=338) 36FF8643EFB745BF1FD92B9E552C6E89 {
}
[1664203335,291][DEBUG]: DevTools WebSocket Response: Input.dispatchKeyEvent (id=339) 36FF8643EFB745BF1FD92B9E552C6E89 {
}
[1664203335,291][DEBUG]: DevTools WebSocket Response: Input.dispatchKeyEvent (id=340) 36FF8643EFB745BF1FD92B9E552C6E89 {
}
[1664203335,292][DEBUG]: DevTools WebSocket Response: Input.dispatchKeyEvent (id=341) 36FF8643EFB745BF1FD92B9E552C6E89 {
}
[1664203335,292][DEBUG]: DevTools WebSocket Response: Input.dispatchKeyEvent (id=342) 36FF8643EFB745BF1FD92B9E552C6E89 {
}
[1664203335,292][INFO]: Waiting for pending navigations...
[1664203335,292][DEBUG]: DevTools WebSocket Command: Runtime.evaluate (id=343) 36FF8643EFB745BF1FD92B9E552C6E89 {
   &quot;expression&quot;: &quot;1&quot;
}
[1664203335,292][DEBUG]: DevTools WebSocket Response: Runtime.evaluate (id=343) 36FF8643EFB745BF1FD92B9E552C6E89 {
   &quot;result&quot;: {
      &quot;description&quot;: &quot;1&quot;,
      &quot;type&quot;: &quot;number&quot;,
      &quot;value&quot;: 1
   }
}
[1664203335,292][INFO]: Done waiting for pending navigations. Status: ok
[1664203335,292][INFO]: [054090904ec2838a7cbf889f1b629cce] RESPONSE TypeElement
[1664203335,294][INFO]: [054090904ec2838a7cbf889f1b629cce] COMMAND TypeElement {
   &quot;id&quot;: &quot;435ad786-3767-4c92-bedc-8f1d836e6a25&quot;,
   &quot;text&quot;: &quot;3713&quot;,
   &quot;value&quot;: [ &quot;3&quot;, &quot;7&quot;, &quot;1&quot;, &quot;3&quot; ]
}
[1664203335,294][INFO]: Waiting for pending navigations...
[1664203335,294][DEBUG]: DevTools WebSocket Command: Runtime.evaluate (id=344) 36FF8643EFB745BF1FD92B9E552C6E89 {
   &quot;expression&quot;: &quot;1&quot;
}
[1664203335,299][DEBUG]: DevTools WebSocket Response: Runtime.evaluate (id=344) 36FF8643EFB745BF1FD92B9E552C6E89 {
   &quot;result&quot;: {
      &quot;description&quot;: &quot;1&quot;,
      &quot;type&quot;: &quot;number&quot;,
      &quot;value&quot;: 1
   }
}
[1664203335,299][INFO]: Done waiting for pending navigations. Status: ok
[1664203335,300][DEBUG]: DevTools WebSocket Command: Runtime.evaluate (id=345) 36FF8643EFB745BF1FD92B9E552C6E89 {
   &quot;awaitPromise&quot;: true,
   &quot;expression&quot;: &quot;(function() { // Copyright (c) 2012 The Chromium Authors. All rights reserved.\n// Use of this source code is governed by a BSD-style license that can be\n// found in the LICENSE file.\n\n/**\n * Enum f...&quot;,
   &quot;returnByValue&quot;: true
}
[1664203335,304][DEBUG]: DevTools WebSocket Response: Runtime.evaluate (id=345) 36FF8643EFB745BF1FD92B9E552C6E89 {
   &quot;result&quot;: {
      &quot;type&quot;: &quot;object&quot;,
      &quot;value&quot;: {
         &quot;status&quot;: 0,
         &quot;value&quot;: &quot;INPUT&quot;
      }
   }
}
[1664203335,305][DEBUG]: DevTools WebSocket Command: Runtime.evaluate (id=346) 36FF8643EFB745BF1FD92B9E552C6E89 {
   &quot;awaitPromise&quot;: true,
   &quot;expression&quot;: &quot;(function() { // Copyright (c) 2012 The Chromium Authors. All rights reserved.\n// Use of this source code is governed by a BSD-style license that can be\n// found in the LICENSE file.\n\n/**\n * Enum f...&quot;,
   &quot;returnByValue&quot;: true
}
[1664203335,309][DEBUG]: DevTools WebSocket Response: Runtime.evaluate (id=346) 36FF8643EFB745BF1FD92B9E552C6E89 {
   &quot;result&quot;: {
      &quot;type&quot;: &quot;object&quot;,
      &quot;value&quot;: {
         &quot;status&quot;: 0,
         &quot;value&quot;: &quot;text&quot;
      }
   }
}
[1664203335,309][DEBUG]: DevTools WebSocket Command: Runtime.evaluate (id=347) 36FF8643EFB745BF1FD92B9E552C6E89 {
   &quot;awaitPromise&quot;: true,
   &quot;expression&quot;: &quot;(function() { // Copyright (c) 2012 The Chromium Authors. All rights reserved.\n// Use of this source code is governed by a BSD-style license that can be\n// found in the LICENSE file.\n\n/**\n * Enum f...&quot;,
   &quot;returnByValue&quot;: true
}
[1664203335,310][DEBUG]: DevTools WebSocket Response: Runtime.evaluate (id=347) 36FF8643EFB745BF1FD92B9E552C6E89 {
   &quot;result&quot;: {
      &quot;type&quot;: &quot;object&quot;,
      &quot;value&quot;: {
         &quot;status&quot;: 0,
         &quot;value&quot;: false
      }
   }
}
[1664203335,311][DEBUG]: DevTools WebSocket Command: Runtime.evaluate (id=348) 36FF8643EFB745BF1FD92B9E552C6E89 {
   &quot;awaitPromise&quot;: true,
   &quot;expression&quot;: &quot;(function() { // Copyright (c) 2012 The Chromium Authors. All rights reserved.\n// Use of this source code is governed by a BSD-style license that can be\n// found in the LICENSE file.\n\n/**\n * Enum f...&quot;,
   &quot;returnByValue&quot;: true
}
[1664203335,316][DEBUG]: DevTools WebSocket Response: Runtime.evaluate (id=348) 36FF8643EFB745BF1FD92B9E552C6E89 {
   &quot;result&quot;: {
      &quot;type&quot;: &quot;object&quot;,
      &quot;value&quot;: {
         &quot;status&quot;: 0,
         &quot;value&quot;: &quot;INPUT&quot;
      }
   }
}
[1664203335,316][DEBUG]: DevTools WebSocket Command: Runtime.evaluate (id=349) 36FF8643EFB745BF1FD92B9E552C6E89 {
   &quot;awaitPromise&quot;: false,
   &quot;expression&quot;: &quot;document.hasFocus()&quot;,
   &quot;returnByValue&quot;: true
}
[1664203335,316][DEBUG]: DevTools WebSocket Response: Runtime.evaluate (id=349) 36FF8643EFB745BF1FD92B9E552C6E89 {
   &quot;result&quot;: {
      &quot;type&quot;: &quot;boolean&quot;,
      &quot;value&quot;: true
   }
}
[1664203335,317][DEBUG]: DevTools WebSocket Command: Runtime.evaluate (id=350) 36FF8643EFB745BF1FD92B9E552C6E89 {
   &quot;awaitPromise&quot;: true,
   &quot;expression&quot;: &quot;(function() { // Copyright (c) 2012 The Chromium Authors. All rights reserved.\n// Use of this source code is governed by a BSD-style license that can be\n// found in the LICENSE file.\n\n/**\n * Enum f...&quot;,
   &quot;returnByValue&quot;: true
}
[1664203335,317][DEBUG]: DevTools WebSocket Response: Runtime.evaluate (id=350) 36FF8643EFB745BF1FD92B9E552C6E89 {
   &quot;result&quot;: {
      &quot;type&quot;: &quot;object&quot;,
      &quot;value&quot;: {
         &quot;status&quot;: 0,
         &quot;value&quot;: {
            &quot;element-6066-11e4-a52e-4f735466cecf&quot;: &quot;b0f99d01-3f50-4225-b4f5-7b628588e54f&quot;
         }
      }
   }
}
[1664203335,318][DEBUG]: DevTools WebSocket Command: Runtime.evaluate (id=351) 36FF8643EFB745BF1FD92B9E552C6E89 {
   &quot;awaitPromise&quot;: true,
   &quot;expression&quot;: &quot;(function() { // Copyright (c) 2012 The Chromium Authors. All rights reserved.\n// Use of this source code is governed by a BSD-style license that can be\n// found in the LICENSE file.\n\n/**\n * Enum f...&quot;,
   &quot;returnByValue&quot;: true
}
[1664203335,324][DEBUG]: DevTools WebSocket Response: Runtime.evaluate (id=351) 36FF8643EFB745BF1FD92B9E552C6E89 {
   &quot;result&quot;: {
      &quot;type&quot;: &quot;object&quot;,
      &quot;value&quot;: {
         &quot;status&quot;: 0,
         &quot;value&quot;: true
      }
   }
}
[1664203335,325][DEBUG]: DevTools WebSocket Command: Runtime.evaluate (id=352) 36FF8643EFB745BF1FD92B9E552C6E89 {
   &quot;awaitPromise&quot;: true,
   &quot;expression&quot;: &quot;(function() { // Copyright (c) 2012 The Chromium Authors. All rights reserved.\n// Use of this source code is governed by a BSD-style license that can be\n// found in the LICENSE file.\n\n/**\n * Enum f...&quot;,
   &quot;returnByValue&quot;: true
}
[1664203335,328][DEBUG]: DevTools WebSocket Response: Runtime.evaluate (id=352) 36FF8643EFB745BF1FD92B9E552C6E89 {
   &quot;result&quot;: {
      &quot;type&quot;: &quot;object&quot;,
      &quot;value&quot;: {
         &quot;status&quot;: 0,
         &quot;value&quot;: true
      }
   }
}
[1664203335,329][DEBUG]: DevTools WebSocket Command: Runtime.evaluate (id=353) 36FF8643EFB745BF1FD92B9E552C6E89 {
   &quot;awaitPromise&quot;: true,
   &quot;expression&quot;: &quot;(function() { // Copyright (c) 2012 The Chromium Authors. All rights reserved.\n// Use of this source code is governed by a BSD-style license that can be\n// found in the LICENSE file.\n\n/**\n * Enum f...&quot;,
   &quot;returnByValue&quot;: true
}
[1664203335,331][DEBUG]: DevTools WebSocket Response: Runtime.evaluate (id=353) 36FF8643EFB745BF1FD92B9E552C6E89 {
   &quot;result&quot;: {
      &quot;type&quot;: &quot;object&quot;,
      &quot;value&quot;: {
         &quot;status&quot;: 0,
         &quot;value&quot;: null
      }
   }
}
[1664203335,331][DEBUG]: DevTools WebSocket Command: Runtime.evaluate (id=354) 36FF8643EFB745BF1FD92B9E552C6E89 {
   &quot;awaitPromise&quot;: true,
   &quot;expression&quot;: &quot;(function() { // Copyright (c) 2012 The Chromium Authors. All rights reserved.\n// Use of this source code is governed by a BSD-style license that can be\n// found in the LICENSE file.\n\n/**\n * Enum f...&quot;,
   &quot;returnByValue&quot;: true
}
[1664203335,333][DEBUG]: DevTools WebSocket Response: Runtime.evaluate (id=354) 36FF8643EFB745BF1FD92B9E552C6E89 {
   &quot;result&quot;: {
      &quot;type&quot;: &quot;object&quot;,
      &quot;value&quot;: {
         &quot;status&quot;: 0,
         &quot;value&quot;: null
      }
   }
}
[1664203335,333][DEBUG]: DevTools WebSocket Command: Input.dispatchKeyEvent (id=355) 36FF8643EFB745BF1FD92B9E552C6E89 {
   &quot;code&quot;: &quot;Digit3&quot;,
   &quot;key&quot;: &quot;3&quot;,
   &quot;modifiers&quot;: 0,
   &quot;text&quot;: &quot;3&quot;,
   &quot;type&quot;: &quot;rawKeyDown&quot;,
   &quot;unmodifiedText&quot;: &quot;3&quot;,
   &quot;windowsVirtualKeyCode&quot;: 51
}
[1664203335,333][DEBUG]: DevTools WebSocket Command: Input.dispatchKeyEvent (id=356) 36FF8643EFB745BF1FD92B9E552C6E89 {
   &quot;code&quot;: &quot;Digit3&quot;,
   &quot;key&quot;: &quot;3&quot;,
   &quot;modifiers&quot;: 0,
   &quot;text&quot;: &quot;3&quot;,
   &quot;type&quot;: &quot;char&quot;,
   &quot;unmodifiedText&quot;: &quot;3&quot;,
   &quot;windowsVirtualKeyCode&quot;: 51
}
[1664203335,334][DEBUG]: DevTools WebSocket Command: Input.dispatchKeyEvent (id=357) 36FF8643EFB745BF1FD92B9E552C6E89 {
   &quot;code&quot;: &quot;Digit3&quot;,
   &quot;key&quot;: &quot;3&quot;,
   &quot;modifiers&quot;: 0,
   &quot;text&quot;: &quot;3&quot;,
   &quot;type&quot;: &quot;keyUp&quot;,
   &quot;unmodifiedText&quot;: &quot;3&quot;,
   &quot;windowsVirtualKeyCode&quot;: 51
}
[1664203335,334][DEBUG]: DevTools WebSocket Command: Input.dispatchKeyEvent (id=358) 36FF8643EFB745BF1FD92B9E552C6E89 {
   &quot;code&quot;: &quot;Digit7&quot;,
   &quot;key&quot;: &quot;7&quot;,
   &quot;modifiers&quot;: 0,
   &quot;text&quot;: &quot;7&quot;,
   &quot;type&quot;: &quot;rawKeyDown&quot;,
   &quot;unmodifiedText&quot;: &quot;7&quot;,
   &quot;windowsVirtualKeyCode&quot;: 55
}
[1664203335,334][DEBUG]: DevTools WebSocket Command: Input.dispatchKeyEvent (id=359) 36FF8643EFB745BF1FD92B9E552C6E89 {
   &quot;code&quot;: &quot;Digit7&quot;,
   &quot;key&quot;: &quot;7&quot;,
   &quot;modifiers&quot;: 0,
   &quot;text&quot;: &quot;7&quot;,
   &quot;type&quot;: &quot;char&quot;,
   &quot;unmodifiedText&quot;: &quot;7&quot;,
   &quot;windowsVirtualKeyCode&quot;: 55
}
[1664203335,334][DEBUG]: DevTools WebSocket Command: Input.dispatchKeyEvent (id=360) 36FF8643EFB745BF1FD92B9E552C6E89 {
   &quot;code&quot;: &quot;Digit7&quot;,
   &quot;key&quot;: &quot;7&quot;,
   &quot;modifiers&quot;: 0,
   &quot;text&quot;: &quot;7&quot;,
   &quot;type&quot;: &quot;keyUp&quot;,
   &quot;unmodifiedText&quot;: &quot;7&quot;,
   &quot;windowsVirtualKeyCode&quot;: 55
}
[1664203335,334][DEBUG]: DevTools WebSocket Command: Input.dispatchKeyEvent (id=361) 36FF8643EFB745BF1FD92B9E552C6E89 {
   &quot;code&quot;: &quot;Digit1&quot;,
   &quot;key&quot;: &quot;1&quot;,
   &quot;modifiers&quot;: 0,
   &quot;text&quot;: &quot;1&quot;,
   &quot;type&quot;: &quot;rawKeyDown&quot;,
   &quot;unmodifiedText&quot;: &quot;1&quot;,
   &quot;windowsVirtualKeyCode&quot;: 49
}
[1664203335,334][DEBUG]: DevTools WebSocket Command: Input.dispatchKeyEvent (id=362) 36FF8643EFB745BF1FD92B9E552C6E89 {
   &quot;code&quot;: &quot;Digit1&quot;,
   &quot;key&quot;: &quot;1&quot;,
   &quot;modifiers&quot;: 0,
   &quot;text&quot;: &quot;1&quot;,
   &quot;type&quot;: &quot;char&quot;,
   &quot;unmodifiedText&quot;: &quot;1&quot;,
   &quot;windowsVirtualKeyCode&quot;: 49
}
[1664203335,334][DEBUG]: DevTools WebSocket Command: Input.dispatchKeyEvent (id=363) 36FF8643EFB745BF1FD92B9E552C6E89 {
   &quot;code&quot;: &quot;Digit1&quot;,
   &quot;key&quot;: &quot;1&quot;,
   &quot;modifiers&quot;: 0,
   &quot;text&quot;: &quot;1&quot;,
   &quot;type&quot;: &quot;keyUp&quot;,
   &quot;unmodifiedText&quot;: &quot;1&quot;,
   &quot;windowsVirtualKeyCode&quot;: 49
}
[1664203335,335][DEBUG]: DevTools WebSocket Command: Input.dispatchKeyEvent (id=364) 36FF8643EFB745BF1FD92B9E552C6E89 {
   &quot;code&quot;: &quot;Digit3&quot;,
   &quot;key&quot;: &quot;3&quot;,
   &quot;modifiers&quot;: 0,
   &quot;text&quot;: &quot;3&quot;,
   &quot;type&quot;: &quot;rawKeyDown&quot;,
   &quot;unmodifiedText&quot;: &quot;3&quot;,
   &quot;windowsVirtualKeyCode&quot;: 51
}
[1664203335,335][DEBUG]: DevTools WebSocket Command: Input.dispatchKeyEvent (id=365) 36FF8643EFB745BF1FD92B9E552C6E89 {
   &quot;code&quot;: &quot;Digit3&quot;,
   &quot;key&quot;: &quot;3&quot;,
   &quot;modifiers&quot;: 0,
   &quot;text&quot;: &quot;3&quot;,
   &quot;type&quot;: &quot;char&quot;,
   &quot;unmodifiedText&quot;: &quot;3&quot;,
   &quot;windowsVirtualKeyCode&quot;: 51
}
[1664203335,335][DEBUG]: DevTools WebSocket Command: Input.dispatchKeyEvent (id=366) 36FF8643EFB745BF1FD92B9E552C6E89 {
   &quot;code&quot;: &quot;Digit3&quot;,
   &quot;key&quot;: &quot;3&quot;,
   &quot;modifiers&quot;: 0,
   &quot;text&quot;: &quot;3&quot;,
   &quot;type&quot;: &quot;keyUp&quot;,
   &quot;unmodifiedText&quot;: &quot;3&quot;,
   &quot;windowsVirtualKeyCode&quot;: 51
}
[1664203335,335][DEBUG]: DevTools WebSocket Response: Input.dispatchKeyEvent (id=355) 36FF8643EFB745BF1FD92B9E552C6E89 {
}
[1664203335,335][DEBUG]: DevTools WebSocket Response: Input.dispatchKeyEvent (id=356) 36FF8643EFB745BF1FD92B9E552C6E89 {
}
[1664203335,335][DEBUG]: DevTools WebSocket Response: Input.dispatchKeyEvent (id=357) 36FF8643EFB745BF1FD92B9E552C6E89 {
}
[1664203335,335][DEBUG]: DevTools WebSocket Response: Input.dispatchKeyEvent (id=358) 36FF8643EFB745BF1FD92B9E552C6E89 {
}
[1664203335,335][DEBUG]: DevTools WebSocket Response: Input.dispatchKeyEvent (id=359) 36FF8643EFB745BF1FD92B9E552C6E89 {
}
[1664203335,335][DEBUG]: DevTools WebSocket Response: Input.dispatchKeyEvent (id=360) 36FF8643EFB745BF1FD92B9E552C6E89 {
}
[1664203335,335][DEBUG]: DevTools WebSocket Response: Input.dispatchKeyEvent (id=361) 36FF8643EFB745BF1FD92B9E552C6E89 {
}
[1664203335,335][DEBUG]: DevTools WebSocket Response: Input.dispatchKeyEvent (id=362) 36FF8643EFB745BF1FD92B9E552C6E89 {
}
[1664203335,335][DEBUG]: DevTools WebSocket Response: Input.dispatchKeyEvent (id=363) 36FF8643EFB745BF1FD92B9E552C6E89 {
}
[1664203335,335][DEBUG]: DevTools WebSocket Response: Input.dispatchKeyEvent (id=364) 36FF8643EFB745BF1FD92B9E552C6E89 {
}
[1664203335,336][DEBUG]: DevTools WebSocket Response: Input.dispatchKeyEvent (id=365) 36FF8643EFB745BF1FD92B9E552C6E89 {
}
[1664203335,336][DEBUG]: DevTools WebSocket Response: Input.dispatchKeyEvent (id=366) 36FF8643EFB745BF1FD92B9E552C6E89 {
}
[1664203335,336][INFO]: Waiting for pending navigations...
[1664203335,336][DEBUG]: DevTools WebSocket Command: Runtime.evaluate (id=367) 36FF8643EFB745BF1FD92B9E552C6E89 {
   &quot;expression&quot;: &quot;1&quot;
}
[1664203335,338][DEBUG]: DevTools WebSocket Response: Runtime.evaluate (id=367) 36FF8643EFB745BF1FD92B9E552C6E89 {
   &quot;result&quot;: {
      &quot;description&quot;: &quot;1&quot;,
      &quot;type&quot;: &quot;number&quot;,
      &quot;value&quot;: 1
   }
}
[1664203335,338][INFO]: Done waiting for pending navigations. Status: ok
[1664203335,338][INFO]: [054090904ec2838a7cbf889f1b629cce] RESPONSE TypeElement
[1664203335,341][INFO]: [054090904ec2838a7cbf889f1b629cce] COMMAND TypeElement {
   &quot;id&quot;: &quot;19482b56-6c4d-4eb1-8f11-749f90b272ab&quot;,
   &quot;text&quot;: &quot;(234) 986-9921&quot;,
   &quot;value&quot;: [ &quot;(&quot;, &quot;2&quot;, &quot;3&quot;, &quot;4&quot;, &quot;)&quot;, &quot; &quot;, &quot;9&quot;, &quot;8&quot;, &quot;6&quot;, &quot;-&quot;, &quot;9&quot;, &quot;9&quot;, &quot;2&quot;, &quot;1&quot; ]
}
[1664203335,341][INFO]: Waiting for pending navigations...
[1664203335,341][DEBUG]: DevTools WebSocket Command: Runtime.evaluate (id=368) 36FF8643EFB745BF1FD92B9E552C6E89 {
   &quot;expression&quot;: &quot;1&quot;
}
[1664203335,341][DEBUG]: DevTools WebSocket Response: Runtime.evaluate (id=368) 36FF8643EFB745BF1FD92B9E552C6E89 {
   &quot;result&quot;: {
      &quot;description&quot;: &quot;1&quot;,
      &quot;type&quot;: &quot;number&quot;,
      &quot;value&quot;: 1
   }
}
[1664203335,341][INFO]: Done waiting for pending navigations. Status: ok
[1664203335,342][DEBUG]: DevTools WebSocket Command: Runtime.evaluate (id=369) 36FF8643EFB745BF1FD92B9E552C6E89 {
   &quot;awaitPromise&quot;: true,
   &quot;expression&quot;: &quot;(function() { // Copyright (c) 2012 The Chromium Authors. All rights reserved.\n// Use of this source code is governed by a BSD-style license that can be\n// found in the LICENSE file.\n\n/**\n * Enum f...&quot;,
   &quot;returnByValue&quot;: true
}
[1664203335,347][DEBUG]: DevTools WebSocket Response: Runtime.evaluate (id=369) 36FF8643EFB745BF1FD92B9E552C6E89 {
   &quot;result&quot;: {
      &quot;type&quot;: &quot;object&quot;,
      &quot;value&quot;: {
         &quot;status&quot;: 0,
         &quot;value&quot;: &quot;INPUT&quot;
      }
   }
}
[1664203335,348][DEBUG]: DevTools WebSocket Command: Runtime.evaluate (id=370) 36FF8643EFB745BF1FD92B9E552C6E89 {
   &quot;awaitPromise&quot;: true,
   &quot;expression&quot;: &quot;(function() { // Copyright (c) 2012 The Chromium Authors. All rights reserved.\n// Use of this source code is governed by a BSD-style license that can be\n// found in the LICENSE file.\n\n/**\n * Enum f...&quot;,
   &quot;returnByValue&quot;: true
}
[1664203335,352][DEBUG]: DevTools WebSocket Response: Runtime.evaluate (id=370) 36FF8643EFB745BF1FD92B9E552C6E89 {
   &quot;result&quot;: {
      &quot;type&quot;: &quot;object&quot;,
      &quot;value&quot;: {
         &quot;status&quot;: 0,
         &quot;value&quot;: &quot;text&quot;
      }
   }
}
[1664203335,352][DEBUG]: DevTools WebSocket Command: Runtime.evaluate (id=371) 36FF8643EFB745BF1FD92B9E552C6E89 {
   &quot;awaitPromise&quot;: true,
   &quot;expression&quot;: &quot;(function() { // Copyright (c) 2012 The Chromium Authors. All rights reserved.\n// Use of this source code is governed by a BSD-style license that can be\n// found in the LICENSE file.\n\n/**\n * Enum f...&quot;,
   &quot;returnByValue&quot;: true
}
[1664203335,353][DEBUG]: DevTools WebSocket Response: Runtime.evaluate (id=371) 36FF8643EFB745BF1FD92B9E552C6E89 {
   &quot;result&quot;: {
      &quot;type&quot;: &quot;object&quot;,
      &quot;value&quot;: {
         &quot;status&quot;: 0,
         &quot;value&quot;: false
      }
   }
}
[1664203335,354][DEBUG]: DevTools WebSocket Command: Runtime.evaluate (id=372) 36FF8643EFB745BF1FD92B9E552C6E89 {
   &quot;awaitPromise&quot;: true,
   &quot;expression&quot;: &quot;(function() { // Copyright (c) 2012 The Chromium Authors. All rights reserved.\n// Use of this source code is governed by a BSD-style license that can be\n// found in the LICENSE file.\n\n/**\n * Enum f...&quot;,
   &quot;returnByValue&quot;: true
}
[1664203335,356][DEBUG]: DevTools WebSocket Response: Runtime.evaluate (id=372) 36FF8643EFB745BF1FD92B9E552C6E89 {
   &quot;result&quot;: {
      &quot;type&quot;: &quot;object&quot;,
      &quot;value&quot;: {
         &quot;status&quot;: 0,
         &quot;value&quot;: &quot;INPUT&quot;
      }
   }
}
[1664203335,356][DEBUG]: DevTools WebSocket Command: Runtime.evaluate (id=373) 36FF8643EFB745BF1FD92B9E552C6E89 {
   &quot;awaitPromise&quot;: false,
   &quot;expression&quot;: &quot;document.hasFocus()&quot;,
   &quot;returnByValue&quot;: true
}
[1664203335,356][DEBUG]: DevTools WebSocket Response: Runtime.evaluate (id=373) 36FF8643EFB745BF1FD92B9E552C6E89 {
   &quot;result&quot;: {
      &quot;type&quot;: &quot;boolean&quot;,
      &quot;value&quot;: true
   }
}
[1664203335,356][DEBUG]: DevTools WebSocket Command: Runtime.evaluate (id=374) 36FF8643EFB745BF1FD92B9E552C6E89 {
   &quot;awaitPromise&quot;: true,
   &quot;expression&quot;: &quot;(function() { // Copyright (c) 2012 The Chromium Authors. All rights reserved.\n// Use of this source code is governed by a BSD-style license that can be\n// found in the LICENSE file.\n\n/**\n * Enum f...&quot;,
   &quot;returnByValue&quot;: true
}
[1664203335,357][DEBUG]: DevTools WebSocket Response: Runtime.evaluate (id=374) 36FF8643EFB745BF1FD92B9E552C6E89 {
   &quot;result&quot;: {
      &quot;type&quot;: &quot;object&quot;,
      &quot;value&quot;: {
         &quot;status&quot;: 0,
         &quot;value&quot;: {
            &quot;element-6066-11e4-a52e-4f735466cecf&quot;: &quot;435ad786-3767-4c92-bedc-8f1d836e6a25&quot;
         }
      }
   }
}
[1664203335,358][DEBUG]: DevTools WebSocket Command: Runtime.evaluate (id=375) 36FF8643EFB745BF1FD92B9E552C6E89 {
   &quot;awaitPromise&quot;: true,
   &quot;expression&quot;: &quot;(function() { // Copyright (c) 2012 The Chromium Authors. All rights reserved.\n// Use of this source code is governed by a BSD-style license that can be\n// found in the LICENSE file.\n\n/**\n * Enum f...&quot;,
   &quot;returnByValue&quot;: true
}
[1664203335,364][DEBUG]: DevTools WebSocket Response: Runtime.evaluate (id=375) 36FF8643EFB745BF1FD92B9E552C6E89 {
   &quot;result&quot;: {
      &quot;type&quot;: &quot;object&quot;,
      &quot;value&quot;: {
         &quot;status&quot;: 0,
         &quot;value&quot;: true
      }
   }
}
[1664203335,365][DEBUG]: DevTools WebSocket Command: Runtime.evaluate (id=376) 36FF8643EFB745BF1FD92B9E552C6E89 {
   &quot;awaitPromise&quot;: true,
   &quot;expression&quot;: &quot;(function() { // Copyright (c) 2012 The Chromium Authors. All rights reserved.\n// Use of this source code is governed by a BSD-style license that can be\n// found in the LICENSE file.\n\n/**\n * Enum f...&quot;,
   &quot;returnByValue&quot;: true
}
[1664203335,368][DEBUG]: DevTools WebSocket Response: Runtime.evaluate (id=376) 36FF8643EFB745BF1FD92B9E552C6E89 {
   &quot;result&quot;: {
      &quot;type&quot;: &quot;object&quot;,
      &quot;value&quot;: {
         &quot;status&quot;: 0,
         &quot;value&quot;: true
      }
   }
}
[1664203335,368][DEBUG]: DevTools WebSocket Command: Runtime.evaluate (id=377) 36FF8643EFB745BF1FD92B9E552C6E89 {
   &quot;awaitPromise&quot;: true,
   &quot;expression&quot;: &quot;(function() { // Copyright (c) 2012 The Chromium Authors. All rights reserved.\n// Use of this source code is governed by a BSD-style license that can be\n// found in the LICENSE file.\n\n/**\n * Enum f...&quot;,
   &quot;returnByValue&quot;: true
}
[1664203335,370][DEBUG]: DevTools WebSocket Response: Runtime.evaluate (id=377) 36FF8643EFB745BF1FD92B9E552C6E89 {
   &quot;result&quot;: {
      &quot;type&quot;: &quot;object&quot;,
      &quot;value&quot;: {
         &quot;status&quot;: 0,
         &quot;value&quot;: null
      }
   }
}
[1664203335,371][DEBUG]: DevTools WebSocket Command: Runtime.evaluate (id=378) 36FF8643EFB745BF1FD92B9E552C6E89 {
   &quot;awaitPromise&quot;: true,
   &quot;expression&quot;: &quot;(function() { // Copyright (c) 2012 The Chromium Authors. All rights reserved.\n// Use of this source code is governed by a BSD-style license that can be\n// found in the LICENSE file.\n\n/**\n * Enum f...&quot;,
   &quot;returnByValue&quot;: true
}
[1664203335,372][DEBUG]: DevTools WebSocket Response: Runtime.evaluate (id=378) 36FF8643EFB745BF1FD92B9E552C6E89 {
   &quot;result&quot;: {
      &quot;type&quot;: &quot;object&quot;,
      &quot;value&quot;: {
         &quot;status&quot;: 0,
         &quot;value&quot;: null
      }
   }
}
[1664203335,373][DEBUG]: DevTools WebSocket Command: Input.dispatchKeyEvent (id=379) 36FF8643EFB745BF1FD92B9E552C6E89 {
   &quot;code&quot;: &quot;ShiftLeft&quot;,
   &quot;key&quot;: &quot;Shift&quot;,
   &quot;modifiers&quot;: 0,
   &quot;text&quot;: &quot;&quot;,
   &quot;type&quot;: &quot;rawKeyDown&quot;,
   &quot;unmodifiedText&quot;: &quot;&quot;,
   &quot;windowsVirtualKeyCode&quot;: 16
}
[1664203335,373][DEBUG]: DevTools WebSocket Command: Input.dispatchKeyEvent (id=380) 36FF8643EFB745BF1FD92B9E552C6E89 {
   &quot;code&quot;: &quot;Digit9&quot;,
   &quot;key&quot;: &quot;(&quot;,
   &quot;modifiers&quot;: 8,
   &quot;text&quot;: &quot;(&quot;,
   &quot;type&quot;: &quot;rawKeyDown&quot;,
   &quot;unmodifiedText&quot;: &quot;9&quot;,
   &quot;windowsVirtualKeyCode&quot;: 57
}
[1664203335,373][DEBUG]: DevTools WebSocket Command: Input.dispatchKeyEvent (id=381) 36FF8643EFB745BF1FD92B9E552C6E89 {
   &quot;code&quot;: &quot;Digit9&quot;,
   &quot;key&quot;: &quot;(&quot;,
   &quot;modifiers&quot;: 8,
   &quot;text&quot;: &quot;(&quot;,
   &quot;type&quot;: &quot;char&quot;,
   &quot;unmodifiedText&quot;: &quot;9&quot;,
   &quot;windowsVirtualKeyCode&quot;: 57
}
[1664203335,373][DEBUG]: DevTools WebSocket Command: Input.dispatchKeyEvent (id=382) 36FF8643EFB745BF1FD92B9E552C6E89 {
   &quot;code&quot;: &quot;Digit9&quot;,
   &quot;key&quot;: &quot;(&quot;,
   &quot;modifiers&quot;: 8,
   &quot;text&quot;: &quot;(&quot;,
   &quot;type&quot;: &quot;keyUp&quot;,
   &quot;unmodifiedText&quot;: &quot;9&quot;,
   &quot;windowsVirtualKeyCode&quot;: 57
}
[1664203335,373][DEBUG]: DevTools WebSocket Command: Input.dispatchKeyEvent (id=383) 36FF8643EFB745BF1FD92B9E552C6E89 {
   &quot;code&quot;: &quot;ShiftLeft&quot;,
   &quot;key&quot;: &quot;Shift&quot;,
   &quot;modifiers&quot;: 0,
   &quot;text&quot;: &quot;&quot;,
   &quot;type&quot;: &quot;keyUp&quot;,
   &quot;unmodifiedText&quot;: &quot;&quot;,
   &quot;windowsVirtualKeyCode&quot;: 16
}
[1664203335,373][DEBUG]: DevTools WebSocket Command: Input.dispatchKeyEvent (id=384) 36FF8643EFB745BF1FD92B9E552C6E89 {
   &quot;code&quot;: &quot;Digit2&quot;,
   &quot;key&quot;: &quot;2&quot;,
   &quot;modifiers&quot;: 0,
   &quot;text&quot;: &quot;2&quot;,
   &quot;type&quot;: &quot;rawKeyDown&quot;,
   &quot;unmodifiedText&quot;: &quot;2&quot;,
   &quot;windowsVirtualKeyCode&quot;: 50
}
[1664203335,373][DEBUG]: DevTools WebSocket Command: Input.dispatchKeyEvent (id=385) 36FF8643EFB745BF1FD92B9E552C6E89 {
   &quot;code&quot;: &quot;Digit2&quot;,
   &quot;key&quot;: &quot;2&quot;,
   &quot;modifiers&quot;: 0,
   &quot;text&quot;: &quot;2&quot;,
   &quot;type&quot;: &quot;char&quot;,
   &quot;unmodifiedText&quot;: &quot;2&quot;,
   &quot;windowsVirtualKeyCode&quot;: 50
}
[1664203335,373][DEBUG]: DevTools WebSocket Command: Input.dispatchKeyEvent (id=386) 36FF8643EFB745BF1FD92B9E552C6E89 {
   &quot;code&quot;: &quot;Digit2&quot;,
   &quot;key&quot;: &quot;2&quot;,
   &quot;modifiers&quot;: 0,
   &quot;text&quot;: &quot;2&quot;,
   &quot;type&quot;: &quot;keyUp&quot;,
   &quot;unmodifiedText&quot;: &quot;2&quot;,
   &quot;windowsVirtualKeyCode&quot;: 50
}
[1664203335,373][DEBUG]: DevTools WebSocket Command: Input.dispatchKeyEvent (id=387) 36FF8643EFB745BF1FD92B9E552C6E89 {
   &quot;code&quot;: &quot;Digit3&quot;,
   &quot;key&quot;: &quot;3&quot;,
   &quot;modifiers&quot;: 0,
   &quot;text&quot;: &quot;3&quot;,
   &quot;type&quot;: &quot;rawKeyDown&quot;,
   &quot;unmodifiedText&quot;: &quot;3&quot;,
   &quot;windowsVirtualKeyCode&quot;: 51
}
[1664203335,373][DEBUG]: DevTools WebSocket Command: Input.dispatchKeyEvent (id=388) 36FF8643EFB745BF1FD92B9E552C6E89 {
   &quot;code&quot;: &quot;Digit3&quot;,
   &quot;key&quot;: &quot;3&quot;,
   &quot;modifiers&quot;: 0,
   &quot;text&quot;: &quot;3&quot;,
   &quot;type&quot;: &quot;char&quot;,
   &quot;unmodifiedText&quot;: &quot;3&quot;,
   &quot;windowsVirtualKeyCode&quot;: 51
}
[1664203335,374][DEBUG]: DevTools WebSocket Command: Input.dispatchKeyEvent (id=389) 36FF8643EFB745BF1FD92B9E552C6E89 {
   &quot;code&quot;: &quot;Digit3&quot;,
   &quot;key&quot;: &quot;3&quot;,
   &quot;modifiers&quot;: 0,
   &quot;text&quot;: &quot;3&quot;,
   &quot;type&quot;: &quot;keyUp&quot;,
   &quot;unmodifiedText&quot;: &quot;3&quot;,
   &quot;windowsVirtualKeyCode&quot;: 51
}
[1664203335,374][DEBUG]: DevTools WebSocket Command: Input.dispatchKeyEvent (id=390) 36FF8643EFB745BF1FD92B9E552C6E89 {
   &quot;code&quot;: &quot;Digit4&quot;,
   &quot;key&quot;: &quot;4&quot;,
   &quot;modifiers&quot;: 0,
   &quot;text&quot;: &quot;4&quot;,
   &quot;type&quot;: &quot;rawKeyDown&quot;,
   &quot;unmodifiedText&quot;: &quot;4&quot;,
   &quot;windowsVirtualKeyCode&quot;: 52
}
[1664203335,374][DEBUG]: DevTools WebSocket Command: Input.dispatchKeyEvent (id=391) 36FF8643EFB745BF1FD92B9E552C6E89 {
   &quot;code&quot;: &quot;Digit4&quot;,
   &quot;key&quot;: &quot;4&quot;,
   &quot;modifiers&quot;: 0,
   &quot;text&quot;: &quot;4&quot;,
   &quot;type&quot;: &quot;char&quot;,
   &quot;unmodifiedText&quot;: &quot;4&quot;,
   &quot;windowsVirtualKeyCode&quot;: 52
}
[1664203335,374][DEBUG]: DevTools WebSocket Command: Input.dispatchKeyEvent (id=392) 36FF8643EFB745BF1FD92B9E552C6E89 {
   &quot;code&quot;: &quot;Digit4&quot;,
   &quot;key&quot;: &quot;4&quot;,
   &quot;modifiers&quot;: 0,
   &quot;text&quot;: &quot;4&quot;,
   &quot;type&quot;: &quot;keyUp&quot;,
   &quot;unmodifiedText&quot;: &quot;4&quot;,
   &quot;windowsVirtualKeyCode&quot;: 52
}
[1664203335,374][DEBUG]: DevTools WebSocket Command: Input.dispatchKeyEvent (id=393) 36FF8643EFB745BF1FD92B9E552C6E89 {
   &quot;code&quot;: &quot;ShiftLeft&quot;,
   &quot;key&quot;: &quot;Shift&quot;,
   &quot;modifiers&quot;: 0,
   &quot;text&quot;: &quot;&quot;,
   &quot;type&quot;: &quot;rawKeyDown&quot;,
   &quot;unmodifiedText&quot;: &quot;&quot;,
   &quot;windowsVirtualKeyCode&quot;: 16
}
[1664203335,374][DEBUG]: DevTools WebSocket Command: Input.dispatchKeyEvent (id=394) 36FF8643EFB745BF1FD92B9E552C6E89 {
   &quot;code&quot;: &quot;Digit0&quot;,
   &quot;key&quot;: &quot;)&quot;,
   &quot;modifiers&quot;: 8,
   &quot;text&quot;: &quot;)&quot;,
   &quot;type&quot;: &quot;rawKeyDown&quot;,
   &quot;unmodifiedText&quot;: &quot;0&quot;,
   &quot;windowsVirtualKeyCode&quot;: 48
}
[1664203335,374][DEBUG]: DevTools WebSocket Command: Input.dispatchKeyEvent (id=395) 36FF8643EFB745BF1FD92B9E552C6E89 {
   &quot;code&quot;: &quot;Digit0&quot;,
   &quot;key&quot;: &quot;)&quot;,
   &quot;modifiers&quot;: 8,
   &quot;text&quot;: &quot;)&quot;,
   &quot;type&quot;: &quot;char&quot;,
   &quot;unmodifiedText&quot;: &quot;0&quot;,
   &quot;windowsVirtualKeyCode&quot;: 48
}
[1664203335,374][DEBUG]: DevTools WebSocket Command: Input.dispatchKeyEvent (id=396) 36FF8643EFB745BF1FD92B9E552C6E89 {
   &quot;code&quot;: &quot;Digit0&quot;,
   &quot;key&quot;: &quot;)&quot;,
   &quot;modifiers&quot;: 8,
   &quot;text&quot;: &quot;)&quot;,
   &quot;type&quot;: &quot;keyUp&quot;,
   &quot;unmodifiedText&quot;: &quot;0&quot;,
   &quot;windowsVirtualKeyCode&quot;: 48
}
[1664203335,374][DEBUG]: DevTools WebSocket Command: Input.dispatchKeyEvent (id=397) 36FF8643EFB745BF1FD92B9E552C6E89 {
   &quot;code&quot;: &quot;ShiftLeft&quot;,
   &quot;key&quot;: &quot;Shift&quot;,
   &quot;modifiers&quot;: 0,
   &quot;text&quot;: &quot;&quot;,
   &quot;type&quot;: &quot;keyUp&quot;,
   &quot;unmodifiedText&quot;: &quot;&quot;,
   &quot;windowsVirtualKeyCode&quot;: 16
}
[1664203335,374][DEBUG]: DevTools WebSocket Command: Input.dispatchKeyEvent (id=398) 36FF8643EFB745BF1FD92B9E552C6E89 {
   &quot;code&quot;: &quot;Space&quot;,
   &quot;key&quot;: &quot; &quot;,
   &quot;modifiers&quot;: 0,
   &quot;text&quot;: &quot; &quot;,
   &quot;type&quot;: &quot;rawKeyDown&quot;,
   &quot;unmodifiedText&quot;: &quot; &quot;,
   &quot;windowsVirtualKeyCode&quot;: 32
}
[1664203335,374][DEBUG]: DevTools WebSocket Command: Input.dispatchKeyEvent (id=399) 36FF8643EFB745BF1FD92B9E552C6E89 {
   &quot;code&quot;: &quot;Space&quot;,
   &quot;key&quot;: &quot; &quot;,
   &quot;modifiers&quot;: 0,
   &quot;text&quot;: &quot; &quot;,
   &quot;type&quot;: &quot;char&quot;,
   &quot;unmodifiedText&quot;: &quot; &quot;,
   &quot;windowsVirtualKeyCode&quot;: 32
}
[1664203335,374][DEBUG]: DevTools WebSocket Command: Input.dispatchKeyEvent (id=400) 36FF8643EFB745BF1FD92B9E552C6E89 {
   &quot;code&quot;: &quot;Space&quot;,
   &quot;key&quot;: &quot; &quot;,
   &quot;modifiers&quot;: 0,
   &quot;text&quot;: &quot; &quot;,
   &quot;type&quot;: &quot;keyUp&quot;,
   &quot;unmodifiedText&quot;: &quot; &quot;,
   &quot;windowsVirtualKeyCode&quot;: 32
}
[1664203335,374][DEBUG]: DevTools WebSocket Command: Input.dispatchKeyEvent (id=401) 36FF8643EFB745BF1FD92B9E552C6E89 {
   &quot;code&quot;: &quot;Digit9&quot;,
   &quot;key&quot;: &quot;9&quot;,
   &quot;modifiers&quot;: 0,
   &quot;text&quot;: &quot;9&quot;,
   &quot;type&quot;: &quot;rawKeyDown&quot;,
   &quot;unmodifiedText&quot;: &quot;9&quot;,
   &quot;windowsVirtualKeyCode&quot;: 57
}
[1664203335,375][DEBUG]: DevTools WebSocket Command: Input.dispatchKeyEvent (id=402) 36FF8643EFB745BF1FD92B9E552C6E89 {
   &quot;code&quot;: &quot;Digit9&quot;,
   &quot;key&quot;: &quot;9&quot;,
   &quot;modifiers&quot;: 0,
   &quot;text&quot;: &quot;9&quot;,
   &quot;type&quot;: &quot;char&quot;,
   &quot;unmodifiedText&quot;: &quot;9&quot;,
   &quot;windowsVirtualKeyCode&quot;: 57
}
[1664203335,375][DEBUG]: DevTools WebSocket Command: Input.dispatchKeyEvent (id=403) 36FF8643EFB745BF1FD92B9E552C6E89 {
   &quot;code&quot;: &quot;Digit9&quot;,
   &quot;key&quot;: &quot;9&quot;,
   &quot;modifiers&quot;: 0,
   &quot;text&quot;: &quot;9&quot;,
   &quot;type&quot;: &quot;keyUp&quot;,
   &quot;unmodifiedText&quot;: &quot;9&quot;,
   &quot;windowsVirtualKeyCode&quot;: 57
}
[1664203335,375][DEBUG]: DevTools WebSocket Command: Input.dispatchKeyEvent (id=404) 36FF8643EFB745BF1FD92B9E552C6E89 {
   &quot;code&quot;: &quot;Digit8&quot;,
   &quot;key&quot;: &quot;8&quot;,
   &quot;modifiers&quot;: 0,
   &quot;text&quot;: &quot;8&quot;,
   &quot;type&quot;: &quot;rawKeyDown&quot;,
   &quot;unmodifiedText&quot;: &quot;8&quot;,
   &quot;windowsVirtualKeyCode&quot;: 56
}
[1664203335,375][DEBUG]: DevTools WebSocket Command: Input.dispatchKeyEvent (id=405) 36FF8643EFB745BF1FD92B9E552C6E89 {
   &quot;code&quot;: &quot;Digit8&quot;,
   &quot;key&quot;: &quot;8&quot;,
   &quot;modifiers&quot;: 0,
   &quot;text&quot;: &quot;8&quot;,
   &quot;type&quot;: &quot;char&quot;,
   &quot;unmodifiedText&quot;: &quot;8&quot;,
   &quot;windowsVirtualKeyCode&quot;: 56
}
[1664203335,375][DEBUG]: DevTools WebSocket Command: Input.dispatchKeyEvent (id=406) 36FF8643EFB745BF1FD92B9E552C6E89 {
   &quot;code&quot;: &quot;Digit8&quot;,
   &quot;key&quot;: &quot;8&quot;,
   &quot;modifiers&quot;: 0,
   &quot;text&quot;: &quot;8&quot;,
   &quot;type&quot;: &quot;keyUp&quot;,
   &quot;unmodifiedText&quot;: &quot;8&quot;,
   &quot;windowsVirtualKeyCode&quot;: 56
}
[1664203335,375][DEBUG]: DevTools WebSocket Command: Input.dispatchKeyEvent (id=407) 36FF8643EFB745BF1FD92B9E552C6E89 {
   &quot;code&quot;: &quot;Digit6&quot;,
   &quot;key&quot;: &quot;6&quot;,
   &quot;modifiers&quot;: 0,
   &quot;text&quot;: &quot;6&quot;,
   &quot;type&quot;: &quot;rawKeyDown&quot;,
   &quot;unmodifiedText&quot;: &quot;6&quot;,
   &quot;windowsVirtualKeyCode&quot;: 54
}
[1664203335,375][DEBUG]: DevTools WebSocket Command: Input.dispatchKeyEvent (id=408) 36FF8643EFB745BF1FD92B9E552C6E89 {
   &quot;code&quot;: &quot;Digit6&quot;,
   &quot;key&quot;: &quot;6&quot;,
   &quot;modifiers&quot;: 0,
   &quot;text&quot;: &quot;6&quot;,
   &quot;type&quot;: &quot;char&quot;,
   &quot;unmodifiedText&quot;: &quot;6&quot;,
   &quot;windowsVirtualKeyCode&quot;: 54
}
[1664203335,375][DEBUG]: DevTools WebSocket Command: Input.dispatchKeyEvent (id=409) 36FF8643EFB745BF1FD92B9E552C6E89 {
   &quot;code&quot;: &quot;Digit6&quot;,
   &quot;key&quot;: &quot;6&quot;,
   &quot;modifiers&quot;: 0,
   &quot;text&quot;: &quot;6&quot;,
   &quot;type&quot;: &quot;keyUp&quot;,
   &quot;unmodifiedText&quot;: &quot;6&quot;,
   &quot;windowsVirtualKeyCode&quot;: 54
}
[1664203335,375][DEBUG]: DevTools WebSocket Command: Input.dispatchKeyEvent (id=410) 36FF8643EFB745BF1FD92B9E552C6E89 {
   &quot;code&quot;: &quot;Minus&quot;,
   &quot;key&quot;: &quot;-&quot;,
   &quot;modifiers&quot;: 0,
   &quot;text&quot;: &quot;-&quot;,
   &quot;type&quot;: &quot;rawKeyDown&quot;,
   &quot;unmodifiedText&quot;: &quot;-&quot;,
   &quot;windowsVirtualKeyCode&quot;: 189
}
[1664203335,375][DEBUG]: DevTools WebSocket Command: Input.dispatchKeyEvent (id=411) 36FF8643EFB745BF1FD92B9E552C6E89 {
   &quot;code&quot;: &quot;Minus&quot;,
   &quot;key&quot;: &quot;-&quot;,
   &quot;modifiers&quot;: 0,
   &quot;text&quot;: &quot;-&quot;,
   &quot;type&quot;: &quot;char&quot;,
   &quot;unmodifiedText&quot;: &quot;-&quot;,
   &quot;windowsVirtualKeyCode&quot;: 189
}
[1664203335,375][DEBUG]: DevTools WebSocket Command: Input.dispatchKeyEvent (id=412) 36FF8643EFB745BF1FD92B9E552C6E89 {
   &quot;code&quot;: &quot;Minus&quot;,
   &quot;key&quot;: &quot;-&quot;,
   &quot;modifiers&quot;: 0,
   &quot;text&quot;: &quot;-&quot;,
   &quot;type&quot;: &quot;keyUp&quot;,
   &quot;unmodifiedText&quot;: &quot;-&quot;,
   &quot;windowsVirtualKeyCode&quot;: 189
}
[1664203335,375][DEBUG]: DevTools WebSocket Command: Input.dispatchKeyEvent (id=413) 36FF8643EFB745BF1FD92B9E552C6E89 {
   &quot;code&quot;: &quot;Digit9&quot;,
   &quot;key&quot;: &quot;9&quot;,
   &quot;modifiers&quot;: 0,
   &quot;text&quot;: &quot;9&quot;,
   &quot;type&quot;: &quot;rawKeyDown&quot;,
   &quot;unmodifiedText&quot;: &quot;9&quot;,
   &quot;windowsVirtualKeyCode&quot;: 57
}
[1664203335,375][DEBUG]: DevTools WebSocket Command: Input.dispatchKeyEvent (id=414) 36FF8643EFB745BF1FD92B9E552C6E89 {
   &quot;code&quot;: &quot;Digit9&quot;,
   &quot;key&quot;: &quot;9&quot;,
   &quot;modifiers&quot;: 0,
   &quot;text&quot;: &quot;9&quot;,
   &quot;type&quot;: &quot;char&quot;,
   &quot;unmodifiedText&quot;: &quot;9&quot;,
   &quot;windowsVirtualKeyCode&quot;: 57
}
[1664203335,375][DEBUG]: DevTools WebSocket Command: Input.dispatchKeyEvent (id=415) 36FF8643EFB745BF1FD92B9E552C6E89 {
   &quot;code&quot;: &quot;Digit9&quot;,
   &quot;key&quot;: &quot;9&quot;,
   &quot;modifiers&quot;: 0,
   &quot;text&quot;: &quot;9&quot;,
   &quot;type&quot;: &quot;keyUp&quot;,
   &quot;unmodifiedText&quot;: &quot;9&quot;,
   &quot;windowsVirtualKeyCode&quot;: 57
}
[1664203335,375][DEBUG]: DevTools WebSocket Command: Input.dispatchKeyEvent (id=416) 36FF8643EFB745BF1FD92B9E552C6E89 {
   &quot;code&quot;: &quot;Digit9&quot;,
   &quot;key&quot;: &quot;9&quot;,
   &quot;modifiers&quot;: 0,
   &quot;text&quot;: &quot;9&quot;,
   &quot;type&quot;: &quot;rawKeyDown&quot;,
   &quot;unmodifiedText&quot;: &quot;9&quot;,
   &quot;windowsVirtualKeyCode&quot;: 57
}
[1664203335,376][DEBUG]: DevTools WebSocket Command: Input.dispatchKeyEvent (id=417) 36FF8643EFB745BF1FD92B9E552C6E89 {
   &quot;code&quot;: &quot;Digit9&quot;,
   &quot;key&quot;: &quot;9&quot;,
   &quot;modifiers&quot;: 0,
   &quot;text&quot;: &quot;9&quot;,
   &quot;type&quot;: &quot;char&quot;,
   &quot;unmodifiedText&quot;: &quot;9&quot;,
   &quot;windowsVirtualKeyCode&quot;: 57
}
[1664203335,376][DEBUG]: DevTools WebSocket Command: Input.dispatchKeyEvent (id=418) 36FF8643EFB745BF1FD92B9E552C6E89 {
   &quot;code&quot;: &quot;Digit9&quot;,
   &quot;key&quot;: &quot;9&quot;,
   &quot;modifiers&quot;: 0,
   &quot;text&quot;: &quot;9&quot;,
   &quot;type&quot;: &quot;keyUp&quot;,
   &quot;unmodifiedText&quot;: &quot;9&quot;,
   &quot;windowsVirtualKeyCode&quot;: 57
}
[1664203335,376][DEBUG]: DevTools WebSocket Command: Input.dispatchKeyEvent (id=419) 36FF8643EFB745BF1FD92B9E552C6E89 {
   &quot;code&quot;: &quot;Digit2&quot;,
   &quot;key&quot;: &quot;2&quot;,
   &quot;modifiers&quot;: 0,
   &quot;text&quot;: &quot;2&quot;,
   &quot;type&quot;: &quot;rawKeyDown&quot;,
   &quot;unmodifiedText&quot;: &quot;2&quot;,
   &quot;windowsVirtualKeyCode&quot;: 50
}
[1664203335,376][DEBUG]: DevTools WebSocket Command: Input.dispatchKeyEvent (id=420) 36FF8643EFB745BF1FD92B9E552C6E89 {
   &quot;code&quot;: &quot;Digit2&quot;,
   &quot;key&quot;: &quot;2&quot;,
   &quot;modifiers&quot;: 0,
   &quot;text&quot;: &quot;2&quot;,
   &quot;type&quot;: &quot;char&quot;,
   &quot;unmodifiedText&quot;: &quot;2&quot;,
   &quot;windowsVirtualKeyCode&quot;: 50
}
[1664203335,376][DEBUG]: DevTools WebSocket Command: Input.dispatchKeyEvent (id=421) 36FF8643EFB745BF1FD92B9E552C6E89 {
   &quot;code&quot;: &quot;Digit2&quot;,
   &quot;key&quot;: &quot;2&quot;,
   &quot;modifiers&quot;: 0,
   &quot;text&quot;: &quot;2&quot;,
   &quot;type&quot;: &quot;keyUp&quot;,
   &quot;unmodifiedText&quot;: &quot;2&quot;,
   &quot;windowsVirtualKeyCode&quot;: 50
}
[1664203335,376][DEBUG]: DevTools WebSocket Command: Input.dispatchKeyEvent (id=422) 36FF8643EFB745BF1FD92B9E552C6E89 {
   &quot;code&quot;: &quot;Digit1&quot;,
   &quot;key&quot;: &quot;1&quot;,
   &quot;modifiers&quot;: 0,
   &quot;text&quot;: &quot;1&quot;,
   &quot;type&quot;: &quot;rawKeyDown&quot;,
   &quot;unmodifiedText&quot;: &quot;1&quot;,
   &quot;windowsVirtualKeyCode&quot;: 49
}
[1664203335,376][DEBUG]: DevTools WebSocket Command: Input.dispatchKeyEvent (id=423) 36FF8643EFB745BF1FD92B9E552C6E89 {
   &quot;code&quot;: &quot;Digit1&quot;,
   &quot;key&quot;: &quot;1&quot;,
   &quot;modifiers&quot;: 0,
   &quot;text&quot;: &quot;1&quot;,
   &quot;type&quot;: &quot;char&quot;,
   &quot;unmodifiedText&quot;: &quot;1&quot;,
   &quot;windowsVirtualKeyCode&quot;: 49
}
[1664203335,376][DEBUG]: DevTools WebSocket Command: Input.dispatchKeyEvent (id=424) 36FF8643EFB745BF1FD92B9E552C6E89 {
   &quot;code&quot;: &quot;Digit1&quot;,
   &quot;key&quot;: &quot;1&quot;,
   &quot;modifiers&quot;: 0,
   &quot;text&quot;: &quot;1&quot;,
   &quot;type&quot;: &quot;keyUp&quot;,
   &quot;unmodifiedText&quot;: &quot;1&quot;,
   &quot;windowsVirtualKeyCode&quot;: 49
}
[1664203335,376][DEBUG]: DevTools WebSocket Response: Input.dispatchKeyEvent (id=379) 36FF8643EFB745BF1FD92B9E552C6E89 {
}
[1664203335,376][DEBUG]: DevTools WebSocket Response: Input.dispatchKeyEvent (id=380) 36FF8643EFB745BF1FD92B9E552C6E89 {
}
[1664203335,376][DEBUG]: DevTools WebSocket Response: Input.dispatchKeyEvent (id=381) 36FF8643EFB745BF1FD92B9E552C6E89 {
}
[1664203335,376][DEBUG]: DevTools WebSocket Response: Input.dispatchKeyEvent (id=382) 36FF8643EFB745BF1FD92B9E552C6E89 {
}
[1664203335,376][DEBUG]: DevTools WebSocket Response: Input.dispatchKeyEvent (id=383) 36FF8643EFB745BF1FD92B9E552C6E89 {
}
[1664203335,376][DEBUG]: DevTools WebSocket Response: Input.dispatchKeyEvent (id=384) 36FF8643EFB745BF1FD92B9E552C6E89 {
}
[1664203335,376][DEBUG]: DevTools WebSocket Response: Input.dispatchKeyEvent (id=385) 36FF8643EFB745BF1FD92B9E552C6E89 {
}
[1664203335,376][DEBUG]: DevTools WebSocket Response: Input.dispatchKeyEvent (id=386) 36FF8643EFB745BF1FD92B9E552C6E89 {
}
[1664203335,379][DEBUG]: DevTools WebSocket Response: Input.dispatchKeyEvent (id=387) 36FF8643EFB745BF1FD92B9E552C6E89 {
}
[1664203335,379][DEBUG]: DevTools WebSocket Response: Input.dispatchKeyEvent (id=388) 36FF8643EFB745BF1FD92B9E552C6E89 {
}
[1664203335,379][DEBUG]: DevTools WebSocket Response: Input.dispatchKeyEvent (id=389) 36FF8643EFB745BF1FD92B9E552C6E89 {
}
[1664203335,379][DEBUG]: DevTools WebSocket Response: Input.dispatchKeyEvent (id=390) 36FF8643EFB745BF1FD92B9E552C6E89 {
}
[1664203335,379][DEBUG]: DevTools WebSocket Response: Input.dispatchKeyEvent (id=391) 36FF8643EFB745BF1FD92B9E552C6E89 {
}
[1664203335,379][DEBUG]: DevTools WebSocket Response: Input.dispatchKeyEvent (id=392) 36FF8643EFB745BF1FD92B9E552C6E89 {
}
[1664203335,379][DEBUG]: DevTools WebSocket Response: Input.dispatchKeyEvent (id=393) 36FF8643EFB745BF1FD92B9E552C6E89 {
}
[1664203335,379][DEBUG]: DevTools WebSocket Response: Input.dispatchKeyEvent (id=394) 36FF8643EFB745BF1FD92B9E552C6E89 {
}
[1664203335,380][DEBUG]: DevTools WebSocket Response: Input.dispatchKeyEvent (id=395) 36FF8643EFB745BF1FD92B9E552C6E89 {
}
[1664203335,380][DEBUG]: DevTools WebSocket Response: Input.dispatchKeyEvent (id=396) 36FF8643EFB745BF1FD92B9E552C6E89 {
}
[1664203335,380][DEBUG]: DevTools WebSocket Response: Input.dispatchKeyEvent (id=397) 36FF8643EFB745BF1FD92B9E552C6E89 {
}
[1664203335,380][DEBUG]: DevTools WebSocket Response: Input.dispatchKeyEvent (id=398) 36FF8643EFB745BF1FD92B9E552C6E89 {
}
[1664203335,380][DEBUG]: DevTools WebSocket Response: Input.dispatchKeyEvent (id=399) 36FF8643EFB745BF1FD92B9E552C6E89 {
}
[1664203335,381][DEBUG]: DevTools WebSocket Response: Input.dispatchKeyEvent (id=400) 36FF8643EFB745BF1FD92B9E552C6E89 {
}
[1664203335,381][DEBUG]: DevTools WebSocket Response: Input.dispatchKeyEvent (id=401) 36FF8643EFB745BF1FD92B9E552C6E89 {
}
[1664203335,381][DEBUG]: DevTools WebSocket Response: Input.dispatchKeyEvent (id=402) 36FF8643EFB745BF1FD92B9E552C6E89 {
}
[1664203335,381][DEBUG]: DevTools WebSocket Response: Input.dispatchKeyEvent (id=403) 36FF8643EFB745BF1FD92B9E552C6E89 {
}
[1664203335,381][DEBUG]: DevTools WebSocket Response: Input.dispatchKeyEvent (id=404) 36FF8643EFB745BF1FD92B9E552C6E89 {
}
[1664203335,381][DEBUG]: DevTools WebSocket Response: Input.dispatchKeyEvent (id=405) 36FF8643EFB745BF1FD92B9E552C6E89 {
}
[1664203335,382][DEBUG]: DevTools WebSocket Response: Input.dispatchKeyEvent (id=406) 36FF8643EFB745BF1FD92B9E552C6E89 {
}
[1664203335,382][DEBUG]: DevTools WebSocket Response: Input.dispatchKeyEvent (id=407) 36FF8643EFB745BF1FD92B9E552C6E89 {
}
[1664203335,382][DEBUG]: DevTools WebSocket Response: Input.dispatchKeyEvent (id=408) 36FF8643EFB745BF1FD92B9E552C6E89 {
}
[1664203335,382][DEBUG]: DevTools WebSocket Response: Input.dispatchKeyEvent (id=409) 36FF8643EFB745BF1FD92B9E552C6E89 {
}
[1664203335,382][DEBUG]: DevTools WebSocket Response: Input.dispatchKeyEvent (id=410) 36FF8643EFB745BF1FD92B9E552C6E89 {
}
[1664203335,383][DEBUG]: DevTools WebSocket Response: Input.dispatchKeyEvent (id=411) 36FF8643EFB745BF1FD92B9E552C6E89 {
}
[1664203335,383][DEBUG]: DevTools WebSocket Response: Input.dispatchKeyEvent (id=412) 36FF8643EFB745BF1FD92B9E552C6E89 {
}
[1664203335,383][DEBUG]: DevTools WebSocket Response: Input.dispatchKeyEvent (id=413) 36FF8643EFB745BF1FD92B9E552C6E89 {
}
[1664203335,383][DEBUG]: DevTools WebSocket Response: Input.dispatchKeyEvent (id=414) 36FF8643EFB745BF1FD92B9E552C6E89 {
}
[1664203335,383][DEBUG]: DevTools WebSocket Response: Input.dispatchKeyEvent (id=415) 36FF8643EFB745BF1FD92B9E552C6E89 {
}
[1664203335,383][DEBUG]: DevTools WebSocket Response: Input.dispatchKeyEvent (id=416) 36FF8643EFB745BF1FD92B9E552C6E89 {
}
[1664203335,384][DEBUG]: DevTools WebSocket Response: Input.dispatchKeyEvent (id=417) 36FF8643EFB745BF1FD92B9E552C6E89 {
}
[1664203335,384][DEBUG]: DevTools WebSocket Response: Input.dispatchKeyEvent (id=418) 36FF8643EFB745BF1FD92B9E552C6E89 {
}
[1664203335,384][DEBUG]: DevTools WebSocket Response: Input.dispatchKeyEvent (id=419) 36FF8643EFB745BF1FD92B9E552C6E89 {
}
[1664203335,385][DEBUG]: DevTools WebSocket Response: Input.dispatchKeyEvent (id=420) 36FF8643EFB745BF1FD92B9E552C6E89 {
}
[1664203335,385][DEBUG]: DevTools WebSocket Response: Input.dispatchKeyEvent (id=421) 36FF8643EFB745BF1FD92B9E552C6E89 {
}
[1664203335,385][DEBUG]: DevTools WebSocket Response: Input.dispatchKeyEvent (id=422) 36FF8643EFB745BF1FD92B9E552C6E89 {
}
[1664203335,385][DEBUG]: DevTools WebSocket Response: Input.dispatchKeyEvent (id=423) 36FF8643EFB745BF1FD92B9E552C6E89 {
}
[1664203335,385][DEBUG]: DevTools WebSocket Response: Input.dispatchKeyEvent (id=424) 36FF8643EFB745BF1FD92B9E552C6E89 {
}
[1664203335,385][INFO]: Waiting for pending navigations...
[1664203335,385][DEBUG]: DevTools WebSocket Command: Runtime.evaluate (id=425) 36FF8643EFB745BF1FD92B9E552C6E89 {
   &quot;expression&quot;: &quot;1&quot;
}
[1664203335,387][DEBUG]: DevTools WebSocket Response: Runtime.evaluate (id=425) 36FF8643EFB745BF1FD92B9E552C6E89 {
   &quot;result&quot;: {
      &quot;description&quot;: &quot;1&quot;,
      &quot;type&quot;: &quot;number&quot;,
      &quot;value&quot;: 1
   }
}
[1664203335,387][INFO]: Done waiting for pending navigations. Status: ok
[1664203335,387][INFO]: [054090904ec2838a7cbf889f1b629cce] RESPONSE TypeElement
[1664203335,389][INFO]: [054090904ec2838a7cbf889f1b629cce] COMMAND TypeElement {
   &quot;id&quot;: &quot;0e9a021d-f9b8-4a74-8d47-d13d1b3a6aa6&quot;,
   &quot;text&quot;: &quot;10&quot;,
   &quot;value&quot;: [ &quot;1&quot;, &quot;0&quot; ]
}
[1664203335,389][INFO]: Waiting for pending navigations...
[1664203335,389][DEBUG]: DevTools WebSocket Command: Runtime.evaluate (id=426) 36FF8643EFB745BF1FD92B9E552C6E89 {
   &quot;expression&quot;: &quot;1&quot;
}
[1664203335,396][DEBUG]: DevTools WebSocket Response: Runtime.evaluate (id=426) 36FF8643EFB745BF1FD92B9E552C6E89 {
   &quot;result&quot;: {
      &quot;description&quot;: &quot;1&quot;,
      &quot;type&quot;: &quot;number&quot;,
      &quot;value&quot;: 1
   }
}
[1664203335,396][INFO]: Done waiting for pending navigations. Status: ok
[1664203335,397][DEBUG]: DevTools WebSocket Command: Runtime.evaluate (id=427) 36FF8643EFB745BF1FD92B9E552C6E89 {
   &quot;awaitPromise&quot;: true,
   &quot;expression&quot;: &quot;(function() { // Copyright (c) 2012 The Chromium Authors. All rights reserved.\n// Use of this source code is governed by a BSD-style license that can be\n// found in the LICENSE file.\n\n/**\n * Enum f...&quot;,
   &quot;returnByValue&quot;: true
}
[1664203335,401][DEBUG]: DevTools WebSocket Response: Runtime.evaluate (id=427) 36FF8643EFB745BF1FD92B9E552C6E89 {
   &quot;result&quot;: {
      &quot;type&quot;: &quot;object&quot;,
      &quot;value&quot;: {
         &quot;status&quot;: 0,
         &quot;value&quot;: &quot;INPUT&quot;
      }
   }
}
[1664203335,402][DEBUG]: DevTools WebSocket Command: Runtime.evaluate (id=428) 36FF8643EFB745BF1FD92B9E552C6E89 {
   &quot;awaitPromise&quot;: true,
   &quot;expression&quot;: &quot;(function() { // Copyright (c) 2012 The Chromium Authors. All rights reserved.\n// Use of this source code is governed by a BSD-style license that can be\n// found in the LICENSE file.\n\n/**\n * Enum f...&quot;,
   &quot;returnByValue&quot;: true
}
[1664203335,405][DEBUG]: DevTools WebSocket Response: Runtime.evaluate (id=428) 36FF8643EFB745BF1FD92B9E552C6E89 {
   &quot;result&quot;: {
      &quot;type&quot;: &quot;object&quot;,
      &quot;value&quot;: {
         &quot;status&quot;: 0,
         &quot;value&quot;: &quot;text&quot;
      }
   }
}
[1664203335,406][DEBUG]: DevTools WebSocket Command: Runtime.evaluate (id=429) 36FF8643EFB745BF1FD92B9E552C6E89 {
   &quot;awaitPromise&quot;: true,
   &quot;expression&quot;: &quot;(function() { // Copyright (c) 2012 The Chromium Authors. All rights reserved.\n// Use of this source code is governed by a BSD-style license that can be\n// found in the LICENSE file.\n\n/**\n * Enum f...&quot;,
   &quot;returnByValue&quot;: true
}
[1664203335,407][DEBUG]: DevTools WebSocket Response: Runtime.evaluate (id=429) 36FF8643EFB745BF1FD92B9E552C6E89 {
   &quot;result&quot;: {
      &quot;type&quot;: &quot;object&quot;,
      &quot;value&quot;: {
         &quot;status&quot;: 0,
         &quot;value&quot;: false
      }
   }
}
[1664203335,408][DEBUG]: DevTools WebSocket Command: Runtime.evaluate (id=430) 36FF8643EFB745BF1FD92B9E552C6E89 {
   &quot;awaitPromise&quot;: true,
   &quot;expression&quot;: &quot;(function() { // Copyright (c) 2012 The Chromium Authors. All rights reserved.\n// Use of this source code is governed by a BSD-style license that can be\n// found in the LICENSE file.\n\n/**\n * Enum f...&quot;,
   &quot;returnByValue&quot;: true
}
[1664203335,409][DEBUG]: DevTools WebSocket Response: Runtime.evaluate (id=430) 36FF8643EFB745BF1FD92B9E552C6E89 {
   &quot;result&quot;: {
      &quot;type&quot;: &quot;object&quot;,
      &quot;value&quot;: {
         &quot;status&quot;: 0,
         &quot;value&quot;: &quot;INPUT&quot;
      }
   }
}
[1664203335,409][DEBUG]: DevTools WebSocket Command: Runtime.evaluate (id=431) 36FF8643EFB745BF1FD92B9E552C6E89 {
   &quot;awaitPromise&quot;: false,
   &quot;expression&quot;: &quot;document.hasFocus()&quot;,
   &quot;returnByValue&quot;: true
}
[1664203335,410][DEBUG]: DevTools WebSocket Response: Runtime.evaluate (id=431) 36FF8643EFB745BF1FD92B9E552C6E89 {
   &quot;result&quot;: {
      &quot;type&quot;: &quot;boolean&quot;,
      &quot;value&quot;: true
   }
}
[1664203335,410][DEBUG]: DevTools WebSocket Command: Runtime.evaluate (id=432) 36FF8643EFB745BF1FD92B9E552C6E89 {
   &quot;awaitPromise&quot;: true,
   &quot;expression&quot;: &quot;(function() { // Copyright (c) 2012 The Chromium Authors. All rights reserved.\n// Use of this source code is governed by a BSD-style license that can be\n// found in the LICENSE file.\n\n/**\n * Enum f...&quot;,
   &quot;returnByValue&quot;: true
}
[1664203335,411][DEBUG]: DevTools WebSocket Response: Runtime.evaluate (id=432) 36FF8643EFB745BF1FD92B9E552C6E89 {
   &quot;result&quot;: {
      &quot;type&quot;: &quot;object&quot;,
      &quot;value&quot;: {
         &quot;status&quot;: 0,
         &quot;value&quot;: {
            &quot;element-6066-11e4-a52e-4f735466cecf&quot;: &quot;19482b56-6c4d-4eb1-8f11-749f90b272ab&quot;
         }
      }
   }
}
[1664203335,412][DEBUG]: DevTools WebSocket Command: Runtime.evaluate (id=433) 36FF8643EFB745BF1FD92B9E552C6E89 {
   &quot;awaitPromise&quot;: true,
   &quot;expression&quot;: &quot;(function() { // Copyright (c) 2012 The Chromium Authors. All rights reserved.\n// Use of this source code is governed by a BSD-style license that can be\n// found in the LICENSE file.\n\n/**\n * Enum f...&quot;,
   &quot;returnByValue&quot;: true
}
[1664203335,425][DEBUG]: DevTools WebSocket Response: Runtime.evaluate (id=433) 36FF8643EFB745BF1FD92B9E552C6E89 {
   &quot;result&quot;: {
      &quot;type&quot;: &quot;object&quot;,
      &quot;value&quot;: {
         &quot;status&quot;: 0,
         &quot;value&quot;: true
      }
   }
}
[1664203335,426][DEBUG]: DevTools WebSocket Command: Runtime.evaluate (id=434) 36FF8643EFB745BF1FD92B9E552C6E89 {
   &quot;awaitPromise&quot;: true,
   &quot;expression&quot;: &quot;(function() { // Copyright (c) 2012 The Chromium Authors. All rights reserved.\n// Use of this source code is governed by a BSD-style license that can be\n// found in the LICENSE file.\n\n/**\n * Enum f...&quot;,
   &quot;returnByValue&quot;: true
}
[1664203335,432][DEBUG]: DevTools WebSocket Response: Runtime.evaluate (id=434) 36FF8643EFB745BF1FD92B9E552C6E89 {
   &quot;result&quot;: {
      &quot;type&quot;: &quot;object&quot;,
      &quot;value&quot;: {
         &quot;status&quot;: 0,
         &quot;value&quot;: true
      }
   }
}
[1664203335,433][DEBUG]: DevTools WebSocket Command: Runtime.evaluate (id=435) 36FF8643EFB745BF1FD92B9E552C6E89 {
   &quot;awaitPromise&quot;: true,
   &quot;expression&quot;: &quot;(function() { // Copyright (c) 2012 The Chromium Authors. All rights reserved.\n// Use of this source code is governed by a BSD-style license that can be\n// found in the LICENSE file.\n\n/**\n * Enum f...&quot;,
   &quot;returnByValue&quot;: true
}
[1664203335,437][DEBUG]: DevTools WebSocket Response: Runtime.evaluate (id=435) 36FF8643EFB745BF1FD92B9E552C6E89 {
   &quot;result&quot;: {
      &quot;type&quot;: &quot;object&quot;,
      &quot;value&quot;: {
         &quot;status&quot;: 0,
         &quot;value&quot;: null
      }
   }
}
[1664203335,437][DEBUG]: DevTools WebSocket Command: Runtime.evaluate (id=436) 36FF8643EFB745BF1FD92B9E552C6E89 {
   &quot;awaitPromise&quot;: true,
   &quot;expression&quot;: &quot;(function() { // Copyright (c) 2012 The Chromium Authors. All rights reserved.\n// Use of this source code is governed by a BSD-style license that can be\n// found in the LICENSE file.\n\n/**\n * Enum f...&quot;,
   &quot;returnByValue&quot;: true
}
[1664203335,440][DEBUG]: DevTools WebSocket Response: Runtime.evaluate (id=436) 36FF8643EFB745BF1FD92B9E552C6E89 {
   &quot;result&quot;: {
      &quot;type&quot;: &quot;object&quot;,
      &quot;value&quot;: {
         &quot;status&quot;: 0,
         &quot;value&quot;: null
      }
   }
}
[1664203335,440][DEBUG]: DevTools WebSocket Command: Input.dispatchKeyEvent (id=437) 36FF8643EFB745BF1FD92B9E552C6E89 {
   &quot;code&quot;: &quot;Digit1&quot;,
   &quot;key&quot;: &quot;1&quot;,
   &quot;modifiers&quot;: 0,
   &quot;text&quot;: &quot;1&quot;,
   &quot;type&quot;: &quot;rawKeyDown&quot;,
   &quot;unmodifiedText&quot;: &quot;1&quot;,
   &quot;windowsVirtualKeyCode&quot;: 49
}
[1664203335,440][DEBUG]: DevTools WebSocket Command: Input.dispatchKeyEvent (id=438) 36FF8643EFB745BF1FD92B9E552C6E89 {
   &quot;code&quot;: &quot;Digit1&quot;,
   &quot;key&quot;: &quot;1&quot;,
   &quot;modifiers&quot;: 0,
   &quot;text&quot;: &quot;1&quot;,
   &quot;type&quot;: &quot;char&quot;,
   &quot;unmodifiedText&quot;: &quot;1&quot;,
   &quot;windowsVirtualKeyCode&quot;: 49
}
[1664203335,440][DEBUG]: DevTools WebSocket Command: Input.dispatchKeyEvent (id=439) 36FF8643EFB745BF1FD92B9E552C6E89 {
   &quot;code&quot;: &quot;Digit1&quot;,
   &quot;key&quot;: &quot;1&quot;,
   &quot;modifiers&quot;: 0,
   &quot;text&quot;: &quot;1&quot;,
   &quot;type&quot;: &quot;keyUp&quot;,
   &quot;unmodifiedText&quot;: &quot;1&quot;,
   &quot;windowsVirtualKeyCode&quot;: 49
}
[1664203335,440][DEBUG]: DevTools WebSocket Command: Input.dispatchKeyEvent (id=440) 36FF8643EFB745BF1FD92B9E552C6E89 {
   &quot;code&quot;: &quot;Digit0&quot;,
   &quot;key&quot;: &quot;0&quot;,
   &quot;modifiers&quot;: 0,
   &quot;text&quot;: &quot;0&quot;,
   &quot;type&quot;: &quot;rawKeyDown&quot;,
   &quot;unmodifiedText&quot;: &quot;0&quot;,
   &quot;windowsVirtualKeyCode&quot;: 48
}
[1664203335,440][DEBUG]: DevTools WebSocket Command: Input.dispatchKeyEvent (id=441) 36FF8643EFB745BF1FD92B9E552C6E89 {
   &quot;code&quot;: &quot;Digit0&quot;,
   &quot;key&quot;: &quot;0&quot;,
   &quot;modifiers&quot;: 0,
   &quot;text&quot;: &quot;0&quot;,
   &quot;type&quot;: &quot;char&quot;,
   &quot;unmodifiedText&quot;: &quot;0&quot;,
   &quot;windowsVirtualKeyCode&quot;: 48
}
[1664203335,440][DEBUG]: DevTools WebSocket Command: Input.dispatchKeyEvent (id=442) 36FF8643EFB745BF1FD92B9E552C6E89 {
   &quot;code&quot;: &quot;Digit0&quot;,
   &quot;key&quot;: &quot;0&quot;,
   &quot;modifiers&quot;: 0,
   &quot;text&quot;: &quot;0&quot;,
   &quot;type&quot;: &quot;keyUp&quot;,
   &quot;unmodifiedText&quot;: &quot;0&quot;,
   &quot;windowsVirtualKeyCode&quot;: 48
}
[1664203335,441][DEBUG]: DevTools WebSocket Response: Input.dispatchKeyEvent (id=437) 36FF8643EFB745BF1FD92B9E552C6E89 {
}
[1664203335,441][DEBUG]: DevTools WebSocket Response: Input.dispatchKeyEvent (id=438) 36FF8643EFB745BF1FD92B9E552C6E89 {
}
[1664203335,441][DEBUG]: DevTools WebSocket Response: Input.dispatchKeyEvent (id=439) 36FF8643EFB745BF1FD92B9E552C6E89 {
}
[1664203335,441][DEBUG]: DevTools WebSocket Response: Input.dispatchKeyEvent (id=440) 36FF8643EFB745BF1FD92B9E552C6E89 {
}
[1664203335,441][DEBUG]: DevTools WebSocket Response: Input.dispatchKeyEvent (id=441) 36FF8643EFB745BF1FD92B9E552C6E89 {
}
[1664203335,441][DEBUG]: DevTools WebSocket Response: Input.dispatchKeyEvent (id=442) 36FF8643EFB745BF1FD92B9E552C6E89 {
}
[1664203335,441][INFO]: Waiting for pending navigations...
[1664203335,441][DEBUG]: DevTools WebSocket Command: Runtime.evaluate (id=443) 36FF8643EFB745BF1FD92B9E552C6E89 {
   &quot;expression&quot;: &quot;1&quot;
}
[1664203335,442][DEBUG]: DevTools WebSocket Response: Runtime.evaluate (id=443) 36FF8643EFB745BF1FD92B9E552C6E89 {
   &quot;result&quot;: {
      &quot;description&quot;: &quot;1&quot;,
      &quot;type&quot;: &quot;number&quot;,
      &quot;value&quot;: 1
   }
}
[1664203335,442][INFO]: Done waiting for pending navigations. Status: ok
[1664203335,442][INFO]: [054090904ec2838a7cbf889f1b629cce] RESPONSE TypeElement
[1664203335,444][INFO]: [054090904ec2838a7cbf889f1b629cce] COMMAND TypeElement {
   &quot;id&quot;: &quot;1c14d186-7311-4cc5-a94a-c428d1dbf24f&quot;,
   &quot;text&quot;: &quot;breefranks30&quot;,
   &quot;value&quot;: [ &quot;b&quot;, &quot;r&quot;, &quot;e&quot;, &quot;e&quot;, &quot;f&quot;, &quot;r&quot;, &quot;a&quot;, &quot;n&quot;, &quot;k&quot;, &quot;s&quot;, &quot;3&quot;, &quot;0&quot; ]
}
[1664203335,444][INFO]: Waiting for pending navigations...
[1664203335,444][DEBUG]: DevTools WebSocket Command: Runtime.evaluate (id=444) 36FF8643EFB745BF1FD92B9E552C6E89 {
   &quot;expression&quot;: &quot;1&quot;
}
[1664203335,445][DEBUG]: DevTools WebSocket Response: Runtime.evaluate (id=444) 36FF8643EFB745BF1FD92B9E552C6E89 {
   &quot;result&quot;: {
      &quot;description&quot;: &quot;1&quot;,
      &quot;type&quot;: &quot;number&quot;,
      &quot;value&quot;: 1
   }
}
[1664203335,445][INFO]: Done waiting for pending navigations. Status: ok
[1664203335,446][DEBUG]: DevTools WebSocket Command: Runtime.evaluate (id=445) 36FF8643EFB745BF1FD92B9E552C6E89 {
   &quot;awaitPromise&quot;: true,
   &quot;expression&quot;: &quot;(function() { // Copyright (c) 2012 The Chromium Authors. All rights reserved.\n// Use of this source code is governed by a BSD-style license that can be\n// found in the LICENSE file.\n\n/**\n * Enum f...&quot;,
   &quot;returnByValue&quot;: true
}
[1664203335,451][DEBUG]: DevTools WebSocket Response: Runtime.evaluate (id=445) 36FF8643EFB745BF1FD92B9E552C6E89 {
   &quot;result&quot;: {
      &quot;type&quot;: &quot;object&quot;,
      &quot;value&quot;: {
         &quot;status&quot;: 0,
         &quot;value&quot;: &quot;INPUT&quot;
      }
   }
}
[1664203335,452][DEBUG]: DevTools WebSocket Command: Runtime.evaluate (id=446) 36FF8643EFB745BF1FD92B9E552C6E89 {
   &quot;awaitPromise&quot;: true,
   &quot;expression&quot;: &quot;(function() { // Copyright (c) 2012 The Chromium Authors. All rights reserved.\n// Use of this source code is governed by a BSD-style license that can be\n// found in the LICENSE file.\n\n/**\n * Enum f...&quot;,
   &quot;returnByValue&quot;: true
}
[1664203335,456][DEBUG]: DevTools WebSocket Response: Runtime.evaluate (id=446) 36FF8643EFB745BF1FD92B9E552C6E89 {
   &quot;result&quot;: {
      &quot;type&quot;: &quot;object&quot;,
      &quot;value&quot;: {
         &quot;status&quot;: 0,
         &quot;value&quot;: &quot;text&quot;
      }
   }
}
[1664203335,456][DEBUG]: DevTools WebSocket Command: Runtime.evaluate (id=447) 36FF8643EFB745BF1FD92B9E552C6E89 {
   &quot;awaitPromise&quot;: true,
   &quot;expression&quot;: &quot;(function() { // Copyright (c) 2012 The Chromium Authors. All rights reserved.\n// Use of this source code is governed by a BSD-style license that can be\n// found in the LICENSE file.\n\n/**\n * Enum f...&quot;,
   &quot;returnByValue&quot;: true
}
[1664203335,457][DEBUG]: DevTools WebSocket Response: Runtime.evaluate (id=447) 36FF8643EFB745BF1FD92B9E552C6E89 {
   &quot;result&quot;: {
      &quot;type&quot;: &quot;object&quot;,
      &quot;value&quot;: {
         &quot;status&quot;: 0,
         &quot;value&quot;: false
      }
   }
}
[1664203335,458][DEBUG]: DevTools WebSocket Command: Runtime.evaluate (id=448) 36FF8643EFB745BF1FD92B9E552C6E89 {
   &quot;awaitPromise&quot;: true,
   &quot;expression&quot;: &quot;(function() { // Copyright (c) 2012 The Chromium Authors. All rights reserved.\n// Use of this source code is governed by a BSD-style license that can be\n// found in the LICENSE file.\n\n/**\n * Enum f...&quot;,
   &quot;returnByValue&quot;: true
}
[1664203335,460][DEBUG]: DevTools WebSocket Response: Runtime.evaluate (id=448) 36FF8643EFB745BF1FD92B9E552C6E89 {
   &quot;result&quot;: {
      &quot;type&quot;: &quot;object&quot;,
      &quot;value&quot;: {
         &quot;status&quot;: 0,
         &quot;value&quot;: &quot;INPUT&quot;
      }
   }
}
[1664203335,460][DEBUG]: DevTools WebSocket Command: Runtime.evaluate (id=449) 36FF8643EFB745BF1FD92B9E552C6E89 {
   &quot;awaitPromise&quot;: false,
   &quot;expression&quot;: &quot;document.hasFocus()&quot;,
   &quot;returnByValue&quot;: true
}
[1664203335,460][DEBUG]: DevTools WebSocket Response: Runtime.evaluate (id=449) 36FF8643EFB745BF1FD92B9E552C6E89 {
   &quot;result&quot;: {
      &quot;type&quot;: &quot;boolean&quot;,
      &quot;value&quot;: true
   }
}
[1664203335,461][DEBUG]: DevTools WebSocket Command: Runtime.evaluate (id=450) 36FF8643EFB745BF1FD92B9E552C6E89 {
   &quot;awaitPromise&quot;: true,
   &quot;expression&quot;: &quot;(function() { // Copyright (c) 2012 The Chromium Authors. All rights reserved.\n// Use of this source code is governed by a BSD-style license that can be\n// found in the LICENSE file.\n\n/**\n * Enum f...&quot;,
   &quot;returnByValue&quot;: true
}
[1664203335,461][DEBUG]: DevTools WebSocket Response: Runtime.evaluate (id=450) 36FF8643EFB745BF1FD92B9E552C6E89 {
   &quot;result&quot;: {
      &quot;type&quot;: &quot;object&quot;,
      &quot;value&quot;: {
         &quot;status&quot;: 0,
         &quot;value&quot;: {
            &quot;element-6066-11e4-a52e-4f735466cecf&quot;: &quot;0e9a021d-f9b8-4a74-8d47-d13d1b3a6aa6&quot;
         }
      }
   }
}
[1664203335,462][DEBUG]: DevTools WebSocket Command: Runtime.evaluate (id=451) 36FF8643EFB745BF1FD92B9E552C6E89 {
   &quot;awaitPromise&quot;: true,
   &quot;expression&quot;: &quot;(function() { // Copyright (c) 2012 The Chromium Authors. All rights reserved.\n// Use of this source code is governed by a BSD-style license that can be\n// found in the LICENSE file.\n\n/**\n * Enum f...&quot;,
   &quot;returnByValue&quot;: true
}
[1664203335,468][DEBUG]: DevTools WebSocket Response: Runtime.evaluate (id=451) 36FF8643EFB745BF1FD92B9E552C6E89 {
   &quot;result&quot;: {
      &quot;type&quot;: &quot;object&quot;,
      &quot;value&quot;: {
         &quot;status&quot;: 0,
         &quot;value&quot;: true
      }
   }
}
[1664203335,468][DEBUG]: DevTools WebSocket Command: Runtime.evaluate (id=452) 36FF8643EFB745BF1FD92B9E552C6E89 {
   &quot;awaitPromise&quot;: true,
   &quot;expression&quot;: &quot;(function() { // Copyright (c) 2012 The Chromium Authors. All rights reserved.\n// Use of this source code is governed by a BSD-style license that can be\n// found in the LICENSE file.\n\n/**\n * Enum f...&quot;,
   &quot;returnByValue&quot;: true
}
[1664203335,472][DEBUG]: DevTools WebSocket Response: Runtime.evaluate (id=452) 36FF8643EFB745BF1FD92B9E552C6E89 {
   &quot;result&quot;: {
      &quot;type&quot;: &quot;object&quot;,
      &quot;value&quot;: {
         &quot;status&quot;: 0,
         &quot;value&quot;: true
      }
   }
}
[1664203335,472][DEBUG]: DevTools WebSocket Command: Runtime.evaluate (id=453) 36FF8643EFB745BF1FD92B9E552C6E89 {
   &quot;awaitPromise&quot;: true,
   &quot;expression&quot;: &quot;(function() { // Copyright (c) 2012 The Chromium Authors. All rights reserved.\n// Use of this source code is governed by a BSD-style license that can be\n// found in the LICENSE file.\n\n/**\n * Enum f...&quot;,
   &quot;returnByValue&quot;: true
}
[1664203335,474][DEBUG]: DevTools WebSocket Response: Runtime.evaluate (id=453) 36FF8643EFB745BF1FD92B9E552C6E89 {
   &quot;result&quot;: {
      &quot;type&quot;: &quot;object&quot;,
      &quot;value&quot;: {
         &quot;status&quot;: 0,
         &quot;value&quot;: null
      }
   }
}
[1664203335,475][DEBUG]: DevTools WebSocket Command: Runtime.evaluate (id=454) 36FF8643EFB745BF1FD92B9E552C6E89 {
   &quot;awaitPromise&quot;: true,
   &quot;expression&quot;: &quot;(function() { // Copyright (c) 2012 The Chromium Authors. All rights reserved.\n// Use of this source code is governed by a BSD-style license that can be\n// found in the LICENSE file.\n\n/**\n * Enum f...&quot;,
   &quot;returnByValue&quot;: true
}
[1664203335,476][DEBUG]: DevTools WebSocket Response: Runtime.evaluate (id=454) 36FF8643EFB745BF1FD92B9E552C6E89 {
   &quot;result&quot;: {
      &quot;type&quot;: &quot;object&quot;,
      &quot;value&quot;: {
         &quot;status&quot;: 0,
         &quot;value&quot;: null
      }
   }
}
[1664203335,477][DEBUG]: DevTools WebSocket Command: Input.dispatchKeyEvent (id=455) 36FF8643EFB745BF1FD92B9E552C6E89 {
   &quot;code&quot;: &quot;KeyB&quot;,
   &quot;key&quot;: &quot;b&quot;,
   &quot;modifiers&quot;: 0,
   &quot;text&quot;: &quot;b&quot;,
   &quot;type&quot;: &quot;rawKeyDown&quot;,
   &quot;unmodifiedText&quot;: &quot;b&quot;,
   &quot;windowsVirtualKeyCode&quot;: 66
}
[1664203335,477][DEBUG]: DevTools WebSocket Command: Input.dispatchKeyEvent (id=456) 36FF8643EFB745BF1FD92B9E552C6E89 {
   &quot;code&quot;: &quot;KeyB&quot;,
   &quot;key&quot;: &quot;b&quot;,
   &quot;modifiers&quot;: 0,
   &quot;text&quot;: &quot;b&quot;,
   &quot;type&quot;: &quot;char&quot;,
   &quot;unmodifiedText&quot;: &quot;b&quot;,
   &quot;windowsVirtualKeyCode&quot;: 66
}
[1664203335,477][DEBUG]: DevTools WebSocket Command: Input.dispatchKeyEvent (id=457) 36FF8643EFB745BF1FD92B9E552C6E89 {
   &quot;code&quot;: &quot;KeyB&quot;,
   &quot;key&quot;: &quot;b&quot;,
   &quot;modifiers&quot;: 0,
   &quot;text&quot;: &quot;b&quot;,
   &quot;type&quot;: &quot;keyUp&quot;,
   &quot;unmodifiedText&quot;: &quot;b&quot;,
   &quot;windowsVirtualKeyCode&quot;: 66
}
[1664203335,477][DEBUG]: DevTools WebSocket Command: Input.dispatchKeyEvent (id=458) 36FF8643EFB745BF1FD92B9E552C6E89 {
   &quot;code&quot;: &quot;KeyR&quot;,
   &quot;key&quot;: &quot;r&quot;,
   &quot;modifiers&quot;: 0,
   &quot;text&quot;: &quot;r&quot;,
   &quot;type&quot;: &quot;rawKeyDown&quot;,
   &quot;unmodifiedText&quot;: &quot;r&quot;,
   &quot;windowsVirtualKeyCode&quot;: 82
}
[1664203335,477][DEBUG]: DevTools WebSocket Command: Input.dispatchKeyEvent (id=459) 36FF8643EFB745BF1FD92B9E552C6E89 {
   &quot;code&quot;: &quot;KeyR&quot;,
   &quot;key&quot;: &quot;r&quot;,
   &quot;modifiers&quot;: 0,
   &quot;text&quot;: &quot;r&quot;,
   &quot;type&quot;: &quot;char&quot;,
   &quot;unmodifiedText&quot;: &quot;r&quot;,
   &quot;windowsVirtualKeyCode&quot;: 82
}
[1664203335,477][DEBUG]: DevTools WebSocket Command: Input.dispatchKeyEvent (id=460) 36FF8643EFB745BF1FD92B9E552C6E89 {
   &quot;code&quot;: &quot;KeyR&quot;,
   &quot;key&quot;: &quot;r&quot;,
   &quot;modifiers&quot;: 0,
   &quot;text&quot;: &quot;r&quot;,
   &quot;type&quot;: &quot;keyUp&quot;,
   &quot;unmodifiedText&quot;: &quot;r&quot;,
   &quot;windowsVirtualKeyCode&quot;: 82
}
[1664203335,477][DEBUG]: DevTools WebSocket Command: Input.dispatchKeyEvent (id=461) 36FF8643EFB745BF1FD92B9E552C6E89 {
   &quot;code&quot;: &quot;KeyE&quot;,
   &quot;key&quot;: &quot;e&quot;,
   &quot;modifiers&quot;: 0,
   &quot;text&quot;: &quot;e&quot;,
   &quot;type&quot;: &quot;rawKeyDown&quot;,
   &quot;unmodifiedText&quot;: &quot;e&quot;,
   &quot;windowsVirtualKeyCode&quot;: 69
}
[1664203335,477][DEBUG]: DevTools WebSocket Command: Input.dispatchKeyEvent (id=462) 36FF8643EFB745BF1FD92B9E552C6E89 {
   &quot;code&quot;: &quot;KeyE&quot;,
   &quot;key&quot;: &quot;e&quot;,
   &quot;modifiers&quot;: 0,
   &quot;text&quot;: &quot;e&quot;,
   &quot;type&quot;: &quot;char&quot;,
   &quot;unmodifiedText&quot;: &quot;e&quot;,
   &quot;windowsVirtualKeyCode&quot;: 69
}
[1664203335,477][DEBUG]: DevTools WebSocket Command: Input.dispatchKeyEvent (id=463) 36FF8643EFB745BF1FD92B9E552C6E89 {
   &quot;code&quot;: &quot;KeyE&quot;,
   &quot;key&quot;: &quot;e&quot;,
   &quot;modifiers&quot;: 0,
   &quot;text&quot;: &quot;e&quot;,
   &quot;type&quot;: &quot;keyUp&quot;,
   &quot;unmodifiedText&quot;: &quot;e&quot;,
   &quot;windowsVirtualKeyCode&quot;: 69
}
[1664203335,479][DEBUG]: DevTools WebSocket Command: Input.dispatchKeyEvent (id=464) 36FF8643EFB745BF1FD92B9E552C6E89 {
   &quot;code&quot;: &quot;KeyE&quot;,
   &quot;key&quot;: &quot;e&quot;,
   &quot;modifiers&quot;: 0,
   &quot;text&quot;: &quot;e&quot;,
   &quot;type&quot;: &quot;rawKeyDown&quot;,
   &quot;unmodifiedText&quot;: &quot;e&quot;,
   &quot;windowsVirtualKeyCode&quot;: 69
}
[1664203335,479][DEBUG]: DevTools WebSocket Command: Input.dispatchKeyEvent (id=465) 36FF8643EFB745BF1FD92B9E552C6E89 {
   &quot;code&quot;: &quot;KeyE&quot;,
   &quot;key&quot;: &quot;e&quot;,
   &quot;modifiers&quot;: 0,
   &quot;text&quot;: &quot;e&quot;,
   &quot;type&quot;: &quot;char&quot;,
   &quot;unmodifiedText&quot;: &quot;e&quot;,
   &quot;windowsVirtualKeyCode&quot;: 69
}
[1664203335,479][DEBUG]: DevTools WebSocket Command: Input.dispatchKeyEvent (id=466) 36FF8643EFB745BF1FD92B9E552C6E89 {
   &quot;code&quot;: &quot;KeyE&quot;,
   &quot;key&quot;: &quot;e&quot;,
   &quot;modifiers&quot;: 0,
   &quot;text&quot;: &quot;e&quot;,
   &quot;type&quot;: &quot;keyUp&quot;,
   &quot;unmodifiedText&quot;: &quot;e&quot;,
   &quot;windowsVirtualKeyCode&quot;: 69
}
[1664203335,479][DEBUG]: DevTools WebSocket Command: Input.dispatchKeyEvent (id=467) 36FF8643EFB745BF1FD92B9E552C6E89 {
   &quot;code&quot;: &quot;KeyF&quot;,
   &quot;key&quot;: &quot;f&quot;,
   &quot;modifiers&quot;: 0,
   &quot;text&quot;: &quot;f&quot;,
   &quot;type&quot;: &quot;rawKeyDown&quot;,
   &quot;unmodifiedText&quot;: &quot;f&quot;,
   &quot;windowsVirtualKeyCode&quot;: 70
}
[1664203335,483][DEBUG]: DevTools WebSocket Command: Input.dispatchKeyEvent (id=468) 36FF8643EFB745BF1FD92B9E552C6E89 {
   &quot;code&quot;: &quot;KeyF&quot;,
   &quot;key&quot;: &quot;f&quot;,
   &quot;modifiers&quot;: 0,
   &quot;text&quot;: &quot;f&quot;,
   &quot;type&quot;: &quot;char&quot;,
   &quot;unmodifiedText&quot;: &quot;f&quot;,
   &quot;windowsVirtualKeyCode&quot;: 70
}
[1664203335,483][DEBUG]: DevTools WebSocket Command: Input.dispatchKeyEvent (id=469) 36FF8643EFB745BF1FD92B9E552C6E89 {
   &quot;code&quot;: &quot;KeyF&quot;,
   &quot;key&quot;: &quot;f&quot;,
   &quot;modifiers&quot;: 0,
   &quot;text&quot;: &quot;f&quot;,
   &quot;type&quot;: &quot;keyUp&quot;,
   &quot;unmodifiedText&quot;: &quot;f&quot;,
   &quot;windowsVirtualKeyCode&quot;: 70
}
[1664203335,483][DEBUG]: DevTools WebSocket Command: Input.dispatchKeyEvent (id=470) 36FF8643EFB745BF1FD92B9E552C6E89 {
   &quot;code&quot;: &quot;KeyR&quot;,
   &quot;key&quot;: &quot;r&quot;,
   &quot;modifiers&quot;: 0,
   &quot;text&quot;: &quot;r&quot;,
   &quot;type&quot;: &quot;rawKeyDown&quot;,
   &quot;unmodifiedText&quot;: &quot;r&quot;,
   &quot;windowsVirtualKeyCode&quot;: 82
}
[1664203335,483][DEBUG]: DevTools WebSocket Command: Input.dispatchKeyEvent (id=471) 36FF8643EFB745BF1FD92B9E552C6E89 {
   &quot;code&quot;: &quot;KeyR&quot;,
   &quot;key&quot;: &quot;r&quot;,
   &quot;modifiers&quot;: 0,
   &quot;text&quot;: &quot;r&quot;,
   &quot;type&quot;: &quot;char&quot;,
   &quot;unmodifiedText&quot;: &quot;r&quot;,
   &quot;windowsVirtualKeyCode&quot;: 82
}
[1664203335,483][DEBUG]: DevTools WebSocket Command: Input.dispatchKeyEvent (id=472) 36FF8643EFB745BF1FD92B9E552C6E89 {
   &quot;code&quot;: &quot;KeyR&quot;,
   &quot;key&quot;: &quot;r&quot;,
   &quot;modifiers&quot;: 0,
   &quot;text&quot;: &quot;r&quot;,
   &quot;type&quot;: &quot;keyUp&quot;,
   &quot;unmodifiedText&quot;: &quot;r&quot;,
   &quot;windowsVirtualKeyCode&quot;: 82
}
[1664203335,483][DEBUG]: DevTools WebSocket Command: Input.dispatchKeyEvent (id=473) 36FF8643EFB745BF1FD92B9E552C6E89 {
   &quot;code&quot;: &quot;KeyA&quot;,
   &quot;key&quot;: &quot;a&quot;,
   &quot;modifiers&quot;: 0,
   &quot;text&quot;: &quot;a&quot;,
   &quot;type&quot;: &quot;rawKeyDown&quot;,
   &quot;unmodifiedText&quot;: &quot;a&quot;,
   &quot;windowsVirtualKeyCode&quot;: 65
}
[1664203335,483][DEBUG]: DevTools WebSocket Command: Input.dispatchKeyEvent (id=474) 36FF8643EFB745BF1FD92B9E552C6E89 {
   &quot;code&quot;: &quot;KeyA&quot;,
   &quot;key&quot;: &quot;a&quot;,
   &quot;modifiers&quot;: 0,
   &quot;text&quot;: &quot;a&quot;,
   &quot;type&quot;: &quot;char&quot;,
   &quot;unmodifiedText&quot;: &quot;a&quot;,
   &quot;windowsVirtualKeyCode&quot;: 65
}
[1664203335,483][DEBUG]: DevTools WebSocket Command: Input.dispatchKeyEvent (id=475) 36FF8643EFB745BF1FD92B9E552C6E89 {
   &quot;code&quot;: &quot;KeyA&quot;,
   &quot;key&quot;: &quot;a&quot;,
   &quot;modifiers&quot;: 0,
   &quot;text&quot;: &quot;a&quot;,
   &quot;type&quot;: &quot;keyUp&quot;,
   &quot;unmodifiedText&quot;: &quot;a&quot;,
   &quot;windowsVirtualKeyCode&quot;: 65
}
[1664203335,483][DEBUG]: DevTools WebSocket Command: Input.dispatchKeyEvent (id=476) 36FF8643EFB745BF1FD92B9E552C6E89 {
   &quot;code&quot;: &quot;KeyN&quot;,
   &quot;key&quot;: &quot;n&quot;,
   &quot;modifiers&quot;: 0,
   &quot;text&quot;: &quot;n&quot;,
   &quot;type&quot;: &quot;rawKeyDown&quot;,
   &quot;unmodifiedText&quot;: &quot;n&quot;,
   &quot;windowsVirtualKeyCode&quot;: 78
}
[1664203335,483][DEBUG]: DevTools WebSocket Command: Input.dispatchKeyEvent (id=477) 36FF8643EFB745BF1FD92B9E552C6E89 {
   &quot;code&quot;: &quot;KeyN&quot;,
   &quot;key&quot;: &quot;n&quot;,
   &quot;modifiers&quot;: 0,
   &quot;text&quot;: &quot;n&quot;,
   &quot;type&quot;: &quot;char&quot;,
   &quot;unmodifiedText&quot;: &quot;n&quot;,
   &quot;windowsVirtualKeyCode&quot;: 78
}
[1664203335,483][DEBUG]: DevTools WebSocket Command: Input.dispatchKeyEvent (id=478) 36FF8643EFB745BF1FD92B9E552C6E89 {
   &quot;code&quot;: &quot;KeyN&quot;,
   &quot;key&quot;: &quot;n&quot;,
   &quot;modifiers&quot;: 0,
   &quot;text&quot;: &quot;n&quot;,
   &quot;type&quot;: &quot;keyUp&quot;,
   &quot;unmodifiedText&quot;: &quot;n&quot;,
   &quot;windowsVirtualKeyCode&quot;: 78
}
[1664203335,483][DEBUG]: DevTools WebSocket Command: Input.dispatchKeyEvent (id=479) 36FF8643EFB745BF1FD92B9E552C6E89 {
   &quot;code&quot;: &quot;KeyK&quot;,
   &quot;key&quot;: &quot;k&quot;,
   &quot;modifiers&quot;: 0,
   &quot;text&quot;: &quot;k&quot;,
   &quot;type&quot;: &quot;rawKeyDown&quot;,
   &quot;unmodifiedText&quot;: &quot;k&quot;,
   &quot;windowsVirtualKeyCode&quot;: 75
}
[1664203335,483][DEBUG]: DevTools WebSocket Command: Input.dispatchKeyEvent (id=480) 36FF8643EFB745BF1FD92B9E552C6E89 {
   &quot;code&quot;: &quot;KeyK&quot;,
   &quot;key&quot;: &quot;k&quot;,
   &quot;modifiers&quot;: 0,
   &quot;text&quot;: &quot;k&quot;,
   &quot;type&quot;: &quot;char&quot;,
   &quot;unmodifiedText&quot;: &quot;k&quot;,
   &quot;windowsVirtualKeyCode&quot;: 75
}
[1664203335,483][DEBUG]: DevTools WebSocket Command: Input.dispatchKeyEvent (id=481) 36FF8643EFB745BF1FD92B9E552C6E89 {
   &quot;code&quot;: &quot;KeyK&quot;,
   &quot;key&quot;: &quot;k&quot;,
   &quot;modifiers&quot;: 0,
   &quot;text&quot;: &quot;k&quot;,
   &quot;type&quot;: &quot;keyUp&quot;,
   &quot;unmodifiedText&quot;: &quot;k&quot;,
   &quot;windowsVirtualKeyCode&quot;: 75
}
[1664203335,483][DEBUG]: DevTools WebSocket Command: Input.dispatchKeyEvent (id=482) 36FF8643EFB745BF1FD92B9E552C6E89 {
   &quot;code&quot;: &quot;KeyS&quot;,
   &quot;key&quot;: &quot;s&quot;,
   &quot;modifiers&quot;: 0,
   &quot;text&quot;: &quot;s&quot;,
   &quot;type&quot;: &quot;rawKeyDown&quot;,
   &quot;unmodifiedText&quot;: &quot;s&quot;,
   &quot;windowsVirtualKeyCode&quot;: 83
}
[1664203335,483][DEBUG]: DevTools WebSocket Command: Input.dispatchKeyEvent (id=483) 36FF8643EFB745BF1FD92B9E552C6E89 {
   &quot;code&quot;: &quot;KeyS&quot;,
   &quot;key&quot;: &quot;s&quot;,
   &quot;modifiers&quot;: 0,
   &quot;text&quot;: &quot;s&quot;,
   &quot;type&quot;: &quot;char&quot;,
   &quot;unmodifiedText&quot;: &quot;s&quot;,
   &quot;windowsVirtualKeyCode&quot;: 83
}
[1664203335,484][DEBUG]: DevTools WebSocket Command: Input.dispatchKeyEvent (id=484) 36FF8643EFB745BF1FD92B9E552C6E89 {
   &quot;code&quot;: &quot;KeyS&quot;,
   &quot;key&quot;: &quot;s&quot;,
   &quot;modifiers&quot;: 0,
   &quot;text&quot;: &quot;s&quot;,
   &quot;type&quot;: &quot;keyUp&quot;,
   &quot;unmodifiedText&quot;: &quot;s&quot;,
   &quot;windowsVirtualKeyCode&quot;: 83
}
[1664203335,484][DEBUG]: DevTools WebSocket Command: Input.dispatchKeyEvent (id=485) 36FF8643EFB745BF1FD92B9E552C6E89 {
   &quot;code&quot;: &quot;Digit3&quot;,
   &quot;key&quot;: &quot;3&quot;,
   &quot;modifiers&quot;: 0,
   &quot;text&quot;: &quot;3&quot;,
   &quot;type&quot;: &quot;rawKeyDown&quot;,
   &quot;unmodifiedText&quot;: &quot;3&quot;,
   &quot;windowsVirtualKeyCode&quot;: 51
}
[1664203335,484][DEBUG]: DevTools WebSocket Command: Input.dispatchKeyEvent (id=486) 36FF8643EFB745BF1FD92B9E552C6E89 {
   &quot;code&quot;: &quot;Digit3&quot;,
   &quot;key&quot;: &quot;3&quot;,
   &quot;modifiers&quot;: 0,
   &quot;text&quot;: &quot;3&quot;,
   &quot;type&quot;: &quot;char&quot;,
   &quot;unmodifiedText&quot;: &quot;3&quot;,
   &quot;windowsVirtualKeyCode&quot;: 51
}
[1664203335,484][DEBUG]: DevTools WebSocket Command: Input.dispatchKeyEvent (id=487) 36FF8643EFB745BF1FD92B9E552C6E89 {
   &quot;code&quot;: &quot;Digit3&quot;,
   &quot;key&quot;: &quot;3&quot;,
   &quot;modifiers&quot;: 0,
   &quot;text&quot;: &quot;3&quot;,
   &quot;type&quot;: &quot;keyUp&quot;,
   &quot;unmodifiedText&quot;: &quot;3&quot;,
   &quot;windowsVirtualKeyCode&quot;: 51
}
[1664203335,484][DEBUG]: DevTools WebSocket Command: Input.dispatchKeyEvent (id=488) 36FF8643EFB745BF1FD92B9E552C6E89 {
   &quot;code&quot;: &quot;Digit0&quot;,
   &quot;key&quot;: &quot;0&quot;,
   &quot;modifiers&quot;: 0,
   &quot;text&quot;: &quot;0&quot;,
   &quot;type&quot;: &quot;rawKeyDown&quot;,
   &quot;unmodifiedText&quot;: &quot;0&quot;,
   &quot;windowsVirtualKeyCode&quot;: 48
}
[1664203335,484][DEBUG]: DevTools WebSocket Command: Input.dispatchKeyEvent (id=489) 36FF8643EFB745BF1FD92B9E552C6E89 {
   &quot;code&quot;: &quot;Digit0&quot;,
   &quot;key&quot;: &quot;0&quot;,
   &quot;modifiers&quot;: 0,
   &quot;text&quot;: &quot;0&quot;,
   &quot;type&quot;: &quot;char&quot;,
   &quot;unmodifiedText&quot;: &quot;0&quot;,
   &quot;windowsVirtualKeyCode&quot;: 48
}
[1664203335,484][DEBUG]: DevTools WebSocket Command: Input.dispatchKeyEvent (id=490) 36FF8643EFB745BF1FD92B9E552C6E89 {
   &quot;code&quot;: &quot;Digit0&quot;,
   &quot;key&quot;: &quot;0&quot;,
   &quot;modifiers&quot;: 0,
   &quot;text&quot;: &quot;0&quot;,
   &quot;type&quot;: &quot;keyUp&quot;,
   &quot;unmodifiedText&quot;: &quot;0&quot;,
   &quot;windowsVirtualKeyCode&quot;: 48
}
[1664203335,484][DEBUG]: DevTools WebSocket Response: Input.dispatchKeyEvent (id=455) 36FF8643EFB745BF1FD92B9E552C6E89 {
}
[1664203335,484][DEBUG]: DevTools WebSocket Response: Input.dispatchKeyEvent (id=456) 36FF8643EFB745BF1FD92B9E552C6E89 {
}
[1664203335,484][DEBUG]: DevTools WebSocket Response: Input.dispatchKeyEvent (id=457) 36FF8643EFB745BF1FD92B9E552C6E89 {
}
[1664203335,484][DEBUG]: DevTools WebSocket Response: Input.dispatchKeyEvent (id=458) 36FF8643EFB745BF1FD92B9E552C6E89 {
}
[1664203335,484][DEBUG]: DevTools WebSocket Response: Input.dispatchKeyEvent (id=459) 36FF8643EFB745BF1FD92B9E552C6E89 {
}
[1664203335,484][DEBUG]: DevTools WebSocket Response: Input.dispatchKeyEvent (id=460) 36FF8643EFB745BF1FD92B9E552C6E89 {
}
[1664203335,484][DEBUG]: DevTools WebSocket Response: Input.dispatchKeyEvent (id=461) 36FF8643EFB745BF1FD92B9E552C6E89 {
}
[1664203335,484][DEBUG]: DevTools WebSocket Response: Input.dispatchKeyEvent (id=462) 36FF8643EFB745BF1FD92B9E552C6E89 {
}
[1664203335,484][DEBUG]: DevTools WebSocket Response: Input.dispatchKeyEvent (id=463) 36FF8643EFB745BF1FD92B9E552C6E89 {
}
[1664203335,485][DEBUG]: DevTools WebSocket Response: Input.dispatchKeyEvent (id=464) 36FF8643EFB745BF1FD92B9E552C6E89 {
}
[1664203335,486][DEBUG]: DevTools WebSocket Response: Input.dispatchKeyEvent (id=465) 36FF8643EFB745BF1FD92B9E552C6E89 {
}
[1664203335,486][DEBUG]: DevTools WebSocket Response: Input.dispatchKeyEvent (id=466) 36FF8643EFB745BF1FD92B9E552C6E89 {
}
[1664203335,486][DEBUG]: DevTools WebSocket Response: Input.dispatchKeyEvent (id=467) 36FF8643EFB745BF1FD92B9E552C6E89 {
}
[1664203335,486][DEBUG]: DevTools WebSocket Response: Input.dispatchKeyEvent (id=468) 36FF8643EFB745BF1FD92B9E552C6E89 {
}
[1664203335,486][DEBUG]: DevTools WebSocket Response: Input.dispatchKeyEvent (id=469) 36FF8643EFB745BF1FD92B9E552C6E89 {
}
[1664203335,486][DEBUG]: DevTools WebSocket Response: Input.dispatchKeyEvent (id=470) 36FF8643EFB745BF1FD92B9E552C6E89 {
}
[1664203335,486][DEBUG]: DevTools WebSocket Response: Input.dispatchKeyEvent (id=471) 36FF8643EFB745BF1FD92B9E552C6E89 {
}
[1664203335,486][DEBUG]: DevTools WebSocket Response: Input.dispatchKeyEvent (id=472) 36FF8643EFB745BF1FD92B9E552C6E89 {
}
[1664203335,486][DEBUG]: DevTools WebSocket Response: Input.dispatchKeyEvent (id=473) 36FF8643EFB745BF1FD92B9E552C6E89 {
}
[1664203335,486][DEBUG]: DevTools WebSocket Response: Input.dispatchKeyEvent (id=474) 36FF8643EFB745BF1FD92B9E552C6E89 {
}
[1664203335,486][DEBUG]: DevTools WebSocket Response: Input.dispatchKeyEvent (id=475) 36FF8643EFB745BF1FD92B9E552C6E89 {
}
[1664203335,486][DEBUG]: DevTools WebSocket Response: Input.dispatchKeyEvent (id=476) 36FF8643EFB745BF1FD92B9E552C6E89 {
}
[1664203335,487][DEBUG]: DevTools WebSocket Response: Input.dispatchKeyEvent (id=477) 36FF8643EFB745BF1FD92B9E552C6E89 {
}
[1664203335,487][DEBUG]: DevTools WebSocket Response: Input.dispatchKeyEvent (id=478) 36FF8643EFB745BF1FD92B9E552C6E89 {
}
[1664203335,487][DEBUG]: DevTools WebSocket Response: Input.dispatchKeyEvent (id=479) 36FF8643EFB745BF1FD92B9E552C6E89 {
}
[1664203335,487][DEBUG]: DevTools WebSocket Response: Input.dispatchKeyEvent (id=480) 36FF8643EFB745BF1FD92B9E552C6E89 {
}
[1664203335,487][DEBUG]: DevTools WebSocket Response: Input.dispatchKeyEvent (id=481) 36FF8643EFB745BF1FD92B9E552C6E89 {
}
[1664203335,487][DEBUG]: DevTools WebSocket Response: Input.dispatchKeyEvent (id=482) 36FF8643EFB745BF1FD92B9E552C6E89 {
}
[1664203335,487][DEBUG]: DevTools WebSocket Response: Input.dispatchKeyEvent (id=483) 36FF8643EFB745BF1FD92B9E552C6E89 {
}
[1664203335,487][DEBUG]: DevTools WebSocket Response: Input.dispatchKeyEvent (id=484) 36FF8643EFB745BF1FD92B9E552C6E89 {
}
[1664203335,487][DEBUG]: DevTools WebSocket Response: Input.dispatchKeyEvent (id=485) 36FF8643EFB745BF1FD92B9E552C6E89 {
}
[1664203335,488][DEBUG]: DevTools WebSocket Response: Input.dispatchKeyEvent (id=486) 36FF8643EFB745BF1FD92B9E552C6E89 {
}
[1664203335,488][DEBUG]: DevTools WebSocket Response: Input.dispatchKeyEvent (id=487) 36FF8643EFB745BF1FD92B9E552C6E89 {
}
[1664203335,488][DEBUG]: DevTools WebSocket Response: Input.dispatchKeyEvent (id=488) 36FF8643EFB745BF1FD92B9E552C6E89 {
}
[1664203335,488][DEBUG]: DevTools WebSocket Response: Input.dispatchKeyEvent (id=489) 36FF8643EFB745BF1FD92B9E552C6E89 {
}
[1664203335,488][DEBUG]: DevTools WebSocket Response: Input.dispatchKeyEvent (id=490) 36FF8643EFB745BF1FD92B9E552C6E89 {
}
[1664203335,488][INFO]: Waiting for pending navigations...
[1664203335,488][DEBUG]: DevTools WebSocket Command: Runtime.evaluate (id=491) 36FF8643EFB745BF1FD92B9E552C6E89 {
   &quot;expression&quot;: &quot;1&quot;
}
[1664203335,490][DEBUG]: DevTools WebSocket Response: Runtime.evaluate (id=491) 36FF8643EFB745BF1FD92B9E552C6E89 {
   &quot;result&quot;: {
      &quot;description&quot;: &quot;1&quot;,
      &quot;type&quot;: &quot;number&quot;,
      &quot;value&quot;: 1
   }
}
[1664203335,490][INFO]: Done waiting for pending navigations. Status: ok
[1664203335,490][INFO]: [054090904ec2838a7cbf889f1b629cce] RESPONSE TypeElement
[1664203335,493][INFO]: [054090904ec2838a7cbf889f1b629cce] COMMAND TypeElement {
   &quot;id&quot;: &quot;0baf647d-3366-437a-83d5-6773af1e0f81&quot;,
   &quot;text&quot;: &quot;bree1&quot;,
   &quot;value&quot;: [ &quot;b&quot;, &quot;r&quot;, &quot;e&quot;, &quot;e&quot;, &quot;1&quot; ]
}
[1664203335,493][INFO]: Waiting for pending navigations...
[1664203335,493][DEBUG]: DevTools WebSocket Command: Runtime.evaluate (id=492) 36FF8643EFB745BF1FD92B9E552C6E89 {
   &quot;expression&quot;: &quot;1&quot;
}
[1664203335,493][DEBUG]: DevTools WebSocket Response: Runtime.evaluate (id=492) 36FF8643EFB745BF1FD92B9E552C6E89 {
   &quot;result&quot;: {
      &quot;description&quot;: &quot;1&quot;,
      &quot;type&quot;: &quot;number&quot;,
      &quot;value&quot;: 1
   }
}
[1664203335,493][INFO]: Done waiting for pending navigations. Status: ok
[1664203335,494][DEBUG]: DevTools WebSocket Command: Runtime.evaluate (id=493) 36FF8643EFB745BF1FD92B9E552C6E89 {
   &quot;awaitPromise&quot;: true,
   &quot;expression&quot;: &quot;(function() { // Copyright (c) 2012 The Chromium Authors. All rights reserved.\n// Use of this source code is governed by a BSD-style license that can be\n// found in the LICENSE file.\n\n/**\n * Enum f...&quot;,
   &quot;returnByValue&quot;: true
}
[1664203335,502][DEBUG]: DevTools WebSocket Response: Runtime.evaluate (id=493) 36FF8643EFB745BF1FD92B9E552C6E89 {
   &quot;result&quot;: {
      &quot;type&quot;: &quot;object&quot;,
      &quot;value&quot;: {
         &quot;status&quot;: 0,
         &quot;value&quot;: &quot;INPUT&quot;
      }
   }
}
[1664203335,503][DEBUG]: DevTools WebSocket Command: Runtime.evaluate (id=494) 36FF8643EFB745BF1FD92B9E552C6E89 {
   &quot;awaitPromise&quot;: true,
   &quot;expression&quot;: &quot;(function() { // Copyright (c) 2012 The Chromium Authors. All rights reserved.\n// Use of this source code is governed by a BSD-style license that can be\n// found in the LICENSE file.\n\n/**\n * Enum f...&quot;,
   &quot;returnByValue&quot;: true
}
[1664203335,511][DEBUG]: DevTools WebSocket Response: Runtime.evaluate (id=494) 36FF8643EFB745BF1FD92B9E552C6E89 {
   &quot;result&quot;: {
      &quot;type&quot;: &quot;object&quot;,
      &quot;value&quot;: {
         &quot;status&quot;: 0,
         &quot;value&quot;: &quot;password&quot;
      }
   }
}
[1664203335,511][DEBUG]: DevTools WebSocket Command: Runtime.evaluate (id=495) 36FF8643EFB745BF1FD92B9E552C6E89 {
   &quot;awaitPromise&quot;: true,
   &quot;expression&quot;: &quot;(function() { // Copyright (c) 2012 The Chromium Authors. All rights reserved.\n// Use of this source code is governed by a BSD-style license that can be\n// found in the LICENSE file.\n\n/**\n * Enum f...&quot;,
   &quot;returnByValue&quot;: true
}
[1664203335,513][DEBUG]: DevTools WebSocket Response: Runtime.evaluate (id=495) 36FF8643EFB745BF1FD92B9E552C6E89 {
   &quot;result&quot;: {
      &quot;type&quot;: &quot;object&quot;,
      &quot;value&quot;: {
         &quot;status&quot;: 0,
         &quot;value&quot;: false
      }
   }
}
[1664203335,515][DEBUG]: DevTools WebSocket Command: Runtime.evaluate (id=496) 36FF8643EFB745BF1FD92B9E552C6E89 {
   &quot;awaitPromise&quot;: true,
   &quot;expression&quot;: &quot;(function() { // Copyright (c) 2012 The Chromium Authors. All rights reserved.\n// Use of this source code is governed by a BSD-style license that can be\n// found in the LICENSE file.\n\n/**\n * Enum f...&quot;,
   &quot;returnByValue&quot;: true
}
[1664203335,517][DEBUG]: DevTools WebSocket Response: Runtime.evaluate (id=496) 36FF8643EFB745BF1FD92B9E552C6E89 {
   &quot;result&quot;: {
      &quot;type&quot;: &quot;object&quot;,
      &quot;value&quot;: {
         &quot;status&quot;: 0,
         &quot;value&quot;: &quot;INPUT&quot;
      }
   }
}
[1664203335,517][DEBUG]: DevTools WebSocket Command: Runtime.evaluate (id=497) 36FF8643EFB745BF1FD92B9E552C6E89 {
   &quot;awaitPromise&quot;: false,
   &quot;expression&quot;: &quot;document.hasFocus()&quot;,
   &quot;returnByValue&quot;: true
}
[1664203335,518][DEBUG]: DevTools WebSocket Response: Runtime.evaluate (id=497) 36FF8643EFB745BF1FD92B9E552C6E89 {
   &quot;result&quot;: {
      &quot;type&quot;: &quot;boolean&quot;,
      &quot;value&quot;: true
   }
}
[1664203335,518][DEBUG]: DevTools WebSocket Command: Runtime.evaluate (id=498) 36FF8643EFB745BF1FD92B9E552C6E89 {
   &quot;awaitPromise&quot;: true,
   &quot;expression&quot;: &quot;(function() { // Copyright (c) 2012 The Chromium Authors. All rights reserved.\n// Use of this source code is governed by a BSD-style license that can be\n// found in the LICENSE file.\n\n/**\n * Enum f...&quot;,
   &quot;returnByValue&quot;: true
}
[1664203335,519][DEBUG]: DevTools WebSocket Response: Runtime.evaluate (id=498) 36FF8643EFB745BF1FD92B9E552C6E89 {
   &quot;result&quot;: {
      &quot;type&quot;: &quot;object&quot;,
      &quot;value&quot;: {
         &quot;status&quot;: 0,
         &quot;value&quot;: {
            &quot;element-6066-11e4-a52e-4f735466cecf&quot;: &quot;1c14d186-7311-4cc5-a94a-c428d1dbf24f&quot;
         }
      }
   }
}
[1664203335,522][DEBUG]: DevTools WebSocket Command: Runtime.evaluate (id=499) 36FF8643EFB745BF1FD92B9E552C6E89 {
   &quot;awaitPromise&quot;: true,
   &quot;expression&quot;: &quot;(function() { // Copyright (c) 2012 The Chromium Authors. All rights reserved.\n// Use of this source code is governed by a BSD-style license that can be\n// found in the LICENSE file.\n\n/**\n * Enum f...&quot;,
   &quot;returnByValue&quot;: true
}
[1664203335,527][DEBUG]: DevTools WebSocket Response: Runtime.evaluate (id=499) 36FF8643EFB745BF1FD92B9E552C6E89 {
   &quot;result&quot;: {
      &quot;type&quot;: &quot;object&quot;,
      &quot;value&quot;: {
         &quot;status&quot;: 0,
         &quot;value&quot;: true
      }
   }
}
[1664203335,527][DEBUG]: DevTools WebSocket Command: Runtime.evaluate (id=500) 36FF8643EFB745BF1FD92B9E552C6E89 {
   &quot;awaitPromise&quot;: true,
   &quot;expression&quot;: &quot;(function() { // Copyright (c) 2012 The Chromium Authors. All rights reserved.\n// Use of this source code is governed by a BSD-style license that can be\n// found in the LICENSE file.\n\n/**\n * Enum f...&quot;,
   &quot;returnByValue&quot;: true
}
[1664203335,532][DEBUG]: DevTools WebSocket Response: Runtime.evaluate (id=500) 36FF8643EFB745BF1FD92B9E552C6E89 {
   &quot;result&quot;: {
      &quot;type&quot;: &quot;object&quot;,
      &quot;value&quot;: {
         &quot;status&quot;: 0,
         &quot;value&quot;: true
      }
   }
}
[1664203335,532][DEBUG]: DevTools WebSocket Command: Runtime.evaluate (id=501) 36FF8643EFB745BF1FD92B9E552C6E89 {
   &quot;awaitPromise&quot;: true,
   &quot;expression&quot;: &quot;(function() { // Copyright (c) 2012 The Chromium Authors. All rights reserved.\n// Use of this source code is governed by a BSD-style license that can be\n// found in the LICENSE file.\n\n/**\n * Enum f...&quot;,
   &quot;returnByValue&quot;: true
}
[1664203335,535][DEBUG]: DevTools WebSocket Response: Runtime.evaluate (id=501) 36FF8643EFB745BF1FD92B9E552C6E89 {
   &quot;result&quot;: {
      &quot;type&quot;: &quot;object&quot;,
      &quot;value&quot;: {
         &quot;status&quot;: 0,
         &quot;value&quot;: null
      }
   }
}
[1664203335,535][DEBUG]: DevTools WebSocket Command: Runtime.evaluate (id=502) 36FF8643EFB745BF1FD92B9E552C6E89 {
   &quot;awaitPromise&quot;: true,
   &quot;expression&quot;: &quot;(function() { // Copyright (c) 2012 The Chromium Authors. All rights reserved.\n// Use of this source code is governed by a BSD-style license that can be\n// found in the LICENSE file.\n\n/**\n * Enum f...&quot;,
   &quot;returnByValue&quot;: true
}
[1664203335,538][DEBUG]: DevTools WebSocket Response: Runtime.evaluate (id=502) 36FF8643EFB745BF1FD92B9E552C6E89 {
   &quot;result&quot;: {
      &quot;type&quot;: &quot;object&quot;,
      &quot;value&quot;: {
         &quot;status&quot;: 0,
         &quot;value&quot;: null
      }
   }
}
[1664203335,538][DEBUG]: DevTools WebSocket Command: Input.dispatchKeyEvent (id=503) 36FF8643EFB745BF1FD92B9E552C6E89 {
   &quot;code&quot;: &quot;KeyB&quot;,
   &quot;key&quot;: &quot;b&quot;,
   &quot;modifiers&quot;: 0,
   &quot;text&quot;: &quot;b&quot;,
   &quot;type&quot;: &quot;rawKeyDown&quot;,
   &quot;unmodifiedText&quot;: &quot;b&quot;,
   &quot;windowsVirtualKeyCode&quot;: 66
}
[1664203335,538][DEBUG]: DevTools WebSocket Command: Input.dispatchKeyEvent (id=504) 36FF8643EFB745BF1FD92B9E552C6E89 {
   &quot;code&quot;: &quot;KeyB&quot;,
   &quot;key&quot;: &quot;b&quot;,
   &quot;modifiers&quot;: 0,
   &quot;text&quot;: &quot;b&quot;,
   &quot;type&quot;: &quot;char&quot;,
   &quot;unmodifiedText&quot;: &quot;b&quot;,
   &quot;windowsVirtualKeyCode&quot;: 66
}
[1664203335,538][DEBUG]: DevTools WebSocket Command: Input.dispatchKeyEvent (id=505) 36FF8643EFB745BF1FD92B9E552C6E89 {
   &quot;code&quot;: &quot;KeyB&quot;,
   &quot;key&quot;: &quot;b&quot;,
   &quot;modifiers&quot;: 0,
   &quot;text&quot;: &quot;b&quot;,
   &quot;type&quot;: &quot;keyUp&quot;,
   &quot;unmodifiedText&quot;: &quot;b&quot;,
   &quot;windowsVirtualKeyCode&quot;: 66
}
[1664203335,538][DEBUG]: DevTools WebSocket Command: Input.dispatchKeyEvent (id=506) 36FF8643EFB745BF1FD92B9E552C6E89 {
   &quot;code&quot;: &quot;KeyR&quot;,
   &quot;key&quot;: &quot;r&quot;,
   &quot;modifiers&quot;: 0,
   &quot;text&quot;: &quot;r&quot;,
   &quot;type&quot;: &quot;rawKeyDown&quot;,
   &quot;unmodifiedText&quot;: &quot;r&quot;,
   &quot;windowsVirtualKeyCode&quot;: 82
}
[1664203335,538][DEBUG]: DevTools WebSocket Command: Input.dispatchKeyEvent (id=507) 36FF8643EFB745BF1FD92B9E552C6E89 {
   &quot;code&quot;: &quot;KeyR&quot;,
   &quot;key&quot;: &quot;r&quot;,
   &quot;modifiers&quot;: 0,
   &quot;text&quot;: &quot;r&quot;,
   &quot;type&quot;: &quot;char&quot;,
   &quot;unmodifiedText&quot;: &quot;r&quot;,
   &quot;windowsVirtualKeyCode&quot;: 82
}
[1664203335,539][DEBUG]: DevTools WebSocket Command: Input.dispatchKeyEvent (id=508) 36FF8643EFB745BF1FD92B9E552C6E89 {
   &quot;code&quot;: &quot;KeyR&quot;,
   &quot;key&quot;: &quot;r&quot;,
   &quot;modifiers&quot;: 0,
   &quot;text&quot;: &quot;r&quot;,
   &quot;type&quot;: &quot;keyUp&quot;,
   &quot;unmodifiedText&quot;: &quot;r&quot;,
   &quot;windowsVirtualKeyCode&quot;: 82
}
[1664203335,539][DEBUG]: DevTools WebSocket Command: Input.dispatchKeyEvent (id=509) 36FF8643EFB745BF1FD92B9E552C6E89 {
   &quot;code&quot;: &quot;KeyE&quot;,
   &quot;key&quot;: &quot;e&quot;,
   &quot;modifiers&quot;: 0,
   &quot;text&quot;: &quot;e&quot;,
   &quot;type&quot;: &quot;rawKeyDown&quot;,
   &quot;unmodifiedText&quot;: &quot;e&quot;,
   &quot;windowsVirtualKeyCode&quot;: 69
}
[1664203335,539][DEBUG]: DevTools WebSocket Command: Input.dispatchKeyEvent (id=510) 36FF8643EFB745BF1FD92B9E552C6E89 {
   &quot;code&quot;: &quot;KeyE&quot;,
   &quot;key&quot;: &quot;e&quot;,
   &quot;modifiers&quot;: 0,
   &quot;text&quot;: &quot;e&quot;,
   &quot;type&quot;: &quot;char&quot;,
   &quot;unmodifiedText&quot;: &quot;e&quot;,
   &quot;windowsVirtualKeyCode&quot;: 69
}
[1664203335,539][DEBUG]: DevTools WebSocket Command: Input.dispatchKeyEvent (id=511) 36FF8643EFB745BF1FD92B9E552C6E89 {
   &quot;code&quot;: &quot;KeyE&quot;,
   &quot;key&quot;: &quot;e&quot;,
   &quot;modifiers&quot;: 0,
   &quot;text&quot;: &quot;e&quot;,
   &quot;type&quot;: &quot;keyUp&quot;,
   &quot;unmodifiedText&quot;: &quot;e&quot;,
   &quot;windowsVirtualKeyCode&quot;: 69
}
[1664203335,540][DEBUG]: DevTools WebSocket Command: Input.dispatchKeyEvent (id=512) 36FF8643EFB745BF1FD92B9E552C6E89 {
   &quot;code&quot;: &quot;KeyE&quot;,
   &quot;key&quot;: &quot;e&quot;,
   &quot;modifiers&quot;: 0,
   &quot;text&quot;: &quot;e&quot;,
   &quot;type&quot;: &quot;rawKeyDown&quot;,
   &quot;unmodifiedText&quot;: &quot;e&quot;,
   &quot;windowsVirtualKeyCode&quot;: 69
}
[1664203335,540][DEBUG]: DevTools WebSocket Command: Input.dispatchKeyEvent (id=513) 36FF8643EFB745BF1FD92B9E552C6E89 {
   &quot;code&quot;: &quot;KeyE&quot;,
   &quot;key&quot;: &quot;e&quot;,
   &quot;modifiers&quot;: 0,
   &quot;text&quot;: &quot;e&quot;,
   &quot;type&quot;: &quot;char&quot;,
   &quot;unmodifiedText&quot;: &quot;e&quot;,
   &quot;windowsVirtualKeyCode&quot;: 69
}
[1664203335,540][DEBUG]: DevTools WebSocket Command: Input.dispatchKeyEvent (id=514) 36FF8643EFB745BF1FD92B9E552C6E89 {
   &quot;code&quot;: &quot;KeyE&quot;,
   &quot;key&quot;: &quot;e&quot;,
   &quot;modifiers&quot;: 0,
   &quot;text&quot;: &quot;e&quot;,
   &quot;type&quot;: &quot;keyUp&quot;,
   &quot;unmodifiedText&quot;: &quot;e&quot;,
   &quot;windowsVirtualKeyCode&quot;: 69
}
[1664203335,540][DEBUG]: DevTools WebSocket Command: Input.dispatchKeyEvent (id=515) 36FF8643EFB745BF1FD92B9E552C6E89 {
   &quot;code&quot;: &quot;Digit1&quot;,
   &quot;key&quot;: &quot;1&quot;,
   &quot;modifiers&quot;: 0,
   &quot;text&quot;: &quot;1&quot;,
   &quot;type&quot;: &quot;rawKeyDown&quot;,
   &quot;unmodifiedText&quot;: &quot;1&quot;,
   &quot;windowsVirtualKeyCode&quot;: 49
}
[1664203335,540][DEBUG]: DevTools WebSocket Command: Input.dispatchKeyEvent (id=516) 36FF8643EFB745BF1FD92B9E552C6E89 {
   &quot;code&quot;: &quot;Digit1&quot;,
   &quot;key&quot;: &quot;1&quot;,
   &quot;modifiers&quot;: 0,
   &quot;text&quot;: &quot;1&quot;,
   &quot;type&quot;: &quot;char&quot;,
   &quot;unmodifiedText&quot;: &quot;1&quot;,
   &quot;windowsVirtualKeyCode&quot;: 49
}
[1664203335,540][DEBUG]: DevTools WebSocket Command: Input.dispatchKeyEvent (id=517) 36FF8643EFB745BF1FD92B9E552C6E89 {
   &quot;code&quot;: &quot;Digit1&quot;,
   &quot;key&quot;: &quot;1&quot;,
   &quot;modifiers&quot;: 0,
   &quot;text&quot;: &quot;1&quot;,
   &quot;type&quot;: &quot;keyUp&quot;,
   &quot;unmodifiedText&quot;: &quot;1&quot;,
   &quot;windowsVirtualKeyCode&quot;: 49
}
[1664203335,540][DEBUG]: DevTools WebSocket Response: Input.dispatchKeyEvent (id=503) 36FF8643EFB745BF1FD92B9E552C6E89 {
}
[1664203335,542][DEBUG]: DevTools WebSocket Response: Input.dispatchKeyEvent (id=504) 36FF8643EFB745BF1FD92B9E552C6E89 {
}
[1664203335,543][DEBUG]: DevTools WebSocket Response: Input.dispatchKeyEvent (id=505) 36FF8643EFB745BF1FD92B9E552C6E89 {
}
[1664203335,543][DEBUG]: DevTools WebSocket Response: Input.dispatchKeyEvent (id=506) 36FF8643EFB745BF1FD92B9E552C6E89 {
}
[1664203335,543][DEBUG]: DevTools WebSocket Response: Input.dispatchKeyEvent (id=507) 36FF8643EFB745BF1FD92B9E552C6E89 {
}
[1664203335,543][DEBUG]: DevTools WebSocket Response: Input.dispatchKeyEvent (id=508) 36FF8643EFB745BF1FD92B9E552C6E89 {
}
[1664203335,543][DEBUG]: DevTools WebSocket Response: Input.dispatchKeyEvent (id=509) 36FF8643EFB745BF1FD92B9E552C6E89 {
}
[1664203335,543][DEBUG]: DevTools WebSocket Response: Input.dispatchKeyEvent (id=510) 36FF8643EFB745BF1FD92B9E552C6E89 {
}
[1664203335,543][DEBUG]: DevTools WebSocket Response: Input.dispatchKeyEvent (id=511) 36FF8643EFB745BF1FD92B9E552C6E89 {
}
[1664203335,543][DEBUG]: DevTools WebSocket Response: Input.dispatchKeyEvent (id=512) 36FF8643EFB745BF1FD92B9E552C6E89 {
}
[1664203335,544][DEBUG]: DevTools WebSocket Response: Input.dispatchKeyEvent (id=513) 36FF8643EFB745BF1FD92B9E552C6E89 {
}
[1664203335,544][DEBUG]: DevTools WebSocket Response: Input.dispatchKeyEvent (id=514) 36FF8643EFB745BF1FD92B9E552C6E89 {
}
[1664203335,544][DEBUG]: DevTools WebSocket Response: Input.dispatchKeyEvent (id=515) 36FF8643EFB745BF1FD92B9E552C6E89 {
}
[1664203335,544][DEBUG]: DevTools WebSocket Response: Input.dispatchKeyEvent (id=516) 36FF8643EFB745BF1FD92B9E552C6E89 {
}
[1664203335,544][DEBUG]: DevTools WebSocket Response: Input.dispatchKeyEvent (id=517) 36FF8643EFB745BF1FD92B9E552C6E89 {
}
[1664203335,544][INFO]: Waiting for pending navigations...
[1664203335,544][DEBUG]: DevTools WebSocket Command: Runtime.evaluate (id=518) 36FF8643EFB745BF1FD92B9E552C6E89 {
   &quot;expression&quot;: &quot;1&quot;
}
[1664203335,550][DEBUG]: DevTools WebSocket Response: Runtime.evaluate (id=518) 36FF8643EFB745BF1FD92B9E552C6E89 {
   &quot;result&quot;: {
      &quot;description&quot;: &quot;1&quot;,
      &quot;type&quot;: &quot;number&quot;,
      &quot;value&quot;: 1
   }
}
[1664203335,550][INFO]: Done waiting for pending navigations. Status: ok
[1664203335,550][INFO]: [054090904ec2838a7cbf889f1b629cce] RESPONSE TypeElement
[1664203335,554][INFO]: [054090904ec2838a7cbf889f1b629cce] COMMAND TypeElement {
   &quot;id&quot;: &quot;34be259a-37cc-408f-aaad-1f3ada59768f&quot;,
   &quot;text&quot;: &quot;bree1&quot;,
   &quot;value&quot;: [ &quot;b&quot;, &quot;r&quot;, &quot;e&quot;, &quot;e&quot;, &quot;1&quot; ]
}
[1664203335,554][INFO]: Waiting for pending navigations...
[1664203335,554][DEBUG]: DevTools WebSocket Command: Runtime.evaluate (id=519) 36FF8643EFB745BF1FD92B9E552C6E89 {
   &quot;expression&quot;: &quot;1&quot;
}
[1664203335,555][DEBUG]: DevTools WebSocket Response: Runtime.evaluate (id=519) 36FF8643EFB745BF1FD92B9E552C6E89 {
   &quot;result&quot;: {
      &quot;description&quot;: &quot;1&quot;,
      &quot;type&quot;: &quot;number&quot;,
      &quot;value&quot;: 1
   }
}
[1664203335,555][INFO]: Done waiting for pending navigations. Status: ok
[1664203335,556][DEBUG]: DevTools WebSocket Command: Runtime.evaluate (id=520) 36FF8643EFB745BF1FD92B9E552C6E89 {
   &quot;awaitPromise&quot;: true,
   &quot;expression&quot;: &quot;(function() { // Copyright (c) 2012 The Chromium Authors. All rights reserved.\n// Use of this source code is governed by a BSD-style license that can be\n// found in the LICENSE file.\n\n/**\n * Enum f...&quot;,
   &quot;returnByValue&quot;: true
}
[1664203335,560][DEBUG]: DevTools WebSocket Response: Runtime.evaluate (id=520) 36FF8643EFB745BF1FD92B9E552C6E89 {
   &quot;result&quot;: {
      &quot;type&quot;: &quot;object&quot;,
      &quot;value&quot;: {
         &quot;status&quot;: 0,
         &quot;value&quot;: &quot;INPUT&quot;
      }
   }
}
[1664203335,561][DEBUG]: DevTools WebSocket Command: Runtime.evaluate (id=521) 36FF8643EFB745BF1FD92B9E552C6E89 {
   &quot;awaitPromise&quot;: true,
   &quot;expression&quot;: &quot;(function() { // Copyright (c) 2012 The Chromium Authors. All rights reserved.\n// Use of this source code is governed by a BSD-style license that can be\n// found in the LICENSE file.\n\n/**\n * Enum f...&quot;,
   &quot;returnByValue&quot;: true
}
[1664203335,565][DEBUG]: DevTools WebSocket Response: Runtime.evaluate (id=521) 36FF8643EFB745BF1FD92B9E552C6E89 {
   &quot;result&quot;: {
      &quot;type&quot;: &quot;object&quot;,
      &quot;value&quot;: {
         &quot;status&quot;: 0,
         &quot;value&quot;: &quot;password&quot;
      }
   }
}
[1664203335,566][DEBUG]: DevTools WebSocket Command: Runtime.evaluate (id=522) 36FF8643EFB745BF1FD92B9E552C6E89 {
   &quot;awaitPromise&quot;: true,
   &quot;expression&quot;: &quot;(function() { // Copyright (c) 2012 The Chromium Authors. All rights reserved.\n// Use of this source code is governed by a BSD-style license that can be\n// found in the LICENSE file.\n\n/**\n * Enum f...&quot;,
   &quot;returnByValue&quot;: true
}
[1664203335,567][DEBUG]: DevTools WebSocket Response: Runtime.evaluate (id=522) 36FF8643EFB745BF1FD92B9E552C6E89 {
   &quot;result&quot;: {
      &quot;type&quot;: &quot;object&quot;,
      &quot;value&quot;: {
         &quot;status&quot;: 0,
         &quot;value&quot;: false
      }
   }
}
[1664203335,568][DEBUG]: DevTools WebSocket Command: Runtime.evaluate (id=523) 36FF8643EFB745BF1FD92B9E552C6E89 {
   &quot;awaitPromise&quot;: true,
   &quot;expression&quot;: &quot;(function() { // Copyright (c) 2012 The Chromium Authors. All rights reserved.\n// Use of this source code is governed by a BSD-style license that can be\n// found in the LICENSE file.\n\n/**\n * Enum f...&quot;,
   &quot;returnByValue&quot;: true
}
[1664203335,570][DEBUG]: DevTools WebSocket Response: Runtime.evaluate (id=523) 36FF8643EFB745BF1FD92B9E552C6E89 {
   &quot;result&quot;: {
      &quot;type&quot;: &quot;object&quot;,
      &quot;value&quot;: {
         &quot;status&quot;: 0,
         &quot;value&quot;: &quot;INPUT&quot;
      }
   }
}
[1664203335,570][DEBUG]: DevTools WebSocket Command: Runtime.evaluate (id=524) 36FF8643EFB745BF1FD92B9E552C6E89 {
   &quot;awaitPromise&quot;: false,
   &quot;expression&quot;: &quot;document.hasFocus()&quot;,
   &quot;returnByValue&quot;: true
}
[1664203335,571][DEBUG]: DevTools WebSocket Response: Runtime.evaluate (id=524) 36FF8643EFB745BF1FD92B9E552C6E89 {
   &quot;result&quot;: {
      &quot;type&quot;: &quot;boolean&quot;,
      &quot;value&quot;: true
   }
}
[1664203335,572][DEBUG]: DevTools WebSocket Command: Runtime.evaluate (id=525) 36FF8643EFB745BF1FD92B9E552C6E89 {
   &quot;awaitPromise&quot;: true,
   &quot;expression&quot;: &quot;(function() { // Copyright (c) 2012 The Chromium Authors. All rights reserved.\n// Use of this source code is governed by a BSD-style license that can be\n// found in the LICENSE file.\n\n/**\n * Enum f...&quot;,
   &quot;returnByValue&quot;: true
}
[1664203335,572][DEBUG]: DevTools WebSocket Response: Runtime.evaluate (id=525) 36FF8643EFB745BF1FD92B9E552C6E89 {
   &quot;result&quot;: {
      &quot;type&quot;: &quot;object&quot;,
      &quot;value&quot;: {
         &quot;status&quot;: 0,
         &quot;value&quot;: {
            &quot;element-6066-11e4-a52e-4f735466cecf&quot;: &quot;0baf647d-3366-437a-83d5-6773af1e0f81&quot;
         }
      }
   }
}
[1664203335,573][DEBUG]: DevTools WebSocket Command: Runtime.evaluate (id=526) 36FF8643EFB745BF1FD92B9E552C6E89 {
   &quot;awaitPromise&quot;: true,
   &quot;expression&quot;: &quot;(function() { // Copyright (c) 2012 The Chromium Authors. All rights reserved.\n// Use of this source code is governed by a BSD-style license that can be\n// found in the LICENSE file.\n\n/**\n * Enum f...&quot;,
   &quot;returnByValue&quot;: true
}
[1664203335,582][DEBUG]: DevTools WebSocket Response: Runtime.evaluate (id=526) 36FF8643EFB745BF1FD92B9E552C6E89 {
   &quot;result&quot;: {
      &quot;type&quot;: &quot;object&quot;,
      &quot;value&quot;: {
         &quot;status&quot;: 0,
         &quot;value&quot;: true
      }
   }
}
[1664203335,583][DEBUG]: DevTools WebSocket Command: Runtime.evaluate (id=527) 36FF8643EFB745BF1FD92B9E552C6E89 {
   &quot;awaitPromise&quot;: true,
   &quot;expression&quot;: &quot;(function() { // Copyright (c) 2012 The Chromium Authors. All rights reserved.\n// Use of this source code is governed by a BSD-style license that can be\n// found in the LICENSE file.\n\n/**\n * Enum f...&quot;,
   &quot;returnByValue&quot;: true
}
[1664203335,586][DEBUG]: DevTools WebSocket Response: Runtime.evaluate (id=527) 36FF8643EFB745BF1FD92B9E552C6E89 {
   &quot;result&quot;: {
      &quot;type&quot;: &quot;object&quot;,
      &quot;value&quot;: {
         &quot;status&quot;: 0,
         &quot;value&quot;: true
      }
   }
}
[1664203335,586][DEBUG]: DevTools WebSocket Command: Runtime.evaluate (id=528) 36FF8643EFB745BF1FD92B9E552C6E89 {
   &quot;awaitPromise&quot;: true,
   &quot;expression&quot;: &quot;(function() { // Copyright (c) 2012 The Chromium Authors. All rights reserved.\n// Use of this source code is governed by a BSD-style license that can be\n// found in the LICENSE file.\n\n/**\n * Enum f...&quot;,
   &quot;returnByValue&quot;: true
}
[1664203335,592][DEBUG]: DevTools WebSocket Response: Runtime.evaluate (id=528) 36FF8643EFB745BF1FD92B9E552C6E89 {
   &quot;result&quot;: {
      &quot;type&quot;: &quot;object&quot;,
      &quot;value&quot;: {
         &quot;status&quot;: 0,
         &quot;value&quot;: null
      }
   }
}
[1664203335,592][DEBUG]: DevTools WebSocket Command: Runtime.evaluate (id=529) 36FF8643EFB745BF1FD92B9E552C6E89 {
   &quot;awaitPromise&quot;: true,
   &quot;expression&quot;: &quot;(function() { // Copyright (c) 2012 The Chromium Authors. All rights reserved.\n// Use of this source code is governed by a BSD-style license that can be\n// found in the LICENSE file.\n\n/**\n * Enum f...&quot;,
   &quot;returnByValue&quot;: true
}
[1664203335,594][DEBUG]: DevTools WebSocket Response: Runtime.evaluate (id=529) 36FF8643EFB745BF1FD92B9E552C6E89 {
   &quot;result&quot;: {
      &quot;type&quot;: &quot;object&quot;,
      &quot;value&quot;: {
         &quot;status&quot;: 0,
         &quot;value&quot;: null
      }
   }
}
[1664203335,594][DEBUG]: DevTools WebSocket Command: Input.dispatchKeyEvent (id=530) 36FF8643EFB745BF1FD92B9E552C6E89 {
   &quot;code&quot;: &quot;KeyB&quot;,
   &quot;key&quot;: &quot;b&quot;,
   &quot;modifiers&quot;: 0,
   &quot;text&quot;: &quot;b&quot;,
   &quot;type&quot;: &quot;rawKeyDown&quot;,
   &quot;unmodifiedText&quot;: &quot;b&quot;,
   &quot;windowsVirtualKeyCode&quot;: 66
}
[1664203335,594][DEBUG]: DevTools WebSocket Command: Input.dispatchKeyEvent (id=531) 36FF8643EFB745BF1FD92B9E552C6E89 {
   &quot;code&quot;: &quot;KeyB&quot;,
   &quot;key&quot;: &quot;b&quot;,
   &quot;modifiers&quot;: 0,
   &quot;text&quot;: &quot;b&quot;,
   &quot;type&quot;: &quot;char&quot;,
   &quot;unmodifiedText&quot;: &quot;b&quot;,
   &quot;windowsVirtualKeyCode&quot;: 66
}
[1664203335,594][DEBUG]: DevTools WebSocket Command: Input.dispatchKeyEvent (id=532) 36FF8643EFB745BF1FD92B9E552C6E89 {
   &quot;code&quot;: &quot;KeyB&quot;,
   &quot;key&quot;: &quot;b&quot;,
   &quot;modifiers&quot;: 0,
   &quot;text&quot;: &quot;b&quot;,
   &quot;type&quot;: &quot;keyUp&quot;,
   &quot;unmodifiedText&quot;: &quot;b&quot;,
   &quot;windowsVirtualKeyCode&quot;: 66
}
[1664203335,594][DEBUG]: DevTools WebSocket Command: Input.dispatchKeyEvent (id=533) 36FF8643EFB745BF1FD92B9E552C6E89 {
   &quot;code&quot;: &quot;KeyR&quot;,
   &quot;key&quot;: &quot;r&quot;,
   &quot;modifiers&quot;: 0,
   &quot;text&quot;: &quot;r&quot;,
   &quot;type&quot;: &quot;rawKeyDown&quot;,
   &quot;unmodifiedText&quot;: &quot;r&quot;,
   &quot;windowsVirtualKeyCode&quot;: 82
}
[1664203335,594][DEBUG]: DevTools WebSocket Command: Input.dispatchKeyEvent (id=534) 36FF8643EFB745BF1FD92B9E552C6E89 {
   &quot;code&quot;: &quot;KeyR&quot;,
   &quot;key&quot;: &quot;r&quot;,
   &quot;modifiers&quot;: 0,
   &quot;text&quot;: &quot;r&quot;,
   &quot;type&quot;: &quot;char&quot;,
   &quot;unmodifiedText&quot;: &quot;r&quot;,
   &quot;windowsVirtualKeyCode&quot;: 82
}
[1664203335,594][DEBUG]: DevTools WebSocket Command: Input.dispatchKeyEvent (id=535) 36FF8643EFB745BF1FD92B9E552C6E89 {
   &quot;code&quot;: &quot;KeyR&quot;,
   &quot;key&quot;: &quot;r&quot;,
   &quot;modifiers&quot;: 0,
   &quot;text&quot;: &quot;r&quot;,
   &quot;type&quot;: &quot;keyUp&quot;,
   &quot;unmodifiedText&quot;: &quot;r&quot;,
   &quot;windowsVirtualKeyCode&quot;: 82
}
[1664203335,594][DEBUG]: DevTools WebSocket Command: Input.dispatchKeyEvent (id=536) 36FF8643EFB745BF1FD92B9E552C6E89 {
   &quot;code&quot;: &quot;KeyE&quot;,
   &quot;key&quot;: &quot;e&quot;,
   &quot;modifiers&quot;: 0,
   &quot;text&quot;: &quot;e&quot;,
   &quot;type&quot;: &quot;rawKeyDown&quot;,
   &quot;unmodifiedText&quot;: &quot;e&quot;,
   &quot;windowsVirtualKeyCode&quot;: 69
}
[1664203335,594][DEBUG]: DevTools WebSocket Command: Input.dispatchKeyEvent (id=537) 36FF8643EFB745BF1FD92B9E552C6E89 {
   &quot;code&quot;: &quot;KeyE&quot;,
   &quot;key&quot;: &quot;e&quot;,
   &quot;modifiers&quot;: 0,
   &quot;text&quot;: &quot;e&quot;,
   &quot;type&quot;: &quot;char&quot;,
   &quot;unmodifiedText&quot;: &quot;e&quot;,
   &quot;windowsVirtualKeyCode&quot;: 69
}
[1664203335,594][DEBUG]: DevTools WebSocket Command: Input.dispatchKeyEvent (id=538) 36FF8643EFB745BF1FD92B9E552C6E89 {
   &quot;code&quot;: &quot;KeyE&quot;,
   &quot;key&quot;: &quot;e&quot;,
   &quot;modifiers&quot;: 0,
   &quot;text&quot;: &quot;e&quot;,
   &quot;type&quot;: &quot;keyUp&quot;,
   &quot;unmodifiedText&quot;: &quot;e&quot;,
   &quot;windowsVirtualKeyCode&quot;: 69
}
[1664203335,594][DEBUG]: DevTools WebSocket Command: Input.dispatchKeyEvent (id=539) 36FF8643EFB745BF1FD92B9E552C6E89 {
   &quot;code&quot;: &quot;KeyE&quot;,
   &quot;key&quot;: &quot;e&quot;,
   &quot;modifiers&quot;: 0,
   &quot;text&quot;: &quot;e&quot;,
   &quot;type&quot;: &quot;rawKeyDown&quot;,
   &quot;unmodifiedText&quot;: &quot;e&quot;,
   &quot;windowsVirtualKeyCode&quot;: 69
}
[1664203335,594][DEBUG]: DevTools WebSocket Command: Input.dispatchKeyEvent (id=540) 36FF8643EFB745BF1FD92B9E552C6E89 {
   &quot;code&quot;: &quot;KeyE&quot;,
   &quot;key&quot;: &quot;e&quot;,
   &quot;modifiers&quot;: 0,
   &quot;text&quot;: &quot;e&quot;,
   &quot;type&quot;: &quot;char&quot;,
   &quot;unmodifiedText&quot;: &quot;e&quot;,
   &quot;windowsVirtualKeyCode&quot;: 69
}
[1664203335,594][DEBUG]: DevTools WebSocket Command: Input.dispatchKeyEvent (id=541) 36FF8643EFB745BF1FD92B9E552C6E89 {
   &quot;code&quot;: &quot;KeyE&quot;,
   &quot;key&quot;: &quot;e&quot;,
   &quot;modifiers&quot;: 0,
   &quot;text&quot;: &quot;e&quot;,
   &quot;type&quot;: &quot;keyUp&quot;,
   &quot;unmodifiedText&quot;: &quot;e&quot;,
   &quot;windowsVirtualKeyCode&quot;: 69
}
[1664203335,595][DEBUG]: DevTools WebSocket Command: Input.dispatchKeyEvent (id=542) 36FF8643EFB745BF1FD92B9E552C6E89 {
   &quot;code&quot;: &quot;Digit1&quot;,
   &quot;key&quot;: &quot;1&quot;,
   &quot;modifiers&quot;: 0,
   &quot;text&quot;: &quot;1&quot;,
   &quot;type&quot;: &quot;rawKeyDown&quot;,
   &quot;unmodifiedText&quot;: &quot;1&quot;,
   &quot;windowsVirtualKeyCode&quot;: 49
}
[1664203335,595][DEBUG]: DevTools WebSocket Command: Input.dispatchKeyEvent (id=543) 36FF8643EFB745BF1FD92B9E552C6E89 {
   &quot;code&quot;: &quot;Digit1&quot;,
   &quot;key&quot;: &quot;1&quot;,
   &quot;modifiers&quot;: 0,
   &quot;text&quot;: &quot;1&quot;,
   &quot;type&quot;: &quot;char&quot;,
   &quot;unmodifiedText&quot;: &quot;1&quot;,
   &quot;windowsVirtualKeyCode&quot;: 49
}
[1664203335,595][DEBUG]: DevTools WebSocket Command: Input.dispatchKeyEvent (id=544) 36FF8643EFB745BF1FD92B9E552C6E89 {
   &quot;code&quot;: &quot;Digit1&quot;,
   &quot;key&quot;: &quot;1&quot;,
   &quot;modifiers&quot;: 0,
   &quot;text&quot;: &quot;1&quot;,
   &quot;type&quot;: &quot;keyUp&quot;,
   &quot;unmodifiedText&quot;: &quot;1&quot;,
   &quot;windowsVirtualKeyCode&quot;: 49
}
[1664203335,599][DEBUG]: DevTools WebSocket Response: Input.dispatchKeyEvent (id=530) 36FF8643EFB745BF1FD92B9E552C6E89 {
}
[1664203335,600][DEBUG]: DevTools WebSocket Response: Input.dispatchKeyEvent (id=531) 36FF8643EFB745BF1FD92B9E552C6E89 {
}
[1664203335,600][DEBUG]: DevTools WebSocket Response: Input.dispatchKeyEvent (id=532) 36FF8643EFB745BF1FD92B9E552C6E89 {
}
[1664203335,600][DEBUG]: DevTools WebSocket Response: Input.dispatchKeyEvent (id=533) 36FF8643EFB745BF1FD92B9E552C6E89 {
}
[1664203335,601][DEBUG]: DevTools WebSocket Response: Input.dispatchKeyEvent (id=534) 36FF8643EFB745BF1FD92B9E552C6E89 {
}
[1664203335,601][DEBUG]: DevTools WebSocket Response: Input.dispatchKeyEvent (id=535) 36FF8643EFB745BF1FD92B9E552C6E89 {
}
[1664203335,601][DEBUG]: DevTools WebSocket Response: Input.dispatchKeyEvent (id=536) 36FF8643EFB745BF1FD92B9E552C6E89 {
}
[1664203335,602][DEBUG]: DevTools WebSocket Response: Input.dispatchKeyEvent (id=537) 36FF8643EFB745BF1FD92B9E552C6E89 {
}
[1664203335,602][DEBUG]: DevTools WebSocket Response: Input.dispatchKeyEvent (id=538) 36FF8643EFB745BF1FD92B9E552C6E89 {
}
[1664203335,602][DEBUG]: DevTools WebSocket Response: Input.dispatchKeyEvent (id=539) 36FF8643EFB745BF1FD92B9E552C6E89 {
}
[1664203335,602][DEBUG]: DevTools WebSocket Response: Input.dispatchKeyEvent (id=540) 36FF8643EFB745BF1FD92B9E552C6E89 {
}
[1664203335,602][DEBUG]: DevTools WebSocket Response: Input.dispatchKeyEvent (id=541) 36FF8643EFB745BF1FD92B9E552C6E89 {
}
[1664203335,602][DEBUG]: DevTools WebSocket Response: Input.dispatchKeyEvent (id=542) 36FF8643EFB745BF1FD92B9E552C6E89 {
}
[1664203335,603][DEBUG]: DevTools WebSocket Response: Input.dispatchKeyEvent (id=543) 36FF8643EFB745BF1FD92B9E552C6E89 {
}
[1664203335,603][DEBUG]: DevTools WebSocket Response: Input.dispatchKeyEvent (id=544) 36FF8643EFB745BF1FD92B9E552C6E89 {
}
[1664203335,603][INFO]: Waiting for pending navigations...
[1664203335,603][DEBUG]: DevTools WebSocket Command: Runtime.evaluate (id=545) 36FF8643EFB745BF1FD92B9E552C6E89 {
   &quot;expression&quot;: &quot;1&quot;
}
[1664203335,605][DEBUG]: DevTools WebSocket Response: Runtime.evaluate (id=545) 36FF8643EFB745BF1FD92B9E552C6E89 {
   &quot;result&quot;: {
      &quot;description&quot;: &quot;1&quot;,
      &quot;type&quot;: &quot;number&quot;,
      &quot;value&quot;: 1
   }
}
[1664203335,605][INFO]: Done waiting for pending navigations. Status: ok
[1664203335,605][INFO]: [054090904ec2838a7cbf889f1b629cce] RESPONSE TypeElement
[1664203336,807][INFO]: [054090904ec2838a7cbf889f1b629cce] COMMAND FindElement {
   &quot;using&quot;: &quot;xpath&quot;,
   &quot;value&quot;: &quot;//*[@id=\&quot;customerForm\&quot;]/table/tbody/tr[13]/td[2]/input&quot;
}
[1664203336,807][INFO]: Waiting for pending navigations...
[1664203336,807][DEBUG]: DevTools WebSocket Command: Runtime.evaluate (id=546) 36FF8643EFB745BF1FD92B9E552C6E89 {
   &quot;expression&quot;: &quot;1&quot;
}
[1664203336,808][DEBUG]: DevTools WebSocket Response: Runtime.evaluate (id=546) 36FF8643EFB745BF1FD92B9E552C6E89 {
   &quot;result&quot;: {
      &quot;description&quot;: &quot;1&quot;,
      &quot;type&quot;: &quot;number&quot;,
      &quot;value&quot;: 1
   }
}
[1664203336,808][INFO]: Done waiting for pending navigations. Status: ok
[1664203336,809][DEBUG]: DevTools WebSocket Command: Runtime.evaluate (id=547) 36FF8643EFB745BF1FD92B9E552C6E89 {
   &quot;awaitPromise&quot;: true,
   &quot;expression&quot;: &quot;(function() { // Copyright (c) 2012 The Chromium Authors. All rights reserved.\n// Use of this source code is governed by a BSD-style license that can be\n// found in the LICENSE file.\n\n/**\n * Enum f...&quot;,
   &quot;returnByValue&quot;: true
}
[1664203336,816][DEBUG]: DevTools WebSocket Response: Runtime.evaluate (id=547) 36FF8643EFB745BF1FD92B9E552C6E89 {
   &quot;result&quot;: {
      &quot;type&quot;: &quot;object&quot;,
      &quot;value&quot;: {
         &quot;status&quot;: 0,
         &quot;value&quot;: {
            &quot;element-6066-11e4-a52e-4f735466cecf&quot;: &quot;7f7f6756-5c6e-4b0c-9f2b-9f8aaf6f996b&quot;
         }
      }
   }
}
[1664203336,816][INFO]: Waiting for pending navigations...
[1664203336,816][DEBUG]: DevTools WebSocket Command: Runtime.evaluate (id=548) 36FF8643EFB745BF1FD92B9E552C6E89 {
   &quot;expression&quot;: &quot;1&quot;
}
[1664203336,818][DEBUG]: DevTools WebSocket Response: Runtime.evaluate (id=548) 36FF8643EFB745BF1FD92B9E552C6E89 {
   &quot;result&quot;: {
      &quot;description&quot;: &quot;1&quot;,
      &quot;type&quot;: &quot;number&quot;,
      &quot;value&quot;: 1
   }
}
[1664203336,818][INFO]: Done waiting for pending navigations. Status: ok
[1664203336,818][INFO]: [054090904ec2838a7cbf889f1b629cce] RESPONSE FindElement {
   &quot;element-6066-11e4-a52e-4f735466cecf&quot;: &quot;7f7f6756-5c6e-4b0c-9f2b-9f8aaf6f996b&quot;
}
[1664203336,820][INFO]: [054090904ec2838a7cbf889f1b629cce] COMMAND ClickElement {
   &quot;id&quot;: &quot;7f7f6756-5c6e-4b0c-9f2b-9f8aaf6f996b&quot;
}
[1664203336,820][INFO]: Waiting for pending navigations...
[1664203336,820][DEBUG]: DevTools WebSocket Command: Runtime.evaluate (id=549) 36FF8643EFB745BF1FD92B9E552C6E89 {
   &quot;expression&quot;: &quot;1&quot;
}
[1664203336,820][DEBUG]: DevTools WebSocket Response: Runtime.evaluate (id=549) 36FF8643EFB745BF1FD92B9E552C6E89 {
   &quot;result&quot;: {
      &quot;description&quot;: &quot;1&quot;,
      &quot;type&quot;: &quot;number&quot;,
      &quot;value&quot;: 1
   }
}
[1664203336,820][INFO]: Done waiting for pending navigations. Status: ok
[1664203336,821][DEBUG]: DevTools WebSocket Command: Runtime.evaluate (id=550) 36FF8643EFB745BF1FD92B9E552C6E89 {
   &quot;awaitPromise&quot;: true,
   &quot;expression&quot;: &quot;(function() { // Copyright (c) 2012 The Chromium Authors. All rights reserved.\n// Use of this source code is governed by a BSD-style license that can be\n// found in the LICENSE file.\n\n/**\n * Enum f...&quot;,
   &quot;returnByValue&quot;: true
}
[1664203336,822][DEBUG]: DevTools WebSocket Response: Runtime.evaluate (id=550) 36FF8643EFB745BF1FD92B9E552C6E89 {
   &quot;result&quot;: {
      &quot;type&quot;: &quot;object&quot;,
      &quot;value&quot;: {
         &quot;status&quot;: 0,
         &quot;value&quot;: &quot;input&quot;
      }
   }
}
[1664203336,823][DEBUG]: DevTools WebSocket Command: Runtime.evaluate (id=551) 36FF8643EFB745BF1FD92B9E552C6E89 {
   &quot;awaitPromise&quot;: true,
   &quot;expression&quot;: &quot;(function() { // Copyright (c) 2012 The Chromium Authors. All rights reserved.\n// Use of this source code is governed by a BSD-style license that can be\n// found in the LICENSE file.\n\n/**\n * Enum f...&quot;,
   &quot;returnByValue&quot;: true
}
[1664203336,827][DEBUG]: DevTools WebSocket Response: Runtime.evaluate (id=551) 36FF8643EFB745BF1FD92B9E552C6E89 {
   &quot;result&quot;: {
      &quot;type&quot;: &quot;object&quot;,
      &quot;value&quot;: {
         &quot;status&quot;: 0,
         &quot;value&quot;: &quot;submit&quot;
      }
   }
}
[1664203336,827][DEBUG]: DevTools WebSocket Command: Runtime.evaluate (id=552) 36FF8643EFB745BF1FD92B9E552C6E89 {
   &quot;awaitPromise&quot;: true,
   &quot;expression&quot;: &quot;(function() { // Copyright (c) 2012 The Chromium Authors. All rights reserved.\n// Use of this source code is governed by a BSD-style license that can be\n// found in the LICENSE file.\n\n/**\n * Enum f...&quot;,
   &quot;returnByValue&quot;: true
}
[1664203336,828][DEBUG]: DevTools WebSocket Response: Runtime.evaluate (id=552) 36FF8643EFB745BF1FD92B9E552C6E89 {
   &quot;result&quot;: {
      &quot;type&quot;: &quot;object&quot;,
      &quot;value&quot;: {
         &quot;status&quot;: 0,
         &quot;value&quot;: &quot;input&quot;
      }
   }
}
[1664203336,829][DEBUG]: DevTools WebSocket Command: Runtime.evaluate (id=553) 36FF8643EFB745BF1FD92B9E552C6E89 {
   &quot;awaitPromise&quot;: true,
   &quot;expression&quot;: &quot;(function() { // Copyright (c) 2012 The Chromium Authors. All rights reserved.\n// Use of this source code is governed by a BSD-style license that can be\n// found in the LICENSE file.\n\n/**\n * Enum f...&quot;,
   &quot;returnByValue&quot;: true
}
[1664203336,835][DEBUG]: DevTools WebSocket Response: Runtime.evaluate (id=553) 36FF8643EFB745BF1FD92B9E552C6E89 {
   &quot;result&quot;: {
      &quot;type&quot;: &quot;object&quot;,
      &quot;value&quot;: {
         &quot;status&quot;: 0,
         &quot;value&quot;: true
      }
   }
}
[1664203336,835][DEBUG]: DevTools WebSocket Command: Runtime.evaluate (id=554) 36FF8643EFB745BF1FD92B9E552C6E89 {
   &quot;awaitPromise&quot;: true,
   &quot;expression&quot;: &quot;(function() { // Copyright (c) 2012 The Chromium Authors. All rights reserved.\n// Use of this source code is governed by a BSD-style license that can be\n// found in the LICENSE file.\n\n/**\n * Enum f...&quot;,
   &quot;returnByValue&quot;: true
}
[1664203336,837][DEBUG]: DevTools WebSocket Response: Runtime.evaluate (id=554) 36FF8643EFB745BF1FD92B9E552C6E89 {
   &quot;result&quot;: {
      &quot;type&quot;: &quot;object&quot;,
      &quot;value&quot;: {
         &quot;status&quot;: 0,
         &quot;value&quot;: {
            &quot;height&quot;: 19,
            &quot;left&quot;: 0,
            &quot;top&quot;: 0,
            &quot;width&quot;: 83.125
         }
      }
   }
}
[1664203336,838][DEBUG]: DevTools WebSocket Command: Runtime.evaluate (id=555) 36FF8643EFB745BF1FD92B9E552C6E89 {
   &quot;awaitPromise&quot;: true,
   &quot;expression&quot;: &quot;(function() { // Copyright (c) 2012 The Chromium Authors. All rights reserved.\n// Use of this source code is governed by a BSD-style license that can be\n// found in the LICENSE file.\n\n/**\n * Enum f...&quot;,
   &quot;returnByValue&quot;: true
}
[1664203336,842][DEBUG]: DevTools WebSocket Response: Runtime.evaluate (id=555) 36FF8643EFB745BF1FD92B9E552C6E89 {
   &quot;result&quot;: {
      &quot;type&quot;: &quot;object&quot;,
      &quot;value&quot;: {
         &quot;status&quot;: 0,
         &quot;value&quot;: {
            &quot;ceil&quot;: {
            },
            &quot;clone&quot;: {
            },
            &quot;floor&quot;: {
            },
            &quot;round&quot;: {
            },
            &quot;scale&quot;: {
            },
            &quot;translate&quot;: {
            },
            &quot;x&quot;: 901.125,
            &quot;y&quot;: 659.0625
         }
      }
   }
}
[1664203336,843][DEBUG]: DevTools WebSocket Command: Runtime.evaluate (id=556) 36FF8643EFB745BF1FD92B9E552C6E89 {
   &quot;awaitPromise&quot;: true,
   &quot;expression&quot;: &quot;(function() { // Copyright (c) 2012 The Chromium Authors. All rights reserved.\n// Use of this source code is governed by a BSD-style license that can be\n// found in the LICENSE file.\n\n/**\n * Enum f...&quot;,
   &quot;returnByValue&quot;: true
}
[1664203336,846][DEBUG]: DevTools WebSocket Response: Runtime.evaluate (id=556) 36FF8643EFB745BF1FD92B9E552C6E89 {
   &quot;result&quot;: {
      &quot;type&quot;: &quot;object&quot;,
      &quot;value&quot;: {
         &quot;status&quot;: 0,
         &quot;value&quot;: {
            &quot;clickable&quot;: true
         }
      }
   }
}
[1664203336,846][DEBUG]: DevTools WebSocket Command: Input.dispatchMouseEvent (id=557) 36FF8643EFB745BF1FD92B9E552C6E89 {
   &quot;button&quot;: &quot;none&quot;,
   &quot;buttons&quot;: 0,
   &quot;clickCount&quot;: 0,
   &quot;force&quot;: 0.0,
   &quot;modifiers&quot;: 0,
   &quot;pointerType&quot;: &quot;mouse&quot;,
   &quot;tangentialPressure&quot;: 0.0,
   &quot;tiltX&quot;: 0,
   &quot;tiltY&quot;: 0,
   &quot;twist&quot;: 0,
   &quot;type&quot;: &quot;mouseMoved&quot;,
   &quot;x&quot;: 942,
   &quot;y&quot;: 668
}
[1664203336,847][DEBUG]: DevTools WebSocket Command: Input.dispatchMouseEvent (id=558) 36FF8643EFB745BF1FD92B9E552C6E89 {
   &quot;button&quot;: &quot;left&quot;,
   &quot;buttons&quot;: 0,
   &quot;clickCount&quot;: 1,
   &quot;force&quot;: 0.0,
   &quot;modifiers&quot;: 0,
   &quot;pointerType&quot;: &quot;mouse&quot;,
   &quot;tangentialPressure&quot;: 0.0,
   &quot;tiltX&quot;: 0,
   &quot;tiltY&quot;: 0,
   &quot;twist&quot;: 0,
   &quot;type&quot;: &quot;mousePressed&quot;,
   &quot;x&quot;: 942,
   &quot;y&quot;: 668
}
[1664203336,847][DEBUG]: DevTools WebSocket Command: Input.dispatchMouseEvent (id=559) 36FF8643EFB745BF1FD92B9E552C6E89 {
   &quot;button&quot;: &quot;left&quot;,
   &quot;buttons&quot;: 1,
   &quot;clickCount&quot;: 1,
   &quot;force&quot;: 0.0,
   &quot;modifiers&quot;: 0,
   &quot;pointerType&quot;: &quot;mouse&quot;,
   &quot;tangentialPressure&quot;: 0.0,
   &quot;tiltX&quot;: 0,
   &quot;tiltY&quot;: 0,
   &quot;twist&quot;: 0,
   &quot;type&quot;: &quot;mouseReleased&quot;,
   &quot;x&quot;: 942,
   &quot;y&quot;: 668
}
[1664203336,850][DEBUG]: DevTools WebSocket Response: Input.dispatchMouseEvent (id=557) 36FF8643EFB745BF1FD92B9E552C6E89 {
}
[1664203336,851][DEBUG]: DevTools WebSocket Response: Input.dispatchMouseEvent (id=558) 36FF8643EFB745BF1FD92B9E552C6E89 {
}
[1664203336,852][DEBUG]: DevTools WebSocket Response: Input.dispatchMouseEvent (id=559) 36FF8643EFB745BF1FD92B9E552C6E89 {
}
[1664203336,852][INFO]: Waiting for pending navigations...
[1664203336,852][DEBUG]: DevTools WebSocket Command: Runtime.evaluate (id=560) 36FF8643EFB745BF1FD92B9E552C6E89 {
   &quot;expression&quot;: &quot;1&quot;
}
[1664203336,853][DEBUG]: DevTools WebSocket Event: Page.frameScheduledNavigation 36FF8643EFB745BF1FD92B9E552C6E89 {
   &quot;delay&quot;: 0,
   &quot;frameId&quot;: &quot;36FF8643EFB745BF1FD92B9E552C6E89&quot;,
   &quot;reason&quot;: &quot;formSubmissionPost&quot;,
   &quot;url&quot;: &quot;https://parabank.parasoft.com/parabank/register.htm&quot;
}
[1664203336,853][DEBUG]: DevTools WebSocket Event: Page.frameRequestedNavigation 36FF8643EFB745BF1FD92B9E552C6E89 {
   &quot;disposition&quot;: &quot;currentTab&quot;,
   &quot;frameId&quot;: &quot;36FF8643EFB745BF1FD92B9E552C6E89&quot;,
   &quot;reason&quot;: &quot;formSubmissionPost&quot;,
   &quot;url&quot;: &quot;https://parabank.parasoft.com/parabank/register.htm&quot;
}
[1664203336,853][DEBUG]: DevTools WebSocket Event: Page.frameStartedLoading 36FF8643EFB745BF1FD92B9E552C6E89 {
   &quot;frameId&quot;: &quot;36FF8643EFB745BF1FD92B9E552C6E89&quot;
}
[1664203336,856][DEBUG]: DevTools WebSocket Event: Page.frameClearedScheduledNavigation 36FF8643EFB745BF1FD92B9E552C6E89 {
   &quot;frameId&quot;: &quot;36FF8643EFB745BF1FD92B9E552C6E89&quot;
}
[1664203336,856][DEBUG]: DevTools WebSocket Response: Runtime.evaluate (id=560) 36FF8643EFB745BF1FD92B9E552C6E89 {
   &quot;result&quot;: {
      &quot;description&quot;: &quot;1&quot;,
      &quot;type&quot;: &quot;number&quot;,
      &quot;value&quot;: 1
   }
}
[1664203337,108][DEBUG]: DevTools WebSocket Event: Runtime.executionContextsCleared 36FF8643EFB745BF1FD92B9E552C6E89 {
}
[1664203337,108][DEBUG]: DevTools WebSocket Event: Page.frameNavigated 36FF8643EFB745BF1FD92B9E552C6E89 {
   &quot;frame&quot;: {
      &quot;adFrameStatus&quot;: {
         &quot;adFrameType&quot;: &quot;none&quot;
      },
      &quot;crossOriginIsolatedContextType&quot;: &quot;NotIsolated&quot;,
      &quot;domainAndRegistry&quot;: &quot;parasoft.com&quot;,
      &quot;gatedAPIFeatures&quot;: [  ],
      &quot;id&quot;: &quot;36FF8643EFB745BF1FD92B9E552C6E89&quot;,
      &quot;loaderId&quot;: &quot;F7DE039984C7EEA970DF9EF441C66932&quot;,
      &quot;mimeType&quot;: &quot;text/html&quot;,
      &quot;secureContextType&quot;: &quot;Secure&quot;,
      &quot;securityOrigin&quot;: &quot;https://parabank.parasoft.com&quot;,
      &quot;url&quot;: &quot;https://parabank.parasoft.com/parabank/register.htm&quot;
   },
   &quot;type&quot;: &quot;Navigation&quot;
}
[1664203337,108][DEBUG]: DevTools WebSocket Event: Runtime.executionContextCreated 36FF8643EFB745BF1FD92B9E552C6E89 {
   &quot;context&quot;: {
      &quot;auxData&quot;: {
         &quot;frameId&quot;: &quot;36FF8643EFB745BF1FD92B9E552C6E89&quot;,
         &quot;isDefault&quot;: true,
         &quot;type&quot;: &quot;default&quot;
      },
      &quot;id&quot;: 3,
      &quot;name&quot;: &quot;&quot;,
      &quot;origin&quot;: &quot;https://parabank.parasoft.com&quot;,
      &quot;uniqueId&quot;: &quot;-3599449572543811063.6491265880069834547&quot;
   }
}
[1664203337,108][DEBUG]: DevTools WebSocket Command: Runtime.evaluate (id=561) 36FF8643EFB745BF1FD92B9E552C6E89 {
   &quot;expression&quot;: &quot;1&quot;
}
[1664203337,113][DEBUG]: DevTools WebSocket Event: Log.entryAdded 36FF8643EFB745BF1FD92B9E552C6E89 {
   &quot;entry&quot;: {
      &quot;args&quot;: [ {
         &quot;className&quot;: &quot;HTMLInputElement&quot;,
         &quot;description&quot;: &quot;input.input&quot;,
         &quot;objectId&quot;: &quot;-6911687748606428388.3.1&quot;,
         &quot;subtype&quot;: &quot;node&quot;,
         &quot;type&quot;: &quot;object&quot;
      } ],
      &quot;level&quot;: &quot;verbose&quot;,
      &quot;source&quot;: &quot;recommendation&quot;,
      &quot;text&quot;: &quot;[DOM] Input elements should have autocomplete attributes (suggested: \&quot;current-password\&quot;): (More info: https://www.chromium.org/developers/design-documents/create-amazing-password-forms) %o&quot;,
      &quot;timestamp&quot;: 1.6642033371119548e+12,
      &quot;url&quot;: &quot;https://parabank.parasoft.com/parabank/register.htm&quot;
   }
}
[1664203337,115][DEBUG]: DevTools WebSocket Event: Log.entryAdded 36FF8643EFB745BF1FD92B9E552C6E89 {
   &quot;entry&quot;: {
      &quot;args&quot;: [ {
         &quot;className&quot;: &quot;HTMLInputElement&quot;,
         &quot;description&quot;: &quot;input#customer.password.input&quot;,
         &quot;objectId&quot;: &quot;-6911687748606428388.3.2&quot;,
         &quot;subtype&quot;: &quot;node&quot;,
         &quot;type&quot;: &quot;object&quot;
      } ],
      &quot;level&quot;: &quot;verbose&quot;,
      &quot;source&quot;: &quot;recommendation&quot;,
      &quot;text&quot;: &quot;[DOM] Input elements should have autocomplete attributes (suggested: \&quot;new-password\&quot;): (More info: https://www.chromium.org/developers/design-documents/create-amazing-password-forms) %o&quot;,
      &quot;timestamp&quot;: 1.6642033371123171e+12,
      &quot;url&quot;: &quot;https://parabank.parasoft.com/parabank/register.htm&quot;
   }
}
[1664203337,115][DEBUG]: DevTools WebSocket Event: Log.entryAdded 36FF8643EFB745BF1FD92B9E552C6E89 {
   &quot;entry&quot;: {
      &quot;args&quot;: [ {
         &quot;className&quot;: &quot;HTMLInputElement&quot;,
         &quot;description&quot;: &quot;input#repeatedPassword.input&quot;,
         &quot;objectId&quot;: &quot;-6911687748606428388.3.3&quot;,
         &quot;subtype&quot;: &quot;node&quot;,
         &quot;type&quot;: &quot;object&quot;
      } ],
      &quot;level&quot;: &quot;verbose&quot;,
      &quot;source&quot;: &quot;recommendation&quot;,
      &quot;text&quot;: &quot;[DOM] Input elements should have autocomplete attributes (suggested: \&quot;new-password\&quot;): (More info: https://www.chromium.org/developers/design-documents/create-amazing-password-forms) %o&quot;,
      &quot;timestamp&quot;: 1.664203337112458e+12,
      &quot;url&quot;: &quot;https://parabank.parasoft.com/parabank/register.htm&quot;
   }
}
[1664203337,124][DEBUG]: DevTools WebSocket Event: Page.loadEventFired 36FF8643EFB745BF1FD92B9E552C6E89 {
   &quot;timestamp&quot;: 4181.192375
}
[1664203337,124][DEBUG]: DevTools WebSocket Command: Runtime.evaluate (id=562) 36FF8643EFB745BF1FD92B9E552C6E89 {
   &quot;awaitPromise&quot;: false,
   &quot;expression&quot;: &quot;document.readyState&quot;,
   &quot;returnByValue&quot;: true
}
[1664203337,124][DEBUG]: DevTools WebSocket Event: Page.frameStoppedLoading 36FF8643EFB745BF1FD92B9E552C6E89 {
   &quot;frameId&quot;: &quot;36FF8643EFB745BF1FD92B9E552C6E89&quot;
}
[1664203337,124][DEBUG]: DevTools WebSocket Event: Page.domContentEventFired 36FF8643EFB745BF1FD92B9E552C6E89 {
   &quot;timestamp&quot;: 4181.192894
}
[1664203337,124][DEBUG]: DevTools WebSocket Response: Runtime.evaluate (id=561) 36FF8643EFB745BF1FD92B9E552C6E89 {
   &quot;result&quot;: {
      &quot;description&quot;: &quot;1&quot;,
      &quot;type&quot;: &quot;number&quot;,
      &quot;value&quot;: 1
   }
}
[1664203337,127][DEBUG]: DevTools WebSocket Response: Runtime.evaluate (id=562) 36FF8643EFB745BF1FD92B9E552C6E89 {
   &quot;result&quot;: {
      &quot;type&quot;: &quot;string&quot;,
      &quot;value&quot;: &quot;complete&quot;
   }
}
[1664203337,127][INFO]: Done waiting for pending navigations. Status: ok
[1664203337,127][INFO]: [054090904ec2838a7cbf889f1b629cce] RESPONSE ClickElement
[1664203337,138][DEBUG]: DevTools WebSocket Event: Page.frameResized 36FF8643EFB745BF1FD92B9E552C6E89 {
}
[1664203338,329][INFO]: [054090904ec2838a7cbf889f1b629cce] COMMAND FindElement {
   &quot;using&quot;: &quot;xpath&quot;,
   &quot;value&quot;: &quot;//*[@id=\&quot;rightPanel\&quot;]/p&quot;
}
[1664203338,329][INFO]: Waiting for pending navigations...
[1664203338,329][DEBUG]: DevTools WebSocket Command: Runtime.evaluate (id=563) 36FF8643EFB745BF1FD92B9E552C6E89 {
   &quot;expression&quot;: &quot;1&quot;
}
[1664203338,330][DEBUG]: DevTools WebSocket Response: Runtime.evaluate (id=563) 36FF8643EFB745BF1FD92B9E552C6E89 {
   &quot;result&quot;: {
      &quot;description&quot;: &quot;1&quot;,
      &quot;type&quot;: &quot;number&quot;,
      &quot;value&quot;: 1
   }
}
[1664203338,330][INFO]: Done waiting for pending navigations. Status: ok
[1664203338,331][DEBUG]: DevTools WebSocket Command: Runtime.evaluate (id=564) 36FF8643EFB745BF1FD92B9E552C6E89 {
   &quot;awaitPromise&quot;: true,
   &quot;expression&quot;: &quot;(function() { // Copyright (c) 2012 The Chromium Authors. All rights reserved.\n// Use of this source code is governed by a BSD-style license that can be\n// found in the LICENSE file.\n\n/**\n * Enum f...&quot;,
   &quot;returnByValue&quot;: true
}
[1664203338,337][DEBUG]: DevTools WebSocket Response: Runtime.evaluate (id=564) 36FF8643EFB745BF1FD92B9E552C6E89 {
   &quot;result&quot;: {
      &quot;type&quot;: &quot;object&quot;,
      &quot;value&quot;: {
         &quot;status&quot;: 0,
         &quot;value&quot;: {
            &quot;element-6066-11e4-a52e-4f735466cecf&quot;: &quot;120f47c4-1557-444c-9ef3-dc6fee21a363&quot;
         }
      }
   }
}
[1664203338,337][INFO]: Waiting for pending navigations...
[1664203338,337][DEBUG]: DevTools WebSocket Command: Runtime.evaluate (id=565) 36FF8643EFB745BF1FD92B9E552C6E89 {
   &quot;expression&quot;: &quot;1&quot;
}
[1664203338,338][DEBUG]: DevTools WebSocket Response: Runtime.evaluate (id=565) 36FF8643EFB745BF1FD92B9E552C6E89 {
   &quot;result&quot;: {
      &quot;description&quot;: &quot;1&quot;,
      &quot;type&quot;: &quot;number&quot;,
      &quot;value&quot;: 1
   }
}
[1664203338,338][INFO]: Done waiting for pending navigations. Status: ok
[1664203338,338][INFO]: [054090904ec2838a7cbf889f1b629cce] RESPONSE FindElement {
   &quot;element-6066-11e4-a52e-4f735466cecf&quot;: &quot;120f47c4-1557-444c-9ef3-dc6fee21a363&quot;
}
[1664203338,339][INFO]: [054090904ec2838a7cbf889f1b629cce] COMMAND GetElementText {
   &quot;id&quot;: &quot;120f47c4-1557-444c-9ef3-dc6fee21a363&quot;
}
[1664203338,339][INFO]: Waiting for pending navigations...
[1664203338,339][DEBUG]: DevTools WebSocket Command: Runtime.evaluate (id=566) 36FF8643EFB745BF1FD92B9E552C6E89 {
   &quot;expression&quot;: &quot;1&quot;
}
[1664203338,340][DEBUG]: DevTools WebSocket Response: Runtime.evaluate (id=566) 36FF8643EFB745BF1FD92B9E552C6E89 {
   &quot;result&quot;: {
      &quot;description&quot;: &quot;1&quot;,
      &quot;type&quot;: &quot;number&quot;,
      &quot;value&quot;: 1
   }
}
[1664203338,340][INFO]: Done waiting for pending navigations. Status: ok
[1664203338,341][DEBUG]: DevTools WebSocket Command: Runtime.evaluate (id=567) 36FF8643EFB745BF1FD92B9E552C6E89 {
   &quot;awaitPromise&quot;: true,
   &quot;expression&quot;: &quot;(function() { // Copyright (c) 2012 The Chromium Authors. All rights reserved.\n// Use of this source code is governed by a BSD-style license that can be\n// found in the LICENSE file.\n\n/**\n * Enum f...&quot;,
   &quot;returnByValue&quot;: true
}
[1664203338,353][DEBUG]: DevTools WebSocket Response: Runtime.evaluate (id=567) 36FF8643EFB745BF1FD92B9E552C6E89 {
   &quot;result&quot;: {
      &quot;type&quot;: &quot;object&quot;,
      &quot;value&quot;: {
         &quot;status&quot;: 0,
         &quot;value&quot;: &quot;If you have an account with us you can sign-up for free instant online access. You will have to provide some personal information.&quot;
      }
   }
}
[1664203338,353][INFO]: Waiting for pending navigations...
[1664203338,353][DEBUG]: DevTools WebSocket Command: Runtime.evaluate (id=568) 36FF8643EFB745BF1FD92B9E552C6E89 {
   &quot;expression&quot;: &quot;1&quot;
}
[1664203338,353][DEBUG]: DevTools WebSocket Response: Runtime.evaluate (id=568) 36FF8643EFB745BF1FD92B9E552C6E89 {
   &quot;result&quot;: {
      &quot;description&quot;: &quot;1&quot;,
      &quot;type&quot;: &quot;number&quot;,
      &quot;value&quot;: 1
   }
}
[1664203338,353][INFO]: Done waiting for pending navigations. Status: ok
[1664203338,353][INFO]: [054090904ec2838a7cbf889f1b629cce] RESPONSE GetElementText &quot;If you have an account with us you can sign-up for free instant online access. You will have to provide some personal information.&quot;
</system-err>
  </testcase>
</testsuite>